0:0:0:0:0:0:0:1 - - [12/Jan/2025:08:36:00 +0900] "GET /login HTTP/1.1" 200 6509
0:0:0:0:0:0:0:1 - - [12/Jan/2025:08:36:00 +0900] "GET /lib/easing/easing.min.js HTTP/1.1" 200 2303
0:0:0:0:0:0:0:1 - - [12/Jan/2025:08:36:00 +0900] "GET /lib/owlcarousel/assets/owl.carousel.min.css HTTP/1.1" 200 2941
0:0:0:0:0:0:0:1 - - [12/Jan/2025:08:36:00 +0900] "GET /lib/animate/animate.min.css HTTP/1.1" 200 16964
0:0:0:0:0:0:0:1 - - [12/Jan/2025:08:36:00 +0900] "GET /lib/wow/wow.js HTTP/1.1" 200 17059
0:0:0:0:0:0:0:1 - - [12/Jan/2025:08:36:00 +0900] "GET /lib/waypoints/waypoints.min.js HTTP/1.1" 200 9034
0:0:0:0:0:0:0:1 - - [12/Jan/2025:08:36:00 +0900] "GET /js/main.js HTTP/1.1" 200 1803
0:0:0:0:0:0:0:1 - - [12/Jan/2025:08:36:00 +0900] "GET /lib/owlcarousel/owl.carousel.min.js HTTP/1.1" 200 42772
0:0:0:0:0:0:0:1 - - [12/Jan/2025:08:36:00 +0900] "GET /css/style.css HTTP/1.1" 200 8596
0:0:0:0:0:0:0:1 - - [12/Jan/2025:08:36:00 +0900] "GET /css/bootstrap.min.css HTTP/1.1" 200 164340
0:0:0:0:0:0:0:1 - - [12/Jan/2025:08:36:00 +0900] "GET /img/favicon.ico HTTP/1.1" 404 4372
0:0:0:0:0:0:0:1 - - [12/Jan/2025:08:36:03 +0900] "POST /login HTTP/1.1" 405 5111
0:0:0:0:0:0:0:1 - - [12/Jan/2025:08:36:03 +0900] "GET /favicon.ico HTTP/1.1" 404 4360
0:0:0:0:0:0:0:1 - - [12/Jan/2025:08:36:04 +0900] "GET /lib/owlcarousel/assets/owl.carousel.min.css HTTP/1.1" 200 2941
0:0:0:0:0:0:0:1 - - [12/Jan/2025:08:36:04 +0900] "GET /lib/wow/wow.js HTTP/1.1" 200 17059
0:0:0:0:0:0:0:1 - - [12/Jan/2025:08:36:04 +0900] "GET /lib/animate/animate.min.css HTTP/1.1" 200 16964
0:0:0:0:0:0:0:1 - - [12/Jan/2025:08:36:04 +0900] "GET /css/style.css HTTP/1.1" 200 8596
0:0:0:0:0:0:0:1 - - [12/Jan/2025:08:36:04 +0900] "GET /lib/easing/easing.min.js HTTP/1.1" 200 2303
0:0:0:0:0:0:0:1 - - [12/Jan/2025:08:36:04 +0900] "GET /css/bootstrap.min.css HTTP/1.1" 200 164340
0:0:0:0:0:0:0:1 - - [12/Jan/2025:08:36:04 +0900] "GET /lib/waypoints/waypoints.min.js HTTP/1.1" 200 9034
0:0:0:0:0:0:0:1 - - [12/Jan/2025:08:36:04 +0900] "GET /js/main.js HTTP/1.1" 200 1803
0:0:0:0:0:0:0:1 - - [12/Jan/2025:08:36:04 +0900] "GET /lib/owlcarousel/owl.carousel.min.js HTTP/1.1" 200 42772
0:0:0:0:0:0:0:1 - - [12/Jan/2025:08:36:21 +0900] "GET / HTTP/1.1" 200 7869
0:0:0:0:0:0:0:1 - - [12/Jan/2025:08:36:21 +0900] "GET /lib/animate/animate.min.css HTTP/1.1" 200 16964
0:0:0:0:0:0:0:1 - - [12/Jan/2025:08:36:21 +0900] "GET /lib/owlcarousel/assets/owl.carousel.min.css HTTP/1.1" 200 2941
0:0:0:0:0:0:0:1 - - [12/Jan/2025:08:36:21 +0900] "GET /css/bootstrap.min.css HTTP/1.1" 200 164340
0:0:0:0:0:0:0:1 - - [12/Jan/2025:08:36:21 +0900] "GET /css/style.css HTTP/1.1" 200 8596
0:0:0:0:0:0:0:1 - - [12/Jan/2025:08:36:21 +0900] "GET /lib/easing/easing.min.js HTTP/1.1" 200 2303
0:0:0:0:0:0:0:1 - - [12/Jan/2025:08:36:21 +0900] "GET /lib/wow/wow.js HTTP/1.1" 200 17059
0:0:0:0:0:0:0:1 - - [12/Jan/2025:08:36:21 +0900] "GET /js/main.js HTTP/1.1" 200 1803
0:0:0:0:0:0:0:1 - - [12/Jan/2025:08:36:21 +0900] "GET /lib/waypoints/waypoints.min.js HTTP/1.1" 200 9034
0:0:0:0:0:0:0:1 - - [12/Jan/2025:08:36:21 +0900] "GET /lib/owlcarousel/owl.carousel.min.js HTTP/1.1" 200 42772
0:0:0:0:0:0:0:1 - - [12/Jan/2025:08:39:12 +0900] "GET /login HTTP/1.1" 200 7364
0:0:0:0:0:0:0:1 - - [12/Jan/2025:08:39:12 +0900] "GET /lib/animate/animate.min.css HTTP/1.1" 200 16964
0:0:0:0:0:0:0:1 - - [12/Jan/2025:08:39:12 +0900] "GET /lib/owlcarousel/assets/owl.carousel.min.css HTTP/1.1" 200 2941
0:0:0:0:0:0:0:1 - - [12/Jan/2025:08:39:12 +0900] "GET /css/bootstrap.min.css HTTP/1.1" 200 164340
0:0:0:0:0:0:0:1 - - [12/Jan/2025:08:39:12 +0900] "GET /lib/wow/wow.js HTTP/1.1" 200 17059
0:0:0:0:0:0:0:1 - - [12/Jan/2025:08:39:12 +0900] "GET /lib/easing/easing.min.js HTTP/1.1" 200 2303
0:0:0:0:0:0:0:1 - - [12/Jan/2025:08:39:12 +0900] "GET /css/style.css HTTP/1.1" 200 8596
0:0:0:0:0:0:0:1 - - [12/Jan/2025:08:39:12 +0900] "GET /lib/waypoints/waypoints.min.js HTTP/1.1" 200 9034
0:0:0:0:0:0:0:1 - - [12/Jan/2025:08:39:12 +0900] "GET /lib/owlcarousel/owl.carousel.min.js HTTP/1.1" 200 42772
0:0:0:0:0:0:0:1 - - [12/Jan/2025:08:39:12 +0900] "GET /js/main.js HTTP/1.1" 200 1803
0:0:0:0:0:0:0:1 - - [12/Jan/2025:08:42:16 +0900] "GET /login HTTP/1.1" 200 8347
0:0:0:0:0:0:0:1 - - [12/Jan/2025:08:42:16 +0900] "GET /lib/animate/animate.min.css HTTP/1.1" 200 16964
0:0:0:0:0:0:0:1 - - [12/Jan/2025:08:42:16 +0900] "GET /lib/easing/easing.min.js HTTP/1.1" 200 2303
0:0:0:0:0:0:0:1 - - [12/Jan/2025:08:42:16 +0900] "GET /css/style.css HTTP/1.1" 200 8596
0:0:0:0:0:0:0:1 - - [12/Jan/2025:08:42:16 +0900] "GET /lib/owlcarousel/assets/owl.carousel.min.css HTTP/1.1" 200 2941
0:0:0:0:0:0:0:1 - - [12/Jan/2025:08:42:16 +0900] "GET /lib/wow/wow.js HTTP/1.1" 200 17059
0:0:0:0:0:0:0:1 - - [12/Jan/2025:08:42:16 +0900] "GET /css/bootstrap.min.css HTTP/1.1" 200 164340
0:0:0:0:0:0:0:1 - - [12/Jan/2025:08:42:16 +0900] "GET /lib/waypoints/waypoints.min.js HTTP/1.1" 200 9034
0:0:0:0:0:0:0:1 - - [12/Jan/2025:08:42:16 +0900] "GET /js/main.js HTTP/1.1" 200 1803
0:0:0:0:0:0:0:1 - - [12/Jan/2025:08:42:16 +0900] "GET /lib/owlcarousel/owl.carousel.min.js HTTP/1.1" 200 42772
0:0:0:0:0:0:0:1 - - [12/Jan/2025:08:43:10 +0900] "GET /login HTTP/1.1" 200 8365
0:0:0:0:0:0:0:1 - - [12/Jan/2025:08:43:10 +0900] "GET /lib/animate/animate.min.css HTTP/1.1" 200 16964
0:0:0:0:0:0:0:1 - - [12/Jan/2025:08:43:10 +0900] "GET /lib/owlcarousel/assets/owl.carousel.min.css HTTP/1.1" 200 2941
0:0:0:0:0:0:0:1 - - [12/Jan/2025:08:43:10 +0900] "GET /css/style.css HTTP/1.1" 200 8596
0:0:0:0:0:0:0:1 - - [12/Jan/2025:08:43:10 +0900] "GET /lib/wow/wow.js HTTP/1.1" 200 17059
0:0:0:0:0:0:0:1 - - [12/Jan/2025:08:43:10 +0900] "GET /lib/easing/easing.min.js HTTP/1.1" 200 2303
0:0:0:0:0:0:0:1 - - [12/Jan/2025:08:43:10 +0900] "GET /lib/waypoints/waypoints.min.js HTTP/1.1" 200 9034
0:0:0:0:0:0:0:1 - - [12/Jan/2025:08:43:10 +0900] "GET /lib/owlcarousel/owl.carousel.min.js HTTP/1.1" 200 42772
0:0:0:0:0:0:0:1 - - [12/Jan/2025:08:43:10 +0900] "GET /css/bootstrap.min.css HTTP/1.1" 200 164340
0:0:0:0:0:0:0:1 - - [12/Jan/2025:08:43:10 +0900] "GET /js/main.js HTTP/1.1" 200 1803
0:0:0:0:0:0:0:1 - - [12/Jan/2025:08:43:12 +0900] "GET /login HTTP/1.1" 200 8365
0:0:0:0:0:0:0:1 - - [12/Jan/2025:08:43:12 +0900] "GET /lib/animate/animate.min.css HTTP/1.1" 200 16964
0:0:0:0:0:0:0:1 - - [12/Jan/2025:08:43:12 +0900] "GET /lib/easing/easing.min.js HTTP/1.1" 200 2303
0:0:0:0:0:0:0:1 - - [12/Jan/2025:08:43:12 +0900] "GET /lib/wow/wow.js HTTP/1.1" 200 17059
0:0:0:0:0:0:0:1 - - [12/Jan/2025:08:43:12 +0900] "GET /lib/waypoints/waypoints.min.js HTTP/1.1" 200 9034
0:0:0:0:0:0:0:1 - - [12/Jan/2025:08:43:12 +0900] "GET /lib/owlcarousel/assets/owl.carousel.min.css HTTP/1.1" 200 2941
0:0:0:0:0:0:0:1 - - [12/Jan/2025:08:43:12 +0900] "GET /css/style.css HTTP/1.1" 200 8596
0:0:0:0:0:0:0:1 - - [12/Jan/2025:08:43:12 +0900] "GET /css/bootstrap.min.css HTTP/1.1" 200 164340
0:0:0:0:0:0:0:1 - - [12/Jan/2025:08:43:12 +0900] "GET /js/main.js HTTP/1.1" 200 1803
0:0:0:0:0:0:0:1 - - [12/Jan/2025:08:43:12 +0900] "GET /lib/owlcarousel/owl.carousel.min.js HTTP/1.1" 200 42772
0:0:0:0:0:0:0:1 - - [12/Jan/2025:08:50:08 +0900] "GET /index HTTP/1.1" 200 7869
0:0:0:0:0:0:0:1 - - [12/Jan/2025:08:50:08 +0900] "GET /lib/animate/animate.min.css HTTP/1.1" 200 16964
0:0:0:0:0:0:0:1 - - [12/Jan/2025:08:50:08 +0900] "GET /lib/owlcarousel/assets/owl.carousel.min.css HTTP/1.1" 200 2941
0:0:0:0:0:0:0:1 - - [12/Jan/2025:08:50:08 +0900] "GET /lib/waypoints/waypoints.min.js HTTP/1.1" 200 9034
0:0:0:0:0:0:0:1 - - [12/Jan/2025:08:50:08 +0900] "GET /css/bootstrap.min.css HTTP/1.1" 200 164340
0:0:0:0:0:0:0:1 - - [12/Jan/2025:08:50:08 +0900] "GET /lib/easing/easing.min.js HTTP/1.1" 200 2303
0:0:0:0:0:0:0:1 - - [12/Jan/2025:08:50:08 +0900] "GET /lib/wow/wow.js HTTP/1.1" 200 17059
0:0:0:0:0:0:0:1 - - [12/Jan/2025:08:50:08 +0900] "GET /css/style.css HTTP/1.1" 200 8596
0:0:0:0:0:0:0:1 - - [12/Jan/2025:08:50:08 +0900] "GET /lib/owlcarousel/owl.carousel.min.js HTTP/1.1" 200 42772
0:0:0:0:0:0:0:1 - - [12/Jan/2025:08:50:08 +0900] "GET /js/main.js HTTP/1.1" 200 1803
0:0:0:0:0:0:0:1 - - [12/Jan/2025:08:50:10 +0900] "GET /springboot HTTP/1.1" 200 5905
0:0:0:0:0:0:0:1 - - [12/Jan/2025:08:50:10 +0900] "GET /lib/animate/animate.min.css HTTP/1.1" 200 16964
0:0:0:0:0:0:0:1 - - [12/Jan/2025:08:50:10 +0900] "GET /lib/wow/wow.js HTTP/1.1" 200 17059
0:0:0:0:0:0:0:1 - - [12/Jan/2025:08:50:10 +0900] "GET /lib/waypoints/waypoints.min.js HTTP/1.1" 200 9034
0:0:0:0:0:0:0:1 - - [12/Jan/2025:08:50:10 +0900] "GET /lib/easing/easing.min.js HTTP/1.1" 200 2303
0:0:0:0:0:0:0:1 - - [12/Jan/2025:08:50:10 +0900] "GET /css/bootstrap.min.css HTTP/1.1" 200 164340
0:0:0:0:0:0:0:1 - - [12/Jan/2025:08:50:10 +0900] "GET /css/style.css HTTP/1.1" 200 8596
0:0:0:0:0:0:0:1 - - [12/Jan/2025:08:50:10 +0900] "GET /lib/owlcarousel/assets/owl.carousel.min.css HTTP/1.1" 200 2941
0:0:0:0:0:0:0:1 - - [12/Jan/2025:08:50:10 +0900] "GET /js/main.js HTTP/1.1" 200 1803
0:0:0:0:0:0:0:1 - - [12/Jan/2025:08:50:10 +0900] "GET /lib/owlcarousel/owl.carousel.min.js HTTP/1.1" 200 42772
0:0:0:0:0:0:0:1 - - [12/Jan/2025:08:50:11 +0900] "GET /springboot HTTP/1.1" 200 5905
0:0:0:0:0:0:0:1 - - [12/Jan/2025:08:50:11 +0900] "GET /lib/animate/animate.min.css HTTP/1.1" 200 16964
0:0:0:0:0:0:0:1 - - [12/Jan/2025:08:50:11 +0900] "GET /css/style.css HTTP/1.1" 200 8596
0:0:0:0:0:0:0:1 - - [12/Jan/2025:08:50:11 +0900] "GET /css/bootstrap.min.css HTTP/1.1" 200 164340
0:0:0:0:0:0:0:1 - - [12/Jan/2025:08:50:11 +0900] "GET /lib/easing/easing.min.js HTTP/1.1" 200 2303
0:0:0:0:0:0:0:1 - - [12/Jan/2025:08:50:11 +0900] "GET /lib/waypoints/waypoints.min.js HTTP/1.1" 200 9034
0:0:0:0:0:0:0:1 - - [12/Jan/2025:08:50:11 +0900] "GET /lib/wow/wow.js HTTP/1.1" 200 17059
0:0:0:0:0:0:0:1 - - [12/Jan/2025:08:50:11 +0900] "GET /lib/owlcarousel/assets/owl.carousel.min.css HTTP/1.1" 200 2941
0:0:0:0:0:0:0:1 - - [12/Jan/2025:08:50:11 +0900] "GET /lib/owlcarousel/owl.carousel.min.js HTTP/1.1" 200 42772
0:0:0:0:0:0:0:1 - - [12/Jan/2025:08:50:11 +0900] "GET /js/main.js HTTP/1.1" 200 1803
0:0:0:0:0:0:0:1 - - [12/Jan/2025:08:50:11 +0900] "GET /history HTTP/1.1" 200 5508
0:0:0:0:0:0:0:1 - - [12/Jan/2025:08:50:11 +0900] "GET /lib/animate/animate.min.css HTTP/1.1" 200 16964
0:0:0:0:0:0:0:1 - - [12/Jan/2025:08:50:11 +0900] "GET /lib/easing/easing.min.js HTTP/1.1" 200 2303
0:0:0:0:0:0:0:1 - - [12/Jan/2025:08:50:11 +0900] "GET /lib/wow/wow.js HTTP/1.1" 200 17059
0:0:0:0:0:0:0:1 - - [12/Jan/2025:08:50:11 +0900] "GET /lib/waypoints/waypoints.min.js HTTP/1.1" 200 9034
0:0:0:0:0:0:0:1 - - [12/Jan/2025:08:50:11 +0900] "GET /css/style.css HTTP/1.1" 200 8596
0:0:0:0:0:0:0:1 - - [12/Jan/2025:08:50:11 +0900] "GET /lib/owlcarousel/assets/owl.carousel.min.css HTTP/1.1" 200 2941
0:0:0:0:0:0:0:1 - - [12/Jan/2025:08:50:11 +0900] "GET /css/bootstrap.min.css HTTP/1.1" 200 164340
0:0:0:0:0:0:0:1 - - [12/Jan/2025:08:50:11 +0900] "GET /js/main.js HTTP/1.1" 200 1803
0:0:0:0:0:0:0:1 - - [12/Jan/2025:08:50:11 +0900] "GET /lib/owlcarousel/owl.carousel.min.js HTTP/1.1" 200 42772
0:0:0:0:0:0:0:1 - - [12/Jan/2025:08:50:12 +0900] "GET /about HTTP/1.1" 200 7962
0:0:0:0:0:0:0:1 - - [12/Jan/2025:08:50:12 +0900] "GET /lib/animate/animate.min.css HTTP/1.1" 200 16964
0:0:0:0:0:0:0:1 - - [12/Jan/2025:08:50:12 +0900] "GET /lib/owlcarousel/assets/owl.carousel.min.css HTTP/1.1" 200 2941
0:0:0:0:0:0:0:1 - - [12/Jan/2025:08:50:12 +0900] "GET /css/style.css HTTP/1.1" 200 8596
0:0:0:0:0:0:0:1 - - [12/Jan/2025:08:50:12 +0900] "GET /lib/easing/easing.min.js HTTP/1.1" 200 2303
0:0:0:0:0:0:0:1 - - [12/Jan/2025:08:50:12 +0900] "GET /lib/wow/wow.js HTTP/1.1" 200 17059
0:0:0:0:0:0:0:1 - - [12/Jan/2025:08:50:12 +0900] "GET /css/bootstrap.min.css HTTP/1.1" 200 164340
0:0:0:0:0:0:0:1 - - [12/Jan/2025:08:50:12 +0900] "GET /js/main.js HTTP/1.1" 200 1803
0:0:0:0:0:0:0:1 - - [12/Jan/2025:08:50:12 +0900] "GET /lib/owlcarousel/owl.carousel.min.js HTTP/1.1" 200 42772
0:0:0:0:0:0:0:1 - - [12/Jan/2025:08:50:12 +0900] "GET /lib/waypoints/waypoints.min.js HTTP/1.1" 200 9034
0:0:0:0:0:0:0:1 - - [12/Jan/2025:08:50:12 +0900] "GET /img/carousel-1.jpg HTTP/1.1" 404 4381
0:0:0:0:0:0:0:1 - - [12/Jan/2025:08:50:14 +0900] "GET /index HTTP/1.1" 200 7869
0:0:0:0:0:0:0:1 - - [12/Jan/2025:08:50:14 +0900] "GET /lib/animate/animate.min.css HTTP/1.1" 200 16964
0:0:0:0:0:0:0:1 - - [12/Jan/2025:08:50:14 +0900] "GET /lib/wow/wow.js HTTP/1.1" 200 17059
0:0:0:0:0:0:0:1 - - [12/Jan/2025:08:50:14 +0900] "GET /lib/easing/easing.min.js HTTP/1.1" 200 2303
0:0:0:0:0:0:0:1 - - [12/Jan/2025:08:50:14 +0900] "GET /lib/waypoints/waypoints.min.js HTTP/1.1" 200 9034
0:0:0:0:0:0:0:1 - - [12/Jan/2025:08:50:14 +0900] "GET /lib/owlcarousel/assets/owl.carousel.min.css HTTP/1.1" 200 2941
0:0:0:0:0:0:0:1 - - [12/Jan/2025:08:50:14 +0900] "GET /css/style.css HTTP/1.1" 200 8596
0:0:0:0:0:0:0:1 - - [12/Jan/2025:08:50:14 +0900] "GET /css/bootstrap.min.css HTTP/1.1" 200 164340
0:0:0:0:0:0:0:1 - - [12/Jan/2025:08:50:14 +0900] "GET /js/main.js HTTP/1.1" 200 1803
0:0:0:0:0:0:0:1 - - [12/Jan/2025:08:50:14 +0900] "GET /lib/owlcarousel/owl.carousel.min.js HTTP/1.1" 200 42772
0:0:0:0:0:0:0:1 - - [12/Jan/2025:08:50:14 +0900] "GET /index HTTP/1.1" 200 7869
0:0:0:0:0:0:0:1 - - [12/Jan/2025:08:50:14 +0900] "GET /lib/owlcarousel/assets/owl.carousel.min.css HTTP/1.1" 200 2941
0:0:0:0:0:0:0:1 - - [12/Jan/2025:08:50:14 +0900] "GET /lib/animate/animate.min.css HTTP/1.1" 200 16964
0:0:0:0:0:0:0:1 - - [12/Jan/2025:08:50:14 +0900] "GET /css/style.css HTTP/1.1" 200 8596
0:0:0:0:0:0:0:1 - - [12/Jan/2025:08:50:14 +0900] "GET /lib/easing/easing.min.js HTTP/1.1" 200 2303
0:0:0:0:0:0:0:1 - - [12/Jan/2025:08:50:14 +0900] "GET /lib/wow/wow.js HTTP/1.1" 200 17059
0:0:0:0:0:0:0:1 - - [12/Jan/2025:08:50:14 +0900] "GET /css/bootstrap.min.css HTTP/1.1" 200 164340
0:0:0:0:0:0:0:1 - - [12/Jan/2025:08:50:14 +0900] "GET /lib/waypoints/waypoints.min.js HTTP/1.1" 200 9034
0:0:0:0:0:0:0:1 - - [12/Jan/2025:08:50:14 +0900] "GET /js/main.js HTTP/1.1" 200 1803
0:0:0:0:0:0:0:1 - - [12/Jan/2025:08:50:14 +0900] "GET /lib/owlcarousel/owl.carousel.min.js HTTP/1.1" 200 42772
0:0:0:0:0:0:0:1 - - [12/Jan/2025:08:50:15 +0900] "GET /login HTTP/1.1" 200 8365
0:0:0:0:0:0:0:1 - - [12/Jan/2025:08:50:15 +0900] "GET /lib/animate/animate.min.css HTTP/1.1" 200 16964
0:0:0:0:0:0:0:1 - - [12/Jan/2025:08:50:15 +0900] "GET /lib/owlcarousel/assets/owl.carousel.min.css HTTP/1.1" 200 2941
0:0:0:0:0:0:0:1 - - [12/Jan/2025:08:50:15 +0900] "GET /lib/wow/wow.js HTTP/1.1" 200 17059
0:0:0:0:0:0:0:1 - - [12/Jan/2025:08:50:15 +0900] "GET /css/style.css HTTP/1.1" 200 8596
0:0:0:0:0:0:0:1 - - [12/Jan/2025:08:50:15 +0900] "GET /lib/easing/easing.min.js HTTP/1.1" 200 2303
0:0:0:0:0:0:0:1 - - [12/Jan/2025:08:50:15 +0900] "GET /css/bootstrap.min.css HTTP/1.1" 200 164340
0:0:0:0:0:0:0:1 - - [12/Jan/2025:08:50:15 +0900] "GET /lib/waypoints/waypoints.min.js HTTP/1.1" 200 9034
0:0:0:0:0:0:0:1 - - [12/Jan/2025:08:50:15 +0900] "GET /lib/owlcarousel/owl.carousel.min.js HTTP/1.1" 200 42772
0:0:0:0:0:0:0:1 - - [12/Jan/2025:08:50:15 +0900] "GET /js/main.js HTTP/1.1" 200 1803
0:0:0:0:0:0:0:1 - - [12/Jan/2025:09:08:35 +0900] "GET /login HTTP/1.1" 200 8365
0:0:0:0:0:0:0:1 - - [12/Jan/2025:09:08:35 +0900] "GET /lib/animate/animate.min.css HTTP/1.1" 200 16964
0:0:0:0:0:0:0:1 - - [12/Jan/2025:09:08:35 +0900] "GET /lib/owlcarousel/assets/owl.carousel.min.css HTTP/1.1" 200 2941
0:0:0:0:0:0:0:1 - - [12/Jan/2025:09:08:35 +0900] "GET /css/style.css HTTP/1.1" 200 8596
0:0:0:0:0:0:0:1 - - [12/Jan/2025:09:08:35 +0900] "GET /lib/waypoints/waypoints.min.js HTTP/1.1" 200 9034
0:0:0:0:0:0:0:1 - - [12/Jan/2025:09:08:35 +0900] "GET /lib/wow/wow.js HTTP/1.1" 200 17059
0:0:0:0:0:0:0:1 - - [12/Jan/2025:09:08:35 +0900] "GET /lib/easing/easing.min.js HTTP/1.1" 200 2303
0:0:0:0:0:0:0:1 - - [12/Jan/2025:09:08:35 +0900] "GET /lib/owlcarousel/owl.carousel.min.js HTTP/1.1" 200 42772
0:0:0:0:0:0:0:1 - - [12/Jan/2025:09:08:35 +0900] "GET /css/bootstrap.min.css HTTP/1.1" 200 164340
0:0:0:0:0:0:0:1 - - [12/Jan/2025:09:08:35 +0900] "GET /js/main.js HTTP/1.1" 200 1803
0:0:0:0:0:0:0:1 - - [12/Jan/2025:09:08:37 +0900] "GET /login HTTP/1.1" 200 8365
0:0:0:0:0:0:0:1 - - [12/Jan/2025:09:08:37 +0900] "GET /lib/animate/animate.min.css HTTP/1.1" 200 16964
0:0:0:0:0:0:0:1 - - [12/Jan/2025:09:08:37 +0900] "GET /lib/owlcarousel/assets/owl.carousel.min.css HTTP/1.1" 200 2941
0:0:0:0:0:0:0:1 - - [12/Jan/2025:09:08:37 +0900] "GET /css/style.css HTTP/1.1" 200 8596
0:0:0:0:0:0:0:1 - - [12/Jan/2025:09:08:37 +0900] "GET /css/bootstrap.min.css HTTP/1.1" 200 164340
0:0:0:0:0:0:0:1 - - [12/Jan/2025:09:08:37 +0900] "GET /lib/easing/easing.min.js HTTP/1.1" 200 2303
0:0:0:0:0:0:0:1 - - [12/Jan/2025:09:08:37 +0900] "GET /lib/wow/wow.js HTTP/1.1" 200 17059
0:0:0:0:0:0:0:1 - - [12/Jan/2025:09:08:37 +0900] "GET /lib/waypoints/waypoints.min.js HTTP/1.1" 200 9034
0:0:0:0:0:0:0:1 - - [12/Jan/2025:09:08:37 +0900] "GET /lib/owlcarousel/owl.carousel.min.js HTTP/1.1" 200 42772
0:0:0:0:0:0:0:1 - - [12/Jan/2025:09:08:37 +0900] "GET /js/main.js HTTP/1.1" 200 1803
0:0:0:0:0:0:0:1 - - [12/Jan/2025:09:09:33 +0900] "GET / HTTP/1.1" 200 7869
0:0:0:0:0:0:0:1 - - [12/Jan/2025:09:09:33 +0900] "GET /lib/owlcarousel/assets/owl.carousel.min.css HTTP/1.1" 200 2941
0:0:0:0:0:0:0:1 - - [12/Jan/2025:09:09:33 +0900] "GET /lib/animate/animate.min.css HTTP/1.1" 200 16964
0:0:0:0:0:0:0:1 - - [12/Jan/2025:09:09:33 +0900] "GET /css/bootstrap.min.css HTTP/1.1" 200 164340
0:0:0:0:0:0:0:1 - - [12/Jan/2025:09:09:33 +0900] "GET /css/style.css HTTP/1.1" 200 8596
0:0:0:0:0:0:0:1 - - [12/Jan/2025:09:09:33 +0900] "GET /lib/wow/wow.js HTTP/1.1" 200 17059
0:0:0:0:0:0:0:1 - - [12/Jan/2025:09:09:33 +0900] "GET /lib/easing/easing.min.js HTTP/1.1" 200 2303
0:0:0:0:0:0:0:1 - - [12/Jan/2025:09:09:33 +0900] "GET /js/main.js HTTP/1.1" 200 1803
0:0:0:0:0:0:0:1 - - [12/Jan/2025:09:09:33 +0900] "GET /lib/waypoints/waypoints.min.js HTTP/1.1" 200 9034
0:0:0:0:0:0:0:1 - - [12/Jan/2025:09:09:33 +0900] "GET /lib/owlcarousel/owl.carousel.min.js HTTP/1.1" 200 42772
0:0:0:0:0:0:0:1 - - [12/Jan/2025:09:09:37 +0900] "GET /login HTTP/1.1" 200 8370
0:0:0:0:0:0:0:1 - - [12/Jan/2025:09:09:37 +0900] "GET /lib/animate/animate.min.css HTTP/1.1" 200 16964
0:0:0:0:0:0:0:1 - - [12/Jan/2025:09:09:37 +0900] "GET /lib/owlcarousel/assets/owl.carousel.min.css HTTP/1.1" 200 2941
0:0:0:0:0:0:0:1 - - [12/Jan/2025:09:09:37 +0900] "GET /css/style.css HTTP/1.1" 200 8596
0:0:0:0:0:0:0:1 - - [12/Jan/2025:09:09:37 +0900] "GET /lib/easing/easing.min.js HTTP/1.1" 200 2303
0:0:0:0:0:0:0:1 - - [12/Jan/2025:09:09:37 +0900] "GET /lib/waypoints/waypoints.min.js HTTP/1.1" 200 9034
0:0:0:0:0:0:0:1 - - [12/Jan/2025:09:09:37 +0900] "GET /lib/owlcarousel/owl.carousel.min.js HTTP/1.1" 200 42772
0:0:0:0:0:0:0:1 - - [12/Jan/2025:09:09:37 +0900] "GET /lib/wow/wow.js HTTP/1.1" 200 17059
0:0:0:0:0:0:0:1 - - [12/Jan/2025:09:09:37 +0900] "GET /css/bootstrap.min.css HTTP/1.1" 200 164340
0:0:0:0:0:0:0:1 - - [12/Jan/2025:09:09:37 +0900] "GET /js/main.js HTTP/1.1" 200 1803
0:0:0:0:0:0:0:1 - - [12/Jan/2025:09:09:38 +0900] "GET /login HTTP/1.1" 200 8370
0:0:0:0:0:0:0:1 - - [12/Jan/2025:09:09:38 +0900] "GET /lib/animate/animate.min.css HTTP/1.1" 200 16964
0:0:0:0:0:0:0:1 - - [12/Jan/2025:09:09:38 +0900] "GET /lib/owlcarousel/assets/owl.carousel.min.css HTTP/1.1" 200 2941
0:0:0:0:0:0:0:1 - - [12/Jan/2025:09:09:38 +0900] "GET /css/style.css HTTP/1.1" 200 8596
0:0:0:0:0:0:0:1 - - [12/Jan/2025:09:09:38 +0900] "GET /lib/easing/easing.min.js HTTP/1.1" 200 2303
0:0:0:0:0:0:0:1 - - [12/Jan/2025:09:09:38 +0900] "GET /lib/wow/wow.js HTTP/1.1" 200 17059
0:0:0:0:0:0:0:1 - - [12/Jan/2025:09:09:38 +0900] "GET /css/bootstrap.min.css HTTP/1.1" 200 164340
0:0:0:0:0:0:0:1 - - [12/Jan/2025:09:09:38 +0900] "GET /lib/waypoints/waypoints.min.js HTTP/1.1" 200 9034
0:0:0:0:0:0:0:1 - - [12/Jan/2025:09:09:38 +0900] "GET /js/main.js HTTP/1.1" 200 1803
0:0:0:0:0:0:0:1 - - [12/Jan/2025:09:09:38 +0900] "GET /lib/owlcarousel/owl.carousel.min.js HTTP/1.1" 200 42772
0:0:0:0:0:0:0:1 - - [12/Jan/2025:09:09:39 +0900] "GET /write HTTP/1.1" 404 4407
0:0:0:0:0:0:0:1 - - [12/Jan/2025:09:09:41 +0900] "GET /write HTTP/1.1" 404 4407
0:0:0:0:0:0:0:1 - - [12/Jan/2025:09:22:24 +0900] "GET /write HTTP/1.1" 404 4407
0:0:0:0:0:0:0:1 - - [12/Jan/2025:09:36:49 +0900] "GET /write HTTP/1.1" 404 4407
0:0:0:0:0:0:0:1 - - [12/Jan/2025:09:37:10 +0900] "GET /write HTTP/1.1" 404 4407
0:0:0:0:0:0:0:1 - - [12/Jan/2025:09:37:44 +0900] "GET /index HTTP/1.1" 200 7869
0:0:0:0:0:0:0:1 - - [12/Jan/2025:09:37:44 +0900] "GET /lib/animate/animate.min.css HTTP/1.1" 200 16964
0:0:0:0:0:0:0:1 - - [12/Jan/2025:09:37:44 +0900] "GET /lib/owlcarousel/assets/owl.carousel.min.css HTTP/1.1" 200 2941
0:0:0:0:0:0:0:1 - - [12/Jan/2025:09:37:44 +0900] "GET /css/bootstrap.min.css HTTP/1.1" 200 164340
0:0:0:0:0:0:0:1 - - [12/Jan/2025:09:37:44 +0900] "GET /lib/easing/easing.min.js HTTP/1.1" 200 2303
0:0:0:0:0:0:0:1 - - [12/Jan/2025:09:37:44 +0900] "GET /css/style.css HTTP/1.1" 200 8596
0:0:0:0:0:0:0:1 - - [12/Jan/2025:09:37:44 +0900] "GET /lib/wow/wow.js HTTP/1.1" 200 17059
0:0:0:0:0:0:0:1 - - [12/Jan/2025:09:37:44 +0900] "GET /lib/waypoints/waypoints.min.js HTTP/1.1" 200 9034
0:0:0:0:0:0:0:1 - - [12/Jan/2025:09:37:44 +0900] "GET /js/main.js HTTP/1.1" 200 1803
0:0:0:0:0:0:0:1 - - [12/Jan/2025:09:37:44 +0900] "GET /lib/owlcarousel/owl.carousel.min.js HTTP/1.1" 200 42772
0:0:0:0:0:0:0:1 - - [12/Jan/2025:09:37:48 +0900] "GET /history HTTP/1.1" 200 5508
0:0:0:0:0:0:0:1 - - [12/Jan/2025:09:37:48 +0900] "GET /lib/owlcarousel/assets/owl.carousel.min.css HTTP/1.1" 200 2941
0:0:0:0:0:0:0:1 - - [12/Jan/2025:09:37:48 +0900] "GET /lib/animate/animate.min.css HTTP/1.1" 200 16964
0:0:0:0:0:0:0:1 - - [12/Jan/2025:09:37:48 +0900] "GET /css/style.css HTTP/1.1" 200 8596
0:0:0:0:0:0:0:1 - - [12/Jan/2025:09:37:48 +0900] "GET /lib/easing/easing.min.js HTTP/1.1" 200 2303
0:0:0:0:0:0:0:1 - - [12/Jan/2025:09:37:48 +0900] "GET /lib/wow/wow.js HTTP/1.1" 200 17059
0:0:0:0:0:0:0:1 - - [12/Jan/2025:09:37:48 +0900] "GET /css/bootstrap.min.css HTTP/1.1" 200 164340
0:0:0:0:0:0:0:1 - - [12/Jan/2025:09:37:48 +0900] "GET /lib/waypoints/waypoints.min.js HTTP/1.1" 200 9034
0:0:0:0:0:0:0:1 - - [12/Jan/2025:09:37:48 +0900] "GET /js/main.js HTTP/1.1" 200 1803
0:0:0:0:0:0:0:1 - - [12/Jan/2025:09:37:48 +0900] "GET /lib/owlcarousel/owl.carousel.min.js HTTP/1.1" 200 42772
0:0:0:0:0:0:0:1 - - [12/Jan/2025:09:37:49 +0900] "GET /java HTTP/1.1" 200 5903
0:0:0:0:0:0:0:1 - - [12/Jan/2025:09:37:49 +0900] "GET /lib/animate/animate.min.css HTTP/1.1" 200 16964
0:0:0:0:0:0:0:1 - - [12/Jan/2025:09:37:49 +0900] "GET /css/style.css HTTP/1.1" 200 8596
0:0:0:0:0:0:0:1 - - [12/Jan/2025:09:37:49 +0900] "GET /lib/owlcarousel/assets/owl.carousel.min.css HTTP/1.1" 200 2941
0:0:0:0:0:0:0:1 - - [12/Jan/2025:09:37:49 +0900] "GET /lib/wow/wow.js HTTP/1.1" 200 17059
0:0:0:0:0:0:0:1 - - [12/Jan/2025:09:37:49 +0900] "GET /css/bootstrap.min.css HTTP/1.1" 200 164340
0:0:0:0:0:0:0:1 - - [12/Jan/2025:09:37:49 +0900] "GET /lib/waypoints/waypoints.min.js HTTP/1.1" 200 9034
0:0:0:0:0:0:0:1 - - [12/Jan/2025:09:37:49 +0900] "GET /lib/easing/easing.min.js HTTP/1.1" 200 2303
0:0:0:0:0:0:0:1 - - [12/Jan/2025:09:37:49 +0900] "GET /js/main.js HTTP/1.1" 200 1803
0:0:0:0:0:0:0:1 - - [12/Jan/2025:09:37:49 +0900] "GET /lib/owlcarousel/owl.carousel.min.js HTTP/1.1" 200 42772
0:0:0:0:0:0:0:1 - - [12/Jan/2025:09:38:49 +0900] "GET / HTTP/1.1" 200 7869
0:0:0:0:0:0:0:1 - - [12/Jan/2025:09:38:50 +0900] "GET /lib/owlcarousel/assets/owl.carousel.min.css HTTP/1.1" 200 2941
0:0:0:0:0:0:0:1 - - [12/Jan/2025:09:38:50 +0900] "GET /lib/animate/animate.min.css HTTP/1.1" 200 16964
0:0:0:0:0:0:0:1 - - [12/Jan/2025:09:38:50 +0900] "GET /css/style.css HTTP/1.1" 200 8596
0:0:0:0:0:0:0:1 - - [12/Jan/2025:09:38:50 +0900] "GET /lib/easing/easing.min.js HTTP/1.1" 200 2303
0:0:0:0:0:0:0:1 - - [12/Jan/2025:09:38:50 +0900] "GET /css/bootstrap.min.css HTTP/1.1" 200 164340
0:0:0:0:0:0:0:1 - - [12/Jan/2025:09:38:50 +0900] "GET /lib/wow/wow.js HTTP/1.1" 200 17059
0:0:0:0:0:0:0:1 - - [12/Jan/2025:09:38:50 +0900] "GET /lib/waypoints/waypoints.min.js HTTP/1.1" 200 9034
0:0:0:0:0:0:0:1 - - [12/Jan/2025:09:38:50 +0900] "GET /lib/owlcarousel/owl.carousel.min.js HTTP/1.1" 200 42772
0:0:0:0:0:0:0:1 - - [12/Jan/2025:09:38:50 +0900] "GET /js/main.js HTTP/1.1" 200 1803
0:0:0:0:0:0:0:1 - - [12/Jan/2025:09:38:50 +0900] "GET / HTTP/1.1" 200 7869
0:0:0:0:0:0:0:1 - - [12/Jan/2025:09:38:50 +0900] "GET /lib/animate/animate.min.css HTTP/1.1" 200 16964
0:0:0:0:0:0:0:1 - - [12/Jan/2025:09:38:50 +0900] "GET /lib/owlcarousel/assets/owl.carousel.min.css HTTP/1.1" 200 2941
0:0:0:0:0:0:0:1 - - [12/Jan/2025:09:38:50 +0900] "GET /lib/easing/easing.min.js HTTP/1.1" 200 2303
0:0:0:0:0:0:0:1 - - [12/Jan/2025:09:38:50 +0900] "GET /css/bootstrap.min.css HTTP/1.1" 200 164340
0:0:0:0:0:0:0:1 - - [12/Jan/2025:09:38:50 +0900] "GET /css/style.css HTTP/1.1" 200 8596
0:0:0:0:0:0:0:1 - - [12/Jan/2025:09:38:50 +0900] "GET /lib/wow/wow.js HTTP/1.1" 200 17059
0:0:0:0:0:0:0:1 - - [12/Jan/2025:09:38:50 +0900] "GET /js/main.js HTTP/1.1" 200 1803
0:0:0:0:0:0:0:1 - - [12/Jan/2025:09:38:50 +0900] "GET /lib/waypoints/waypoints.min.js HTTP/1.1" 200 9034
0:0:0:0:0:0:0:1 - - [12/Jan/2025:09:38:50 +0900] "GET /lib/owlcarousel/owl.carousel.min.js HTTP/1.1" 200 42772
0:0:0:0:0:0:0:1 - - [12/Jan/2025:09:38:51 +0900] "GET /index HTTP/1.1" 404 4407
0:0:0:0:0:0:0:1 - - [12/Jan/2025:09:39:37 +0900] "GET / HTTP/1.1" 200 7869
0:0:0:0:0:0:0:1 - - [12/Jan/2025:09:39:37 +0900] "GET /lib/animate/animate.min.css HTTP/1.1" 200 16964
0:0:0:0:0:0:0:1 - - [12/Jan/2025:09:39:37 +0900] "GET /lib/owlcarousel/assets/owl.carousel.min.css HTTP/1.1" 200 2941
0:0:0:0:0:0:0:1 - - [12/Jan/2025:09:39:37 +0900] "GET /lib/easing/easing.min.js HTTP/1.1" 200 2303
0:0:0:0:0:0:0:1 - - [12/Jan/2025:09:39:37 +0900] "GET /lib/wow/wow.js HTTP/1.1" 200 17059
0:0:0:0:0:0:0:1 - - [12/Jan/2025:09:39:37 +0900] "GET /css/bootstrap.min.css HTTP/1.1" 200 164340
0:0:0:0:0:0:0:1 - - [12/Jan/2025:09:39:37 +0900] "GET /css/style.css HTTP/1.1" 200 8596
0:0:0:0:0:0:0:1 - - [12/Jan/2025:09:39:37 +0900] "GET /lib/waypoints/waypoints.min.js HTTP/1.1" 200 9034
0:0:0:0:0:0:0:1 - - [12/Jan/2025:09:39:37 +0900] "GET /lib/owlcarousel/owl.carousel.min.js HTTP/1.1" 200 42772
0:0:0:0:0:0:0:1 - - [12/Jan/2025:09:39:37 +0900] "GET /js/main.js HTTP/1.1" 200 1803
0:0:0:0:0:0:0:1 - - [12/Jan/2025:09:39:38 +0900] "GET /index HTTP/1.1" 404 4407
0:0:0:0:0:0:0:1 - - [12/Jan/2025:09:52:30 +0900] "GET /index HTTP/1.1" 404 4407
0:0:0:0:0:0:0:1 - - [12/Jan/2025:09:57:54 +0900] "GET / HTTP/1.1" 200 7865
0:0:0:0:0:0:0:1 - - [12/Jan/2025:09:57:54 +0900] "GET /lib/animate/animate.min.css HTTP/1.1" 200 16964
0:0:0:0:0:0:0:1 - - [12/Jan/2025:09:57:54 +0900] "GET /lib/owlcarousel/assets/owl.carousel.min.css HTTP/1.1" 200 2941
0:0:0:0:0:0:0:1 - - [12/Jan/2025:09:57:54 +0900] "GET /css/style.css HTTP/1.1" 200 8596
0:0:0:0:0:0:0:1 - - [12/Jan/2025:09:57:54 +0900] "GET /css/bootstrap.min.css HTTP/1.1" 200 164340
0:0:0:0:0:0:0:1 - - [12/Jan/2025:09:57:54 +0900] "GET /lib/owlcarousel/owl.carousel.min.js HTTP/1.1" 200 42772
0:0:0:0:0:0:0:1 - - [12/Jan/2025:09:57:54 +0900] "GET /lib/wow/wow.js HTTP/1.1" 200 17059
0:0:0:0:0:0:0:1 - - [12/Jan/2025:09:57:54 +0900] "GET /lib/waypoints/waypoints.min.js HTTP/1.1" 200 9034
0:0:0:0:0:0:0:1 - - [12/Jan/2025:09:57:54 +0900] "GET /lib/easing/easing.min.js HTTP/1.1" 200 2303
0:0:0:0:0:0:0:1 - - [12/Jan/2025:09:57:54 +0900] "GET /js/main.js HTTP/1.1" 200 1803
0:0:0:0:0:0:0:1 - - [12/Jan/2025:09:57:55 +0900] "GET / HTTP/1.1" 500 7986
0:0:0:0:0:0:0:1 - - [12/Jan/2025:09:57:57 +0900] "GET / HTTP/1.1" 500 7986
0:0:0:0:0:0:0:1 - - [12/Jan/2025:09:57:57 +0900] "GET / HTTP/1.1" 500 7986
0:0:0:0:0:0:0:1 - - [12/Jan/2025:09:57:57 +0900] "GET / HTTP/1.1" 500 7986
0:0:0:0:0:0:0:1 - - [12/Jan/2025:09:57:58 +0900] "GET / HTTP/1.1" 500 7986
0:0:0:0:0:0:0:1 - - [12/Jan/2025:09:57:58 +0900] "GET / HTTP/1.1" 500 7986
0:0:0:0:0:0:0:1 - - [12/Jan/2025:09:57:58 +0900] "GET / HTTP/1.1" 500 7986
0:0:0:0:0:0:0:1 - - [12/Jan/2025:09:57:58 +0900] "GET / HTTP/1.1" 500 7986
0:0:0:0:0:0:0:1 - - [12/Jan/2025:09:57:59 +0900] "GET / HTTP/1.1" 500 7986
0:0:0:0:0:0:0:1 - - [12/Jan/2025:09:57:59 +0900] "GET / HTTP/1.1" 500 7986
0:0:0:0:0:0:0:1 - - [12/Jan/2025:09:57:59 +0900] "GET / HTTP/1.1" 500 7986
0:0:0:0:0:0:0:1 - - [12/Jan/2025:09:57:59 +0900] "GET / HTTP/1.1" 500 7986
0:0:0:0:0:0:0:1 - - [12/Jan/2025:09:57:59 +0900] "GET / HTTP/1.1" 500 7986
0:0:0:0:0:0:0:1 - - [12/Jan/2025:09:58:00 +0900] "GET / HTTP/1.1" 500 7986
0:0:0:0:0:0:0:1 - - [12/Jan/2025:09:58:00 +0900] "GET / HTTP/1.1" 500 7986
0:0:0:0:0:0:0:1 - - [12/Jan/2025:09:58:00 +0900] "GET / HTTP/1.1" 500 7986
0:0:0:0:0:0:0:1 - - [12/Jan/2025:09:58:09 +0900] "GET / HTTP/1.1" 500 7986
0:0:0:0:0:0:0:1 - - [12/Jan/2025:09:58:10 +0900] "GET / HTTP/1.1" 200 7869
0:0:0:0:0:0:0:1 - - [12/Jan/2025:09:58:10 +0900] "GET /lib/animate/animate.min.css HTTP/1.1" 200 16964
0:0:0:0:0:0:0:1 - - [12/Jan/2025:09:58:10 +0900] "GET /lib/owlcarousel/assets/owl.carousel.min.css HTTP/1.1" 200 2941
0:0:0:0:0:0:0:1 - - [12/Jan/2025:09:58:10 +0900] "GET /css/bootstrap.min.css HTTP/1.1" 200 164340
0:0:0:0:0:0:0:1 - - [12/Jan/2025:09:58:10 +0900] "GET /css/style.css HTTP/1.1" 200 8596
0:0:0:0:0:0:0:1 - - [12/Jan/2025:09:58:10 +0900] "GET /lib/wow/wow.js HTTP/1.1" 200 17059
0:0:0:0:0:0:0:1 - - [12/Jan/2025:09:58:10 +0900] "GET /lib/easing/easing.min.js HTTP/1.1" 200 2303
0:0:0:0:0:0:0:1 - - [12/Jan/2025:09:58:10 +0900] "GET /lib/waypoints/waypoints.min.js HTTP/1.1" 200 9034
0:0:0:0:0:0:0:1 - - [12/Jan/2025:09:58:10 +0900] "GET /lib/owlcarousel/owl.carousel.min.js HTTP/1.1" 200 42772
0:0:0:0:0:0:0:1 - - [12/Jan/2025:09:58:10 +0900] "GET /js/main.js HTTP/1.1" 200 1803
0:0:0:0:0:0:0:1 - - [12/Jan/2025:09:58:10 +0900] "GET / HTTP/1.1" 200 7869
0:0:0:0:0:0:0:1 - - [12/Jan/2025:09:58:10 +0900] "GET /lib/animate/animate.min.css HTTP/1.1" 200 16964
0:0:0:0:0:0:0:1 - - [12/Jan/2025:09:58:10 +0900] "GET /css/style.css HTTP/1.1" 200 8596
0:0:0:0:0:0:0:1 - - [12/Jan/2025:09:58:10 +0900] "GET /lib/wow/wow.js HTTP/1.1" 200 17059
0:0:0:0:0:0:0:1 - - [12/Jan/2025:09:58:10 +0900] "GET /lib/easing/easing.min.js HTTP/1.1" 200 2303
0:0:0:0:0:0:0:1 - - [12/Jan/2025:09:58:10 +0900] "GET /css/bootstrap.min.css HTTP/1.1" 200 164340
0:0:0:0:0:0:0:1 - - [12/Jan/2025:09:58:10 +0900] "GET /lib/waypoints/waypoints.min.js HTTP/1.1" 200 9034
0:0:0:0:0:0:0:1 - - [12/Jan/2025:09:58:10 +0900] "GET /lib/owlcarousel/assets/owl.carousel.min.css HTTP/1.1" 200 2941
0:0:0:0:0:0:0:1 - - [12/Jan/2025:09:58:10 +0900] "GET /js/main.js HTTP/1.1" 200 1803
0:0:0:0:0:0:0:1 - - [12/Jan/2025:09:58:10 +0900] "GET /lib/owlcarousel/owl.carousel.min.js HTTP/1.1" 200 42772
0:0:0:0:0:0:0:1 - - [12/Jan/2025:09:58:11 +0900] "GET /index HTTP/1.1" 404 4407
0:0:0:0:0:0:0:1 - - [12/Jan/2025:09:59:42 +0900] "GET /index HTTP/1.1" 404 4407
0:0:0:0:0:0:0:1 - - [12/Jan/2025:09:59:52 +0900] "GET / HTTP/1.1" 200 7869
0:0:0:0:0:0:0:1 - - [12/Jan/2025:09:59:52 +0900] "GET /lib/animate/animate.min.css HTTP/1.1" 200 16964
0:0:0:0:0:0:0:1 - - [12/Jan/2025:09:59:52 +0900] "GET /lib/owlcarousel/assets/owl.carousel.min.css HTTP/1.1" 200 2941
0:0:0:0:0:0:0:1 - - [12/Jan/2025:09:59:52 +0900] "GET /css/bootstrap.min.css HTTP/1.1" 200 164340
0:0:0:0:0:0:0:1 - - [12/Jan/2025:09:59:52 +0900] "GET /css/style.css HTTP/1.1" 200 8596
0:0:0:0:0:0:0:1 - - [12/Jan/2025:09:59:52 +0900] "GET /lib/easing/easing.min.js HTTP/1.1" 200 2303
0:0:0:0:0:0:0:1 - - [12/Jan/2025:09:59:52 +0900] "GET /lib/waypoints/waypoints.min.js HTTP/1.1" 200 9034
0:0:0:0:0:0:0:1 - - [12/Jan/2025:09:59:52 +0900] "GET /lib/wow/wow.js HTTP/1.1" 200 17059
0:0:0:0:0:0:0:1 - - [12/Jan/2025:09:59:52 +0900] "GET /js/main.js HTTP/1.1" 200 1803
0:0:0:0:0:0:0:1 - - [12/Jan/2025:09:59:52 +0900] "GET /lib/owlcarousel/owl.carousel.min.js HTTP/1.1" 200 42772
0:0:0:0:0:0:0:1 - - [12/Jan/2025:10:02:24 +0900] "GET /index HTTP/1.1" 404 4407
0:0:0:0:0:0:0:1 - - [12/Jan/2025:10:02:26 +0900] "GET /index HTTP/1.1" 404 4407
0:0:0:0:0:0:0:1 - - [12/Jan/2025:10:05:09 +0900] "GET /login HTTP/1.1" 200 8370
0:0:0:0:0:0:0:1 - - [12/Jan/2025:10:05:09 +0900] "GET /lib/animate/animate.min.css HTTP/1.1" 200 16964
0:0:0:0:0:0:0:1 - - [12/Jan/2025:10:05:09 +0900] "GET /lib/owlcarousel/assets/owl.carousel.min.css HTTP/1.1" 200 2941
0:0:0:0:0:0:0:1 - - [12/Jan/2025:10:05:09 +0900] "GET /css/bootstrap.min.css HTTP/1.1" 200 164340
0:0:0:0:0:0:0:1 - - [12/Jan/2025:10:05:09 +0900] "GET /lib/wow/wow.js HTTP/1.1" 200 17059
0:0:0:0:0:0:0:1 - - [12/Jan/2025:10:05:09 +0900] "GET /lib/easing/easing.min.js HTTP/1.1" 200 2303
0:0:0:0:0:0:0:1 - - [12/Jan/2025:10:05:09 +0900] "GET /css/style.css HTTP/1.1" 200 8596
0:0:0:0:0:0:0:1 - - [12/Jan/2025:10:05:09 +0900] "GET /lib/waypoints/waypoints.min.js HTTP/1.1" 200 9034
0:0:0:0:0:0:0:1 - - [12/Jan/2025:10:05:09 +0900] "GET /lib/owlcarousel/owl.carousel.min.js HTTP/1.1" 200 42772
0:0:0:0:0:0:0:1 - - [12/Jan/2025:10:05:09 +0900] "GET /js/main.js HTTP/1.1" 200 1803
0:0:0:0:0:0:0:1 - - [12/Jan/2025:10:05:10 +0900] "GET /write HTTP/1.1" 200 5313
0:0:0:0:0:0:0:1 - - [12/Jan/2025:10:05:10 +0900] "GET /lib/animate/animate.min.css HTTP/1.1" 200 16964
0:0:0:0:0:0:0:1 - - [12/Jan/2025:10:05:10 +0900] "GET /lib/wow/wow.js HTTP/1.1" 200 17059
0:0:0:0:0:0:0:1 - - [12/Jan/2025:10:05:10 +0900] "GET /lib/owlcarousel/assets/owl.carousel.min.css HTTP/1.1" 200 2941
0:0:0:0:0:0:0:1 - - [12/Jan/2025:10:05:10 +0900] "GET /css/style.css HTTP/1.1" 200 8596
0:0:0:0:0:0:0:1 - - [12/Jan/2025:10:05:10 +0900] "GET /lib/easing/easing.min.js HTTP/1.1" 200 2303
0:0:0:0:0:0:0:1 - - [12/Jan/2025:10:05:10 +0900] "GET /css/bootstrap.min.css HTTP/1.1" 200 164340
0:0:0:0:0:0:0:1 - - [12/Jan/2025:10:05:10 +0900] "GET /lib/waypoints/waypoints.min.js HTTP/1.1" 200 9034
0:0:0:0:0:0:0:1 - - [12/Jan/2025:10:05:10 +0900] "GET /js/main.js HTTP/1.1" 200 1803
0:0:0:0:0:0:0:1 - - [12/Jan/2025:10:05:10 +0900] "GET /lib/owlcarousel/owl.carousel.min.js HTTP/1.1" 200 42772
0:0:0:0:0:0:0:1 - - [12/Jan/2025:10:05:14 +0900] "GET /index HTTP/1.1" 404 4407
0:0:0:0:0:0:0:1 - - [12/Jan/2025:10:05:15 +0900] "GET /index HTTP/1.1" 404 4407
0:0:0:0:0:0:0:1 - - [12/Jan/2025:10:15:22 +0900] "GET /index HTTP/1.1" 404 4407
0:0:0:0:0:0:0:1 - - [12/Jan/2025:10:15:26 +0900] "GET / HTTP/1.1" 200 7869
0:0:0:0:0:0:0:1 - - [12/Jan/2025:10:15:26 +0900] "GET /lib/animate/animate.min.css HTTP/1.1" 200 16964
0:0:0:0:0:0:0:1 - - [12/Jan/2025:10:15:26 +0900] "GET /lib/owlcarousel/assets/owl.carousel.min.css HTTP/1.1" 200 2941
0:0:0:0:0:0:0:1 - - [12/Jan/2025:10:15:26 +0900] "GET /css/bootstrap.min.css HTTP/1.1" 200 164340
0:0:0:0:0:0:0:1 - - [12/Jan/2025:10:15:26 +0900] "GET /css/style.css HTTP/1.1" 200 8596
0:0:0:0:0:0:0:1 - - [12/Jan/2025:10:15:26 +0900] "GET /lib/easing/easing.min.js HTTP/1.1" 200 2303
0:0:0:0:0:0:0:1 - - [12/Jan/2025:10:15:26 +0900] "GET /lib/waypoints/waypoints.min.js HTTP/1.1" 200 9034
0:0:0:0:0:0:0:1 - - [12/Jan/2025:10:15:26 +0900] "GET /lib/wow/wow.js HTTP/1.1" 200 17059
0:0:0:0:0:0:0:1 - - [12/Jan/2025:10:15:26 +0900] "GET /js/main.js HTTP/1.1" 200 1803
0:0:0:0:0:0:0:1 - - [12/Jan/2025:10:15:26 +0900] "GET /lib/owlcarousel/owl.carousel.min.js HTTP/1.1" 200 42772
0:0:0:0:0:0:0:1 - - [12/Jan/2025:10:17:00 +0900] "GET /history HTTP/1.1" 200 5508
0:0:0:0:0:0:0:1 - - [12/Jan/2025:10:17:01 +0900] "GET /lib/animate/animate.min.css HTTP/1.1" 200 16964
0:0:0:0:0:0:0:1 - - [12/Jan/2025:10:17:01 +0900] "GET /lib/owlcarousel/assets/owl.carousel.min.css HTTP/1.1" 200 2941
0:0:0:0:0:0:0:1 - - [12/Jan/2025:10:17:01 +0900] "GET /css/style.css HTTP/1.1" 200 8596
0:0:0:0:0:0:0:1 - - [12/Jan/2025:10:17:01 +0900] "GET /css/bootstrap.min.css HTTP/1.1" 200 164340
0:0:0:0:0:0:0:1 - - [12/Jan/2025:10:17:01 +0900] "GET /lib/easing/easing.min.js HTTP/1.1" 200 2303
0:0:0:0:0:0:0:1 - - [12/Jan/2025:10:17:01 +0900] "GET /lib/wow/wow.js HTTP/1.1" 200 17059
0:0:0:0:0:0:0:1 - - [12/Jan/2025:10:17:01 +0900] "GET /lib/waypoints/waypoints.min.js HTTP/1.1" 200 9034
0:0:0:0:0:0:0:1 - - [12/Jan/2025:10:17:01 +0900] "GET /lib/owlcarousel/owl.carousel.min.js HTTP/1.1" 200 42772
0:0:0:0:0:0:0:1 - - [12/Jan/2025:10:17:01 +0900] "GET /js/main.js HTTP/1.1" 200 1803
0:0:0:0:0:0:0:1 - - [12/Jan/2025:10:17:02 +0900] "GET /springboot HTTP/1.1" 200 5905
0:0:0:0:0:0:0:1 - - [12/Jan/2025:10:17:02 +0900] "GET /lib/animate/animate.min.css HTTP/1.1" 200 16964
0:0:0:0:0:0:0:1 - - [12/Jan/2025:10:17:02 +0900] "GET /lib/owlcarousel/assets/owl.carousel.min.css HTTP/1.1" 200 2941
0:0:0:0:0:0:0:1 - - [12/Jan/2025:10:17:02 +0900] "GET /css/style.css HTTP/1.1" 200 8596
0:0:0:0:0:0:0:1 - - [12/Jan/2025:10:17:02 +0900] "GET /lib/easing/easing.min.js HTTP/1.1" 200 2303
0:0:0:0:0:0:0:1 - - [12/Jan/2025:10:17:02 +0900] "GET /lib/wow/wow.js HTTP/1.1" 200 17059
0:0:0:0:0:0:0:1 - - [12/Jan/2025:10:17:02 +0900] "GET /css/bootstrap.min.css HTTP/1.1" 200 164340
0:0:0:0:0:0:0:1 - - [12/Jan/2025:10:17:02 +0900] "GET /lib/waypoints/waypoints.min.js HTTP/1.1" 200 9034
0:0:0:0:0:0:0:1 - - [12/Jan/2025:10:17:02 +0900] "GET /lib/owlcarousel/owl.carousel.min.js HTTP/1.1" 200 42772
0:0:0:0:0:0:0:1 - - [12/Jan/2025:10:17:02 +0900] "GET /js/main.js HTTP/1.1" 200 1803
0:0:0:0:0:0:0:1 - - [12/Jan/2025:10:17:03 +0900] "GET /java HTTP/1.1" 200 5903
0:0:0:0:0:0:0:1 - - [12/Jan/2025:10:17:03 +0900] "GET /lib/animate/animate.min.css HTTP/1.1" 200 16964
0:0:0:0:0:0:0:1 - - [12/Jan/2025:10:17:03 +0900] "GET /lib/owlcarousel/assets/owl.carousel.min.css HTTP/1.1" 200 2941
0:0:0:0:0:0:0:1 - - [12/Jan/2025:10:17:03 +0900] "GET /lib/easing/easing.min.js HTTP/1.1" 200 2303
0:0:0:0:0:0:0:1 - - [12/Jan/2025:10:17:03 +0900] "GET /css/style.css HTTP/1.1" 200 8596
0:0:0:0:0:0:0:1 - - [12/Jan/2025:10:17:03 +0900] "GET /lib/wow/wow.js HTTP/1.1" 200 17059
0:0:0:0:0:0:0:1 - - [12/Jan/2025:10:17:03 +0900] "GET /css/bootstrap.min.css HTTP/1.1" 200 164340
0:0:0:0:0:0:0:1 - - [12/Jan/2025:10:17:03 +0900] "GET /lib/waypoints/waypoints.min.js HTTP/1.1" 200 9034
0:0:0:0:0:0:0:1 - - [12/Jan/2025:10:17:03 +0900] "GET /js/main.js HTTP/1.1" 200 1803
0:0:0:0:0:0:0:1 - - [12/Jan/2025:10:17:03 +0900] "GET /lib/owlcarousel/owl.carousel.min.js HTTP/1.1" 200 42772
0:0:0:0:0:0:0:1 - - [12/Jan/2025:10:17:04 +0900] "GET /ubuntu HTTP/1.1" 200 5905
0:0:0:0:0:0:0:1 - - [12/Jan/2025:10:17:04 +0900] "GET /lib/animate/animate.min.css HTTP/1.1" 200 16964
0:0:0:0:0:0:0:1 - - [12/Jan/2025:10:17:04 +0900] "GET /lib/owlcarousel/assets/owl.carousel.min.css HTTP/1.1" 200 2941
0:0:0:0:0:0:0:1 - - [12/Jan/2025:10:17:04 +0900] "GET /css/style.css HTTP/1.1" 200 8596
0:0:0:0:0:0:0:1 - - [12/Jan/2025:10:17:04 +0900] "GET /lib/wow/wow.js HTTP/1.1" 200 17059
0:0:0:0:0:0:0:1 - - [12/Jan/2025:10:17:04 +0900] "GET /lib/easing/easing.min.js HTTP/1.1" 200 2303
0:0:0:0:0:0:0:1 - - [12/Jan/2025:10:17:04 +0900] "GET /css/bootstrap.min.css HTTP/1.1" 200 164340
0:0:0:0:0:0:0:1 - - [12/Jan/2025:10:17:04 +0900] "GET /lib/waypoints/waypoints.min.js HTTP/1.1" 200 9034
0:0:0:0:0:0:0:1 - - [12/Jan/2025:10:17:04 +0900] "GET /lib/owlcarousel/owl.carousel.min.js HTTP/1.1" 200 42772
0:0:0:0:0:0:0:1 - - [12/Jan/2025:10:17:04 +0900] "GET /js/main.js HTTP/1.1" 200 1803
0:0:0:0:0:0:0:1 - - [12/Jan/2025:10:17:05 +0900] "GET /html HTTP/1.1" 200 5905
0:0:0:0:0:0:0:1 - - [12/Jan/2025:10:17:05 +0900] "GET /lib/animate/animate.min.css HTTP/1.1" 200 16964
0:0:0:0:0:0:0:1 - - [12/Jan/2025:10:17:05 +0900] "GET /lib/owlcarousel/assets/owl.carousel.min.css HTTP/1.1" 200 2941
0:0:0:0:0:0:0:1 - - [12/Jan/2025:10:17:05 +0900] "GET /css/style.css HTTP/1.1" 200 8596
0:0:0:0:0:0:0:1 - - [12/Jan/2025:10:17:05 +0900] "GET /css/bootstrap.min.css HTTP/1.1" 200 164340
0:0:0:0:0:0:0:1 - - [12/Jan/2025:10:17:05 +0900] "GET /lib/wow/wow.js HTTP/1.1" 200 17059
0:0:0:0:0:0:0:1 - - [12/Jan/2025:10:17:05 +0900] "GET /lib/easing/easing.min.js HTTP/1.1" 200 2303
0:0:0:0:0:0:0:1 - - [12/Jan/2025:10:17:05 +0900] "GET /lib/waypoints/waypoints.min.js HTTP/1.1" 200 9034
0:0:0:0:0:0:0:1 - - [12/Jan/2025:10:17:05 +0900] "GET /js/main.js HTTP/1.1" 200 1803
0:0:0:0:0:0:0:1 - - [12/Jan/2025:10:17:05 +0900] "GET /lib/owlcarousel/owl.carousel.min.js HTTP/1.1" 200 42772
0:0:0:0:0:0:0:1 - - [12/Jan/2025:10:17:06 +0900] "GET /about HTTP/1.1" 200 7962
0:0:0:0:0:0:0:1 - - [12/Jan/2025:10:17:06 +0900] "GET /lib/animate/animate.min.css HTTP/1.1" 200 16964
0:0:0:0:0:0:0:1 - - [12/Jan/2025:10:17:06 +0900] "GET /lib/owlcarousel/assets/owl.carousel.min.css HTTP/1.1" 200 2941
0:0:0:0:0:0:0:1 - - [12/Jan/2025:10:17:06 +0900] "GET /css/style.css HTTP/1.1" 200 8596
0:0:0:0:0:0:0:1 - - [12/Jan/2025:10:17:06 +0900] "GET /css/bootstrap.min.css HTTP/1.1" 200 164340
0:0:0:0:0:0:0:1 - - [12/Jan/2025:10:17:06 +0900] "GET /lib/wow/wow.js HTTP/1.1" 200 17059
0:0:0:0:0:0:0:1 - - [12/Jan/2025:10:17:06 +0900] "GET /lib/easing/easing.min.js HTTP/1.1" 200 2303
0:0:0:0:0:0:0:1 - - [12/Jan/2025:10:17:06 +0900] "GET /lib/waypoints/waypoints.min.js HTTP/1.1" 200 9034
0:0:0:0:0:0:0:1 - - [12/Jan/2025:10:17:06 +0900] "GET /js/main.js HTTP/1.1" 200 1803
0:0:0:0:0:0:0:1 - - [12/Jan/2025:10:17:06 +0900] "GET /lib/owlcarousel/owl.carousel.min.js HTTP/1.1" 200 42772
0:0:0:0:0:0:0:1 - - [12/Jan/2025:10:17:06 +0900] "GET /img/carousel-1.jpg HTTP/1.1" 404 4381
0:0:0:0:0:0:0:1 - - [12/Jan/2025:10:17:07 +0900] "GET /history HTTP/1.1" 200 5508
0:0:0:0:0:0:0:1 - - [12/Jan/2025:10:17:07 +0900] "GET /lib/animate/animate.min.css HTTP/1.1" 200 16964
0:0:0:0:0:0:0:1 - - [12/Jan/2025:10:17:07 +0900] "GET /lib/owlcarousel/assets/owl.carousel.min.css HTTP/1.1" 200 2941
0:0:0:0:0:0:0:1 - - [12/Jan/2025:10:17:07 +0900] "GET /css/bootstrap.min.css HTTP/1.1" 200 164340
0:0:0:0:0:0:0:1 - - [12/Jan/2025:10:17:07 +0900] "GET /lib/easing/easing.min.js HTTP/1.1" 200 2303
0:0:0:0:0:0:0:1 - - [12/Jan/2025:10:17:07 +0900] "GET /lib/waypoints/waypoints.min.js HTTP/1.1" 200 9034
0:0:0:0:0:0:0:1 - - [12/Jan/2025:10:17:07 +0900] "GET /lib/wow/wow.js HTTP/1.1" 200 17059
0:0:0:0:0:0:0:1 - - [12/Jan/2025:10:17:07 +0900] "GET /css/style.css HTTP/1.1" 200 8596
0:0:0:0:0:0:0:1 - - [12/Jan/2025:10:17:07 +0900] "GET /lib/owlcarousel/owl.carousel.min.js HTTP/1.1" 200 42772
0:0:0:0:0:0:0:1 - - [12/Jan/2025:10:17:07 +0900] "GET /js/main.js HTTP/1.1" 200 1803
0:0:0:0:0:0:0:1 - - [12/Jan/2025:10:17:08 +0900] "GET /about HTTP/1.1" 200 7962
0:0:0:0:0:0:0:1 - - [12/Jan/2025:10:17:08 +0900] "GET /lib/animate/animate.min.css HTTP/1.1" 200 16964
0:0:0:0:0:0:0:1 - - [12/Jan/2025:10:17:08 +0900] "GET /lib/owlcarousel/assets/owl.carousel.min.css HTTP/1.1" 200 2941
0:0:0:0:0:0:0:1 - - [12/Jan/2025:10:17:08 +0900] "GET /css/style.css HTTP/1.1" 200 8596
0:0:0:0:0:0:0:1 - - [12/Jan/2025:10:17:08 +0900] "GET /lib/wow/wow.js HTTP/1.1" 200 17059
0:0:0:0:0:0:0:1 - - [12/Jan/2025:10:17:08 +0900] "GET /css/bootstrap.min.css HTTP/1.1" 200 164340
0:0:0:0:0:0:0:1 - - [12/Jan/2025:10:17:08 +0900] "GET /lib/easing/easing.min.js HTTP/1.1" 200 2303
0:0:0:0:0:0:0:1 - - [12/Jan/2025:10:17:08 +0900] "GET /lib/waypoints/waypoints.min.js HTTP/1.1" 200 9034
0:0:0:0:0:0:0:1 - - [12/Jan/2025:10:17:08 +0900] "GET /lib/owlcarousel/owl.carousel.min.js HTTP/1.1" 200 42772
0:0:0:0:0:0:0:1 - - [12/Jan/2025:10:17:08 +0900] "GET /js/main.js HTTP/1.1" 200 1803
0:0:0:0:0:0:0:1 - - [12/Jan/2025:10:17:08 +0900] "GET /img/carousel-1.jpg HTTP/1.1" 404 4381
0:0:0:0:0:0:0:1 - - [12/Jan/2025:10:17:09 +0900] "GET /index HTTP/1.1" 404 4407
0:0:0:0:0:0:0:1 - - [12/Jan/2025:10:21:16 +0900] "GET /about HTTP/1.1" 200 7962
0:0:0:0:0:0:0:1 - - [12/Jan/2025:10:21:16 +0900] "GET /lib/animate/animate.min.css HTTP/1.1" 200 16964
0:0:0:0:0:0:0:1 - - [12/Jan/2025:10:21:16 +0900] "GET /lib/owlcarousel/assets/owl.carousel.min.css HTTP/1.1" 200 2941
0:0:0:0:0:0:0:1 - - [12/Jan/2025:10:21:16 +0900] "GET /css/bootstrap.min.css HTTP/1.1" 200 164340
0:0:0:0:0:0:0:1 - - [12/Jan/2025:10:21:16 +0900] "GET /lib/waypoints/waypoints.min.js HTTP/1.1" 200 9034
0:0:0:0:0:0:0:1 - - [12/Jan/2025:10:21:16 +0900] "GET /css/style.css HTTP/1.1" 200 8596
0:0:0:0:0:0:0:1 - - [12/Jan/2025:10:21:16 +0900] "GET /lib/easing/easing.min.js HTTP/1.1" 200 2303
0:0:0:0:0:0:0:1 - - [12/Jan/2025:10:21:16 +0900] "GET /lib/wow/wow.js HTTP/1.1" 200 17059
0:0:0:0:0:0:0:1 - - [12/Jan/2025:10:21:16 +0900] "GET /lib/owlcarousel/owl.carousel.min.js HTTP/1.1" 200 42772
0:0:0:0:0:0:0:1 - - [12/Jan/2025:10:21:16 +0900] "GET /js/main.js HTTP/1.1" 200 1803
0:0:0:0:0:0:0:1 - - [12/Jan/2025:10:21:16 +0900] "GET /img/carousel-1.jpg HTTP/1.1" 404 4381
0:0:0:0:0:0:0:1 - - [12/Jan/2025:10:21:17 +0900] "GET /index HTTP/1.1" 404 4407
0:0:0:0:0:0:0:1 - - [12/Jan/2025:10:21:20 +0900] "GET /about HTTP/1.1" 200 7962
0:0:0:0:0:0:0:1 - - [12/Jan/2025:10:21:20 +0900] "GET /lib/owlcarousel/assets/owl.carousel.min.css HTTP/1.1" 200 2941
0:0:0:0:0:0:0:1 - - [12/Jan/2025:10:21:20 +0900] "GET /lib/animate/animate.min.css HTTP/1.1" 200 16964
0:0:0:0:0:0:0:1 - - [12/Jan/2025:10:21:20 +0900] "GET /css/bootstrap.min.css HTTP/1.1" 200 164340
0:0:0:0:0:0:0:1 - - [12/Jan/2025:10:21:20 +0900] "GET /css/style.css HTTP/1.1" 200 8596
0:0:0:0:0:0:0:1 - - [12/Jan/2025:10:21:20 +0900] "GET /lib/easing/easing.min.js HTTP/1.1" 200 2303
0:0:0:0:0:0:0:1 - - [12/Jan/2025:10:21:20 +0900] "GET /lib/wow/wow.js HTTP/1.1" 200 17059
0:0:0:0:0:0:0:1 - - [12/Jan/2025:10:21:20 +0900] "GET /lib/waypoints/waypoints.min.js HTTP/1.1" 200 9034
0:0:0:0:0:0:0:1 - - [12/Jan/2025:10:21:20 +0900] "GET /js/main.js HTTP/1.1" 200 1803
0:0:0:0:0:0:0:1 - - [12/Jan/2025:10:21:20 +0900] "GET /lib/owlcarousel/owl.carousel.min.js HTTP/1.1" 200 42772
0:0:0:0:0:0:0:1 - - [12/Jan/2025:10:21:20 +0900] "GET /img/carousel-1.jpg HTTP/1.1" 404 4381
0:0:0:0:0:0:0:1 - - [12/Jan/2025:10:21:25 +0900] "GET / HTTP/1.1" 200 7869
0:0:0:0:0:0:0:1 - - [12/Jan/2025:10:21:25 +0900] "GET /lib/animate/animate.min.css HTTP/1.1" 200 16964
0:0:0:0:0:0:0:1 - - [12/Jan/2025:10:21:25 +0900] "GET /lib/owlcarousel/assets/owl.carousel.min.css HTTP/1.1" 200 2941
0:0:0:0:0:0:0:1 - - [12/Jan/2025:10:21:25 +0900] "GET /css/bootstrap.min.css HTTP/1.1" 200 164340
0:0:0:0:0:0:0:1 - - [12/Jan/2025:10:21:25 +0900] "GET /css/style.css HTTP/1.1" 200 8596
0:0:0:0:0:0:0:1 - - [12/Jan/2025:10:21:25 +0900] "GET /lib/wow/wow.js HTTP/1.1" 200 17059
0:0:0:0:0:0:0:1 - - [12/Jan/2025:10:21:25 +0900] "GET /lib/easing/easing.min.js HTTP/1.1" 200 2303
0:0:0:0:0:0:0:1 - - [12/Jan/2025:10:21:25 +0900] "GET /js/main.js HTTP/1.1" 200 1803
0:0:0:0:0:0:0:1 - - [12/Jan/2025:10:21:25 +0900] "GET /lib/waypoints/waypoints.min.js HTTP/1.1" 200 9034
0:0:0:0:0:0:0:1 - - [12/Jan/2025:10:21:25 +0900] "GET /lib/owlcarousel/owl.carousel.min.js HTTP/1.1" 200 42772
0:0:0:0:0:0:0:1 - - [12/Jan/2025:10:21:27 +0900] "GET /login HTTP/1.1" 200 8370
0:0:0:0:0:0:0:1 - - [12/Jan/2025:10:21:27 +0900] "GET /lib/animate/animate.min.css HTTP/1.1" 200 16964
0:0:0:0:0:0:0:1 - - [12/Jan/2025:10:21:27 +0900] "GET /lib/owlcarousel/assets/owl.carousel.min.css HTTP/1.1" 200 2941
0:0:0:0:0:0:0:1 - - [12/Jan/2025:10:21:27 +0900] "GET /lib/easing/easing.min.js HTTP/1.1" 200 2303
0:0:0:0:0:0:0:1 - - [12/Jan/2025:10:21:27 +0900] "GET /css/style.css HTTP/1.1" 200 8596
0:0:0:0:0:0:0:1 - - [12/Jan/2025:10:21:27 +0900] "GET /lib/wow/wow.js HTTP/1.1" 200 17059
0:0:0:0:0:0:0:1 - - [12/Jan/2025:10:21:27 +0900] "GET /css/bootstrap.min.css HTTP/1.1" 200 164340
0:0:0:0:0:0:0:1 - - [12/Jan/2025:10:21:27 +0900] "GET /lib/waypoints/waypoints.min.js HTTP/1.1" 200 9034
0:0:0:0:0:0:0:1 - - [12/Jan/2025:10:21:27 +0900] "GET /lib/owlcarousel/owl.carousel.min.js HTTP/1.1" 200 42772
0:0:0:0:0:0:0:1 - - [12/Jan/2025:10:21:27 +0900] "GET /js/main.js HTTP/1.1" 200 1803
0:0:0:0:0:0:0:1 - - [12/Jan/2025:11:41:27 +0900] "GET /index HTTP/1.1" 404 4407
