0:0:0:0:0:0:0:1 - - [22/Jan/2025:22:11:56 +0900] "GET / HTTP/1.1" 404 683
0:0:0:0:0:0:0:1 - - [22/Jan/2025:22:12:02 +0900] "GET /zerotodeploy/ HTTP/1.1" 200 7869
0:0:0:0:0:0:0:1 - - [22/Jan/2025:22:12:02 +0900] "GET /zerotodeploy/lib/owlcarousel/assets/owl.carousel.min.css HTTP/1.1" 200 2941
0:0:0:0:0:0:0:1 - - [22/Jan/2025:22:12:02 +0900] "GET /zerotodeploy/lib/easing/easing.min.js HTTP/1.1" 200 2303
0:0:0:0:0:0:0:1 - - [22/Jan/2025:22:12:02 +0900] "GET /zerotodeploy/css/style.css HTTP/1.1" 200 8596
0:0:0:0:0:0:0:1 - - [22/Jan/2025:22:12:02 +0900] "GET /zerotodeploy/lib/wow/wow.js HTTP/1.1" 200 17059
0:0:0:0:0:0:0:1 - - [22/Jan/2025:22:12:02 +0900] "GET /zerotodeploy/lib/animate/animate.min.css HTTP/1.1" 200 16964
0:0:0:0:0:0:0:1 - - [22/Jan/2025:22:12:02 +0900] "GET /zerotodeploy/css/bootstrap.min.css HTTP/1.1" 200 164340
0:0:0:0:0:0:0:1 - - [22/Jan/2025:22:12:02 +0900] "GET /zerotodeploy/lib/waypoints/waypoints.min.js HTTP/1.1" 200 9034
0:0:0:0:0:0:0:1 - - [22/Jan/2025:22:12:02 +0900] "GET /zerotodeploy/js/main.js HTTP/1.1" 200 1803
0:0:0:0:0:0:0:1 - - [22/Jan/2025:22:12:02 +0900] "GET /zerotodeploy/lib/owlcarousel/owl.carousel.min.js HTTP/1.1" 200 42772
0:0:0:0:0:0:0:1 - - [22/Jan/2025:22:12:02 +0900] "GET /zerotodeploy/img/favicon.ico HTTP/1.1" 404 4386
0:0:0:0:0:0:0:1 - - [22/Jan/2025:22:38:01 +0900] "GET / HTTP/1.1" 404 683
0:0:0:0:0:0:0:1 - - [22/Jan/2025:22:38:01 +0900] "GET / HTTP/1.1" 404 683
0:0:0:0:0:0:0:1 - - [22/Jan/2025:22:38:01 +0900] "GET /favicon.ico HTTP/1.1" 404 683
0:0:0:0:0:0:0:1 - - [22/Jan/2025:22:38:05 +0900] "GET /zerotodeploy HTTP/1.1" 302 -
0:0:0:0:0:0:0:1 - - [22/Jan/2025:22:38:05 +0900] "GET /zerotodeploy/ HTTP/1.1" 200 7869
0:0:0:0:0:0:0:1 - - [22/Jan/2025:22:38:05 +0900] "GET /zerotodeploy/lib/owlcarousel/assets/owl.carousel.min.css HTTP/1.1" 200 2941
0:0:0:0:0:0:0:1 - - [22/Jan/2025:22:38:05 +0900] "GET /zerotodeploy/lib/animate/animate.min.css HTTP/1.1" 200 16964
0:0:0:0:0:0:0:1 - - [22/Jan/2025:22:38:05 +0900] "GET /zerotodeploy/css/bootstrap.min.css HTTP/1.1" 200 164340
0:0:0:0:0:0:0:1 - - [22/Jan/2025:22:38:05 +0900] "GET /zerotodeploy/css/style.css HTTP/1.1" 200 8596
0:0:0:0:0:0:0:1 - - [22/Jan/2025:22:38:05 +0900] "GET /zerotodeploy/lib/wow/wow.js HTTP/1.1" 200 17059
0:0:0:0:0:0:0:1 - - [22/Jan/2025:22:38:05 +0900] "GET /zerotodeploy/lib/easing/easing.min.js HTTP/1.1" 200 2303
0:0:0:0:0:0:0:1 - - [22/Jan/2025:22:38:05 +0900] "GET /zerotodeploy/lib/waypoints/waypoints.min.js HTTP/1.1" 200 9034
0:0:0:0:0:0:0:1 - - [22/Jan/2025:22:38:05 +0900] "GET /zerotodeploy/lib/owlcarousel/owl.carousel.min.js HTTP/1.1" 200 42772
0:0:0:0:0:0:0:1 - - [22/Jan/2025:22:38:05 +0900] "GET /zerotodeploy/js/main.js HTTP/1.1" 200 1803
0:0:0:0:0:0:0:1 - - [22/Jan/2025:22:38:05 +0900] "GET /zerotodeploy/img/favicon.ico HTTP/1.1" 404 4386
0:0:0:0:0:0:0:1 - - [22/Jan/2025:22:38:07 +0900] "GET /zerotodeploy/login HTTP/1.1" 200 8371
0:0:0:0:0:0:0:1 - - [22/Jan/2025:22:38:07 +0900] "GET /zerotodeploy/lib/animate/animate.min.css HTTP/1.1" 200 16964
0:0:0:0:0:0:0:1 - - [22/Jan/2025:22:38:07 +0900] "GET /zerotodeploy/lib/owlcarousel/assets/owl.carousel.min.css HTTP/1.1" 200 2941
0:0:0:0:0:0:0:1 - - [22/Jan/2025:22:38:07 +0900] "GET /zerotodeploy/css/bootstrap.min.css HTTP/1.1" 200 164340
0:0:0:0:0:0:0:1 - - [22/Jan/2025:22:38:07 +0900] "GET /zerotodeploy/css/style.css HTTP/1.1" 200 8596
0:0:0:0:0:0:0:1 - - [22/Jan/2025:22:38:07 +0900] "GET /zerotodeploy/lib/wow/wow.js HTTP/1.1" 200 17059
0:0:0:0:0:0:0:1 - - [22/Jan/2025:22:38:07 +0900] "GET /zerotodeploy/lib/easing/easing.min.js HTTP/1.1" 200 2303
0:0:0:0:0:0:0:1 - - [22/Jan/2025:22:38:07 +0900] "GET /zerotodeploy/lib/waypoints/waypoints.min.js HTTP/1.1" 200 9034
0:0:0:0:0:0:0:1 - - [22/Jan/2025:22:38:07 +0900] "GET /zerotodeploy/js/main.js HTTP/1.1" 200 1803
0:0:0:0:0:0:0:1 - - [22/Jan/2025:22:38:07 +0900] "GET /zerotodeploy/lib/owlcarousel/owl.carousel.min.js HTTP/1.1" 200 42772
0:0:0:0:0:0:0:1 - - [22/Jan/2025:22:38:12 +0900] "POST /zerotodeploy/login HTTP/1.1" 405 5112
0:0:0:0:0:0:0:1 - - [22/Jan/2025:22:38:13 +0900] "GET /zerotodeploy/lib/animate/animate.min.css HTTP/1.1" 200 16964
0:0:0:0:0:0:0:1 - - [22/Jan/2025:22:38:13 +0900] "GET /zerotodeploy/lib/owlcarousel/assets/owl.carousel.min.css HTTP/1.1" 200 2941
0:0:0:0:0:0:0:1 - - [22/Jan/2025:22:38:13 +0900] "GET /zerotodeploy/css/style.css HTTP/1.1" 200 8596
0:0:0:0:0:0:0:1 - - [22/Jan/2025:22:38:13 +0900] "GET /zerotodeploy/lib/easing/easing.min.js HTTP/1.1" 200 2303
0:0:0:0:0:0:0:1 - - [22/Jan/2025:22:38:13 +0900] "GET /zerotodeploy/lib/wow/wow.js HTTP/1.1" 200 17059
0:0:0:0:0:0:0:1 - - [22/Jan/2025:22:38:13 +0900] "GET /zerotodeploy/css/bootstrap.min.css HTTP/1.1" 200 164340
0:0:0:0:0:0:0:1 - - [22/Jan/2025:22:38:13 +0900] "GET /zerotodeploy/lib/waypoints/waypoints.min.js HTTP/1.1" 200 9034
0:0:0:0:0:0:0:1 - - [22/Jan/2025:22:38:13 +0900] "GET /zerotodeploy/lib/owlcarousel/owl.carousel.min.js HTTP/1.1" 200 42772
0:0:0:0:0:0:0:1 - - [22/Jan/2025:22:38:13 +0900] "GET /zerotodeploy/js/main.js HTTP/1.1" 200 1803
