0:0:0:0:0:0:0:1 - - [22/Mar/2025:20:39:40 +0900] "GET /zerotodeploy/ HTTP/1.1" 200 7874
0:0:0:0:0:0:0:1 - - [22/Mar/2025:20:39:40 +0900] "GET /zerotodeploy/lib/owlcarousel/assets/owl.carousel.min.css HTTP/1.1" 200 2941
0:0:0:0:0:0:0:1 - - [22/Mar/2025:20:39:40 +0900] "GET /zerotodeploy/lib/wow/wow.js HTTP/1.1" 200 17059
0:0:0:0:0:0:0:1 - - [22/Mar/2025:20:39:40 +0900] "GET /zerotodeploy/lib/waypoints/waypoints.min.js HTTP/1.1" 200 9034
0:0:0:0:0:0:0:1 - - [22/Mar/2025:20:39:40 +0900] "GET /zerotodeploy/lib/owlcarousel/owl.carousel.min.js HTTP/1.1" 200 42772
0:0:0:0:0:0:0:1 - - [22/Mar/2025:20:39:40 +0900] "GET /zerotodeploy/css/style.css HTTP/1.1" 200 8596
0:0:0:0:0:0:0:1 - - [22/Mar/2025:20:39:40 +0900] "GET /zerotodeploy/lib/easing/easing.min.js HTTP/1.1" 200 2303
0:0:0:0:0:0:0:1 - - [22/Mar/2025:20:39:40 +0900] "GET /zerotodeploy/js/main.js HTTP/1.1" 200 1803
0:0:0:0:0:0:0:1 - - [22/Mar/2025:20:39:40 +0900] "GET /zerotodeploy/lib/animate/animate.min.css HTTP/1.1" 200 16964
0:0:0:0:0:0:0:1 - - [22/Mar/2025:20:39:40 +0900] "GET /zerotodeploy/css/bootstrap.min.css HTTP/1.1" 200 164340
0:0:0:0:0:0:0:1 - - [22/Mar/2025:20:39:41 +0900] "GET /zerotodeploy/img/favicon.ico HTTP/1.1" 404 9872
0:0:0:0:0:0:0:1 - - [22/Mar/2025:20:39:42 +0900] "GET /zerotodeploy/login HTTP/1.1" 200 7124
0:0:0:0:0:0:0:1 - - [22/Mar/2025:20:39:42 +0900] "GET /zerotodeploy/css/style.css HTTP/1.1" 200 8596
0:0:0:0:0:0:0:1 - - [22/Mar/2025:20:39:42 +0900] "GET /zerotodeploy/lib/owlcarousel/assets/owl.carousel.min.css HTTP/1.1" 200 2941
0:0:0:0:0:0:0:1 - - [22/Mar/2025:20:39:42 +0900] "GET /zerotodeploy/lib/easing/easing.min.js HTTP/1.1" 200 2303
0:0:0:0:0:0:0:1 - - [22/Mar/2025:20:39:42 +0900] "GET /zerotodeploy/lib/wow/wow.js HTTP/1.1" 200 17059
0:0:0:0:0:0:0:1 - - [22/Mar/2025:20:39:42 +0900] "GET /zerotodeploy/lib/animate/animate.min.css HTTP/1.1" 200 16964
0:0:0:0:0:0:0:1 - - [22/Mar/2025:20:39:42 +0900] "GET /zerotodeploy/css/bootstrap.min.css HTTP/1.1" 200 164340
0:0:0:0:0:0:0:1 - - [22/Mar/2025:20:39:42 +0900] "GET /zerotodeploy/lib/waypoints/waypoints.min.js HTTP/1.1" 200 9034
0:0:0:0:0:0:0:1 - - [22/Mar/2025:20:39:42 +0900] "GET /zerotodeploy/js/main.js HTTP/1.1" 200 1803
0:0:0:0:0:0:0:1 - - [22/Mar/2025:20:39:42 +0900] "GET /zerotodeploy/lib/owlcarousel/owl.carousel.min.js HTTP/1.1" 200 42772
0:0:0:0:0:0:0:1 - - [22/Mar/2025:20:42:41 +0900] "GET /zerotodeploy/login HTTP/1.1" 200 7124
0:0:0:0:0:0:0:1 - - [22/Mar/2025:20:42:41 +0900] "GET /zerotodeploy/lib/owlcarousel/assets/owl.carousel.min.css HTTP/1.1" 200 2941
0:0:0:0:0:0:0:1 - - [22/Mar/2025:20:42:41 +0900] "GET /zerotodeploy/lib/animate/animate.min.css HTTP/1.1" 200 16964
0:0:0:0:0:0:0:1 - - [22/Mar/2025:20:42:41 +0900] "GET /zerotodeploy/css/style.css HTTP/1.1" 200 8596
0:0:0:0:0:0:0:1 - - [22/Mar/2025:20:42:41 +0900] "GET /zerotodeploy/lib/wow/wow.js HTTP/1.1" 200 17059
0:0:0:0:0:0:0:1 - - [22/Mar/2025:20:42:41 +0900] "GET /zerotodeploy/lib/easing/easing.min.js HTTP/1.1" 200 2303
0:0:0:0:0:0:0:1 - - [22/Mar/2025:20:42:41 +0900] "GET /zerotodeploy/lib/waypoints/waypoints.min.js HTTP/1.1" 200 9034
0:0:0:0:0:0:0:1 - - [22/Mar/2025:20:42:41 +0900] "GET /zerotodeploy/css/bootstrap.min.css HTTP/1.1" 200 164340
0:0:0:0:0:0:0:1 - - [22/Mar/2025:20:42:41 +0900] "GET /zerotodeploy/lib/owlcarousel/owl.carousel.min.js HTTP/1.1" 200 42772
0:0:0:0:0:0:0:1 - - [22/Mar/2025:20:42:41 +0900] "GET /zerotodeploy/js/main.js HTTP/1.1" 200 1803
0:0:0:0:0:0:0:1 - - [22/Mar/2025:20:42:43 +0900] "GET /zerotodeploy/signUp HTTP/1.1" 200 6794
0:0:0:0:0:0:0:1 - - [22/Mar/2025:20:42:43 +0900] "GET /zerotodeploy/lib/animate/animate.min.css HTTP/1.1" 200 16964
0:0:0:0:0:0:0:1 - - [22/Mar/2025:20:42:43 +0900] "GET /zerotodeploy/lib/owlcarousel/assets/owl.carousel.min.css HTTP/1.1" 200 2941
0:0:0:0:0:0:0:1 - - [22/Mar/2025:20:42:43 +0900] "GET /zerotodeploy/lib/wow/wow.js HTTP/1.1" 200 17059
0:0:0:0:0:0:0:1 - - [22/Mar/2025:20:42:43 +0900] "GET /zerotodeploy/css/style.css HTTP/1.1" 200 8596
0:0:0:0:0:0:0:1 - - [22/Mar/2025:20:42:43 +0900] "GET /zerotodeploy/css/bootstrap.min.css HTTP/1.1" 200 164340
0:0:0:0:0:0:0:1 - - [22/Mar/2025:20:42:43 +0900] "GET /zerotodeploy/lib/easing/easing.min.js HTTP/1.1" 200 2303
0:0:0:0:0:0:0:1 - - [22/Mar/2025:20:42:43 +0900] "GET /zerotodeploy/lib/owlcarousel/owl.carousel.min.js HTTP/1.1" 200 42772
0:0:0:0:0:0:0:1 - - [22/Mar/2025:20:42:43 +0900] "GET /zerotodeploy/lib/waypoints/waypoints.min.js HTTP/1.1" 200 9034
0:0:0:0:0:0:0:1 - - [22/Mar/2025:20:42:43 +0900] "GET /zerotodeploy/js/main.js HTTP/1.1" 200 1803
0:0:0:0:0:0:0:1 - - [22/Mar/2025:21:06:16 +0900] "GET /zerotodeploy/signUp HTTP/1.1" 200 6794
0:0:0:0:0:0:0:1 - - [22/Mar/2025:21:06:16 +0900] "GET /zerotodeploy/lib/wow/wow.js HTTP/1.1" 200 17059
0:0:0:0:0:0:0:1 - - [22/Mar/2025:21:06:16 +0900] "GET /zerotodeploy/lib/owlcarousel/assets/owl.carousel.min.css HTTP/1.1" 200 2941
0:0:0:0:0:0:0:1 - - [22/Mar/2025:21:06:16 +0900] "GET /zerotodeploy/lib/easing/easing.min.js HTTP/1.1" 200 2303
0:0:0:0:0:0:0:1 - - [22/Mar/2025:21:06:16 +0900] "GET /zerotodeploy/lib/animate/animate.min.css HTTP/1.1" 200 16964
0:0:0:0:0:0:0:1 - - [22/Mar/2025:21:06:16 +0900] "GET /zerotodeploy/css/style.css HTTP/1.1" 200 8596
0:0:0:0:0:0:0:1 - - [22/Mar/2025:21:06:16 +0900] "GET /zerotodeploy/css/bootstrap.min.css HTTP/1.1" 200 164340
0:0:0:0:0:0:0:1 - - [22/Mar/2025:21:06:16 +0900] "GET /zerotodeploy/lib/waypoints/waypoints.min.js HTTP/1.1" 200 9034
0:0:0:0:0:0:0:1 - - [22/Mar/2025:21:06:16 +0900] "GET /zerotodeploy/js/main.js HTTP/1.1" 200 1803
0:0:0:0:0:0:0:1 - - [22/Mar/2025:21:06:16 +0900] "GET /zerotodeploy/lib/owlcarousel/owl.carousel.min.js HTTP/1.1" 200 42772
127.0.0.1 - - [22/Mar/2025:21:06:44 +0900] "GET /zerotodeploy/login HTTP/1.1" 200 7124
127.0.0.1 - - [22/Mar/2025:21:06:44 +0900] "GET /zerotodeploy/lib/animate/animate.min.css HTTP/1.1" 200 16964
127.0.0.1 - - [22/Mar/2025:21:06:44 +0900] "GET /zerotodeploy/lib/owlcarousel/assets/owl.carousel.min.css HTTP/1.1" 200 2941
0:0:0:0:0:0:0:1 - - [22/Mar/2025:21:06:44 +0900] "GET /zerotodeploy/css/style.css HTTP/1.1" 200 8596
0:0:0:0:0:0:0:1 - - [22/Mar/2025:21:06:44 +0900] "GET /zerotodeploy/lib/wow/wow.js HTTP/1.1" 200 17059
0:0:0:0:0:0:0:1 - - [22/Mar/2025:21:06:44 +0900] "GET /zerotodeploy/css/bootstrap.min.css HTTP/1.1" 200 164340
0:0:0:0:0:0:0:1 - - [22/Mar/2025:21:06:44 +0900] "GET /zerotodeploy/lib/owlcarousel/owl.carousel.min.js HTTP/1.1" 200 42772
0:0:0:0:0:0:0:1 - - [22/Mar/2025:21:06:44 +0900] "GET /zerotodeploy/js/main.js HTTP/1.1" 200 1803
127.0.0.1 - - [22/Mar/2025:21:06:44 +0900] "GET /zerotodeploy/lib/easing/easing.min.js HTTP/1.1" 200 2303
0:0:0:0:0:0:0:1 - - [22/Mar/2025:21:06:44 +0900] "GET /zerotodeploy/lib/waypoints/waypoints.min.js HTTP/1.1" 200 9034
0:0:0:0:0:0:0:1 - - [22/Mar/2025:21:06:46 +0900] "GET /zerotodeploy/signUp HTTP/1.1" 200 6790
0:0:0:0:0:0:0:1 - - [22/Mar/2025:21:06:46 +0900] "GET /zerotodeploy/lib/animate/animate.min.css HTTP/1.1" 200 16964
127.0.0.1 - - [22/Mar/2025:21:06:46 +0900] "GET /zerotodeploy/lib/easing/easing.min.js HTTP/1.1" 200 2303
0:0:0:0:0:0:0:1 - - [22/Mar/2025:21:06:46 +0900] "GET /zerotodeploy/css/style.css HTTP/1.1" 200 8596
0:0:0:0:0:0:0:1 - - [22/Mar/2025:21:06:46 +0900] "GET /zerotodeploy/lib/owlcarousel/assets/owl.carousel.min.css HTTP/1.1" 200 2941
127.0.0.1 - - [22/Mar/2025:21:06:46 +0900] "GET /zerotodeploy/css/bootstrap.min.css HTTP/1.1" 200 164340
127.0.0.1 - - [22/Mar/2025:21:06:46 +0900] "GET /zerotodeploy/lib/wow/wow.js HTTP/1.1" 200 17059
0:0:0:0:0:0:0:1 - - [22/Mar/2025:21:06:46 +0900] "GET /zerotodeploy/lib/waypoints/waypoints.min.js HTTP/1.1" 200 9034
0:0:0:0:0:0:0:1 - - [22/Mar/2025:21:06:46 +0900] "GET /zerotodeploy/js/main.js HTTP/1.1" 200 1803
127.0.0.1 - - [22/Mar/2025:21:06:46 +0900] "GET /zerotodeploy/lib/owlcarousel/owl.carousel.min.js HTTP/1.1" 200 42772
127.0.0.1 - - [22/Mar/2025:21:07:15 +0900] "GET /zerotodeploy/signUp HTTP/1.1" 200 6790
127.0.0.1 - - [22/Mar/2025:21:07:15 +0900] "GET /zerotodeploy/lib/animate/animate.min.css HTTP/1.1" 200 16964
0:0:0:0:0:0:0:1 - - [22/Mar/2025:21:07:15 +0900] "GET /zerotodeploy/lib/owlcarousel/assets/owl.carousel.min.css HTTP/1.1" 200 2941
127.0.0.1 - - [22/Mar/2025:21:07:15 +0900] "GET /zerotodeploy/css/style.css HTTP/1.1" 200 8596
0:0:0:0:0:0:0:1 - - [22/Mar/2025:21:07:15 +0900] "GET /zerotodeploy/css/bootstrap.min.css HTTP/1.1" 200 164340
127.0.0.1 - - [22/Mar/2025:21:07:15 +0900] "GET /zerotodeploy/lib/easing/easing.min.js HTTP/1.1" 200 2303
0:0:0:0:0:0:0:1 - - [22/Mar/2025:21:07:15 +0900] "GET /zerotodeploy/lib/waypoints/waypoints.min.js HTTP/1.1" 200 9034
127.0.0.1 - - [22/Mar/2025:21:07:15 +0900] "GET /zerotodeploy/lib/wow/wow.js HTTP/1.1" 200 17059
127.0.0.1 - - [22/Mar/2025:21:07:15 +0900] "GET /zerotodeploy/js/main.js HTTP/1.1" 200 1803
0:0:0:0:0:0:0:1 - - [22/Mar/2025:21:07:15 +0900] "GET /zerotodeploy/lib/owlcarousel/owl.carousel.min.js HTTP/1.1" 200 42772
0:0:0:0:0:0:0:1 - - [22/Mar/2025:21:07:21 +0900] "POST /user/signup HTTP/1.1" 404 683
0:0:0:0:0:0:0:1 - - [22/Mar/2025:21:07:21 +0900] "GET /favicon.ico HTTP/1.1" 404 683
0:0:0:0:0:0:0:1 - - [22/Mar/2025:21:07:55 +0900] "GET /zerotodeploy/signUp HTTP/1.1" 200 6790
0:0:0:0:0:0:0:1 - - [22/Mar/2025:21:07:55 +0900] "GET /zerotodeploy/lib/animate/animate.min.css HTTP/1.1" 200 16964
0:0:0:0:0:0:0:1 - - [22/Mar/2025:21:07:55 +0900] "GET /zerotodeploy/css/style.css HTTP/1.1" 200 8596
127.0.0.1 - - [22/Mar/2025:21:07:55 +0900] "GET /zerotodeploy/lib/owlcarousel/assets/owl.carousel.min.css HTTP/1.1" 200 2941
127.0.0.1 - - [22/Mar/2025:21:07:55 +0900] "GET /zerotodeploy/css/bootstrap.min.css HTTP/1.1" 200 164340
127.0.0.1 - - [22/Mar/2025:21:07:55 +0900] "GET /zerotodeploy/lib/wow/wow.js HTTP/1.1" 200 17059
0:0:0:0:0:0:0:1 - - [22/Mar/2025:21:07:55 +0900] "GET /zerotodeploy/lib/easing/easing.min.js HTTP/1.1" 200 2303
0:0:0:0:0:0:0:1 - - [22/Mar/2025:21:07:55 +0900] "GET /zerotodeploy/lib/waypoints/waypoints.min.js HTTP/1.1" 200 9034
127.0.0.1 - - [22/Mar/2025:21:07:55 +0900] "GET /zerotodeploy/lib/owlcarousel/owl.carousel.min.js HTTP/1.1" 200 42772
0:0:0:0:0:0:0:1 - - [22/Mar/2025:21:07:55 +0900] "GET /zerotodeploy/js/main.js HTTP/1.1" 200 1803
0:0:0:0:0:0:0:1 - - [22/Mar/2025:21:08:03 +0900] "POST /user/signup HTTP/1.1" 404 683
0:0:0:0:0:0:0:1 - - [22/Mar/2025:21:08:09 +0900] "POST /user/signup HTTP/1.1" 404 683
0:0:0:0:0:0:0:1 - - [22/Mar/2025:21:08:37 +0900] "GET /zerotodeploy/signUp HTTP/1.1" 200 6785
0:0:0:0:0:0:0:1 - - [22/Mar/2025:21:08:37 +0900] "GET /zerotodeploy/lib/owlcarousel/assets/owl.carousel.min.css HTTP/1.1" 200 2941
0:0:0:0:0:0:0:1 - - [22/Mar/2025:21:08:37 +0900] "GET /zerotodeploy/lib/wow/wow.js HTTP/1.1" 200 17059
0:0:0:0:0:0:0:1 - - [22/Mar/2025:21:08:37 +0900] "GET /zerotodeploy/lib/animate/animate.min.css HTTP/1.1" 200 16964
0:0:0:0:0:0:0:1 - - [22/Mar/2025:21:08:37 +0900] "GET /zerotodeploy/css/style.css HTTP/1.1" 200 8596
0:0:0:0:0:0:0:1 - - [22/Mar/2025:21:08:37 +0900] "GET /zerotodeploy/lib/easing/easing.min.js HTTP/1.1" 200 2303
0:0:0:0:0:0:0:1 - - [22/Mar/2025:21:08:37 +0900] "GET /zerotodeploy/css/bootstrap.min.css HTTP/1.1" 200 164340
0:0:0:0:0:0:0:1 - - [22/Mar/2025:21:08:37 +0900] "GET /zerotodeploy/lib/waypoints/waypoints.min.js HTTP/1.1" 200 9034
0:0:0:0:0:0:0:1 - - [22/Mar/2025:21:08:37 +0900] "GET /zerotodeploy/js/main.js HTTP/1.1" 200 1803
0:0:0:0:0:0:0:1 - - [22/Mar/2025:21:08:37 +0900] "GET /zerotodeploy/lib/owlcarousel/owl.carousel.min.js HTTP/1.1" 200 42772
0:0:0:0:0:0:0:1 - - [22/Mar/2025:21:08:42 +0900] "POST /signup HTTP/1.1" 404 683
127.0.0.1 - - [22/Mar/2025:21:10:40 +0900] "GET /zerotodeploy/signUp HTTP/1.1" 200 6998
127.0.0.1 - - [22/Mar/2025:21:10:40 +0900] "GET /zerotodeploy/lib/animate/animate.min.css HTTP/1.1" 200 16964
127.0.0.1 - - [22/Mar/2025:21:10:40 +0900] "GET /zerotodeploy/lib/owlcarousel/assets/owl.carousel.min.css HTTP/1.1" 200 2941
127.0.0.1 - - [22/Mar/2025:21:10:40 +0900] "GET /zerotodeploy/lib/easing/easing.min.js HTTP/1.1" 200 2303
0:0:0:0:0:0:0:1 - - [22/Mar/2025:21:10:40 +0900] "GET /zerotodeploy/lib/wow/wow.js HTTP/1.1" 200 17059
0:0:0:0:0:0:0:1 - - [22/Mar/2025:21:10:40 +0900] "GET /zerotodeploy/css/style.css HTTP/1.1" 200 8596
0:0:0:0:0:0:0:1 - - [22/Mar/2025:21:10:40 +0900] "GET /zerotodeploy/css/bootstrap.min.css HTTP/1.1" 200 164340
127.0.0.1 - - [22/Mar/2025:21:10:40 +0900] "GET /zerotodeploy/lib/waypoints/waypoints.min.js HTTP/1.1" 200 9034
0:0:0:0:0:0:0:1 - - [22/Mar/2025:21:10:40 +0900] "GET /zerotodeploy/js/main.js HTTP/1.1" 200 1803
127.0.0.1 - - [22/Mar/2025:21:10:40 +0900] "GET /zerotodeploy/lib/owlcarousel/owl.carousel.min.js HTTP/1.1" 200 42772
0:0:0:0:0:0:0:1 - - [22/Mar/2025:21:11:42 +0900] "GET /zerotodeploy/signUp HTTP/1.1" 200 6998
0:0:0:0:0:0:0:1 - - [22/Mar/2025:21:11:42 +0900] "GET /zerotodeploy/css/style.css HTTP/1.1" 200 8596
0:0:0:0:0:0:0:1 - - [22/Mar/2025:21:11:42 +0900] "GET /zerotodeploy/lib/owlcarousel/assets/owl.carousel.min.css HTTP/1.1" 200 2941
0:0:0:0:0:0:0:1 - - [22/Mar/2025:21:11:42 +0900] "GET /zerotodeploy/lib/easing/easing.min.js HTTP/1.1" 200 2303
0:0:0:0:0:0:0:1 - - [22/Mar/2025:21:11:42 +0900] "GET /zerotodeploy/lib/wow/wow.js HTTP/1.1" 200 17059
0:0:0:0:0:0:0:1 - - [22/Mar/2025:21:11:42 +0900] "GET /zerotodeploy/lib/animate/animate.min.css HTTP/1.1" 200 16964
0:0:0:0:0:0:0:1 - - [22/Mar/2025:21:11:42 +0900] "GET /zerotodeploy/css/bootstrap.min.css HTTP/1.1" 200 164340
0:0:0:0:0:0:0:1 - - [22/Mar/2025:21:11:42 +0900] "GET /zerotodeploy/lib/waypoints/waypoints.min.js HTTP/1.1" 200 9034
0:0:0:0:0:0:0:1 - - [22/Mar/2025:21:11:42 +0900] "GET /zerotodeploy/js/main.js HTTP/1.1" 200 1803
0:0:0:0:0:0:0:1 - - [22/Mar/2025:21:11:42 +0900] "GET /zerotodeploy/lib/owlcarousel/owl.carousel.min.js HTTP/1.1" 200 42772
0:0:0:0:0:0:0:1 - - [22/Mar/2025:21:11:47 +0900] "GET /zerotodeploy/signUp HTTP/1.1" 200 6793
0:0:0:0:0:0:0:1 - - [22/Mar/2025:21:11:47 +0900] "GET /zerotodeploy/lib/animate/animate.min.css HTTP/1.1" 200 16964
0:0:0:0:0:0:0:1 - - [22/Mar/2025:21:11:47 +0900] "GET /zerotodeploy/lib/owlcarousel/assets/owl.carousel.min.css HTTP/1.1" 200 2941
0:0:0:0:0:0:0:1 - - [22/Mar/2025:21:11:47 +0900] "GET /zerotodeploy/css/style.css HTTP/1.1" 200 8596
0:0:0:0:0:0:0:1 - - [22/Mar/2025:21:11:47 +0900] "GET /zerotodeploy/css/bootstrap.min.css HTTP/1.1" 200 164340
0:0:0:0:0:0:0:1 - - [22/Mar/2025:21:11:47 +0900] "GET /zerotodeploy/lib/easing/easing.min.js HTTP/1.1" 200 2303
0:0:0:0:0:0:0:1 - - [22/Mar/2025:21:11:47 +0900] "GET /zerotodeploy/lib/wow/wow.js HTTP/1.1" 200 17059
0:0:0:0:0:0:0:1 - - [22/Mar/2025:21:11:47 +0900] "GET /zerotodeploy/lib/waypoints/waypoints.min.js HTTP/1.1" 200 9034
0:0:0:0:0:0:0:1 - - [22/Mar/2025:21:11:47 +0900] "GET /zerotodeploy/lib/owlcarousel/owl.carousel.min.js HTTP/1.1" 200 42772
0:0:0:0:0:0:0:1 - - [22/Mar/2025:21:11:47 +0900] "GET /zerotodeploy/js/main.js HTTP/1.1" 200 1803
0:0:0:0:0:0:0:1 - - [22/Mar/2025:21:46:45 +0900] "GET /zerotodeploy/ HTTP/1.1" 200 7874
0:0:0:0:0:0:0:1 - - [22/Mar/2025:21:46:45 +0900] "GET /zerotodeploy/lib/owlcarousel/assets/owl.carousel.min.css HTTP/1.1" 200 2941
0:0:0:0:0:0:0:1 - - [22/Mar/2025:21:46:45 +0900] "GET /zerotodeploy/lib/animate/animate.min.css HTTP/1.1" 200 16964
0:0:0:0:0:0:0:1 - - [22/Mar/2025:21:46:45 +0900] "GET /zerotodeploy/css/bootstrap.min.css HTTP/1.1" 200 164340
0:0:0:0:0:0:0:1 - - [22/Mar/2025:21:46:45 +0900] "GET /zerotodeploy/css/style.css HTTP/1.1" 200 8596
0:0:0:0:0:0:0:1 - - [22/Mar/2025:21:46:45 +0900] "GET /zerotodeploy/lib/easing/easing.min.js HTTP/1.1" 200 2303
0:0:0:0:0:0:0:1 - - [22/Mar/2025:21:46:45 +0900] "GET /zerotodeploy/lib/wow/wow.js HTTP/1.1" 200 17059
0:0:0:0:0:0:0:1 - - [22/Mar/2025:21:46:45 +0900] "GET /zerotodeploy/lib/waypoints/waypoints.min.js HTTP/1.1" 200 9034
0:0:0:0:0:0:0:1 - - [22/Mar/2025:21:46:45 +0900] "GET /zerotodeploy/lib/owlcarousel/owl.carousel.min.js HTTP/1.1" 200 42772
0:0:0:0:0:0:0:1 - - [22/Mar/2025:21:46:45 +0900] "GET /zerotodeploy/js/main.js HTTP/1.1" 200 1803
0:0:0:0:0:0:0:1 - - [22/Mar/2025:21:46:47 +0900] "GET /zerotodeploy/login HTTP/1.1" 200 7124
0:0:0:0:0:0:0:1 - - [22/Mar/2025:21:46:47 +0900] "GET /zerotodeploy/lib/animate/animate.min.css HTTP/1.1" 200 16964
0:0:0:0:0:0:0:1 - - [22/Mar/2025:21:46:47 +0900] "GET /zerotodeploy/lib/waypoints/waypoints.min.js HTTP/1.1" 200 9034
0:0:0:0:0:0:0:1 - - [22/Mar/2025:21:46:47 +0900] "GET /zerotodeploy/lib/owlcarousel/assets/owl.carousel.min.css HTTP/1.1" 200 2941
0:0:0:0:0:0:0:1 - - [22/Mar/2025:21:46:47 +0900] "GET /zerotodeploy/lib/easing/easing.min.js HTTP/1.1" 200 2303
0:0:0:0:0:0:0:1 - - [22/Mar/2025:21:46:47 +0900] "GET /zerotodeploy/css/style.css HTTP/1.1" 200 8596
0:0:0:0:0:0:0:1 - - [22/Mar/2025:21:46:47 +0900] "GET /zerotodeploy/lib/wow/wow.js HTTP/1.1" 200 17059
0:0:0:0:0:0:0:1 - - [22/Mar/2025:21:46:47 +0900] "GET /zerotodeploy/css/bootstrap.min.css HTTP/1.1" 200 164340
0:0:0:0:0:0:0:1 - - [22/Mar/2025:21:46:47 +0900] "GET /zerotodeploy/js/main.js HTTP/1.1" 200 1803
0:0:0:0:0:0:0:1 - - [22/Mar/2025:21:46:47 +0900] "GET /zerotodeploy/lib/owlcarousel/owl.carousel.min.js HTTP/1.1" 200 42772
