0:0:0:0:0:0:0:1 - - [11/Jan/2025:11:56:00 +0900] "GET / HTTP/1.1" 200 7869
0:0:0:0:0:0:0:1 - - [11/Jan/2025:11:56:00 +0900] "GET /lib/easing/easing.min.js HTTP/1.1" 200 2303
0:0:0:0:0:0:0:1 - - [11/Jan/2025:11:56:00 +0900] "GET /lib/owlcarousel/assets/owl.carousel.min.css HTTP/1.1" 200 2941
0:0:0:0:0:0:0:1 - - [11/Jan/2025:11:56:00 +0900] "GET /css/style.css HTTP/1.1" 200 8596
0:0:0:0:0:0:0:1 - - [11/Jan/2025:11:56:00 +0900] "GET /lib/animate/animate.min.css HTTP/1.1" 200 16964
0:0:0:0:0:0:0:1 - - [11/Jan/2025:11:56:00 +0900] "GET /lib/wow/wow.js HTTP/1.1" 200 17059
0:0:0:0:0:0:0:1 - - [11/Jan/2025:11:56:00 +0900] "GET /css/bootstrap.min.css HTTP/1.1" 200 164340
0:0:0:0:0:0:0:1 - - [11/Jan/2025:11:56:00 +0900] "GET /lib/waypoints/waypoints.min.js HTTP/1.1" 200 9034
0:0:0:0:0:0:0:1 - - [11/Jan/2025:11:56:00 +0900] "GET /lib/owlcarousel/owl.carousel.min.js HTTP/1.1" 200 42772
0:0:0:0:0:0:0:1 - - [11/Jan/2025:11:56:00 +0900] "GET /js/main.js HTTP/1.1" 200 1803
0:0:0:0:0:0:0:1 - - [11/Jan/2025:11:56:00 +0900] "GET /img/favicon.ico HTTP/1.1" 404 4372
0:0:0:0:0:0:0:1 - - [11/Jan/2025:13:02:57 +0900] "GET /login HTTP/1.1" 200 5899
0:0:0:0:0:0:0:1 - - [11/Jan/2025:13:02:57 +0900] "GET /lib/animate/animate.min.css HTTP/1.1" 200 16964
0:0:0:0:0:0:0:1 - - [11/Jan/2025:13:02:57 +0900] "GET /lib/owlcarousel/assets/owl.carousel.min.css HTTP/1.1" 200 2941
0:0:0:0:0:0:0:1 - - [11/Jan/2025:13:02:57 +0900] "GET /css/style.css HTTP/1.1" 200 8596
0:0:0:0:0:0:0:1 - - [11/Jan/2025:13:02:57 +0900] "GET /lib/wow/wow.js HTTP/1.1" 200 17059
0:0:0:0:0:0:0:1 - - [11/Jan/2025:13:02:57 +0900] "GET /lib/easing/easing.min.js HTTP/1.1" 200 2303
0:0:0:0:0:0:0:1 - - [11/Jan/2025:13:02:57 +0900] "GET /css/bootstrap.min.css HTTP/1.1" 200 164340
0:0:0:0:0:0:0:1 - - [11/Jan/2025:13:02:57 +0900] "GET /lib/waypoints/waypoints.min.js HTTP/1.1" 200 9034
0:0:0:0:0:0:0:1 - - [11/Jan/2025:13:02:57 +0900] "GET /js/main.js HTTP/1.1" 200 1803
0:0:0:0:0:0:0:1 - - [11/Jan/2025:13:02:57 +0900] "GET /lib/owlcarousel/owl.carousel.min.js HTTP/1.1" 200 42772
0:0:0:0:0:0:0:1 - - [11/Jan/2025:13:05:25 +0900] "GET /login HTTP/1.1" 200 6031
0:0:0:0:0:0:0:1 - - [11/Jan/2025:13:05:25 +0900] "GET /lib/owlcarousel/assets/owl.carousel.min.css HTTP/1.1" 200 2941
0:0:0:0:0:0:0:1 - - [11/Jan/2025:13:05:25 +0900] "GET /lib/animate/animate.min.css HTTP/1.1" 200 16964
0:0:0:0:0:0:0:1 - - [11/Jan/2025:13:05:25 +0900] "GET /css/style.css HTTP/1.1" 200 8596
0:0:0:0:0:0:0:1 - - [11/Jan/2025:13:05:25 +0900] "GET /lib/wow/wow.js HTTP/1.1" 200 17059
0:0:0:0:0:0:0:1 - - [11/Jan/2025:13:05:25 +0900] "GET /lib/waypoints/waypoints.min.js HTTP/1.1" 200 9034
0:0:0:0:0:0:0:1 - - [11/Jan/2025:13:05:25 +0900] "GET /lib/easing/easing.min.js HTTP/1.1" 200 2303
0:0:0:0:0:0:0:1 - - [11/Jan/2025:13:05:25 +0900] "GET /lib/owlcarousel/owl.carousel.min.js HTTP/1.1" 200 42772
0:0:0:0:0:0:0:1 - - [11/Jan/2025:13:05:25 +0900] "GET /css/bootstrap.min.css HTTP/1.1" 200 164340
0:0:0:0:0:0:0:1 - - [11/Jan/2025:13:05:25 +0900] "GET /js/main.js HTTP/1.1" 200 1803
0:0:0:0:0:0:0:1 - - [11/Jan/2025:13:06:50 +0900] "GET /login HTTP/1.1" 200 6157
0:0:0:0:0:0:0:1 - - [11/Jan/2025:13:06:50 +0900] "GET /lib/animate/animate.min.css HTTP/1.1" 200 16964
0:0:0:0:0:0:0:1 - - [11/Jan/2025:13:06:50 +0900] "GET /lib/owlcarousel/assets/owl.carousel.min.css HTTP/1.1" 200 2941
0:0:0:0:0:0:0:1 - - [11/Jan/2025:13:06:50 +0900] "GET /css/style.css HTTP/1.1" 200 8596
0:0:0:0:0:0:0:1 - - [11/Jan/2025:13:06:50 +0900] "GET /lib/wow/wow.js HTTP/1.1" 200 17059
0:0:0:0:0:0:0:1 - - [11/Jan/2025:13:06:50 +0900] "GET /lib/easing/easing.min.js HTTP/1.1" 200 2303
0:0:0:0:0:0:0:1 - - [11/Jan/2025:13:06:50 +0900] "GET /lib/waypoints/waypoints.min.js HTTP/1.1" 200 9034
0:0:0:0:0:0:0:1 - - [11/Jan/2025:13:06:50 +0900] "GET /css/bootstrap.min.css HTTP/1.1" 200 164340
0:0:0:0:0:0:0:1 - - [11/Jan/2025:13:06:50 +0900] "GET /lib/owlcarousel/owl.carousel.min.js HTTP/1.1" 200 42772
0:0:0:0:0:0:0:1 - - [11/Jan/2025:13:06:50 +0900] "GET /js/main.js HTTP/1.1" 200 1803
0:0:0:0:0:0:0:1 - - [11/Jan/2025:13:06:51 +0900] "GET /login HTTP/1.1" 200 6266
0:0:0:0:0:0:0:1 - - [11/Jan/2025:13:06:51 +0900] "GET /lib/animate/animate.min.css HTTP/1.1" 200 16964
0:0:0:0:0:0:0:1 - - [11/Jan/2025:13:06:51 +0900] "GET /css/style.css HTTP/1.1" 200 8596
0:0:0:0:0:0:0:1 - - [11/Jan/2025:13:06:51 +0900] "GET /lib/owlcarousel/assets/owl.carousel.min.css HTTP/1.1" 200 2941
0:0:0:0:0:0:0:1 - - [11/Jan/2025:13:06:51 +0900] "GET /lib/wow/wow.js HTTP/1.1" 200 17059
0:0:0:0:0:0:0:1 - - [11/Jan/2025:13:06:51 +0900] "GET /lib/easing/easing.min.js HTTP/1.1" 200 2303
0:0:0:0:0:0:0:1 - - [11/Jan/2025:13:06:51 +0900] "GET /css/bootstrap.min.css HTTP/1.1" 200 164340
0:0:0:0:0:0:0:1 - - [11/Jan/2025:13:06:51 +0900] "GET /lib/waypoints/waypoints.min.js HTTP/1.1" 200 9034
0:0:0:0:0:0:0:1 - - [11/Jan/2025:13:06:51 +0900] "GET /js/main.js HTTP/1.1" 200 1803
0:0:0:0:0:0:0:1 - - [11/Jan/2025:13:06:51 +0900] "GET /lib/owlcarousel/owl.carousel.min.js HTTP/1.1" 200 42772
0:0:0:0:0:0:0:1 - - [11/Jan/2025:13:06:51 +0900] "GET /login HTTP/1.1" 200 6266
0:0:0:0:0:0:0:1 - - [11/Jan/2025:13:06:51 +0900] "GET /lib/owlcarousel/assets/owl.carousel.min.css HTTP/1.1" 200 2941
0:0:0:0:0:0:0:1 - - [11/Jan/2025:13:06:51 +0900] "GET /css/style.css HTTP/1.1" 200 8596
0:0:0:0:0:0:0:1 - - [11/Jan/2025:13:06:51 +0900] "GET /lib/animate/animate.min.css HTTP/1.1" 200 16964
0:0:0:0:0:0:0:1 - - [11/Jan/2025:13:06:51 +0900] "GET /lib/easing/easing.min.js HTTP/1.1" 200 2303
0:0:0:0:0:0:0:1 - - [11/Jan/2025:13:06:51 +0900] "GET /lib/wow/wow.js HTTP/1.1" 200 17059
0:0:0:0:0:0:0:1 - - [11/Jan/2025:13:06:51 +0900] "GET /css/bootstrap.min.css HTTP/1.1" 200 164340
0:0:0:0:0:0:0:1 - - [11/Jan/2025:13:06:51 +0900] "GET /js/main.js HTTP/1.1" 200 1803
0:0:0:0:0:0:0:1 - - [11/Jan/2025:13:06:51 +0900] "GET /lib/waypoints/waypoints.min.js HTTP/1.1" 200 9034
0:0:0:0:0:0:0:1 - - [11/Jan/2025:13:06:51 +0900] "GET /lib/owlcarousel/owl.carousel.min.js HTTP/1.1" 200 42772
0:0:0:0:0:0:0:1 - - [11/Jan/2025:13:06:52 +0900] "GET /login HTTP/1.1" 200 6266
0:0:0:0:0:0:0:1 - - [11/Jan/2025:13:06:52 +0900] "GET /lib/animate/animate.min.css HTTP/1.1" 200 16964
0:0:0:0:0:0:0:1 - - [11/Jan/2025:13:06:52 +0900] "GET /lib/owlcarousel/assets/owl.carousel.min.css HTTP/1.1" 200 2941
0:0:0:0:0:0:0:1 - - [11/Jan/2025:13:06:52 +0900] "GET /lib/easing/easing.min.js HTTP/1.1" 200 2303
0:0:0:0:0:0:0:1 - - [11/Jan/2025:13:06:52 +0900] "GET /css/style.css HTTP/1.1" 200 8596
0:0:0:0:0:0:0:1 - - [11/Jan/2025:13:06:52 +0900] "GET /lib/wow/wow.js HTTP/1.1" 200 17059
0:0:0:0:0:0:0:1 - - [11/Jan/2025:13:06:52 +0900] "GET /css/bootstrap.min.css HTTP/1.1" 200 164340
0:0:0:0:0:0:0:1 - - [11/Jan/2025:13:06:52 +0900] "GET /lib/waypoints/waypoints.min.js HTTP/1.1" 200 9034
0:0:0:0:0:0:0:1 - - [11/Jan/2025:13:06:52 +0900] "GET /lib/owlcarousel/owl.carousel.min.js HTTP/1.1" 200 42772
0:0:0:0:0:0:0:1 - - [11/Jan/2025:13:06:52 +0900] "GET /js/main.js HTTP/1.1" 200 1803
0:0:0:0:0:0:0:1 - - [11/Jan/2025:13:06:55 +0900] "GET /login?id=&id= HTTP/1.1" 200 6266
0:0:0:0:0:0:0:1 - - [11/Jan/2025:13:06:55 +0900] "GET /lib/animate/animate.min.css HTTP/1.1" 200 16964
0:0:0:0:0:0:0:1 - - [11/Jan/2025:13:06:55 +0900] "GET /lib/owlcarousel/assets/owl.carousel.min.css HTTP/1.1" 200 2941
0:0:0:0:0:0:0:1 - - [11/Jan/2025:13:06:55 +0900] "GET /css/style.css HTTP/1.1" 200 8596
0:0:0:0:0:0:0:1 - - [11/Jan/2025:13:06:55 +0900] "GET /lib/wow/wow.js HTTP/1.1" 200 17059
0:0:0:0:0:0:0:1 - - [11/Jan/2025:13:06:55 +0900] "GET /lib/easing/easing.min.js HTTP/1.1" 200 2303
0:0:0:0:0:0:0:1 - - [11/Jan/2025:13:06:55 +0900] "GET /css/bootstrap.min.css HTTP/1.1" 200 164340
0:0:0:0:0:0:0:1 - - [11/Jan/2025:13:06:55 +0900] "GET /lib/waypoints/waypoints.min.js HTTP/1.1" 200 9034
0:0:0:0:0:0:0:1 - - [11/Jan/2025:13:06:55 +0900] "GET /lib/owlcarousel/owl.carousel.min.js HTTP/1.1" 200 42772
0:0:0:0:0:0:0:1 - - [11/Jan/2025:13:06:55 +0900] "GET /js/main.js HTTP/1.1" 200 1803
0:0:0:0:0:0:0:1 - - [11/Jan/2025:13:06:57 +0900] "GET /login?id=&id= HTTP/1.1" 200 6266
0:0:0:0:0:0:0:1 - - [11/Jan/2025:13:06:57 +0900] "GET /lib/animate/animate.min.css HTTP/1.1" 200 16964
0:0:0:0:0:0:0:1 - - [11/Jan/2025:13:06:57 +0900] "GET /lib/wow/wow.js HTTP/1.1" 200 17059
0:0:0:0:0:0:0:1 - - [11/Jan/2025:13:06:57 +0900] "GET /lib/owlcarousel/assets/owl.carousel.min.css HTTP/1.1" 200 2941
0:0:0:0:0:0:0:1 - - [11/Jan/2025:13:06:57 +0900] "GET /css/bootstrap.min.css HTTP/1.1" 200 164340
0:0:0:0:0:0:0:1 - - [11/Jan/2025:13:06:57 +0900] "GET /css/style.css HTTP/1.1" 200 8596
0:0:0:0:0:0:0:1 - - [11/Jan/2025:13:06:57 +0900] "GET /lib/waypoints/waypoints.min.js HTTP/1.1" 200 9034
0:0:0:0:0:0:0:1 - - [11/Jan/2025:13:06:57 +0900] "GET /lib/easing/easing.min.js HTTP/1.1" 200 2303
0:0:0:0:0:0:0:1 - - [11/Jan/2025:13:06:57 +0900] "GET /lib/owlcarousel/owl.carousel.min.js HTTP/1.1" 200 42772
0:0:0:0:0:0:0:1 - - [11/Jan/2025:13:06:57 +0900] "GET /js/main.js HTTP/1.1" 200 1803
0:0:0:0:0:0:0:1 - - [11/Jan/2025:13:07:24 +0900] "GET /login?id=&id= HTTP/1.1" 500 5039
0:0:0:0:0:0:0:1 - - [11/Jan/2025:13:07:24 +0900] "GET /favicon.ico HTTP/1.1" 404 4360
0:0:0:0:0:0:0:1 - - [11/Jan/2025:13:07:25 +0900] "GET /login?id=&id= HTTP/1.1" 200 6301
0:0:0:0:0:0:0:1 - - [11/Jan/2025:13:07:25 +0900] "GET /lib/animate/animate.min.css HTTP/1.1" 200 16964
0:0:0:0:0:0:0:1 - - [11/Jan/2025:13:07:25 +0900] "GET /lib/owlcarousel/assets/owl.carousel.min.css HTTP/1.1" 200 2941
0:0:0:0:0:0:0:1 - - [11/Jan/2025:13:07:25 +0900] "GET /css/style.css HTTP/1.1" 200 8596
0:0:0:0:0:0:0:1 - - [11/Jan/2025:13:07:25 +0900] "GET /css/bootstrap.min.css HTTP/1.1" 200 164340
0:0:0:0:0:0:0:1 - - [11/Jan/2025:13:07:25 +0900] "GET /lib/wow/wow.js HTTP/1.1" 200 17059
0:0:0:0:0:0:0:1 - - [11/Jan/2025:13:07:25 +0900] "GET /lib/waypoints/waypoints.min.js HTTP/1.1" 200 9034
0:0:0:0:0:0:0:1 - - [11/Jan/2025:13:07:25 +0900] "GET /lib/easing/easing.min.js HTTP/1.1" 200 2303
0:0:0:0:0:0:0:1 - - [11/Jan/2025:13:07:25 +0900] "GET /lib/owlcarousel/owl.carousel.min.js HTTP/1.1" 200 42772
0:0:0:0:0:0:0:1 - - [11/Jan/2025:13:07:25 +0900] "GET /js/main.js HTTP/1.1" 200 1803
0:0:0:0:0:0:0:1 - - [11/Jan/2025:13:07:25 +0900] "GET /login?id=&id= HTTP/1.1" 200 6301
0:0:0:0:0:0:0:1 - - [11/Jan/2025:13:07:25 +0900] "GET /css/style.css HTTP/1.1" 200 8596
0:0:0:0:0:0:0:1 - - [11/Jan/2025:13:07:25 +0900] "GET /lib/animate/animate.min.css HTTP/1.1" 200 16964
0:0:0:0:0:0:0:1 - - [11/Jan/2025:13:07:25 +0900] "GET /lib/owlcarousel/assets/owl.carousel.min.css HTTP/1.1" 200 2941
0:0:0:0:0:0:0:1 - - [11/Jan/2025:13:07:25 +0900] "GET /lib/wow/wow.js HTTP/1.1" 200 17059
0:0:0:0:0:0:0:1 - - [11/Jan/2025:13:07:25 +0900] "GET /lib/easing/easing.min.js HTTP/1.1" 200 2303
0:0:0:0:0:0:0:1 - - [11/Jan/2025:13:07:25 +0900] "GET /css/bootstrap.min.css HTTP/1.1" 200 164340
0:0:0:0:0:0:0:1 - - [11/Jan/2025:13:07:25 +0900] "GET /lib/waypoints/waypoints.min.js HTTP/1.1" 200 9034
0:0:0:0:0:0:0:1 - - [11/Jan/2025:13:07:25 +0900] "GET /js/main.js HTTP/1.1" 200 1803
0:0:0:0:0:0:0:1 - - [11/Jan/2025:13:07:25 +0900] "GET /lib/owlcarousel/owl.carousel.min.js HTTP/1.1" 200 42772
0:0:0:0:0:0:0:1 - - [11/Jan/2025:13:07:26 +0900] "GET /login?id=&id= HTTP/1.1" 200 6301
0:0:0:0:0:0:0:1 - - [11/Jan/2025:13:07:26 +0900] "GET /lib/animate/animate.min.css HTTP/1.1" 200 16964
0:0:0:0:0:0:0:1 - - [11/Jan/2025:13:07:26 +0900] "GET /lib/owlcarousel/assets/owl.carousel.min.css HTTP/1.1" 200 2941
0:0:0:0:0:0:0:1 - - [11/Jan/2025:13:07:26 +0900] "GET /lib/wow/wow.js HTTP/1.1" 200 17059
0:0:0:0:0:0:0:1 - - [11/Jan/2025:13:07:26 +0900] "GET /css/style.css HTTP/1.1" 200 8596
0:0:0:0:0:0:0:1 - - [11/Jan/2025:13:07:26 +0900] "GET /lib/easing/easing.min.js HTTP/1.1" 200 2303
0:0:0:0:0:0:0:1 - - [11/Jan/2025:13:07:26 +0900] "GET /css/bootstrap.min.css HTTP/1.1" 200 164340
0:0:0:0:0:0:0:1 - - [11/Jan/2025:13:07:26 +0900] "GET /lib/waypoints/waypoints.min.js HTTP/1.1" 200 9034
0:0:0:0:0:0:0:1 - - [11/Jan/2025:13:07:26 +0900] "GET /lib/owlcarousel/owl.carousel.min.js HTTP/1.1" 200 42772
0:0:0:0:0:0:0:1 - - [11/Jan/2025:13:07:26 +0900] "GET /js/main.js HTTP/1.1" 200 1803
0:0:0:0:0:0:0:1 - - [11/Jan/2025:13:07:29 +0900] "GET /login?id=11111111111&pwd=1111111111111111 HTTP/1.1" 200 6301
0:0:0:0:0:0:0:1 - - [11/Jan/2025:13:07:29 +0900] "GET /lib/animate/animate.min.css HTTP/1.1" 200 16964
0:0:0:0:0:0:0:1 - - [11/Jan/2025:13:07:29 +0900] "GET /lib/owlcarousel/assets/owl.carousel.min.css HTTP/1.1" 200 2941
0:0:0:0:0:0:0:1 - - [11/Jan/2025:13:07:29 +0900] "GET /css/style.css HTTP/1.1" 200 8596
0:0:0:0:0:0:0:1 - - [11/Jan/2025:13:07:29 +0900] "GET /lib/easing/easing.min.js HTTP/1.1" 200 2303
0:0:0:0:0:0:0:1 - - [11/Jan/2025:13:07:29 +0900] "GET /lib/wow/wow.js HTTP/1.1" 200 17059
0:0:0:0:0:0:0:1 - - [11/Jan/2025:13:07:29 +0900] "GET /lib/owlcarousel/owl.carousel.min.js HTTP/1.1" 200 42772
0:0:0:0:0:0:0:1 - - [11/Jan/2025:13:07:29 +0900] "GET /lib/waypoints/waypoints.min.js HTTP/1.1" 200 9034
0:0:0:0:0:0:0:1 - - [11/Jan/2025:13:07:29 +0900] "GET /css/bootstrap.min.css HTTP/1.1" 200 164340
0:0:0:0:0:0:0:1 - - [11/Jan/2025:13:07:29 +0900] "GET /js/main.js HTTP/1.1" 200 1803
0:0:0:0:0:0:0:1 - - [11/Jan/2025:13:07:31 +0900] "GET /index HTTP/1.1" 200 7869
0:0:0:0:0:0:0:1 - - [11/Jan/2025:13:07:31 +0900] "GET /lib/owlcarousel/assets/owl.carousel.min.css HTTP/1.1" 200 2941
0:0:0:0:0:0:0:1 - - [11/Jan/2025:13:07:31 +0900] "GET /lib/easing/easing.min.js HTTP/1.1" 200 2303
0:0:0:0:0:0:0:1 - - [11/Jan/2025:13:07:31 +0900] "GET /lib/animate/animate.min.css HTTP/1.1" 200 16964
0:0:0:0:0:0:0:1 - - [11/Jan/2025:13:07:31 +0900] "GET /css/style.css HTTP/1.1" 200 8596
0:0:0:0:0:0:0:1 - - [11/Jan/2025:13:07:31 +0900] "GET /lib/wow/wow.js HTTP/1.1" 200 17059
0:0:0:0:0:0:0:1 - - [11/Jan/2025:13:07:31 +0900] "GET /css/bootstrap.min.css HTTP/1.1" 200 164340
0:0:0:0:0:0:0:1 - - [11/Jan/2025:13:07:31 +0900] "GET /js/main.js HTTP/1.1" 200 1803
0:0:0:0:0:0:0:1 - - [11/Jan/2025:13:07:31 +0900] "GET /lib/waypoints/waypoints.min.js HTTP/1.1" 200 9034
0:0:0:0:0:0:0:1 - - [11/Jan/2025:13:07:31 +0900] "GET /lib/owlcarousel/owl.carousel.min.js HTTP/1.1" 200 42772
0:0:0:0:0:0:0:1 - - [11/Jan/2025:13:08:24 +0900] "GET /login?id=11111111111&pwd=1111111111111111 HTTP/1.1" 200 6301
0:0:0:0:0:0:0:1 - - [11/Jan/2025:13:08:24 +0900] "GET /lib/animate/animate.min.css HTTP/1.1" 200 16964
0:0:0:0:0:0:0:1 - - [11/Jan/2025:13:08:24 +0900] "GET /lib/wow/wow.js HTTP/1.1" 200 17059
0:0:0:0:0:0:0:1 - - [11/Jan/2025:13:08:24 +0900] "GET /css/style.css HTTP/1.1" 200 8596
0:0:0:0:0:0:0:1 - - [11/Jan/2025:13:08:24 +0900] "GET /lib/owlcarousel/assets/owl.carousel.min.css HTTP/1.1" 200 2941
0:0:0:0:0:0:0:1 - - [11/Jan/2025:13:08:24 +0900] "GET /lib/waypoints/waypoints.min.js HTTP/1.1" 200 9034
0:0:0:0:0:0:0:1 - - [11/Jan/2025:13:08:24 +0900] "GET /lib/easing/easing.min.js HTTP/1.1" 200 2303
0:0:0:0:0:0:0:1 - - [11/Jan/2025:13:08:24 +0900] "GET /css/bootstrap.min.css HTTP/1.1" 200 164340
0:0:0:0:0:0:0:1 - - [11/Jan/2025:13:08:24 +0900] "GET /js/main.js HTTP/1.1" 200 1803
0:0:0:0:0:0:0:1 - - [11/Jan/2025:13:08:24 +0900] "GET /lib/owlcarousel/owl.carousel.min.js HTTP/1.1" 200 42772
0:0:0:0:0:0:0:1 - - [11/Jan/2025:13:08:24 +0900] "GET /login?id=11111111111&pwd=1111111111111111 HTTP/1.1" 200 6333
0:0:0:0:0:0:0:1 - - [11/Jan/2025:13:08:24 +0900] "GET /lib/animate/animate.min.css HTTP/1.1" 200 16964
0:0:0:0:0:0:0:1 - - [11/Jan/2025:13:08:24 +0900] "GET /lib/owlcarousel/assets/owl.carousel.min.css HTTP/1.1" 200 2941
0:0:0:0:0:0:0:1 - - [11/Jan/2025:13:08:24 +0900] "GET /lib/easing/easing.min.js HTTP/1.1" 200 2303
0:0:0:0:0:0:0:1 - - [11/Jan/2025:13:08:24 +0900] "GET /css/style.css HTTP/1.1" 200 8596
0:0:0:0:0:0:0:1 - - [11/Jan/2025:13:08:24 +0900] "GET /lib/wow/wow.js HTTP/1.1" 200 17059
0:0:0:0:0:0:0:1 - - [11/Jan/2025:13:08:24 +0900] "GET /css/bootstrap.min.css HTTP/1.1" 200 164340
0:0:0:0:0:0:0:1 - - [11/Jan/2025:13:08:24 +0900] "GET /lib/waypoints/waypoints.min.js HTTP/1.1" 200 9034
0:0:0:0:0:0:0:1 - - [11/Jan/2025:13:08:24 +0900] "GET /js/main.js HTTP/1.1" 200 1803
0:0:0:0:0:0:0:1 - - [11/Jan/2025:13:08:24 +0900] "GET /lib/owlcarousel/owl.carousel.min.js HTTP/1.1" 200 42772
0:0:0:0:0:0:0:1 - - [11/Jan/2025:13:08:25 +0900] "GET /login?id=11111111111&pwd=1111111111111111 HTTP/1.1" 200 6333
0:0:0:0:0:0:0:1 - - [11/Jan/2025:13:08:25 +0900] "GET /lib/animate/animate.min.css HTTP/1.1" 200 16964
0:0:0:0:0:0:0:1 - - [11/Jan/2025:13:08:25 +0900] "GET /lib/owlcarousel/assets/owl.carousel.min.css HTTP/1.1" 200 2941
0:0:0:0:0:0:0:1 - - [11/Jan/2025:13:08:25 +0900] "GET /css/style.css HTTP/1.1" 200 8596
0:0:0:0:0:0:0:1 - - [11/Jan/2025:13:08:25 +0900] "GET /lib/wow/wow.js HTTP/1.1" 200 17059
0:0:0:0:0:0:0:1 - - [11/Jan/2025:13:08:25 +0900] "GET /lib/easing/easing.min.js HTTP/1.1" 200 2303
0:0:0:0:0:0:0:1 - - [11/Jan/2025:13:08:25 +0900] "GET /css/bootstrap.min.css HTTP/1.1" 200 164340
0:0:0:0:0:0:0:1 - - [11/Jan/2025:13:08:25 +0900] "GET /lib/waypoints/waypoints.min.js HTTP/1.1" 200 9034
0:0:0:0:0:0:0:1 - - [11/Jan/2025:13:08:25 +0900] "GET /js/main.js HTTP/1.1" 200 1803
0:0:0:0:0:0:0:1 - - [11/Jan/2025:13:08:25 +0900] "GET /lib/owlcarousel/owl.carousel.min.js HTTP/1.1" 200 42772
0:0:0:0:0:0:0:1 - - [11/Jan/2025:13:08:25 +0900] "GET /login?id=11111111111&pwd=1111111111111111 HTTP/1.1" 200 6333
0:0:0:0:0:0:0:1 - - [11/Jan/2025:13:08:25 +0900] "GET /lib/animate/animate.min.css HTTP/1.1" 200 16964
0:0:0:0:0:0:0:1 - - [11/Jan/2025:13:08:25 +0900] "GET /lib/owlcarousel/assets/owl.carousel.min.css HTTP/1.1" 200 2941
0:0:0:0:0:0:0:1 - - [11/Jan/2025:13:08:25 +0900] "GET /lib/wow/wow.js HTTP/1.1" 200 17059
0:0:0:0:0:0:0:1 - - [11/Jan/2025:13:08:25 +0900] "GET /lib/easing/easing.min.js HTTP/1.1" 200 2303
0:0:0:0:0:0:0:1 - - [11/Jan/2025:13:08:25 +0900] "GET /css/style.css HTTP/1.1" 200 8596
0:0:0:0:0:0:0:1 - - [11/Jan/2025:13:08:25 +0900] "GET /css/bootstrap.min.css HTTP/1.1" 200 164340
0:0:0:0:0:0:0:1 - - [11/Jan/2025:13:08:25 +0900] "GET /lib/waypoints/waypoints.min.js HTTP/1.1" 200 9034
0:0:0:0:0:0:0:1 - - [11/Jan/2025:13:08:25 +0900] "GET /lib/owlcarousel/owl.carousel.min.js HTTP/1.1" 200 42772
0:0:0:0:0:0:0:1 - - [11/Jan/2025:13:08:25 +0900] "GET /js/main.js HTTP/1.1" 200 1803
0:0:0:0:0:0:0:1 - - [11/Jan/2025:13:08:27 +0900] "GET /login HTTP/1.1" 200 6333
0:0:0:0:0:0:0:1 - - [11/Jan/2025:13:08:27 +0900] "GET /lib/animate/animate.min.css HTTP/1.1" 200 16964
0:0:0:0:0:0:0:1 - - [11/Jan/2025:13:08:27 +0900] "GET /lib/owlcarousel/assets/owl.carousel.min.css HTTP/1.1" 200 2941
0:0:0:0:0:0:0:1 - - [11/Jan/2025:13:08:27 +0900] "GET /css/bootstrap.min.css HTTP/1.1" 200 164340
0:0:0:0:0:0:0:1 - - [11/Jan/2025:13:08:27 +0900] "GET /css/style.css HTTP/1.1" 200 8596
0:0:0:0:0:0:0:1 - - [11/Jan/2025:13:08:27 +0900] "GET /lib/wow/wow.js HTTP/1.1" 200 17059
0:0:0:0:0:0:0:1 - - [11/Jan/2025:13:08:27 +0900] "GET /lib/waypoints/waypoints.min.js HTTP/1.1" 200 9034
0:0:0:0:0:0:0:1 - - [11/Jan/2025:13:08:27 +0900] "GET /lib/easing/easing.min.js HTTP/1.1" 200 2303
0:0:0:0:0:0:0:1 - - [11/Jan/2025:13:08:27 +0900] "GET /lib/owlcarousel/owl.carousel.min.js HTTP/1.1" 200 42772
0:0:0:0:0:0:0:1 - - [11/Jan/2025:13:08:27 +0900] "GET /js/main.js HTTP/1.1" 200 1803
0:0:0:0:0:0:0:1 - - [11/Jan/2025:13:08:30 +0900] "POST /$%7Bindex%7D HTTP/1.1" 404 4422
0:0:0:0:0:0:0:1 - - [11/Jan/2025:13:08:34 +0900] "POST /$%7Bindex%7D HTTP/1.1" 404 4422
0:0:0:0:0:0:0:1 - - [11/Jan/2025:13:08:56 +0900] "GET /login HTTP/1.1" 200 6315
0:0:0:0:0:0:0:1 - - [11/Jan/2025:13:08:56 +0900] "GET /lib/animate/animate.min.css HTTP/1.1" 200 16964
0:0:0:0:0:0:0:1 - - [11/Jan/2025:13:08:56 +0900] "GET /lib/owlcarousel/assets/owl.carousel.min.css HTTP/1.1" 200 2941
0:0:0:0:0:0:0:1 - - [11/Jan/2025:13:08:56 +0900] "GET /css/bootstrap.min.css HTTP/1.1" 200 164340
0:0:0:0:0:0:0:1 - - [11/Jan/2025:13:08:56 +0900] "GET /css/style.css HTTP/1.1" 200 8596
0:0:0:0:0:0:0:1 - - [11/Jan/2025:13:08:56 +0900] "GET /lib/wow/wow.js HTTP/1.1" 200 17059
0:0:0:0:0:0:0:1 - - [11/Jan/2025:13:08:56 +0900] "GET /lib/waypoints/waypoints.min.js HTTP/1.1" 200 9034
0:0:0:0:0:0:0:1 - - [11/Jan/2025:13:08:56 +0900] "GET /js/main.js HTTP/1.1" 200 1803
0:0:0:0:0:0:0:1 - - [11/Jan/2025:13:08:56 +0900] "GET /lib/easing/easing.min.js HTTP/1.1" 200 2303
0:0:0:0:0:0:0:1 - - [11/Jan/2025:13:08:56 +0900] "GET /lib/owlcarousel/owl.carousel.min.js HTTP/1.1" 200 42772
0:0:0:0:0:0:0:1 - - [11/Jan/2025:13:08:57 +0900] "GET /login HTTP/1.1" 200 6315
0:0:0:0:0:0:0:1 - - [11/Jan/2025:13:08:57 +0900] "GET /lib/animate/animate.min.css HTTP/1.1" 200 16964
0:0:0:0:0:0:0:1 - - [11/Jan/2025:13:08:57 +0900] "GET /css/style.css HTTP/1.1" 200 8596
0:0:0:0:0:0:0:1 - - [11/Jan/2025:13:08:57 +0900] "GET /lib/owlcarousel/assets/owl.carousel.min.css HTTP/1.1" 200 2941
0:0:0:0:0:0:0:1 - - [11/Jan/2025:13:08:57 +0900] "GET /lib/easing/easing.min.js HTTP/1.1" 200 2303
0:0:0:0:0:0:0:1 - - [11/Jan/2025:13:08:57 +0900] "GET /lib/wow/wow.js HTTP/1.1" 200 17059
0:0:0:0:0:0:0:1 - - [11/Jan/2025:13:08:57 +0900] "GET /css/bootstrap.min.css HTTP/1.1" 200 164340
0:0:0:0:0:0:0:1 - - [11/Jan/2025:13:08:57 +0900] "GET /lib/waypoints/waypoints.min.js HTTP/1.1" 200 9034
0:0:0:0:0:0:0:1 - - [11/Jan/2025:13:08:57 +0900] "GET /js/main.js HTTP/1.1" 200 1803
0:0:0:0:0:0:0:1 - - [11/Jan/2025:13:08:57 +0900] "GET /lib/owlcarousel/owl.carousel.min.js HTTP/1.1" 200 42772
0:0:0:0:0:0:0:1 - - [11/Jan/2025:13:08:58 +0900] "POST /login HTTP/1.1" 405 5111
0:0:0:0:0:0:0:1 - - [11/Jan/2025:13:15:35 +0900] "POST /login HTTP/1.1" 405 5111
0:0:0:0:0:0:0:1 - - [11/Jan/2025:13:15:46 +0900] "GET / HTTP/1.1" 200 7869
0:0:0:0:0:0:0:1 - - [11/Jan/2025:13:15:46 +0900] "GET / HTTP/1.1" 200 7869
0:0:0:0:0:0:0:1 - - [11/Jan/2025:13:15:46 +0900] "GET /lib/animate/animate.min.css HTTP/1.1" 200 16964
127.0.0.1 - - [11/Jan/2025:13:15:46 +0900] "GET /lib/owlcarousel/assets/owl.carousel.min.css HTTP/1.1" 200 2941
0:0:0:0:0:0:0:1 - - [11/Jan/2025:13:15:46 +0900] "GET /css/bootstrap.min.css HTTP/1.1" 200 164340
0:0:0:0:0:0:0:1 - - [11/Jan/2025:13:15:46 +0900] "GET /css/style.css HTTP/1.1" 200 8596
127.0.0.1 - - [11/Jan/2025:13:15:46 +0900] "GET /lib/easing/easing.min.js HTTP/1.1" 200 2303
0:0:0:0:0:0:0:1 - - [11/Jan/2025:13:15:46 +0900] "GET /lib/wow/wow.js HTTP/1.1" 200 17059
0:0:0:0:0:0:0:1 - - [11/Jan/2025:13:15:46 +0900] "GET /js/main.js HTTP/1.1" 200 1803
0:0:0:0:0:0:0:1 - - [11/Jan/2025:13:15:46 +0900] "GET /lib/waypoints/waypoints.min.js HTTP/1.1" 200 9034
127.0.0.1 - - [11/Jan/2025:13:15:46 +0900] "GET /lib/owlcarousel/owl.carousel.min.js HTTP/1.1" 200 42772
0:0:0:0:0:0:0:1 - - [11/Jan/2025:13:28:01 +0900] "GET / HTTP/1.1" 200 7869
0:0:0:0:0:0:0:1 - - [11/Jan/2025:13:28:01 +0900] "GET /lib/animate/animate.min.css HTTP/1.1" 200 16964
0:0:0:0:0:0:0:1 - - [11/Jan/2025:13:28:01 +0900] "GET /lib/owlcarousel/assets/owl.carousel.min.css HTTP/1.1" 200 2941
0:0:0:0:0:0:0:1 - - [11/Jan/2025:13:28:01 +0900] "GET /lib/wow/wow.js HTTP/1.1" 200 17059
0:0:0:0:0:0:0:1 - - [11/Jan/2025:13:28:01 +0900] "GET /css/style.css HTTP/1.1" 200 8596
0:0:0:0:0:0:0:1 - - [11/Jan/2025:13:28:01 +0900] "GET /lib/owlcarousel/owl.carousel.min.js HTTP/1.1" 200 42772
0:0:0:0:0:0:0:1 - - [11/Jan/2025:13:28:01 +0900] "GET /lib/easing/easing.min.js HTTP/1.1" 200 2303
0:0:0:0:0:0:0:1 - - [11/Jan/2025:13:28:01 +0900] "GET /lib/waypoints/waypoints.min.js HTTP/1.1" 200 9034
0:0:0:0:0:0:0:1 - - [11/Jan/2025:13:28:01 +0900] "GET /css/bootstrap.min.css HTTP/1.1" 200 164340
0:0:0:0:0:0:0:1 - - [11/Jan/2025:13:28:01 +0900] "GET /js/main.js HTTP/1.1" 200 1803
0:0:0:0:0:0:0:1 - - [11/Jan/2025:13:28:02 +0900] "GET / HTTP/1.1" 200 7869
0:0:0:0:0:0:0:1 - - [11/Jan/2025:13:28:02 +0900] "GET /lib/animate/animate.min.css HTTP/1.1" 200 16964
0:0:0:0:0:0:0:1 - - [11/Jan/2025:13:28:02 +0900] "GET /css/style.css HTTP/1.1" 200 8596
0:0:0:0:0:0:0:1 - - [11/Jan/2025:13:28:02 +0900] "GET /lib/easing/easing.min.js HTTP/1.1" 200 2303
0:0:0:0:0:0:0:1 - - [11/Jan/2025:13:28:02 +0900] "GET /lib/owlcarousel/assets/owl.carousel.min.css HTTP/1.1" 200 2941
0:0:0:0:0:0:0:1 - - [11/Jan/2025:13:28:02 +0900] "GET /lib/wow/wow.js HTTP/1.1" 200 17059
0:0:0:0:0:0:0:1 - - [11/Jan/2025:13:28:02 +0900] "GET /css/bootstrap.min.css HTTP/1.1" 200 164340
0:0:0:0:0:0:0:1 - - [11/Jan/2025:13:28:02 +0900] "GET /lib/waypoints/waypoints.min.js HTTP/1.1" 200 9034
0:0:0:0:0:0:0:1 - - [11/Jan/2025:13:28:02 +0900] "GET /js/main.js HTTP/1.1" 200 1803
0:0:0:0:0:0:0:1 - - [11/Jan/2025:13:28:02 +0900] "GET /lib/owlcarousel/owl.carousel.min.js HTTP/1.1" 200 42772
0:0:0:0:0:0:0:1 - - [11/Jan/2025:13:28:03 +0900] "GET /login HTTP/1.1" 200 6426
0:0:0:0:0:0:0:1 - - [11/Jan/2025:13:28:03 +0900] "GET /lib/animate/animate.min.css HTTP/1.1" 200 16964
0:0:0:0:0:0:0:1 - - [11/Jan/2025:13:28:03 +0900] "GET /lib/easing/easing.min.js HTTP/1.1" 200 2303
0:0:0:0:0:0:0:1 - - [11/Jan/2025:13:28:03 +0900] "GET /css/style.css HTTP/1.1" 200 8596
0:0:0:0:0:0:0:1 - - [11/Jan/2025:13:28:03 +0900] "GET /lib/owlcarousel/assets/owl.carousel.min.css HTTP/1.1" 200 2941
0:0:0:0:0:0:0:1 - - [11/Jan/2025:13:28:03 +0900] "GET /lib/wow/wow.js HTTP/1.1" 200 17059
0:0:0:0:0:0:0:1 - - [11/Jan/2025:13:28:03 +0900] "GET /css/bootstrap.min.css HTTP/1.1" 200 164340
0:0:0:0:0:0:0:1 - - [11/Jan/2025:13:28:03 +0900] "GET /lib/waypoints/waypoints.min.js HTTP/1.1" 200 9034
0:0:0:0:0:0:0:1 - - [11/Jan/2025:13:28:03 +0900] "GET /js/main.js HTTP/1.1" 200 1803
0:0:0:0:0:0:0:1 - - [11/Jan/2025:13:28:03 +0900] "GET /lib/owlcarousel/owl.carousel.min.js HTTP/1.1" 200 42772
0:0:0:0:0:0:0:1 - - [11/Jan/2025:13:28:04 +0900] "POST /login HTTP/1.1" 405 5111
0:0:0:0:0:0:0:1 - - [11/Jan/2025:13:28:05 +0900] "GET /lib/animate/animate.min.css HTTP/1.1" 200 16964
0:0:0:0:0:0:0:1 - - [11/Jan/2025:13:28:05 +0900] "GET /lib/owlcarousel/assets/owl.carousel.min.css HTTP/1.1" 200 2941
0:0:0:0:0:0:0:1 - - [11/Jan/2025:13:28:05 +0900] "GET /lib/wow/wow.js HTTP/1.1" 200 17059
0:0:0:0:0:0:0:1 - - [11/Jan/2025:13:28:05 +0900] "GET /lib/easing/easing.min.js HTTP/1.1" 200 2303
0:0:0:0:0:0:0:1 - - [11/Jan/2025:13:28:05 +0900] "GET /css/style.css HTTP/1.1" 200 8596
0:0:0:0:0:0:0:1 - - [11/Jan/2025:13:28:05 +0900] "GET /lib/waypoints/waypoints.min.js HTTP/1.1" 200 9034
0:0:0:0:0:0:0:1 - - [11/Jan/2025:13:28:05 +0900] "GET /css/bootstrap.min.css HTTP/1.1" 200 164340
0:0:0:0:0:0:0:1 - - [11/Jan/2025:13:28:05 +0900] "GET /lib/owlcarousel/owl.carousel.min.js HTTP/1.1" 200 42772
0:0:0:0:0:0:0:1 - - [11/Jan/2025:13:28:05 +0900] "GET /js/main.js HTTP/1.1" 200 1803
0:0:0:0:0:0:0:1 - - [11/Jan/2025:13:28:25 +0900] "GET /login HTTP/1.1" 200 6466
0:0:0:0:0:0:0:1 - - [11/Jan/2025:13:28:25 +0900] "GET /lib/animate/animate.min.css HTTP/1.1" 200 16964
0:0:0:0:0:0:0:1 - - [11/Jan/2025:13:28:25 +0900] "GET /lib/owlcarousel/assets/owl.carousel.min.css HTTP/1.1" 200 2941
0:0:0:0:0:0:0:1 - - [11/Jan/2025:13:28:25 +0900] "GET /css/style.css HTTP/1.1" 200 8596
0:0:0:0:0:0:0:1 - - [11/Jan/2025:13:28:25 +0900] "GET /css/bootstrap.min.css HTTP/1.1" 200 164340
0:0:0:0:0:0:0:1 - - [11/Jan/2025:13:28:25 +0900] "GET /lib/wow/wow.js HTTP/1.1" 200 17059
0:0:0:0:0:0:0:1 - - [11/Jan/2025:13:28:25 +0900] "GET /lib/easing/easing.min.js HTTP/1.1" 200 2303
0:0:0:0:0:0:0:1 - - [11/Jan/2025:13:28:25 +0900] "GET /lib/waypoints/waypoints.min.js HTTP/1.1" 200 9034
0:0:0:0:0:0:0:1 - - [11/Jan/2025:13:28:25 +0900] "GET /lib/owlcarousel/owl.carousel.min.js HTTP/1.1" 200 42772
0:0:0:0:0:0:0:1 - - [11/Jan/2025:13:28:25 +0900] "GET /js/main.js HTTP/1.1" 200 1803
0:0:0:0:0:0:0:1 - - [11/Jan/2025:13:28:26 +0900] "GET /login HTTP/1.1" 200 6466
0:0:0:0:0:0:0:1 - - [11/Jan/2025:13:28:26 +0900] "GET /lib/animate/animate.min.css HTTP/1.1" 200 16964
0:0:0:0:0:0:0:1 - - [11/Jan/2025:13:28:26 +0900] "GET /lib/wow/wow.js HTTP/1.1" 200 17059
0:0:0:0:0:0:0:1 - - [11/Jan/2025:13:28:26 +0900] "GET /css/style.css HTTP/1.1" 200 8596
0:0:0:0:0:0:0:1 - - [11/Jan/2025:13:28:26 +0900] "GET /lib/owlcarousel/assets/owl.carousel.min.css HTTP/1.1" 200 2941
0:0:0:0:0:0:0:1 - - [11/Jan/2025:13:28:26 +0900] "GET /lib/waypoints/waypoints.min.js HTTP/1.1" 200 9034
0:0:0:0:0:0:0:1 - - [11/Jan/2025:13:28:26 +0900] "GET /css/bootstrap.min.css HTTP/1.1" 200 164340
0:0:0:0:0:0:0:1 - - [11/Jan/2025:13:28:26 +0900] "GET /lib/easing/easing.min.js HTTP/1.1" 200 2303
0:0:0:0:0:0:0:1 - - [11/Jan/2025:13:28:26 +0900] "GET /lib/owlcarousel/owl.carousel.min.js HTTP/1.1" 200 42772
0:0:0:0:0:0:0:1 - - [11/Jan/2025:13:28:26 +0900] "GET /js/main.js HTTP/1.1" 200 1803
