0:0:0:0:0:0:0:1 - - [01/Apr/2025:00:46:29 +0900] "GET /zerotodeploy/login HTTP/1.1" 200 7019
0:0:0:0:0:0:0:1 - - [01/Apr/2025:00:46:29 +0900] "GET /zerotodeploy/lib/animate/animate.min.css HTTP/1.1" 304 -
0:0:0:0:0:0:0:1 - - [01/Apr/2025:00:46:29 +0900] "GET /zerotodeploy/lib/owlcarousel/assets/owl.carousel.min.css HTTP/1.1" 304 -
0:0:0:0:0:0:0:1 - - [01/Apr/2025:00:46:29 +0900] "GET /zerotodeploy/lib/wow/wow.js HTTP/1.1" 304 -
0:0:0:0:0:0:0:1 - - [01/Apr/2025:00:46:29 +0900] "GET /zerotodeploy/css/bootstrap.min.css HTTP/1.1" 304 -
0:0:0:0:0:0:0:1 - - [01/Apr/2025:00:46:29 +0900] "GET /zerotodeploy/img/kakao_login/en/kakao_login_medium_narrow.png HTTP/1.1" 304 -
0:0:0:0:0:0:0:1 - - [01/Apr/2025:00:46:29 +0900] "GET /zerotodeploy/css/style.css HTTP/1.1" 304 -
0:0:0:0:0:0:0:1 - - [01/Apr/2025:00:46:29 +0900] "GET /zerotodeploy/js/main.js HTTP/1.1" 304 -
0:0:0:0:0:0:0:1 - - [01/Apr/2025:00:46:29 +0900] "GET /zerotodeploy/lib/owlcarousel/owl.carousel.min.js HTTP/1.1" 304 -
0:0:0:0:0:0:0:1 - - [01/Apr/2025:00:46:29 +0900] "GET /zerotodeploy/lib/easing/easing.min.js HTTP/1.1" 304 -
0:0:0:0:0:0:0:1 - - [01/Apr/2025:00:46:29 +0900] "GET /zerotodeploy/lib/waypoints/waypoints.min.js HTTP/1.1" 304 -
0:0:0:0:0:0:0:1 - - [01/Apr/2025:00:46:39 +0900] "POST /zerotodeploy/login HTTP/1.1" 200 7019
0:0:0:0:0:0:0:1 - - [01/Apr/2025:00:46:50 +0900] "GET /zerotodeploy/login HTTP/1.1" 200 7019
0:0:0:0:0:0:0:1 - - [01/Apr/2025:00:46:53 +0900] "GET /zerotodeploy/login HTTP/1.1" 200 7019
0:0:0:0:0:0:0:1 - - [01/Apr/2025:11:29:15 +0900] "GET /zerotodeploy/ HTTP/1.1" 200 7872
0:0:0:0:0:0:0:1 - - [01/Apr/2025:11:29:15 +0900] "GET /zerotodeploy/css/style.css HTTP/1.1" 200 8693
0:0:0:0:0:0:0:1 - - [01/Apr/2025:11:29:15 +0900] "GET /zerotodeploy/lib/animate/animate.min.css HTTP/1.1" 200 16964
127.0.0.1 - - [01/Apr/2025:11:29:15 +0900] "GET /zerotodeploy/lib/owlcarousel/assets/owl.carousel.min.css HTTP/1.1" 200 2941
0:0:0:0:0:0:0:1 - - [01/Apr/2025:11:29:15 +0900] "GET /zerotodeploy/lib/wow/wow.js HTTP/1.1" 200 17059
0:0:0:0:0:0:0:1 - - [01/Apr/2025:11:29:15 +0900] "GET /zerotodeploy/lib/easing/easing.min.js HTTP/1.1" 200 2303
127.0.0.1 - - [01/Apr/2025:11:29:15 +0900] "GET /zerotodeploy/css/bootstrap.min.css HTTP/1.1" 200 164340
127.0.0.1 - - [01/Apr/2025:11:29:15 +0900] "GET /zerotodeploy/lib/waypoints/waypoints.min.js HTTP/1.1" 200 9034
0:0:0:0:0:0:0:1 - - [01/Apr/2025:11:29:15 +0900] "GET /zerotodeploy/lib/owlcarousel/owl.carousel.min.js HTTP/1.1" 200 42772
0:0:0:0:0:0:0:1 - - [01/Apr/2025:11:29:15 +0900] "GET /zerotodeploy/js/main.js HTTP/1.1" 200 1803
0:0:0:0:0:0:0:1 - - [01/Apr/2025:11:29:15 +0900] "GET /zerotodeploy/img/favicon.ico HTTP/1.1" 404 10195
0:0:0:0:0:0:0:1 - - [01/Apr/2025:11:29:17 +0900] "GET /zerotodeploy/login HTTP/1.1" 200 7027
0:0:0:0:0:0:0:1 - - [01/Apr/2025:11:29:17 +0900] "GET /zerotodeploy/img/kakao_login/en/kakao_login_medium_narrow.png HTTP/1.1" 200 3507
0:0:0:0:0:0:0:1 - - [01/Apr/2025:11:29:23 +0900] "POST /zerotodeploy/login HTTP/1.1" 200 7027
0:0:0:0:0:0:0:1 - - [01/Apr/2025:13:12:27 +0900] "GET /zerotodeploy/login HTTP/1.1" 200 7027
0:0:0:0:0:0:0:1 - - [01/Apr/2025:13:12:27 +0900] "GET /zerotodeploy/lib/owlcarousel/assets/owl.carousel.min.css HTTP/1.1" 304 -
0:0:0:0:0:0:0:1 - - [01/Apr/2025:13:12:27 +0900] "GET /zerotodeploy/lib/animate/animate.min.css HTTP/1.1" 304 -
0:0:0:0:0:0:0:1 - - [01/Apr/2025:13:12:27 +0900] "GET /zerotodeploy/css/style.css HTTP/1.1" 304 -
0:0:0:0:0:0:0:1 - - [01/Apr/2025:13:12:27 +0900] "GET /zerotodeploy/css/bootstrap.min.css HTTP/1.1" 304 -
0:0:0:0:0:0:0:1 - - [01/Apr/2025:13:12:27 +0900] "GET /zerotodeploy/lib/wow/wow.js HTTP/1.1" 304 -
0:0:0:0:0:0:0:1 - - [01/Apr/2025:13:12:27 +0900] "GET /zerotodeploy/img/kakao_login/en/kakao_login_medium_narrow.png HTTP/1.1" 304 -
0:0:0:0:0:0:0:1 - - [01/Apr/2025:13:12:27 +0900] "GET /zerotodeploy/lib/easing/easing.min.js HTTP/1.1" 304 -
0:0:0:0:0:0:0:1 - - [01/Apr/2025:13:12:27 +0900] "GET /zerotodeploy/lib/owlcarousel/owl.carousel.min.js HTTP/1.1" 304 -
0:0:0:0:0:0:0:1 - - [01/Apr/2025:13:12:27 +0900] "GET /zerotodeploy/lib/waypoints/waypoints.min.js HTTP/1.1" 304 -
0:0:0:0:0:0:0:1 - - [01/Apr/2025:13:12:27 +0900] "GET /zerotodeploy/js/main.js HTTP/1.1" 304 -
