0:0:0:0:0:0:0:1 - - [31/Mar/2025:00:46:28 +0900] "GET /zerotodeploy/ HTTP/1.1" 200 7872
0:0:0:0:0:0:0:1 - - [31/Mar/2025:00:46:28 +0900] "GET /zerotodeploy/lib/easing/easing.min.js HTTP/1.1" 200 2303
0:0:0:0:0:0:0:1 - - [31/Mar/2025:00:46:28 +0900] "GET /zerotodeploy/lib/owlcarousel/assets/owl.carousel.min.css HTTP/1.1" 200 2941
0:0:0:0:0:0:0:1 - - [31/Mar/2025:00:46:28 +0900] "GET /zerotodeploy/css/style.css HTTP/1.1" 200 8693
0:0:0:0:0:0:0:1 - - [31/Mar/2025:00:46:28 +0900] "GET /zerotodeploy/lib/wow/wow.js HTTP/1.1" 200 17059
0:0:0:0:0:0:0:1 - - [31/Mar/2025:00:46:28 +0900] "GET /zerotodeploy/lib/owlcarousel/owl.carousel.min.js HTTP/1.1" 200 42772
0:0:0:0:0:0:0:1 - - [31/Mar/2025:00:46:28 +0900] "GET /zerotodeploy/js/main.js HTTP/1.1" 200 1803
0:0:0:0:0:0:0:1 - - [31/Mar/2025:00:46:28 +0900] "GET /zerotodeploy/lib/waypoints/waypoints.min.js HTTP/1.1" 200 9034
0:0:0:0:0:0:0:1 - - [31/Mar/2025:00:46:28 +0900] "GET /zerotodeploy/lib/animate/animate.min.css HTTP/1.1" 200 16964
0:0:0:0:0:0:0:1 - - [31/Mar/2025:00:46:28 +0900] "GET /zerotodeploy/css/bootstrap.min.css HTTP/1.1" 200 164340
0:0:0:0:0:0:0:1 - - [31/Mar/2025:00:46:28 +0900] "GET /zerotodeploy/img/favicon.ico HTTP/1.1" 404 9872
0:0:0:0:0:0:0:1 - - [31/Mar/2025:00:46:33 +0900] "GET /zerotodeploy/login HTTP/1.1" 200 7004
0:0:0:0:0:0:0:1 - - [31/Mar/2025:00:46:33 +0900] "GET /zerotodeploy/lib/animate/animate.min.css HTTP/1.1" 200 16964
0:0:0:0:0:0:0:1 - - [31/Mar/2025:00:46:33 +0900] "GET /zerotodeploy/lib/owlcarousel/assets/owl.carousel.min.css HTTP/1.1" 200 2941
0:0:0:0:0:0:0:1 - - [31/Mar/2025:00:46:33 +0900] "GET /zerotodeploy/css/style.css HTTP/1.1" 200 8693
0:0:0:0:0:0:0:1 - - [31/Mar/2025:00:46:33 +0900] "GET /zerotodeploy/lib/wow/wow.js HTTP/1.1" 200 17059
0:0:0:0:0:0:0:1 - - [31/Mar/2025:00:46:33 +0900] "GET /zerotodeploy/css/bootstrap.min.css HTTP/1.1" 200 164340
0:0:0:0:0:0:0:1 - - [31/Mar/2025:00:46:33 +0900] "GET /zerotodeploy/lib/easing/easing.min.js HTTP/1.1" 200 2303
0:0:0:0:0:0:0:1 - - [31/Mar/2025:00:46:33 +0900] "GET /zerotodeploy/lib/waypoints/waypoints.min.js HTTP/1.1" 200 9034
0:0:0:0:0:0:0:1 - - [31/Mar/2025:00:46:33 +0900] "GET /zerotodeploy/img/kakao_login/en/kakao_login_medium_narrow.png HTTP/1.1" 200 3507
0:0:0:0:0:0:0:1 - - [31/Mar/2025:00:46:33 +0900] "GET /zerotodeploy/js/main.js HTTP/1.1" 200 1803
0:0:0:0:0:0:0:1 - - [31/Mar/2025:00:46:33 +0900] "GET /zerotodeploy/lib/owlcarousel/owl.carousel.min.js HTTP/1.1" 200 42772
0:0:0:0:0:0:0:1 - - [31/Mar/2025:00:55:15 +0900] "GET /zerotodeploy/login HTTP/1.1" 200 7004
0:0:0:0:0:0:0:1 - - [31/Mar/2025:00:55:15 +0900] "GET /zerotodeploy/lib/animate/animate.min.css HTTP/1.1" 200 16964
0:0:0:0:0:0:0:1 - - [31/Mar/2025:00:55:15 +0900] "GET /zerotodeploy/css/style.css HTTP/1.1" 200 8693
0:0:0:0:0:0:0:1 - - [31/Mar/2025:00:55:15 +0900] "GET /zerotodeploy/lib/owlcarousel/assets/owl.carousel.min.css HTTP/1.1" 200 2941
0:0:0:0:0:0:0:1 - - [31/Mar/2025:00:55:15 +0900] "GET /zerotodeploy/lib/wow/wow.js HTTP/1.1" 200 17059
0:0:0:0:0:0:0:1 - - [31/Mar/2025:00:55:15 +0900] "GET /zerotodeploy/img/kakao_login/en/kakao_login_medium_narrow.png HTTP/1.1" 200 3507
0:0:0:0:0:0:0:1 - - [31/Mar/2025:00:55:15 +0900] "GET /zerotodeploy/lib/easing/easing.min.js HTTP/1.1" 200 2303
0:0:0:0:0:0:0:1 - - [31/Mar/2025:00:55:15 +0900] "GET /zerotodeploy/css/bootstrap.min.css HTTP/1.1" 200 164340
0:0:0:0:0:0:0:1 - - [31/Mar/2025:00:55:15 +0900] "GET /zerotodeploy/lib/waypoints/waypoints.min.js HTTP/1.1" 200 9034
0:0:0:0:0:0:0:1 - - [31/Mar/2025:00:55:15 +0900] "GET /zerotodeploy/js/main.js HTTP/1.1" 200 1803
0:0:0:0:0:0:0:1 - - [31/Mar/2025:00:55:15 +0900] "GET /zerotodeploy/lib/owlcarousel/owl.carousel.min.js HTTP/1.1" 200 42772
0:0:0:0:0:0:0:1 - - [31/Mar/2025:01:00:23 +0900] "GET /zerotodeploy/ HTTP/1.1" 200 7872
0:0:0:0:0:0:0:1 - - [31/Mar/2025:01:00:23 +0900] "GET /zerotodeploy/lib/owlcarousel/assets/owl.carousel.min.css HTTP/1.1" 200 2941
0:0:0:0:0:0:0:1 - - [31/Mar/2025:01:00:23 +0900] "GET /zerotodeploy/css/bootstrap.min.css HTTP/1.1" 200 164340
0:0:0:0:0:0:0:1 - - [31/Mar/2025:01:00:23 +0900] "GET /zerotodeploy/lib/animate/animate.min.css HTTP/1.1" 200 16964
0:0:0:0:0:0:0:1 - - [31/Mar/2025:01:00:23 +0900] "GET /zerotodeploy/css/style.css HTTP/1.1" 200 8693
0:0:0:0:0:0:0:1 - - [31/Mar/2025:01:00:23 +0900] "GET /zerotodeploy/lib/wow/wow.js HTTP/1.1" 200 17059
0:0:0:0:0:0:0:1 - - [31/Mar/2025:01:00:23 +0900] "GET /zerotodeploy/lib/easing/easing.min.js HTTP/1.1" 200 2303
0:0:0:0:0:0:0:1 - - [31/Mar/2025:01:00:23 +0900] "GET /zerotodeploy/lib/waypoints/waypoints.min.js HTTP/1.1" 200 9034
0:0:0:0:0:0:0:1 - - [31/Mar/2025:01:00:23 +0900] "GET /zerotodeploy/js/main.js HTTP/1.1" 200 1803
0:0:0:0:0:0:0:1 - - [31/Mar/2025:01:00:23 +0900] "GET /zerotodeploy/lib/owlcarousel/owl.carousel.min.js HTTP/1.1" 200 42772
0:0:0:0:0:0:0:1 - - [31/Mar/2025:01:00:29 +0900] "GET /swagger-ui/index.html HTTP/1.1" 404 683
0:0:0:0:0:0:0:1 - - [31/Mar/2025:01:00:29 +0900] "GET /favicon.ico HTTP/1.1" 404 683
0:0:0:0:0:0:0:1 - - [31/Mar/2025:01:00:34 +0900] "GET /zerotodeploy/swagger-ui/index.html HTTP/1.1" 404 9798
0:0:0:0:0:0:0:1 - - [31/Mar/2025:01:19:20 +0900] "GET /zerotodeploy/ HTTP/1.1" 200 7872
0:0:0:0:0:0:0:1 - - [31/Mar/2025:01:19:20 +0900] "GET /zerotodeploy HTTP/1.1" 302 -
0:0:0:0:0:0:0:1 - - [31/Mar/2025:01:19:20 +0900] "GET /zerotodeploy/ HTTP/1.1" 200 7872
0:0:0:0:0:0:0:1 - - [31/Mar/2025:01:19:20 +0900] "GET /zerotodeploy/lib/animate/animate.min.css HTTP/1.1" 200 16964
0:0:0:0:0:0:0:1 - - [31/Mar/2025:01:19:20 +0900] "GET /zerotodeploy/lib/owlcarousel/assets/owl.carousel.min.css HTTP/1.1" 200 2941
0:0:0:0:0:0:0:1 - - [31/Mar/2025:01:19:20 +0900] "GET /zerotodeploy/css/bootstrap.min.css HTTP/1.1" 200 164340
0:0:0:0:0:0:0:1 - - [31/Mar/2025:01:19:21 +0900] "GET /zerotodeploy/css/style.css HTTP/1.1" 200 8693
0:0:0:0:0:0:0:1 - - [31/Mar/2025:01:19:21 +0900] "GET /zerotodeploy/lib/easing/easing.min.js HTTP/1.1" 200 2303
0:0:0:0:0:0:0:1 - - [31/Mar/2025:01:19:21 +0900] "GET /zerotodeploy/lib/wow/wow.js HTTP/1.1" 200 17059
0:0:0:0:0:0:0:1 - - [31/Mar/2025:01:19:21 +0900] "GET /zerotodeploy/js/main.js HTTP/1.1" 200 1803
0:0:0:0:0:0:0:1 - - [31/Mar/2025:01:19:21 +0900] "GET /zerotodeploy/lib/waypoints/waypoints.min.js HTTP/1.1" 200 9034
0:0:0:0:0:0:0:1 - - [31/Mar/2025:01:19:21 +0900] "GET /zerotodeploy/lib/owlcarousel/owl.carousel.min.js HTTP/1.1" 200 42772
0:0:0:0:0:0:0:1 - - [31/Mar/2025:01:19:40 +0900] "GET /swagger-ui/index.html HTTP/1.1" 404 683
0:0:0:0:0:0:0:1 - - [31/Mar/2025:01:19:42 +0900] "GET /swagger-ui/index.html HTTP/1.1" 404 683
0:0:0:0:0:0:0:1 - - [31/Mar/2025:01:19:42 +0900] "GET /swagger-ui/index.html HTTP/1.1" 404 683
0:0:0:0:0:0:0:1 - - [31/Mar/2025:01:19:42 +0900] "GET /swagger-ui/index.html HTTP/1.1" 404 683
0:0:0:0:0:0:0:1 - - [31/Mar/2025:01:19:42 +0900] "GET /swagger-ui/index.html HTTP/1.1" 404 683
0:0:0:0:0:0:0:1 - - [31/Mar/2025:01:19:42 +0900] "GET /swagger-ui/index.html HTTP/1.1" 404 683
0:0:0:0:0:0:0:1 - - [31/Mar/2025:01:19:43 +0900] "GET /swagger-ui/index.html HTTP/1.1" 404 683
0:0:0:0:0:0:0:1 - - [31/Mar/2025:01:19:57 +0900] "GET /zerotodeploy/swagger-ui/index.html HTTP/1.1" 404 9798
0:0:0:0:0:0:0:1 - - [31/Mar/2025:01:22:18 +0900] "GET /ontext-path/swagger-ui.html HTTP/1.1" 404 683
0:0:0:0:0:0:0:1 - - [31/Mar/2025:01:22:21 +0900] "GET /context-path/swagger-ui.html HTTP/1.1" 404 683
0:0:0:0:0:0:0:1 - - [31/Mar/2025:01:23:52 +0900] "GET /context-path/swagger-ui.html HTTP/1.1" 404 683
0:0:0:0:0:0:0:1 - - [31/Mar/2025:01:23:53 +0900] "GET /context-path/swagger-ui.html HTTP/1.1" 404 683
0:0:0:0:0:0:0:1 - - [31/Mar/2025:01:23:53 +0900] "GET /context-path/swagger-ui.html HTTP/1.1" 404 683
0:0:0:0:0:0:0:1 - - [31/Mar/2025:01:23:54 +0900] "GET /context-path/swagger-ui.html HTTP/1.1" 404 683
0:0:0:0:0:0:0:1 - - [31/Mar/2025:01:23:54 +0900] "GET /context-path/swagger-ui.html HTTP/1.1" 404 683
0:0:0:0:0:0:0:1 - - [31/Mar/2025:01:23:54 +0900] "GET /context-path/swagger-ui.html HTTP/1.1" 404 683
0:0:0:0:0:0:0:1 - - [31/Mar/2025:01:24:03 +0900] "GET /context-path/swagger-ui.html HTTP/1.1" 404 683
0:0:0:0:0:0:0:1 - - [31/Mar/2025:01:24:07 +0900] "GET /context-path/swagger-ui.html HTTP/1.1" 404 683
0:0:0:0:0:0:0:1 - - [31/Mar/2025:01:24:13 +0900] "GET /context-path/swagger-ui.html HTTP/1.1" 404 683
0:0:0:0:0:0:0:1 - - [31/Mar/2025:01:24:16 +0900] "GET / HTTP/1.1" 404 683
0:0:0:0:0:0:0:1 - - [31/Mar/2025:01:24:18 +0900] "GET /zerotodeploy/ HTTP/1.1" 200 7872
0:0:0:0:0:0:0:1 - - [31/Mar/2025:01:24:18 +0900] "GET /zerotodeploy/lib/owlcarousel/assets/owl.carousel.min.css HTTP/1.1" 200 2941
0:0:0:0:0:0:0:1 - - [31/Mar/2025:01:24:18 +0900] "GET /zerotodeploy/lib/animate/animate.min.css HTTP/1.1" 200 16964
0:0:0:0:0:0:0:1 - - [31/Mar/2025:01:24:18 +0900] "GET /zerotodeploy/css/style.css HTTP/1.1" 200 8693
0:0:0:0:0:0:0:1 - - [31/Mar/2025:01:24:18 +0900] "GET /zerotodeploy/css/bootstrap.min.css HTTP/1.1" 200 164340
0:0:0:0:0:0:0:1 - - [31/Mar/2025:01:24:18 +0900] "GET /zerotodeploy/lib/easing/easing.min.js HTTP/1.1" 200 2303
0:0:0:0:0:0:0:1 - - [31/Mar/2025:01:24:18 +0900] "GET /zerotodeploy/lib/wow/wow.js HTTP/1.1" 200 17059
0:0:0:0:0:0:0:1 - - [31/Mar/2025:01:24:18 +0900] "GET /zerotodeploy/lib/waypoints/waypoints.min.js HTTP/1.1" 200 9034
0:0:0:0:0:0:0:1 - - [31/Mar/2025:01:24:18 +0900] "GET /zerotodeploy/lib/owlcarousel/owl.carousel.min.js HTTP/1.1" 200 42772
0:0:0:0:0:0:0:1 - - [31/Mar/2025:01:24:18 +0900] "GET /zerotodeploy/js/main.js HTTP/1.1" 200 1803
0:0:0:0:0:0:0:1 - - [31/Mar/2025:01:24:48 +0900] "GET /swagger-ui/index.html HTTP/1.1" 404 683
0:0:0:0:0:0:0:1 - - [31/Mar/2025:01:24:49 +0900] "GET /swagger-ui/index.html HTTP/1.1" 404 683
0:0:0:0:0:0:0:1 - - [31/Mar/2025:01:31:26 +0900] "GET /swagger-ui.html HTTP/1.1" 404 683
0:0:0:0:0:0:0:1 - - [31/Mar/2025:01:38:43 +0900] "GET /zerotodeploy/0 HTTP/1.1" 404 9758
0:0:0:0:0:0:0:1 - - [31/Mar/2025:01:38:43 +0900] "GET /favicon.ico HTTP/1.1" 404 683
0:0:0:0:0:0:0:1 - - [31/Mar/2025:01:38:44 +0900] "GET /zerotodeploy/ HTTP/1.1" 200 7872
0:0:0:0:0:0:0:1 - - [31/Mar/2025:01:38:44 +0900] "GET /zerotodeploy/lib/owlcarousel/assets/owl.carousel.min.css HTTP/1.1" 200 2941
0:0:0:0:0:0:0:1 - - [31/Mar/2025:01:38:44 +0900] "GET /zerotodeploy/lib/animate/animate.min.css HTTP/1.1" 200 16964
0:0:0:0:0:0:0:1 - - [31/Mar/2025:01:38:44 +0900] "GET /zerotodeploy/css/style.css HTTP/1.1" 200 8693
0:0:0:0:0:0:0:1 - - [31/Mar/2025:01:38:44 +0900] "GET /zerotodeploy/css/bootstrap.min.css HTTP/1.1" 200 164340
0:0:0:0:0:0:0:1 - - [31/Mar/2025:01:38:44 +0900] "GET /zerotodeploy/lib/easing/easing.min.js HTTP/1.1" 200 2303
0:0:0:0:0:0:0:1 - - [31/Mar/2025:01:38:44 +0900] "GET /zerotodeploy/lib/wow/wow.js HTTP/1.1" 200 17059
0:0:0:0:0:0:0:1 - - [31/Mar/2025:01:38:44 +0900] "GET /zerotodeploy/lib/owlcarousel/owl.carousel.min.js HTTP/1.1" 200 42772
0:0:0:0:0:0:0:1 - - [31/Mar/2025:01:38:44 +0900] "GET /zerotodeploy/lib/waypoints/waypoints.min.js HTTP/1.1" 200 9034
0:0:0:0:0:0:0:1 - - [31/Mar/2025:01:38:44 +0900] "GET /zerotodeploy/js/main.js HTTP/1.1" 200 1803
0:0:0:0:0:0:0:1 - - [31/Mar/2025:01:38:44 +0900] "GET /zerotodeploy/img/favicon.ico HTTP/1.1" 404 9872
0:0:0:0:0:0:0:1 - - [31/Mar/2025:01:38:46 +0900] "GET /zerotodeploy/login HTTP/1.1" 200 7004
0:0:0:0:0:0:0:1 - - [31/Mar/2025:01:38:46 +0900] "GET /zerotodeploy/lib/animate/animate.min.css HTTP/1.1" 200 16964
0:0:0:0:0:0:0:1 - - [31/Mar/2025:01:38:46 +0900] "GET /zerotodeploy/lib/owlcarousel/assets/owl.carousel.min.css HTTP/1.1" 200 2941
0:0:0:0:0:0:0:1 - - [31/Mar/2025:01:38:46 +0900] "GET /zerotodeploy/css/style.css HTTP/1.1" 200 8693
0:0:0:0:0:0:0:1 - - [31/Mar/2025:01:38:46 +0900] "GET /zerotodeploy/lib/wow/wow.js HTTP/1.1" 200 17059
0:0:0:0:0:0:0:1 - - [31/Mar/2025:01:38:46 +0900] "GET /zerotodeploy/img/kakao_login/en/kakao_login_medium_narrow.png HTTP/1.1" 200 3507
0:0:0:0:0:0:0:1 - - [31/Mar/2025:01:38:46 +0900] "GET /zerotodeploy/css/bootstrap.min.css HTTP/1.1" 200 164340
0:0:0:0:0:0:0:1 - - [31/Mar/2025:01:38:46 +0900] "GET /zerotodeploy/lib/easing/easing.min.js HTTP/1.1" 200 2303
0:0:0:0:0:0:0:1 - - [31/Mar/2025:01:38:46 +0900] "GET /zerotodeploy/lib/waypoints/waypoints.min.js HTTP/1.1" 200 9034
0:0:0:0:0:0:0:1 - - [31/Mar/2025:01:38:46 +0900] "GET /zerotodeploy/js/main.js HTTP/1.1" 200 1803
0:0:0:0:0:0:0:1 - - [31/Mar/2025:01:38:46 +0900] "GET /zerotodeploy/lib/owlcarousel/owl.carousel.min.js HTTP/1.1" 200 42772
0:0:0:0:0:0:0:1 - - [31/Mar/2025:01:38:47 +0900] "GET /zerotodeploy/signUp HTTP/1.1" 200 6697
0:0:0:0:0:0:0:1 - - [31/Mar/2025:01:38:47 +0900] "GET /zerotodeploy/lib/animate/animate.min.css HTTP/1.1" 200 16964
0:0:0:0:0:0:0:1 - - [31/Mar/2025:01:38:47 +0900] "GET /zerotodeploy/css/style.css HTTP/1.1" 200 8693
0:0:0:0:0:0:0:1 - - [31/Mar/2025:01:38:47 +0900] "GET /zerotodeploy/lib/owlcarousel/assets/owl.carousel.min.css HTTP/1.1" 200 2941
0:0:0:0:0:0:0:1 - - [31/Mar/2025:01:38:47 +0900] "GET /zerotodeploy/lib/wow/wow.js HTTP/1.1" 200 17059
0:0:0:0:0:0:0:1 - - [31/Mar/2025:01:38:47 +0900] "GET /zerotodeploy/lib/waypoints/waypoints.min.js HTTP/1.1" 200 9034
0:0:0:0:0:0:0:1 - - [31/Mar/2025:01:38:47 +0900] "GET /zerotodeploy/lib/easing/easing.min.js HTTP/1.1" 200 2303
0:0:0:0:0:0:0:1 - - [31/Mar/2025:01:38:47 +0900] "GET /zerotodeploy/css/bootstrap.min.css HTTP/1.1" 200 164340
0:0:0:0:0:0:0:1 - - [31/Mar/2025:01:38:47 +0900] "GET /zerotodeploy/js/main.js HTTP/1.1" 200 1803
0:0:0:0:0:0:0:1 - - [31/Mar/2025:01:38:47 +0900] "GET /zerotodeploy/lib/owlcarousel/owl.carousel.min.js HTTP/1.1" 200 42772
0:0:0:0:0:0:0:1 - - [31/Mar/2025:01:38:53 +0900] "POST /zerotodeploy/join HTTP/1.1" 302 -
0:0:0:0:0:0:0:1 - - [31/Mar/2025:01:38:53 +0900] "GET /zerotodeploy/login HTTP/1.1" 200 7004
0:0:0:0:0:0:0:1 - - [31/Mar/2025:01:38:53 +0900] "GET /zerotodeploy/lib/animate/animate.min.css HTTP/1.1" 200 16964
0:0:0:0:0:0:0:1 - - [31/Mar/2025:01:38:53 +0900] "GET /zerotodeploy/lib/owlcarousel/assets/owl.carousel.min.css HTTP/1.1" 200 2941
0:0:0:0:0:0:0:1 - - [31/Mar/2025:01:38:53 +0900] "GET /zerotodeploy/css/style.css HTTP/1.1" 200 8693
0:0:0:0:0:0:0:1 - - [31/Mar/2025:01:38:53 +0900] "GET /zerotodeploy/lib/wow/wow.js HTTP/1.1" 200 17059
0:0:0:0:0:0:0:1 - - [31/Mar/2025:01:38:53 +0900] "GET /zerotodeploy/img/kakao_login/en/kakao_login_medium_narrow.png HTTP/1.1" 200 3507
0:0:0:0:0:0:0:1 - - [31/Mar/2025:01:38:53 +0900] "GET /zerotodeploy/css/bootstrap.min.css HTTP/1.1" 200 164340
0:0:0:0:0:0:0:1 - - [31/Mar/2025:01:38:53 +0900] "GET /zerotodeploy/lib/easing/easing.min.js HTTP/1.1" 200 2303
0:0:0:0:0:0:0:1 - - [31/Mar/2025:01:38:53 +0900] "GET /zerotodeploy/lib/waypoints/waypoints.min.js HTTP/1.1" 200 9034
0:0:0:0:0:0:0:1 - - [31/Mar/2025:01:38:53 +0900] "GET /zerotodeploy/lib/owlcarousel/owl.carousel.min.js HTTP/1.1" 200 42772
0:0:0:0:0:0:0:1 - - [31/Mar/2025:01:38:53 +0900] "GET /zerotodeploy/js/main.js HTTP/1.1" 200 1803
0:0:0:0:0:0:0:1 - - [31/Mar/2025:01:39:13 +0900] "GET /swagger-ui/index.html HTTP/1.1" 404 683
0:0:0:0:0:0:0:1 - - [31/Mar/2025:01:40:21 +0900] "GET /swagger-ui/index.html HTTP/1.1" 404 683
0:0:0:0:0:0:0:1 - - [31/Mar/2025:01:40:21 +0900] "GET /swagger-ui/index.html HTTP/1.1" 404 683
0:0:0:0:0:0:0:1 - - [31/Mar/2025:01:40:22 +0900] "GET /swagger-ui/index.html HTTP/1.1" 404 683
0:0:0:0:0:0:0:1 - - [31/Mar/2025:01:40:22 +0900] "GET /swagger-ui/index.html HTTP/1.1" 404 683
0:0:0:0:0:0:0:1 - - [31/Mar/2025:01:42:30 +0900] "GET /swagger-ui/index.html HTTP/1.1" 404 683
0:0:0:0:0:0:0:1 - - [31/Mar/2025:01:42:30 +0900] "GET /swagger-ui/index.html HTTP/1.1" 404 683
0:0:0:0:0:0:0:1 - - [31/Mar/2025:01:42:30 +0900] "GET /swagger-ui/index.html HTTP/1.1" 404 683
0:0:0:0:0:0:0:1 - - [31/Mar/2025:01:42:40 +0900] "GET /swagger-ui/index.html HTTP/1.1" 404 683
0:0:0:0:0:0:0:1 - - [31/Mar/2025:01:43:39 +0900] "GET /v3/api-docs HTTP/1.1" 404 683
0:0:0:0:0:0:0:1 - - [31/Mar/2025:01:43:52 +0900] "GET /v3/api-docs/index.html HTTP/1.1" 404 683
0:0:0:0:0:0:0:1 - - [31/Mar/2025:01:44:15 +0900] "GET /swagger-ui HTTP/1.1" 404 683
0:0:0:0:0:0:0:1 - - [31/Mar/2025:01:45:13 +0900] "GET /swagger-ui HTTP/1.1" 404 683
0:0:0:0:0:0:0:1 - - [31/Mar/2025:01:45:14 +0900] "GET /swagger-ui HTTP/1.1" 404 683
0:0:0:0:0:0:0:1 - - [31/Mar/2025:01:45:15 +0900] "GET /swagger-ui HTTP/1.1" 404 683
0:0:0:0:0:0:0:1 - - [31/Mar/2025:01:45:15 +0900] "GET /swagger-ui HTTP/1.1" 404 683
0:0:0:0:0:0:0:1 - - [31/Mar/2025:01:45:15 +0900] "GET /swagger-ui HTTP/1.1" 404 683
0:0:0:0:0:0:0:1 - - [31/Mar/2025:01:45:15 +0900] "GET /swagger-ui HTTP/1.1" 404 683
127.0.0.1 - - [31/Mar/2025:01:45:23 +0900] "GET /swagger-ui HTTP/1.1" 404 683
127.0.0.1 - - [31/Mar/2025:01:45:23 +0900] "GET /swagger-ui HTTP/1.1" 404 683
127.0.0.1 - - [31/Mar/2025:01:46:41 +0900] "GET /v3/api-docs HTTP/1.1" 404 683
127.0.0.1 - - [31/Mar/2025:01:46:44 +0900] "GET /v3/api-docs HTTP/1.1" 404 683
0:0:0:0:0:0:0:1 - - [31/Mar/2025:01:47:53 +0900] "GET /swagger-ui HTTP/1.1" 404 683
0:0:0:0:0:0:0:1 - - [31/Mar/2025:01:47:54 +0900] "GET /swagger-ui HTTP/1.1" 404 683
0:0:0:0:0:0:0:1 - - [31/Mar/2025:01:47:54 +0900] "GET /swagger-ui HTTP/1.1" 404 683
0:0:0:0:0:0:0:1 - - [31/Mar/2025:01:47:54 +0900] "GET /swagger-ui HTTP/1.1" 404 683
0:0:0:0:0:0:0:1 - - [31/Mar/2025:01:47:54 +0900] "GET /swagger-ui HTTP/1.1" 404 683
0:0:0:0:0:0:0:1 - - [31/Mar/2025:01:47:54 +0900] "GET /swagger-ui HTTP/1.1" 404 683
127.0.0.1 - - [31/Mar/2025:01:48:12 +0900] "GET /swagger-ui HTTP/1.1" 404 683
127.0.0.1 - - [31/Mar/2025:01:48:13 +0900] "GET /swagger-ui HTTP/1.1" 404 683
127.0.0.1 - - [31/Mar/2025:01:48:14 +0900] "GET /swagger-ui HTTP/1.1" 404 683
127.0.0.1 - - [31/Mar/2025:01:48:14 +0900] "GET /swagger-ui HTTP/1.1" 404 683
127.0.0.1 - - [31/Mar/2025:01:48:14 +0900] "GET /swagger-ui HTTP/1.1" 404 683
127.0.0.1 - - [31/Mar/2025:01:48:14 +0900] "GET /swagger-ui HTTP/1.1" 404 683
127.0.0.1 - - [31/Mar/2025:01:48:15 +0900] "GET /swagger-ui HTTP/1.1" 404 683
127.0.0.1 - - [31/Mar/2025:01:48:15 +0900] "GET /swagger-ui HTTP/1.1" 404 683
127.0.0.1 - - [31/Mar/2025:01:48:15 +0900] "GET /swagger-ui HTTP/1.1" 404 683
127.0.0.1 - - [31/Mar/2025:01:48:16 +0900] "GET /swagger-ui HTTP/1.1" 404 683
127.0.0.1 - - [31/Mar/2025:01:48:16 +0900] "GET /swagger-ui HTTP/1.1" 404 683
127.0.0.1 - - [31/Mar/2025:01:48:16 +0900] "GET /swagger-ui HTTP/1.1" 404 683
127.0.0.1 - - [31/Mar/2025:01:48:17 +0900] "GET /swagger-ui HTTP/1.1" 404 683
127.0.0.1 - - [31/Mar/2025:01:48:17 +0900] "GET /swagger-ui HTTP/1.1" 404 683
127.0.0.1 - - [31/Mar/2025:01:48:21 +0900] "GET /swagger-ui HTTP/1.1" 404 683
127.0.0.1 - - [31/Mar/2025:01:48:21 +0900] "GET /favicon.ico HTTP/1.1" 404 683
127.0.0.1 - - [31/Mar/2025:01:48:36 +0900] "GET /swagger-ui.html HTTP/1.1" 404 683
127.0.0.1 - - [31/Mar/2025:01:48:42 +0900] "GET /v3/api-docs HTTP/1.1" 404 683
127.0.0.1 - - [31/Mar/2025:01:49:32 +0900] "GET /v3/api-docs HTTP/1.1" 404 683
0:0:0:0:0:0:0:1 - - [31/Mar/2025:01:50:55 +0900] "GET /v3/api-docs HTTP/1.1" 404 683
0:0:0:0:0:0:0:1 - - [31/Mar/2025:01:50:56 +0900] "GET /v3/api-docs HTTP/1.1" 404 683
0:0:0:0:0:0:0:1 - - [31/Mar/2025:01:50:56 +0900] "GET /v3/api-docs HTTP/1.1" 404 683
0:0:0:0:0:0:0:1 - - [31/Mar/2025:01:50:56 +0900] "GET /v3/api-docs HTTP/1.1" 404 683
0:0:0:0:0:0:0:1 - - [31/Mar/2025:01:51:43 +0900] "GET /v3/api-docs HTTP/1.1" 404 683
0:0:0:0:0:0:0:1 - - [31/Mar/2025:01:51:44 +0900] "GET /v3/api-docs HTTP/1.1" 404 683
0:0:0:0:0:0:0:1 - - [31/Mar/2025:01:51:44 +0900] "GET /v3/api-docs HTTP/1.1" 404 683
0:0:0:0:0:0:0:1 - - [31/Mar/2025:01:51:44 +0900] "GET /v3/api-docs HTTP/1.1" 404 683
0:0:0:0:0:0:0:1 - - [31/Mar/2025:01:51:45 +0900] "GET /v3/api-docs HTTP/1.1" 404 683
0:0:0:0:0:0:0:1 - - [31/Mar/2025:01:51:45 +0900] "GET /v3/api-docs HTTP/1.1" 404 683
0:0:0:0:0:0:0:1 - - [31/Mar/2025:01:51:45 +0900] "GET /v3/api-docs HTTP/1.1" 404 683
0:0:0:0:0:0:0:1 - - [31/Mar/2025:01:51:47 +0900] "GET /v3/api-docs HTTP/1.1" 404 683
0:0:0:0:0:0:0:1 - - [31/Mar/2025:01:51:47 +0900] "GET /v3/api-docs HTTP/1.1" 404 683
0:0:0:0:0:0:0:1 - - [31/Mar/2025:01:51:47 +0900] "GET /v3/api-docs HTTP/1.1" 404 683
0:0:0:0:0:0:0:1 - - [31/Mar/2025:01:51:47 +0900] "GET /v3/api-docs HTTP/1.1" 404 683
0:0:0:0:0:0:0:1 - - [31/Mar/2025:01:51:48 +0900] "GET /v3/api-docs HTTP/1.1" 404 683
0:0:0:0:0:0:0:1 - - [31/Mar/2025:01:51:48 +0900] "GET /v3/api-docs HTTP/1.1" 404 683
0:0:0:0:0:0:0:1 - - [31/Mar/2025:01:51:53 +0900] "GET /api/test HTTP/1.1" 404 683
0:0:0:0:0:0:0:1 - - [31/Mar/2025:01:51:54 +0900] "GET /api/test HTTP/1.1" 404 683
0:0:0:0:0:0:0:1 - - [31/Mar/2025:01:51:54 +0900] "GET /api/test HTTP/1.1" 404 683
0:0:0:0:0:0:0:1 - - [31/Mar/2025:01:51:54 +0900] "GET /api/test HTTP/1.1" 404 683
0:0:0:0:0:0:0:1 - - [31/Mar/2025:01:51:54 +0900] "GET /api/test HTTP/1.1" 404 683
0:0:0:0:0:0:0:1 - - [31/Mar/2025:01:51:54 +0900] "GET /api/test HTTP/1.1" 404 683
0:0:0:0:0:0:0:1 - - [31/Mar/2025:01:51:55 +0900] "GET /api/test HTTP/1.1" 404 683
0:0:0:0:0:0:0:1 - - [31/Mar/2025:01:52:05 +0900] "GET /v3/api-docs HTTP/1.1" 404 683
0:0:0:0:0:0:0:1 - - [31/Mar/2025:01:53:07 +0900] "GET /v3/api-docs HTTP/1.1" 404 683
0:0:0:0:0:0:0:1 - - [31/Mar/2025:01:53:08 +0900] "GET /v3/api-docs HTTP/1.1" 404 683
0:0:0:0:0:0:0:1 - - [31/Mar/2025:01:53:08 +0900] "GET /v3/api-docs HTTP/1.1" 404 683
0:0:0:0:0:0:0:1 - - [31/Mar/2025:01:53:11 +0900] "GET /v3/api-docs HTTP/1.1" 404 683
0:0:0:0:0:0:0:1 - - [31/Mar/2025:01:53:11 +0900] "GET /v3/api-docs HTTP/1.1" 404 683
0:0:0:0:0:0:0:1 - - [31/Mar/2025:01:53:12 +0900] "GET /v3/api-docs HTTP/1.1" 404 683
0:0:0:0:0:0:0:1 - - [31/Mar/2025:01:53:13 +0900] "GET /v3/api-docs HTTP/1.1" 404 683
0:0:0:0:0:0:0:1 - - [31/Mar/2025:01:53:13 +0900] "GET /v3/api-docs HTTP/1.1" 404 683
0:0:0:0:0:0:0:1 - - [31/Mar/2025:01:53:14 +0900] "GET /v3/api-docs HTTP/1.1" 404 683
0:0:0:0:0:0:0:1 - - [31/Mar/2025:01:53:20 +0900] "GET /v3/api-docs HTTP/1.1" 404 683
0:0:0:0:0:0:0:1 - - [31/Mar/2025:01:53:26 +0900] "GET /swagger-ui HTTP/1.1" 404 683
0:0:0:0:0:0:0:1 - - [31/Mar/2025:01:53:33 +0900] "GET /swagger-ui/index.html HTTP/1.1" 404 683
0:0:0:0:0:0:0:1 - - [31/Mar/2025:01:54:21 +0900] "GET /swagger-ui/index.html HTTP/1.1" 404 683
0:0:0:0:0:0:0:1 - - [31/Mar/2025:01:54:21 +0900] "GET /swagger-ui/index.html HTTP/1.1" 404 683
0:0:0:0:0:0:0:1 - - [31/Mar/2025:01:54:21 +0900] "GET /swagger-ui/index.html HTTP/1.1" 404 683
0:0:0:0:0:0:0:1 - - [31/Mar/2025:01:54:25 +0900] "GET /v3/api-docs HTTP/1.1" 404 683
0:0:0:0:0:0:0:1 - - [31/Mar/2025:01:54:26 +0900] "GET /v3/api-docs HTTP/1.1" 404 683
0:0:0:0:0:0:0:1 - - [31/Mar/2025:01:54:26 +0900] "GET /v3/api-docs HTTP/1.1" 404 683
0:0:0:0:0:0:0:1 - - [31/Mar/2025:01:54:26 +0900] "GET /v3/api-docs HTTP/1.1" 404 683
0:0:0:0:0:0:0:1 - - [31/Mar/2025:01:54:27 +0900] "GET /v3/api-docs HTTP/1.1" 404 683
0:0:0:0:0:0:0:1 - - [31/Mar/2025:01:54:29 +0900] "GET /swagger-ui HTTP/1.1" 404 683
0:0:0:0:0:0:0:1 - - [31/Mar/2025:01:54:30 +0900] "GET /swagger-ui HTTP/1.1" 404 683
0:0:0:0:0:0:0:1 - - [31/Mar/2025:01:54:30 +0900] "GET /swagger-ui HTTP/1.1" 404 683
0:0:0:0:0:0:0:1 - - [31/Mar/2025:01:54:31 +0900] "GET /v3/api-docs HTTP/1.1" 404 683
0:0:0:0:0:0:0:1 - - [31/Mar/2025:01:54:31 +0900] "GET /v3/api-docs HTTP/1.1" 404 683
0:0:0:0:0:0:0:1 - - [31/Mar/2025:01:54:31 +0900] "GET /v3/api-docs HTTP/1.1" 404 683
0:0:0:0:0:0:0:1 - - [31/Mar/2025:01:54:31 +0900] "GET /v3/api-docs HTTP/1.1" 404 683
0:0:0:0:0:0:0:1 - - [31/Mar/2025:01:57:48 +0900] "GET /swagger-ui HTTP/1.1" 404 683
0:0:0:0:0:0:0:1 - - [31/Mar/2025:01:57:49 +0900] "GET /swagger-ui HTTP/1.1" 404 683
0:0:0:0:0:0:0:1 - - [31/Mar/2025:01:57:51 +0900] "GET /v3/api-docs HTTP/1.1" 404 683
0:0:0:0:0:0:0:1 - - [31/Mar/2025:01:58:18 +0900] "GET /v3/api-docs HTTP/1.1" 404 683
0:0:0:0:0:0:0:1 - - [31/Mar/2025:01:58:19 +0900] "GET /swagger-ui HTTP/1.1" 404 683
0:0:0:0:0:0:0:1 - - [31/Mar/2025:01:59:40 +0900] "GET /swagger-ui HTTP/1.1" 404 683
0:0:0:0:0:0:0:1 - - [31/Mar/2025:01:59:41 +0900] "GET /swagger-ui HTTP/1.1" 404 683
0:0:0:0:0:0:0:1 - - [31/Mar/2025:01:59:41 +0900] "GET /swagger-ui HTTP/1.1" 404 683
0:0:0:0:0:0:0:1 - - [31/Mar/2025:13:47:00 +0900] "GET / HTTP/1.1" 404 683
0:0:0:0:0:0:0:1 - - [31/Mar/2025:13:47:00 +0900] "GET /favicon.ico HTTP/1.1" 404 683
0:0:0:0:0:0:0:1 - - [31/Mar/2025:13:47:03 +0900] "GET /zerotodeploy HTTP/1.1" 302 -
0:0:0:0:0:0:0:1 - - [31/Mar/2025:13:47:03 +0900] "GET /zerotodeploy/ HTTP/1.1" 200 7872
0:0:0:0:0:0:0:1 - - [31/Mar/2025:13:47:03 +0900] "GET /zerotodeploy/css/style.css HTTP/1.1" 200 8693
0:0:0:0:0:0:0:1 - - [31/Mar/2025:13:47:03 +0900] "GET /zerotodeploy/lib/easing/easing.min.js HTTP/1.1" 200 2303
0:0:0:0:0:0:0:1 - - [31/Mar/2025:13:47:03 +0900] "GET /zerotodeploy/lib/owlcarousel/assets/owl.carousel.min.css HTTP/1.1" 200 2941
0:0:0:0:0:0:0:1 - - [31/Mar/2025:13:47:03 +0900] "GET /zerotodeploy/js/main.js HTTP/1.1" 200 1803
0:0:0:0:0:0:0:1 - - [31/Mar/2025:13:47:03 +0900] "GET /zerotodeploy/lib/waypoints/waypoints.min.js HTTP/1.1" 200 9034
0:0:0:0:0:0:0:1 - - [31/Mar/2025:13:47:03 +0900] "GET /zerotodeploy/lib/animate/animate.min.css HTTP/1.1" 200 16964
0:0:0:0:0:0:0:1 - - [31/Mar/2025:13:47:03 +0900] "GET /zerotodeploy/lib/wow/wow.js HTTP/1.1" 200 17059
0:0:0:0:0:0:0:1 - - [31/Mar/2025:13:47:03 +0900] "GET /zerotodeploy/css/bootstrap.min.css HTTP/1.1" 200 164340
0:0:0:0:0:0:0:1 - - [31/Mar/2025:13:47:03 +0900] "GET /zerotodeploy/lib/owlcarousel/owl.carousel.min.js HTTP/1.1" 200 42772
0:0:0:0:0:0:0:1 - - [31/Mar/2025:13:47:04 +0900] "GET /zerotodeploy/img/favicon.ico HTTP/1.1" 404 10195
0:0:0:0:0:0:0:1 - - [31/Mar/2025:13:47:29 +0900] "GET /swagger-ui/index.html HTTP/1.1" 404 683
0:0:0:0:0:0:0:1 - - [31/Mar/2025:13:47:39 +0900] "GET /v3/api-docs HTTP/1.1" 404 683
0:0:0:0:0:0:0:1 - - [31/Mar/2025:13:50:09 +0900] "GET /v3/api-docs HTTP/1.1" 404 683
0:0:0:0:0:0:0:1 - - [31/Mar/2025:13:50:10 +0900] "GET /swagger-ui/index.html HTTP/1.1" 404 683
0:0:0:0:0:0:0:1 - - [31/Mar/2025:13:50:10 +0900] "GET /swagger-ui/index.html HTTP/1.1" 404 683
0:0:0:0:0:0:0:1 - - [31/Mar/2025:13:50:12 +0900] "GET /swagger-ui/index.html HTTP/1.1" 302 -
0:0:0:0:0:0:0:1 - - [31/Mar/2025:13:50:12 +0900] "GET /login HTTP/1.1" 200 1103
0:0:0:0:0:0:0:1 - - [31/Mar/2025:13:50:12 +0900] "GET /default-ui.css HTTP/1.1" 200 3065
0:0:0:0:0:0:0:1 - - [31/Mar/2025:13:50:20 +0900] "POST /login HTTP/1.1" 404 683
0:0:0:0:0:0:0:1 - - [31/Mar/2025:13:50:24 +0900] "POST /login HTTP/1.1" 404 683
0:0:0:0:0:0:0:1 - - [31/Mar/2025:13:50:28 +0900] "GET /login HTTP/1.1" 404 683
0:0:0:0:0:0:0:1 - - [31/Mar/2025:13:50:28 +0900] "GET /zerotodeploy/ HTTP/1.1" 200 7872
0:0:0:0:0:0:0:1 - - [31/Mar/2025:13:50:28 +0900] "GET /zerotodeploy/lib/owlcarousel/assets/owl.carousel.min.css HTTP/1.1" 200 2941
0:0:0:0:0:0:0:1 - - [31/Mar/2025:13:50:28 +0900] "GET /zerotodeploy/lib/animate/animate.min.css HTTP/1.1" 200 16964
0:0:0:0:0:0:0:1 - - [31/Mar/2025:13:50:28 +0900] "GET /zerotodeploy/css/style.css HTTP/1.1" 200 8693
0:0:0:0:0:0:0:1 - - [31/Mar/2025:13:50:28 +0900] "GET /zerotodeploy/lib/easing/easing.min.js HTTP/1.1" 200 2303
0:0:0:0:0:0:0:1 - - [31/Mar/2025:13:50:28 +0900] "GET /zerotodeploy/lib/wow/wow.js HTTP/1.1" 200 17059
0:0:0:0:0:0:0:1 - - [31/Mar/2025:13:50:28 +0900] "GET /zerotodeploy/css/bootstrap.min.css HTTP/1.1" 200 164340
0:0:0:0:0:0:0:1 - - [31/Mar/2025:13:50:28 +0900] "GET /zerotodeploy/lib/waypoints/waypoints.min.js HTTP/1.1" 200 9034
0:0:0:0:0:0:0:1 - - [31/Mar/2025:13:50:28 +0900] "GET /zerotodeploy/lib/owlcarousel/owl.carousel.min.js HTTP/1.1" 200 42772
0:0:0:0:0:0:0:1 - - [31/Mar/2025:13:50:28 +0900] "GET /zerotodeploy/js/main.js HTTP/1.1" 200 1803
0:0:0:0:0:0:0:1 - - [31/Mar/2025:13:50:29 +0900] "GET /zerotodeploy/ HTTP/1.1" 200 7872
0:0:0:0:0:0:0:1 - - [31/Mar/2025:13:50:29 +0900] "GET /zerotodeploy/lib/animate/animate.min.css HTTP/1.1" 200 16964
0:0:0:0:0:0:0:1 - - [31/Mar/2025:13:50:29 +0900] "GET /zerotodeploy/css/style.css HTTP/1.1" 200 8693
0:0:0:0:0:0:0:1 - - [31/Mar/2025:13:50:29 +0900] "GET /zerotodeploy/lib/easing/easing.min.js HTTP/1.1" 200 2303
0:0:0:0:0:0:0:1 - - [31/Mar/2025:13:50:29 +0900] "GET /zerotodeploy/lib/owlcarousel/assets/owl.carousel.min.css HTTP/1.1" 200 2941
0:0:0:0:0:0:0:1 - - [31/Mar/2025:13:50:29 +0900] "GET /zerotodeploy/lib/wow/wow.js HTTP/1.1" 200 17059
0:0:0:0:0:0:0:1 - - [31/Mar/2025:13:50:29 +0900] "GET /zerotodeploy/css/bootstrap.min.css HTTP/1.1" 200 164340
0:0:0:0:0:0:0:1 - - [31/Mar/2025:13:50:29 +0900] "GET /zerotodeploy/lib/waypoints/waypoints.min.js HTTP/1.1" 200 9034
0:0:0:0:0:0:0:1 - - [31/Mar/2025:13:50:29 +0900] "GET /zerotodeploy/js/main.js HTTP/1.1" 200 1803
0:0:0:0:0:0:0:1 - - [31/Mar/2025:13:50:29 +0900] "GET /zerotodeploy/lib/owlcarousel/owl.carousel.min.js HTTP/1.1" 200 42772
0:0:0:0:0:0:0:1 - - [31/Mar/2025:13:50:30 +0900] "GET /zerotodeploy/ HTTP/1.1" 200 7872
0:0:0:0:0:0:0:1 - - [31/Mar/2025:13:50:30 +0900] "GET /zerotodeploy/lib/animate/animate.min.css HTTP/1.1" 200 16964
0:0:0:0:0:0:0:1 - - [31/Mar/2025:13:50:30 +0900] "GET /zerotodeploy/lib/owlcarousel/assets/owl.carousel.min.css HTTP/1.1" 200 2941
0:0:0:0:0:0:0:1 - - [31/Mar/2025:13:50:30 +0900] "GET /zerotodeploy/lib/easing/easing.min.js HTTP/1.1" 200 2303
0:0:0:0:0:0:0:1 - - [31/Mar/2025:13:50:30 +0900] "GET /zerotodeploy/lib/wow/wow.js HTTP/1.1" 200 17059
0:0:0:0:0:0:0:1 - - [31/Mar/2025:13:50:30 +0900] "GET /zerotodeploy/css/style.css HTTP/1.1" 200 8693
0:0:0:0:0:0:0:1 - - [31/Mar/2025:13:50:30 +0900] "GET /zerotodeploy/css/bootstrap.min.css HTTP/1.1" 200 164340
0:0:0:0:0:0:0:1 - - [31/Mar/2025:13:50:30 +0900] "GET /zerotodeploy/lib/waypoints/waypoints.min.js HTTP/1.1" 200 9034
0:0:0:0:0:0:0:1 - - [31/Mar/2025:13:50:30 +0900] "GET /zerotodeploy/js/main.js HTTP/1.1" 200 1803
0:0:0:0:0:0:0:1 - - [31/Mar/2025:13:50:30 +0900] "GET /zerotodeploy/lib/owlcarousel/owl.carousel.min.js HTTP/1.1" 200 42772
0:0:0:0:0:0:0:1 - - [31/Mar/2025:13:50:36 +0900] "GET /swagger-ui HTTP/1.1" 404 683
0:0:0:0:0:0:0:1 - - [31/Mar/2025:13:50:48 +0900] "GET /swagger-ui/index.html HTTP/1.1" 404 683
0:0:0:0:0:0:0:1 - - [31/Mar/2025:13:51:56 +0900] "GET /swagger-ui/index.html HTTP/1.1" 404 683
0:0:0:0:0:0:0:1 - - [31/Mar/2025:13:51:57 +0900] "GET /swagger-ui/index.html HTTP/1.1" 404 683
0:0:0:0:0:0:0:1 - - [31/Mar/2025:13:51:57 +0900] "GET /swagger-ui/index.html HTTP/1.1" 404 683
0:0:0:0:0:0:0:1 - - [31/Mar/2025:13:51:58 +0900] "GET /swagger-ui/index.html HTTP/1.1" 404 683
0:0:0:0:0:0:0:1 - - [31/Mar/2025:13:51:58 +0900] "GET /swagger-ui/index.html HTTP/1.1" 404 683
0:0:0:0:0:0:0:1 - - [31/Mar/2025:13:51:58 +0900] "GET /swagger-ui/index.html HTTP/1.1" 404 683
0:0:0:0:0:0:0:1 - - [31/Mar/2025:13:51:58 +0900] "GET /swagger-ui/index.html HTTP/1.1" 404 683
0:0:0:0:0:0:0:1 - - [31/Mar/2025:13:51:59 +0900] "GET /swagger-ui/index.html HTTP/1.1" 404 683
0:0:0:0:0:0:0:1 - - [31/Mar/2025:13:51:59 +0900] "GET /swagger-ui/index.html HTTP/1.1" 404 683
0:0:0:0:0:0:0:1 - - [31/Mar/2025:13:51:59 +0900] "GET /swagger-ui/index.html HTTP/1.1" 404 683
0:0:0:0:0:0:0:1 - - [31/Mar/2025:13:51:59 +0900] "GET /swagger-ui/index.html HTTP/1.1" 404 683
0:0:0:0:0:0:0:1 - - [31/Mar/2025:13:52:00 +0900] "GET /swagger-ui/index.html HTTP/1.1" 404 683
0:0:0:0:0:0:0:1 - - [31/Mar/2025:13:52:00 +0900] "GET /swagger-ui/index.html HTTP/1.1" 404 683
0:0:0:0:0:0:0:1 - - [31/Mar/2025:13:52:00 +0900] "GET /swagger-ui/index.html HTTP/1.1" 404 683
0:0:0:0:0:0:0:1 - - [31/Mar/2025:13:52:01 +0900] "GET /swagger-ui/index.html HTTP/1.1" 404 683
0:0:0:0:0:0:0:1 - - [31/Mar/2025:13:52:02 +0900] "GET /swagger-ui/index.html HTTP/1.1" 404 683
0:0:0:0:0:0:0:1 - - [31/Mar/2025:13:52:02 +0900] "GET /swagger-ui/index.html HTTP/1.1" 404 683
0:0:0:0:0:0:0:1 - - [31/Mar/2025:13:52:05 +0900] "GET /swagger-ui/index.html HTTP/1.1" 404 683
0:0:0:0:0:0:0:1 - - [31/Mar/2025:13:52:06 +0900] "GET /swagger-ui/index.html HTTP/1.1" 404 683
0:0:0:0:0:0:0:1 - - [31/Mar/2025:13:52:06 +0900] "GET /swagger-ui/index.html HTTP/1.1" 404 683
0:0:0:0:0:0:0:1 - - [31/Mar/2025:13:52:08 +0900] "GET /swagger-ui/index.html HTTP/1.1" 404 683
0:0:0:0:0:0:0:1 - - [31/Mar/2025:13:52:08 +0900] "GET /swagger-ui/index.html HTTP/1.1" 404 683
0:0:0:0:0:0:0:1 - - [31/Mar/2025:13:53:39 +0900] "GET /swagger-ui/index.html HTTP/1.1" 404 683
0:0:0:0:0:0:0:1 - - [31/Mar/2025:13:53:40 +0900] "GET /swagger-ui/index.html HTTP/1.1" 404 683
0:0:0:0:0:0:0:1 - - [31/Mar/2025:13:53:40 +0900] "GET /swagger-ui/index.html HTTP/1.1" 404 683
0:0:0:0:0:0:0:1 - - [31/Mar/2025:13:55:27 +0900] "GET /swagger-ui/index.html HTTP/1.1" 404 683
0:0:0:0:0:0:0:1 - - [31/Mar/2025:13:55:28 +0900] "GET /swagger-ui/index.html HTTP/1.1" 404 683
0:0:0:0:0:0:0:1 - - [31/Mar/2025:13:55:28 +0900] "GET /swagger-ui/index.html HTTP/1.1" 404 683
0:0:0:0:0:0:0:1 - - [31/Mar/2025:13:55:28 +0900] "GET /swagger-ui/index.html HTTP/1.1" 404 683
0:0:0:0:0:0:0:1 - - [31/Mar/2025:13:55:28 +0900] "GET /swagger-ui/index.html HTTP/1.1" 404 683
0:0:0:0:0:0:0:1 - - [31/Mar/2025:13:56:03 +0900] "GET /swagger-ui HTTP/1.1" 404 683
0:0:0:0:0:0:0:1 - - [31/Mar/2025:13:56:03 +0900] "GET /v3/api-docs HTTP/1.1" 404 683
0:0:0:0:0:0:0:1 - - [31/Mar/2025:13:57:23 +0900] "GET /v3/api-docs HTTP/1.1" 404 683
0:0:0:0:0:0:0:1 - - [31/Mar/2025:13:57:23 +0900] "GET /swagger-ui HTTP/1.1" 404 683
0:0:0:0:0:0:0:1 - - [31/Mar/2025:13:57:25 +0900] "GET /swagger-ui HTTP/1.1" 404 683
0:0:0:0:0:0:0:1 - - [31/Mar/2025:13:57:25 +0900] "GET /swagger-ui HTTP/1.1" 404 683
0:0:0:0:0:0:0:1 - - [31/Mar/2025:13:57:25 +0900] "GET /v3/api-docs HTTP/1.1" 404 683
0:0:0:0:0:0:0:1 - - [31/Mar/2025:13:57:26 +0900] "GET /v3/api-docs HTTP/1.1" 404 683
0:0:0:0:0:0:0:1 - - [31/Mar/2025:13:57:26 +0900] "GET /v3/api-docs HTTP/1.1" 404 683
0:0:0:0:0:0:0:1 - - [31/Mar/2025:13:57:26 +0900] "GET /v3/api-docs HTTP/1.1" 404 683
0:0:0:0:0:0:0:1 - - [31/Mar/2025:13:57:26 +0900] "GET /swagger-ui HTTP/1.1" 404 683
0:0:0:0:0:0:0:1 - - [31/Mar/2025:13:57:26 +0900] "GET /swagger-ui HTTP/1.1" 404 683
0:0:0:0:0:0:0:1 - - [31/Mar/2025:13:57:27 +0900] "GET /v3/api-docs HTTP/1.1" 404 683
0:0:0:0:0:0:0:1 - - [31/Mar/2025:13:57:27 +0900] "GET /v3/api-docs HTTP/1.1" 404 683
0:0:0:0:0:0:0:1 - - [31/Mar/2025:13:57:27 +0900] "GET /swagger-ui HTTP/1.1" 404 683
0:0:0:0:0:0:0:1 - - [31/Mar/2025:13:57:27 +0900] "GET /swagger-ui HTTP/1.1" 404 683
0:0:0:0:0:0:0:1 - - [31/Mar/2025:13:57:27 +0900] "GET /v3/api-docs HTTP/1.1" 404 683
0:0:0:0:0:0:0:1 - - [31/Mar/2025:13:57:27 +0900] "GET /v3/api-docs HTTP/1.1" 404 683
0:0:0:0:0:0:0:1 - - [31/Mar/2025:13:57:57 +0900] "GET /v3/api-docs HTTP/1.1" 404 683
0:0:0:0:0:0:0:1 - - [31/Mar/2025:13:57:57 +0900] "GET /swagger-ui HTTP/1.1" 404 683
0:0:0:0:0:0:0:1 - - [31/Mar/2025:13:57:58 +0900] "GET /swagger-ui HTTP/1.1" 404 683
0:0:0:0:0:0:0:1 - - [31/Mar/2025:13:57:58 +0900] "GET /v3/api-docs HTTP/1.1" 404 683
0:0:0:0:0:0:0:1 - - [31/Mar/2025:13:57:58 +0900] "GET /v3/api-docs HTTP/1.1" 404 683
0:0:0:0:0:0:0:1 - - [31/Mar/2025:13:57:58 +0900] "GET /swagger-ui HTTP/1.1" 404 683
0:0:0:0:0:0:0:1 - - [31/Mar/2025:13:57:59 +0900] "GET /v3/api-docs HTTP/1.1" 404 683
0:0:0:0:0:0:0:1 - - [31/Mar/2025:13:57:59 +0900] "GET /v3/api-docs HTTP/1.1" 404 683
0:0:0:0:0:0:0:1 - - [31/Mar/2025:13:58:02 +0900] "GET /v3/api-docs HTTP/1.1" 404 683
0:0:0:0:0:0:0:1 - - [31/Mar/2025:13:58:02 +0900] "GET /v3/api-docs HTTP/1.1" 404 683
0:0:0:0:0:0:0:1 - - [31/Mar/2025:13:58:02 +0900] "GET /swagger-ui HTTP/1.1" 404 683
0:0:0:0:0:0:0:1 - - [31/Mar/2025:13:58:02 +0900] "GET /swagger-ui HTTP/1.1" 404 683
0:0:0:0:0:0:0:1 - - [31/Mar/2025:13:58:02 +0900] "GET /v3/api-docs HTTP/1.1" 404 683
0:0:0:0:0:0:0:1 - - [31/Mar/2025:13:58:03 +0900] "GET /swagger-ui HTTP/1.1" 404 683
0:0:0:0:0:0:0:1 - - [31/Mar/2025:13:58:03 +0900] "GET /v3/api-docs HTTP/1.1" 404 683
0:0:0:0:0:0:0:1 - - [31/Mar/2025:13:58:03 +0900] "GET /swagger-ui HTTP/1.1" 404 683
0:0:0:0:0:0:0:1 - - [31/Mar/2025:13:58:03 +0900] "GET /v3/api-docs HTTP/1.1" 404 683
0:0:0:0:0:0:0:1 - - [31/Mar/2025:13:58:03 +0900] "GET /swagger-ui HTTP/1.1" 404 683
0:0:0:0:0:0:0:1 - - [31/Mar/2025:13:58:04 +0900] "GET /v3/api-docs HTTP/1.1" 404 683
0:0:0:0:0:0:0:1 - - [31/Mar/2025:13:58:04 +0900] "GET /swagger-ui HTTP/1.1" 404 683
0:0:0:0:0:0:0:1 - - [31/Mar/2025:13:58:04 +0900] "GET /v3/api-docs HTTP/1.1" 404 683
0:0:0:0:0:0:0:1 - - [31/Mar/2025:13:58:04 +0900] "GET /v3/api-docs HTTP/1.1" 404 683
0:0:0:0:0:0:0:1 - - [31/Mar/2025:13:58:05 +0900] "GET /v3/api-docs HTTP/1.1" 404 683
0:0:0:0:0:0:0:1 - - [31/Mar/2025:13:58:05 +0900] "GET /v3/api-docs HTTP/1.1" 404 683
0:0:0:0:0:0:0:1 - - [31/Mar/2025:13:58:05 +0900] "GET /swagger-ui HTTP/1.1" 404 683
0:0:0:0:0:0:0:1 - - [31/Mar/2025:13:58:05 +0900] "GET /swagger-ui HTTP/1.1" 404 683
0:0:0:0:0:0:0:1 - - [31/Mar/2025:13:58:06 +0900] "GET /v3/api-docs HTTP/1.1" 404 683
0:0:0:0:0:0:0:1 - - [31/Mar/2025:13:58:06 +0900] "GET /swagger-ui HTTP/1.1" 404 683
0:0:0:0:0:0:0:1 - - [31/Mar/2025:13:58:06 +0900] "GET /swagger-ui HTTP/1.1" 404 683
0:0:0:0:0:0:0:1 - - [31/Mar/2025:13:58:06 +0900] "GET /v3/api-docs HTTP/1.1" 404 683
0:0:0:0:0:0:0:1 - - [31/Mar/2025:13:58:06 +0900] "GET /swagger-ui HTTP/1.1" 404 683
0:0:0:0:0:0:0:1 - - [31/Mar/2025:13:58:07 +0900] "GET /swagger-ui HTTP/1.1" 404 683
0:0:0:0:0:0:0:1 - - [31/Mar/2025:13:58:07 +0900] "GET /v3/api-docs HTTP/1.1" 404 683
0:0:0:0:0:0:0:1 - - [31/Mar/2025:13:58:07 +0900] "GET /swagger-ui HTTP/1.1" 404 683
0:0:0:0:0:0:0:1 - - [31/Mar/2025:13:58:07 +0900] "GET /swagger-ui HTTP/1.1" 404 683
0:0:0:0:0:0:0:1 - - [31/Mar/2025:13:58:08 +0900] "GET /v3/api-docs HTTP/1.1" 404 683
0:0:0:0:0:0:0:1 - - [31/Mar/2025:13:58:08 +0900] "GET /v3/api-docs HTTP/1.1" 404 683
0:0:0:0:0:0:0:1 - - [31/Mar/2025:13:58:08 +0900] "GET /swagger-ui HTTP/1.1" 404 683
0:0:0:0:0:0:0:1 - - [31/Mar/2025:13:58:08 +0900] "GET /swagger-ui HTTP/1.1" 404 683
0:0:0:0:0:0:0:1 - - [31/Mar/2025:13:58:08 +0900] "GET /swagger-ui HTTP/1.1" 404 683
0:0:0:0:0:0:0:1 - - [31/Mar/2025:13:58:47 +0900] "GET /v3/api-docs HTTP/1.1" 404 683
0:0:0:0:0:0:0:1 - - [31/Mar/2025:13:58:47 +0900] "GET /v3/api-docs HTTP/1.1" 404 683
0:0:0:0:0:0:0:1 - - [31/Mar/2025:13:58:47 +0900] "GET /swagger-ui HTTP/1.1" 404 683
0:0:0:0:0:0:0:1 - - [31/Mar/2025:13:58:48 +0900] "GET /swagger-ui HTTP/1.1" 404 683
0:0:0:0:0:0:0:1 - - [31/Mar/2025:13:58:48 +0900] "GET /v3/api-docs HTTP/1.1" 404 683
0:0:0:0:0:0:0:1 - - [31/Mar/2025:13:58:48 +0900] "GET /v3/api-docs HTTP/1.1" 404 683
0:0:0:0:0:0:0:1 - - [31/Mar/2025:13:58:49 +0900] "GET /swagger-ui HTTP/1.1" 404 683
0:0:0:0:0:0:0:1 - - [31/Mar/2025:13:58:49 +0900] "GET /v3/api-docs HTTP/1.1" 404 683
0:0:0:0:0:0:0:1 - - [31/Mar/2025:13:58:49 +0900] "GET /v3/api-docs HTTP/1.1" 404 683
0:0:0:0:0:0:0:1 - - [31/Mar/2025:13:58:50 +0900] "GET /swagger-ui HTTP/1.1" 404 683
0:0:0:0:0:0:0:1 - - [31/Mar/2025:13:58:50 +0900] "GET /swagger-ui HTTP/1.1" 404 683
0:0:0:0:0:0:0:1 - - [31/Mar/2025:13:58:50 +0900] "GET /v3/api-docs HTTP/1.1" 404 683
0:0:0:0:0:0:0:1 - - [31/Mar/2025:13:59:20 +0900] "GET /v3/api-docs HTTP/1.1" 404 683
0:0:0:0:0:0:0:1 - - [31/Mar/2025:13:59:21 +0900] "GET /v3/api-docs HTTP/1.1" 404 683
0:0:0:0:0:0:0:1 - - [31/Mar/2025:13:59:21 +0900] "GET /swagger-ui HTTP/1.1" 404 683
0:0:0:0:0:0:0:1 - - [31/Mar/2025:13:59:21 +0900] "GET /swagger-ui HTTP/1.1" 404 683
0:0:0:0:0:0:0:1 - - [31/Mar/2025:14:01:45 +0900] "GET /v3/api-docs HTTP/1.1" 404 683
0:0:0:0:0:0:0:1 - - [31/Mar/2025:14:01:45 +0900] "GET /swagger-ui HTTP/1.1" 404 683
0:0:0:0:0:0:0:1 - - [31/Mar/2025:14:06:47 +0900] "GET /swagger-ui HTTP/1.1" 404 683
0:0:0:0:0:0:0:1 - - [31/Mar/2025:14:06:47 +0900] "GET /v3/api-docs HTTP/1.1" 404 683
0:0:0:0:0:0:0:1 - - [31/Mar/2025:14:06:49 +0900] "GET /swagger-ui HTTP/1.1" 404 683
0:0:0:0:0:0:0:1 - - [31/Mar/2025:14:06:49 +0900] "GET /swagger-ui HTTP/1.1" 404 683
0:0:0:0:0:0:0:1 - - [31/Mar/2025:14:06:49 +0900] "GET /v3/api-docs HTTP/1.1" 404 683
0:0:0:0:0:0:0:1 - - [31/Mar/2025:14:06:50 +0900] "GET /v3/api-docs HTTP/1.1" 404 683
0:0:0:0:0:0:0:1 - - [31/Mar/2025:14:06:50 +0900] "GET /swagger-ui HTTP/1.1" 404 683
0:0:0:0:0:0:0:1 - - [31/Mar/2025:14:06:51 +0900] "GET /v3/api-docs HTTP/1.1" 404 683
0:0:0:0:0:0:0:1 - - [31/Mar/2025:14:06:51 +0900] "GET /swagger-ui HTTP/1.1" 404 683
0:0:0:0:0:0:0:1 - - [31/Mar/2025:14:06:51 +0900] "GET /v3/api-docs HTTP/1.1" 404 683
0:0:0:0:0:0:0:1 - - [31/Mar/2025:14:06:51 +0900] "GET /swagger-ui HTTP/1.1" 404 683
0:0:0:0:0:0:0:1 - - [31/Mar/2025:19:23:25 +0900] "GET /zerotodeploy/signUp HTTP/1.1" 200 6697
0:0:0:0:0:0:0:1 - - [31/Mar/2025:19:23:25 +0900] "GET /zerotodeploy/lib/owlcarousel/assets/owl.carousel.min.css HTTP/1.1" 304 -
0:0:0:0:0:0:0:1 - - [31/Mar/2025:19:23:25 +0900] "GET /zerotodeploy/lib/animate/animate.min.css HTTP/1.1" 304 -
0:0:0:0:0:0:0:1 - - [31/Mar/2025:19:23:25 +0900] "GET /zerotodeploy/css/bootstrap.min.css HTTP/1.1" 304 -
0:0:0:0:0:0:0:1 - - [31/Mar/2025:19:23:25 +0900] "GET /zerotodeploy/css/style.css HTTP/1.1" 304 -
0:0:0:0:0:0:0:1 - - [31/Mar/2025:19:23:25 +0900] "GET /zerotodeploy/lib/wow/wow.js HTTP/1.1" 304 -
0:0:0:0:0:0:0:1 - - [31/Mar/2025:19:23:25 +0900] "GET /zerotodeploy/lib/easing/easing.min.js HTTP/1.1" 304 -
0:0:0:0:0:0:0:1 - - [31/Mar/2025:19:23:25 +0900] "GET /zerotodeploy/lib/waypoints/waypoints.min.js HTTP/1.1" 304 -
0:0:0:0:0:0:0:1 - - [31/Mar/2025:19:23:25 +0900] "GET /zerotodeploy/lib/owlcarousel/owl.carousel.min.js HTTP/1.1" 304 -
0:0:0:0:0:0:0:1 - - [31/Mar/2025:19:23:25 +0900] "GET /zerotodeploy/js/main.js HTTP/1.1" 304 -
0:0:0:0:0:0:0:1 - - [31/Mar/2025:19:23:28 +0900] "GET /zerotodeploy/signUp HTTP/1.1" 200 6697
0:0:0:0:0:0:0:1 - - [31/Mar/2025:19:23:32 +0900] "POST /zerotodeploy/join HTTP/1.1" 200 15
0:0:0:0:0:0:0:1 - - [31/Mar/2025:19:25:17 +0900] "POST /zerotodeploy/join HTTP/1.1" 500 11153
0:0:0:0:0:0:0:1 - - [31/Mar/2025:19:25:43 +0900] "GET /zerotodeploy/signUp HTTP/1.1" 200 6697
0:0:0:0:0:0:0:1 - - [31/Mar/2025:19:25:47 +0900] "POST /zerotodeploy/join HTTP/1.1" 200 15
127.0.0.1 - - [31/Mar/2025:19:26:22 +0900] "GET /v3/api-docs HTTP/1.1" 404 683
127.0.0.1 - - [31/Mar/2025:19:26:23 +0900] "GET /v3/api-docs HTTP/1.1" 404 683
127.0.0.1 - - [31/Mar/2025:19:26:23 +0900] "GET /v3/api-docs HTTP/1.1" 404 683
0:0:0:0:0:0:0:1 - - [31/Mar/2025:19:34:13 +0900] "POST /zerotodeploy/join HTTP/1.1" 500 11153
0:0:0:0:0:0:0:1 - - [31/Mar/2025:19:34:19 +0900] "POST /zerotodeploy/join HTTP/1.1" 302 -
0:0:0:0:0:0:0:1 - - [31/Mar/2025:19:34:19 +0900] "GET /zerotodeploy/login HTTP/1.1" 200 7004
0:0:0:0:0:0:0:1 - - [31/Mar/2025:19:34:19 +0900] "GET /zerotodeploy/img/kakao_login/en/kakao_login_medium_narrow.png HTTP/1.1" 200 3507
0:0:0:0:0:0:0:1 - - [31/Mar/2025:19:34:19 +0900] "GET /zerotodeploy/lib/animate/animate.min.css HTTP/1.1" 200 16964
0:0:0:0:0:0:0:1 - - [31/Mar/2025:19:34:19 +0900] "GET /zerotodeploy/css/style.css HTTP/1.1" 200 8693
0:0:0:0:0:0:0:1 - - [31/Mar/2025:19:34:19 +0900] "GET /zerotodeploy/lib/wow/wow.js HTTP/1.1" 200 17059
0:0:0:0:0:0:0:1 - - [31/Mar/2025:19:34:19 +0900] "GET /zerotodeploy/lib/owlcarousel/assets/owl.carousel.min.css HTTP/1.1" 200 2941
0:0:0:0:0:0:0:1 - - [31/Mar/2025:19:34:19 +0900] "GET /zerotodeploy/css/bootstrap.min.css HTTP/1.1" 200 164340
0:0:0:0:0:0:0:1 - - [31/Mar/2025:19:34:19 +0900] "GET /zerotodeploy/lib/waypoints/waypoints.min.js HTTP/1.1" 200 9034
0:0:0:0:0:0:0:1 - - [31/Mar/2025:19:34:19 +0900] "GET /zerotodeploy/lib/easing/easing.min.js HTTP/1.1" 200 2303
0:0:0:0:0:0:0:1 - - [31/Mar/2025:19:34:19 +0900] "GET /zerotodeploy/js/main.js HTTP/1.1" 200 1803
0:0:0:0:0:0:0:1 - - [31/Mar/2025:19:34:19 +0900] "GET /zerotodeploy/lib/owlcarousel/owl.carousel.min.js HTTP/1.1" 200 42772
0:0:0:0:0:0:0:1 - - [31/Mar/2025:22:01:13 +0900] "GET /zerotodeploy/login HTTP/1.1" 500 13556
0:0:0:0:0:0:0:1 - - [31/Mar/2025:22:01:19 +0900] "GET /zerotodeploy/signUp HTTP/1.1" 200 6697
0:0:0:0:0:0:0:1 - - [31/Mar/2025:22:01:20 +0900] "GET /zerotodeploy/login HTTP/1.1" 500 13556
0:0:0:0:0:0:0:1 - - [31/Mar/2025:22:09:46 +0900] "GET /zerotodeploy/ HTTP/1.1" 200 7872
0:0:0:0:0:0:0:1 - - [31/Mar/2025:22:09:46 +0900] "GET /zerotodeploy/lib/animate/animate.min.css HTTP/1.1" 200 16964
0:0:0:0:0:0:0:1 - - [31/Mar/2025:22:09:46 +0900] "GET /zerotodeploy/lib/owlcarousel/assets/owl.carousel.min.css HTTP/1.1" 200 2941
0:0:0:0:0:0:0:1 - - [31/Mar/2025:22:09:46 +0900] "GET /zerotodeploy/css/bootstrap.min.css HTTP/1.1" 200 164340
0:0:0:0:0:0:0:1 - - [31/Mar/2025:22:09:46 +0900] "GET /zerotodeploy/css/style.css HTTP/1.1" 200 8693
0:0:0:0:0:0:0:1 - - [31/Mar/2025:22:09:46 +0900] "GET /zerotodeploy/lib/easing/easing.min.js HTTP/1.1" 200 2303
0:0:0:0:0:0:0:1 - - [31/Mar/2025:22:09:46 +0900] "GET /zerotodeploy/lib/wow/wow.js HTTP/1.1" 200 17059
0:0:0:0:0:0:0:1 - - [31/Mar/2025:22:09:46 +0900] "GET /zerotodeploy/lib/waypoints/waypoints.min.js HTTP/1.1" 200 9034
0:0:0:0:0:0:0:1 - - [31/Mar/2025:22:09:46 +0900] "GET /zerotodeploy/lib/owlcarousel/owl.carousel.min.js HTTP/1.1" 200 42772
0:0:0:0:0:0:0:1 - - [31/Mar/2025:22:09:46 +0900] "GET /zerotodeploy/js/main.js HTTP/1.1" 200 1803
0:0:0:0:0:0:0:1 - - [31/Mar/2025:22:09:48 +0900] "GET /zerotodeploy/login HTTP/1.1" 200 7019
0:0:0:0:0:0:0:1 - - [31/Mar/2025:22:09:48 +0900] "GET /zerotodeploy/img/kakao_login/en/kakao_login_medium_narrow.png HTTP/1.1" 200 3507
0:0:0:0:0:0:0:1 - - [31/Mar/2025:22:09:53 +0900] "POST /zerotodeploy/login HTTP/1.1" 200 7019
