0:0:0:0:0:0:0:1 - - [28/Dec/2024:09:34:42 +0900] "GET / HTTP/1.1" 200 52398
0:0:0:0:0:0:0:1 - - [28/Dec/2024:09:34:42 +0900] "GET /lib/owlcarousel/assets/owl.carousel.min.css HTTP/1.1" 200 2941
0:0:0:0:0:0:0:1 - - [28/Dec/2024:09:34:42 +0900] "GET /css/style.css HTTP/1.1" 200 8596
0:0:0:0:0:0:0:1 - - [28/Dec/2024:09:34:42 +0900] "GET /css/bootstrap.min.css HTTP/1.1" 200 164340
0:0:0:0:0:0:0:1 - - [28/Dec/2024:09:34:42 +0900] "GET /lib/animate/animate.min.css HTTP/1.1" 200 16964
0:0:0:0:0:0:0:1 - - [28/Dec/2024:09:34:42 +0900] "GET /lib/wow/wow.js HTTP/1.1" 200 17059
0:0:0:0:0:0:0:1 - - [28/Dec/2024:09:34:42 +0900] "GET /img/about-1.jpg HTTP/1.1" 200 23884
0:0:0:0:0:0:0:1 - - [28/Dec/2024:09:34:42 +0900] "GET /lib/easing/easing.min.js HTTP/1.1" 200 2303
0:0:0:0:0:0:0:1 - - [28/Dec/2024:09:34:42 +0900] "GET /img/carousel-1.jpg HTTP/1.1" 200 62287
0:0:0:0:0:0:0:1 - - [28/Dec/2024:09:34:42 +0900] "GET /js/main.js HTTP/1.1" 200 1803
0:0:0:0:0:0:0:1 - - [28/Dec/2024:09:34:42 +0900] "GET /lib/waypoints/waypoints.min.js HTTP/1.1" 200 9034
0:0:0:0:0:0:0:1 - - [28/Dec/2024:09:34:42 +0900] "GET /img/about-2.jpg HTTP/1.1" 200 19751
0:0:0:0:0:0:0:1 - - [28/Dec/2024:09:34:42 +0900] "GET /img/about-3.jpg HTTP/1.1" 200 18799
0:0:0:0:0:0:0:1 - - [28/Dec/2024:09:34:42 +0900] "GET /img/carousel-2.jpg HTTP/1.1" 200 41785
0:0:0:0:0:0:0:1 - - [28/Dec/2024:09:34:42 +0900] "GET /img/about-4.jpg HTTP/1.1" 200 24484
0:0:0:0:0:0:0:1 - - [28/Dec/2024:09:34:42 +0900] "GET /lib/owlcarousel/owl.carousel.min.js HTTP/1.1" 200 42772
0:0:0:0:0:0:0:1 - - [28/Dec/2024:09:34:42 +0900] "GET /img/com-logo-4.jpg HTTP/1.1" 200 2445
0:0:0:0:0:0:0:1 - - [28/Dec/2024:09:34:42 +0900] "GET /img/com-logo-1.jpg HTTP/1.1" 200 2418
0:0:0:0:0:0:0:1 - - [28/Dec/2024:09:34:42 +0900] "GET /img/com-logo-5.jpg HTTP/1.1" 200 2274
0:0:0:0:0:0:0:1 - - [28/Dec/2024:09:34:42 +0900] "GET /img/com-logo-2.jpg HTTP/1.1" 200 2592
0:0:0:0:0:0:0:1 - - [28/Dec/2024:09:34:42 +0900] "GET /img/testimonial-4.jpg HTTP/1.1" 200 3268
0:0:0:0:0:0:0:1 - - [28/Dec/2024:09:34:42 +0900] "GET /img/com-logo-3.jpg HTTP/1.1" 200 2289
0:0:0:0:0:0:0:1 - - [28/Dec/2024:09:34:42 +0900] "GET /img/testimonial-3.jpg HTTP/1.1" 200 3066
0:0:0:0:0:0:0:1 - - [28/Dec/2024:09:34:42 +0900] "GET /img/testimonial-2.jpg HTTP/1.1" 200 3517
0:0:0:0:0:0:0:1 - - [28/Dec/2024:09:34:42 +0900] "GET /img/testimonial-1.jpg HTTP/1.1" 200 3451
0:0:0:0:0:0:0:1 - - [28/Dec/2024:09:34:42 +0900] "GET /img/carousel-1.jpg HTTP/1.1" 200 62287
0:0:0:0:0:0:0:1 - - [28/Dec/2024:09:34:42 +0900] "GET /img/carousel-2.jpg HTTP/1.1" 200 41785
0:0:0:0:0:0:0:1 - - [28/Dec/2024:09:34:42 +0900] "GET /img/testimonial-2.jpg HTTP/1.1" 200 3517
0:0:0:0:0:0:0:1 - - [28/Dec/2024:09:34:42 +0900] "GET /img/testimonial-1.jpg HTTP/1.1" 200 3451
0:0:0:0:0:0:0:1 - - [28/Dec/2024:09:34:42 +0900] "GET /img/testimonial-4.jpg HTTP/1.1" 200 3268
0:0:0:0:0:0:0:1 - - [28/Dec/2024:09:34:42 +0900] "GET /img/testimonial-3.jpg HTTP/1.1" 200 3066
0:0:0:0:0:0:0:1 - - [28/Dec/2024:09:34:42 +0900] "GET /img/favicon.ico HTTP/1.1" 404 4372
0:0:0:0:0:0:0:1 - - [28/Dec/2024:09:34:45 +0900] "GET /about HTTP/1.1" 200 11645
0:0:0:0:0:0:0:1 - - [28/Dec/2024:09:34:45 +0900] "GET /css/style.css HTTP/1.1" 200 8596
0:0:0:0:0:0:0:1 - - [28/Dec/2024:09:34:45 +0900] "GET /img/about-1.jpg HTTP/1.1" 200 23884
0:0:0:0:0:0:0:1 - - [28/Dec/2024:09:34:45 +0900] "GET /img/about-2.jpg HTTP/1.1" 200 19751
0:0:0:0:0:0:0:1 - - [28/Dec/2024:09:34:45 +0900] "GET /img/about-3.jpg HTTP/1.1" 200 18799
0:0:0:0:0:0:0:1 - - [28/Dec/2024:09:34:45 +0900] "GET /lib/owlcarousel/assets/owl.carousel.min.css HTTP/1.1" 200 2941
0:0:0:0:0:0:0:1 - - [28/Dec/2024:09:34:45 +0900] "GET /css/bootstrap.min.css HTTP/1.1" 200 164340
0:0:0:0:0:0:0:1 - - [28/Dec/2024:09:34:45 +0900] "GET /lib/animate/animate.min.css HTTP/1.1" 200 16964
0:0:0:0:0:0:0:1 - - [28/Dec/2024:09:34:45 +0900] "GET /img/about-4.jpg HTTP/1.1" 200 24484
0:0:0:0:0:0:0:1 - - [28/Dec/2024:09:34:45 +0900] "GET /lib/waypoints/waypoints.min.js HTTP/1.1" 200 9034
0:0:0:0:0:0:0:1 - - [28/Dec/2024:09:34:45 +0900] "GET /js/main.js HTTP/1.1" 200 1803
0:0:0:0:0:0:0:1 - - [28/Dec/2024:09:34:45 +0900] "GET /lib/wow/wow.js HTTP/1.1" 200 17059
0:0:0:0:0:0:0:1 - - [28/Dec/2024:09:34:45 +0900] "GET /lib/owlcarousel/owl.carousel.min.js HTTP/1.1" 200 42772
0:0:0:0:0:0:0:1 - - [28/Dec/2024:09:34:45 +0900] "GET /lib/easing/easing.min.js HTTP/1.1" 200 2303
0:0:0:0:0:0:0:1 - - [28/Dec/2024:09:34:45 +0900] "GET /img/carousel-1.jpg HTTP/1.1" 200 62287
0:0:0:0:0:0:0:1 - - [28/Dec/2024:09:34:45 +0900] "GET /springboot HTTP/1.1" 200 166
0:0:0:0:0:0:0:1 - - [28/Dec/2024:09:34:45 +0900] "GET /favicon.ico HTTP/1.1" 404 4360
0:0:0:0:0:0:0:1 - - [28/Dec/2024:09:35:17 +0900] "GET /contact HTTP/1.1" 200 15228
0:0:0:0:0:0:0:1 - - [28/Dec/2024:09:35:17 +0900] "GET /lib/animate/animate.min.css HTTP/1.1" 200 16964
0:0:0:0:0:0:0:1 - - [28/Dec/2024:09:35:17 +0900] "GET /lib/owlcarousel/assets/owl.carousel.min.css HTTP/1.1" 200 2941
0:0:0:0:0:0:0:1 - - [28/Dec/2024:09:35:17 +0900] "GET /css/bootstrap.min.css HTTP/1.1" 200 164340
0:0:0:0:0:0:0:1 - - [28/Dec/2024:09:35:17 +0900] "GET /css/style.css HTTP/1.1" 200 8596
0:0:0:0:0:0:0:1 - - [28/Dec/2024:09:35:17 +0900] "GET /lib/easing/easing.min.js HTTP/1.1" 200 2303
0:0:0:0:0:0:0:1 - - [28/Dec/2024:09:35:17 +0900] "GET /lib/wow/wow.js HTTP/1.1" 200 17059
0:0:0:0:0:0:0:1 - - [28/Dec/2024:09:35:17 +0900] "GET /lib/waypoints/waypoints.min.js HTTP/1.1" 200 9034
0:0:0:0:0:0:0:1 - - [28/Dec/2024:09:35:17 +0900] "GET /lib/owlcarousel/owl.carousel.min.js HTTP/1.1" 200 42772
0:0:0:0:0:0:0:1 - - [28/Dec/2024:09:35:17 +0900] "GET /js/main.js HTTP/1.1" 200 1803
0:0:0:0:0:0:0:1 - - [28/Dec/2024:09:35:17 +0900] "GET /img/carousel-1.jpg HTTP/1.1" 200 62287
0:0:0:0:0:0:0:1 - - [28/Dec/2024:09:36:34 +0900] "GET / HTTP/1.1" 200 51781
0:0:0:0:0:0:0:1 - - [28/Dec/2024:09:36:34 +0900] "GET /lib/animate/animate.min.css HTTP/1.1" 200 16964
0:0:0:0:0:0:0:1 - - [28/Dec/2024:09:36:34 +0900] "GET /lib/owlcarousel/assets/owl.carousel.min.css HTTP/1.1" 200 2941
0:0:0:0:0:0:0:1 - - [28/Dec/2024:09:36:34 +0900] "GET /css/bootstrap.min.css HTTP/1.1" 200 164340
0:0:0:0:0:0:0:1 - - [28/Dec/2024:09:36:34 +0900] "GET /css/style.css HTTP/1.1" 200 8596
0:0:0:0:0:0:0:1 - - [28/Dec/2024:09:36:34 +0900] "GET /img/carousel-2.jpg HTTP/1.1" 200 41785
0:0:0:0:0:0:0:1 - - [28/Dec/2024:09:36:34 +0900] "GET /img/carousel-1.jpg HTTP/1.1" 200 62287
0:0:0:0:0:0:0:1 - - [28/Dec/2024:09:36:34 +0900] "GET /img/about-1.jpg HTTP/1.1" 200 23884
0:0:0:0:0:0:0:1 - - [28/Dec/2024:09:36:34 +0900] "GET /img/about-3.jpg HTTP/1.1" 200 18799
0:0:0:0:0:0:0:1 - - [28/Dec/2024:09:36:34 +0900] "GET /img/about-2.jpg HTTP/1.1" 200 19751
0:0:0:0:0:0:0:1 - - [28/Dec/2024:09:36:34 +0900] "GET /lib/easing/easing.min.js HTTP/1.1" 200 2303
0:0:0:0:0:0:0:1 - - [28/Dec/2024:09:36:34 +0900] "GET /lib/wow/wow.js HTTP/1.1" 200 17059
0:0:0:0:0:0:0:1 - - [28/Dec/2024:09:36:34 +0900] "GET /lib/waypoints/waypoints.min.js HTTP/1.1" 200 9034
0:0:0:0:0:0:0:1 - - [28/Dec/2024:09:36:34 +0900] "GET /js/main.js HTTP/1.1" 200 1803
0:0:0:0:0:0:0:1 - - [28/Dec/2024:09:36:34 +0900] "GET /lib/owlcarousel/owl.carousel.min.js HTTP/1.1" 200 42772
0:0:0:0:0:0:0:1 - - [28/Dec/2024:09:36:34 +0900] "GET /img/about-4.jpg HTTP/1.1" 200 24484
0:0:0:0:0:0:0:1 - - [28/Dec/2024:09:36:34 +0900] "GET /img/com-logo-1.jpg HTTP/1.1" 200 2418
0:0:0:0:0:0:0:1 - - [28/Dec/2024:09:36:34 +0900] "GET /img/com-logo-2.jpg HTTP/1.1" 200 2592
0:0:0:0:0:0:0:1 - - [28/Dec/2024:09:36:34 +0900] "GET /img/carousel-1.jpg HTTP/1.1" 200 62287
0:0:0:0:0:0:0:1 - - [28/Dec/2024:09:36:34 +0900] "GET /img/com-logo-3.jpg HTTP/1.1" 200 2289
0:0:0:0:0:0:0:1 - - [28/Dec/2024:09:36:34 +0900] "GET /img/com-logo-4.jpg HTTP/1.1" 200 2445
0:0:0:0:0:0:0:1 - - [28/Dec/2024:09:36:34 +0900] "GET /img/testimonial-1.jpg HTTP/1.1" 200 3451
0:0:0:0:0:0:0:1 - - [28/Dec/2024:09:36:34 +0900] "GET /img/com-logo-5.jpg HTTP/1.1" 200 2274
0:0:0:0:0:0:0:1 - - [28/Dec/2024:09:36:34 +0900] "GET /img/testimonial-2.jpg HTTP/1.1" 200 3517
0:0:0:0:0:0:0:1 - - [28/Dec/2024:09:36:34 +0900] "GET /img/testimonial-4.jpg HTTP/1.1" 200 3268
0:0:0:0:0:0:0:1 - - [28/Dec/2024:09:36:34 +0900] "GET /img/testimonial-3.jpg HTTP/1.1" 200 3066
0:0:0:0:0:0:0:1 - - [28/Dec/2024:09:36:34 +0900] "GET /img/carousel-2.jpg HTTP/1.1" 200 41785
0:0:0:0:0:0:0:1 - - [28/Dec/2024:09:36:36 +0900] "GET /index HTTP/1.1" 200 51781
0:0:0:0:0:0:0:1 - - [28/Dec/2024:09:36:36 +0900] "GET /lib/animate/animate.min.css HTTP/1.1" 200 16964
0:0:0:0:0:0:0:1 - - [28/Dec/2024:09:36:36 +0900] "GET /lib/owlcarousel/assets/owl.carousel.min.css HTTP/1.1" 200 2941
0:0:0:0:0:0:0:1 - - [28/Dec/2024:09:36:36 +0900] "GET /css/bootstrap.min.css HTTP/1.1" 200 164340
0:0:0:0:0:0:0:1 - - [28/Dec/2024:09:36:36 +0900] "GET /img/carousel-2.jpg HTTP/1.1" 200 41785
0:0:0:0:0:0:0:1 - - [28/Dec/2024:09:36:36 +0900] "GET /img/carousel-1.jpg HTTP/1.1" 200 62287
0:0:0:0:0:0:0:1 - - [28/Dec/2024:09:36:36 +0900] "GET /img/about-1.jpg HTTP/1.1" 200 23884
0:0:0:0:0:0:0:1 - - [28/Dec/2024:09:36:36 +0900] "GET /css/style.css HTTP/1.1" 200 8596
0:0:0:0:0:0:0:1 - - [28/Dec/2024:09:36:36 +0900] "GET /img/about-2.jpg HTTP/1.1" 200 19751
0:0:0:0:0:0:0:1 - - [28/Dec/2024:09:36:36 +0900] "GET /img/about-3.jpg HTTP/1.1" 200 18799
0:0:0:0:0:0:0:1 - - [28/Dec/2024:09:36:36 +0900] "GET /lib/waypoints/waypoints.min.js HTTP/1.1" 200 9034
0:0:0:0:0:0:0:1 - - [28/Dec/2024:09:36:36 +0900] "GET /js/main.js HTTP/1.1" 200 1803
0:0:0:0:0:0:0:1 - - [28/Dec/2024:09:36:36 +0900] "GET /lib/easing/easing.min.js HTTP/1.1" 200 2303
0:0:0:0:0:0:0:1 - - [28/Dec/2024:09:36:36 +0900] "GET /lib/wow/wow.js HTTP/1.1" 200 17059
0:0:0:0:0:0:0:1 - - [28/Dec/2024:09:36:36 +0900] "GET /lib/owlcarousel/owl.carousel.min.js HTTP/1.1" 200 42772
0:0:0:0:0:0:0:1 - - [28/Dec/2024:09:36:36 +0900] "GET /img/about-4.jpg HTTP/1.1" 200 24484
0:0:0:0:0:0:0:1 - - [28/Dec/2024:09:36:36 +0900] "GET /img/com-logo-3.jpg HTTP/1.1" 200 2289
0:0:0:0:0:0:0:1 - - [28/Dec/2024:09:36:36 +0900] "GET /img/com-logo-4.jpg HTTP/1.1" 200 2445
0:0:0:0:0:0:0:1 - - [28/Dec/2024:09:36:36 +0900] "GET /img/com-logo-1.jpg HTTP/1.1" 200 2418
0:0:0:0:0:0:0:1 - - [28/Dec/2024:09:36:36 +0900] "GET /img/com-logo-5.jpg HTTP/1.1" 200 2274
0:0:0:0:0:0:0:1 - - [28/Dec/2024:09:36:36 +0900] "GET /img/com-logo-2.jpg HTTP/1.1" 200 2592
0:0:0:0:0:0:0:1 - - [28/Dec/2024:09:36:36 +0900] "GET /img/testimonial-1.jpg HTTP/1.1" 200 3451
0:0:0:0:0:0:0:1 - - [28/Dec/2024:09:36:36 +0900] "GET /img/testimonial-3.jpg HTTP/1.1" 200 3066
0:0:0:0:0:0:0:1 - - [28/Dec/2024:09:36:36 +0900] "GET /img/testimonial-2.jpg HTTP/1.1" 200 3517
0:0:0:0:0:0:0:1 - - [28/Dec/2024:09:36:36 +0900] "GET /img/testimonial-4.jpg HTTP/1.1" 200 3268
0:0:0:0:0:0:0:1 - - [28/Dec/2024:09:36:36 +0900] "GET /img/carousel-1.jpg HTTP/1.1" 200 62287
0:0:0:0:0:0:0:1 - - [28/Dec/2024:09:36:36 +0900] "GET /img/carousel-2.jpg HTTP/1.1" 200 41785
0:0:0:0:0:0:0:1 - - [28/Dec/2024:09:36:55 +0900] "GET /about HTTP/1.1" 200 11645
0:0:0:0:0:0:0:1 - - [28/Dec/2024:09:36:55 +0900] "GET /lib/animate/animate.min.css HTTP/1.1" 200 16964
0:0:0:0:0:0:0:1 - - [28/Dec/2024:09:36:55 +0900] "GET /lib/owlcarousel/assets/owl.carousel.min.css HTTP/1.1" 200 2941
0:0:0:0:0:0:0:1 - - [28/Dec/2024:09:36:55 +0900] "GET /css/style.css HTTP/1.1" 200 8596
0:0:0:0:0:0:0:1 - - [28/Dec/2024:09:36:55 +0900] "GET /img/about-1.jpg HTTP/1.1" 200 23884
0:0:0:0:0:0:0:1 - - [28/Dec/2024:09:36:55 +0900] "GET /img/about-2.jpg HTTP/1.1" 200 19751
0:0:0:0:0:0:0:1 - - [28/Dec/2024:09:36:55 +0900] "GET /css/bootstrap.min.css HTTP/1.1" 200 164340
0:0:0:0:0:0:0:1 - - [28/Dec/2024:09:36:55 +0900] "GET /img/about-4.jpg HTTP/1.1" 200 24484
0:0:0:0:0:0:0:1 - - [28/Dec/2024:09:36:55 +0900] "GET /img/about-3.jpg HTTP/1.1" 200 18799
0:0:0:0:0:0:0:1 - - [28/Dec/2024:09:36:55 +0900] "GET /lib/easing/easing.min.js HTTP/1.1" 200 2303
0:0:0:0:0:0:0:1 - - [28/Dec/2024:09:36:55 +0900] "GET /lib/wow/wow.js HTTP/1.1" 200 17059
0:0:0:0:0:0:0:1 - - [28/Dec/2024:09:36:55 +0900] "GET /lib/waypoints/waypoints.min.js HTTP/1.1" 200 9034
0:0:0:0:0:0:0:1 - - [28/Dec/2024:09:36:55 +0900] "GET /lib/owlcarousel/owl.carousel.min.js HTTP/1.1" 200 42772
0:0:0:0:0:0:0:1 - - [28/Dec/2024:09:36:55 +0900] "GET /js/main.js HTTP/1.1" 200 1803
0:0:0:0:0:0:0:1 - - [28/Dec/2024:09:36:55 +0900] "GET /img/carousel-1.jpg HTTP/1.1" 200 62287
0:0:0:0:0:0:0:1 - - [28/Dec/2024:09:37:45 +0900] "GET /category HTTP/1.1" 200 13337
0:0:0:0:0:0:0:1 - - [28/Dec/2024:09:37:45 +0900] "GET /css/style.css HTTP/1.1" 200 8596
0:0:0:0:0:0:0:1 - - [28/Dec/2024:09:37:45 +0900] "GET /lib/animate/animate.min.css HTTP/1.1" 200 16964
0:0:0:0:0:0:0:1 - - [28/Dec/2024:09:37:45 +0900] "GET /lib/easing/easing.min.js HTTP/1.1" 200 2303
0:0:0:0:0:0:0:1 - - [28/Dec/2024:09:37:45 +0900] "GET /lib/owlcarousel/assets/owl.carousel.min.css HTTP/1.1" 200 2941
0:0:0:0:0:0:0:1 - - [28/Dec/2024:09:37:45 +0900] "GET /lib/wow/wow.js HTTP/1.1" 200 17059
0:0:0:0:0:0:0:1 - - [28/Dec/2024:09:37:45 +0900] "GET /css/bootstrap.min.css HTTP/1.1" 200 164340
0:0:0:0:0:0:0:1 - - [28/Dec/2024:09:37:45 +0900] "GET /js/main.js HTTP/1.1" 200 1803
0:0:0:0:0:0:0:1 - - [28/Dec/2024:09:37:45 +0900] "GET /lib/waypoints/waypoints.min.js HTTP/1.1" 200 9034
0:0:0:0:0:0:0:1 - - [28/Dec/2024:09:37:45 +0900] "GET /lib/owlcarousel/owl.carousel.min.js HTTP/1.1" 200 42772
0:0:0:0:0:0:0:1 - - [28/Dec/2024:09:37:46 +0900] "GET /img/carousel-1.jpg HTTP/1.1" 200 62287
0:0:0:0:0:0:0:1 - - [28/Dec/2024:09:37:47 +0900] "GET /testimonial HTTP/1.1" 500 5051
0:0:0:0:0:0:0:1 - - [28/Dec/2024:09:37:50 +0900] "GET /notFound HTTP/1.1" 200 10640
0:0:0:0:0:0:0:1 - - [28/Dec/2024:09:37:50 +0900] "GET /lib/animate/animate.min.css HTTP/1.1" 200 16964
0:0:0:0:0:0:0:1 - - [28/Dec/2024:09:37:50 +0900] "GET /lib/owlcarousel/assets/owl.carousel.min.css HTTP/1.1" 200 2941
0:0:0:0:0:0:0:1 - - [28/Dec/2024:09:37:50 +0900] "GET /css/bootstrap.min.css HTTP/1.1" 200 164340
0:0:0:0:0:0:0:1 - - [28/Dec/2024:09:37:50 +0900] "GET /css/style.css HTTP/1.1" 200 8596
0:0:0:0:0:0:0:1 - - [28/Dec/2024:09:37:50 +0900] "GET /lib/easing/easing.min.js HTTP/1.1" 200 2303
0:0:0:0:0:0:0:1 - - [28/Dec/2024:09:37:50 +0900] "GET /lib/waypoints/waypoints.min.js HTTP/1.1" 200 9034
0:0:0:0:0:0:0:1 - - [28/Dec/2024:09:37:50 +0900] "GET /lib/wow/wow.min.js HTTP/1.1" 200 8159
0:0:0:0:0:0:0:1 - - [28/Dec/2024:09:37:50 +0900] "GET /js/main.js HTTP/1.1" 200 1803
0:0:0:0:0:0:0:1 - - [28/Dec/2024:09:37:50 +0900] "GET /lib/owlcarousel/owl.carousel.min.js HTTP/1.1" 200 42772
0:0:0:0:0:0:0:1 - - [28/Dec/2024:09:37:50 +0900] "GET /img/carousel-1.jpg HTTP/1.1" 200 62287
0:0:0:0:0:0:0:1 - - [28/Dec/2024:09:37:51 +0900] "GET /category HTTP/1.1" 200 13337
0:0:0:0:0:0:0:1 - - [28/Dec/2024:09:37:52 +0900] "GET /lib/animate/animate.min.css HTTP/1.1" 200 16964
0:0:0:0:0:0:0:1 - - [28/Dec/2024:09:37:52 +0900] "GET /css/style.css HTTP/1.1" 200 8596
0:0:0:0:0:0:0:1 - - [28/Dec/2024:09:37:52 +0900] "GET /lib/easing/easing.min.js HTTP/1.1" 200 2303
0:0:0:0:0:0:0:1 - - [28/Dec/2024:09:37:52 +0900] "GET /lib/owlcarousel/assets/owl.carousel.min.css HTTP/1.1" 200 2941
0:0:0:0:0:0:0:1 - - [28/Dec/2024:09:37:52 +0900] "GET /lib/waypoints/waypoints.min.js HTTP/1.1" 200 9034
0:0:0:0:0:0:0:1 - - [28/Dec/2024:09:37:52 +0900] "GET /lib/wow/wow.js HTTP/1.1" 200 17059
0:0:0:0:0:0:0:1 - - [28/Dec/2024:09:37:52 +0900] "GET /css/bootstrap.min.css HTTP/1.1" 200 164340
0:0:0:0:0:0:0:1 - - [28/Dec/2024:09:37:52 +0900] "GET /js/main.js HTTP/1.1" 200 1803
0:0:0:0:0:0:0:1 - - [28/Dec/2024:09:37:52 +0900] "GET /lib/owlcarousel/owl.carousel.min.js HTTP/1.1" 200 42772
0:0:0:0:0:0:0:1 - - [28/Dec/2024:09:37:52 +0900] "GET /img/carousel-1.jpg HTTP/1.1" 200 62287
0:0:0:0:0:0:0:1 - - [28/Dec/2024:09:37:52 +0900] "GET /contact HTTP/1.1" 200 15228
0:0:0:0:0:0:0:1 - - [28/Dec/2024:09:37:52 +0900] "GET /lib/animate/animate.min.css HTTP/1.1" 200 16964
0:0:0:0:0:0:0:1 - - [28/Dec/2024:09:37:52 +0900] "GET /lib/easing/easing.min.js HTTP/1.1" 200 2303
0:0:0:0:0:0:0:1 - - [28/Dec/2024:09:37:52 +0900] "GET /css/style.css HTTP/1.1" 200 8596
0:0:0:0:0:0:0:1 - - [28/Dec/2024:09:37:52 +0900] "GET /lib/wow/wow.js HTTP/1.1" 200 17059
0:0:0:0:0:0:0:1 - - [28/Dec/2024:09:37:52 +0900] "GET /lib/owlcarousel/assets/owl.carousel.min.css HTTP/1.1" 200 2941
0:0:0:0:0:0:0:1 - - [28/Dec/2024:09:37:52 +0900] "GET /lib/waypoints/waypoints.min.js HTTP/1.1" 200 9034
0:0:0:0:0:0:0:1 - - [28/Dec/2024:09:37:52 +0900] "GET /css/bootstrap.min.css HTTP/1.1" 200 164340
0:0:0:0:0:0:0:1 - - [28/Dec/2024:09:37:52 +0900] "GET /js/main.js HTTP/1.1" 200 1803
0:0:0:0:0:0:0:1 - - [28/Dec/2024:09:37:52 +0900] "GET /lib/owlcarousel/owl.carousel.min.js HTTP/1.1" 200 42772
0:0:0:0:0:0:0:1 - - [28/Dec/2024:09:37:52 +0900] "GET /img/carousel-1.jpg HTTP/1.1" 200 62287
0:0:0:0:0:0:0:1 - - [28/Dec/2024:09:37:55 +0900] "GET /testimonial HTTP/1.1" 500 5051
127.0.0.1 - - [28/Dec/2024:09:40:14 +0900] "GET /thymeleaf HTTP/1.1" 200 211
127.0.0.1 - - [28/Dec/2024:09:40:16 +0900] "GET /thymeleaf HTTP/1.1" 200 211
127.0.0.1 - - [28/Dec/2024:09:40:16 +0900] "GET /thymeleaf HTTP/1.1" 200 211
127.0.0.1 - - [28/Dec/2024:09:40:51 +0900] "GET /thymeleaf HTTP/1.1" 200 211
127.0.0.1 - - [28/Dec/2024:09:40:52 +0900] "GET /thymeleaf HTTP/1.1" 500 5047
127.0.0.1 - - [28/Dec/2024:09:40:52 +0900] "GET /thymeleaf HTTP/1.1" 200 2338
0:0:0:0:0:0:0:1 - - [28/Dec/2024:09:40:55 +0900] "GET /thymeleaf HTTP/1.1" 200 2338
0:0:0:0:0:0:0:1 - - [28/Dec/2024:09:41:27 +0900] "GET /thymeleaf HTTP/1.1" 200 2338
0:0:0:0:0:0:0:1 - - [28/Dec/2024:09:41:28 +0900] "GET /thymeleaf HTTP/1.1" 200 3782
0:0:0:0:0:0:0:1 - - [28/Dec/2024:09:41:28 +0900] "GET /lib/animate/animate.min.css HTTP/1.1" 200 16964
0:0:0:0:0:0:0:1 - - [28/Dec/2024:09:41:28 +0900] "GET /lib/wow/wow.js HTTP/1.1" 200 17059
0:0:0:0:0:0:0:1 - - [28/Dec/2024:09:41:28 +0900] "GET /css/style.css HTTP/1.1" 200 8596
0:0:0:0:0:0:0:1 - - [28/Dec/2024:09:41:28 +0900] "GET /lib/owlcarousel/assets/owl.carousel.min.css HTTP/1.1" 200 2941
0:0:0:0:0:0:0:1 - - [28/Dec/2024:09:41:28 +0900] "GET /css/bootstrap.min.css HTTP/1.1" 200 164340
0:0:0:0:0:0:0:1 - - [28/Dec/2024:09:41:28 +0900] "GET /lib/easing/easing.min.js HTTP/1.1" 200 2303
0:0:0:0:0:0:0:1 - - [28/Dec/2024:09:41:28 +0900] "GET /lib/waypoints/waypoints.min.js HTTP/1.1" 200 9034
0:0:0:0:0:0:0:1 - - [28/Dec/2024:09:41:28 +0900] "GET /js/main.js HTTP/1.1" 200 1803
0:0:0:0:0:0:0:1 - - [28/Dec/2024:09:41:28 +0900] "GET /lib/owlcarousel/owl.carousel.min.js HTTP/1.1" 200 42772
0:0:0:0:0:0:0:1 - - [28/Dec/2024:09:41:31 +0900] "GET /html HTTP/1.1" 200 158
0:0:0:0:0:0:0:1 - - [28/Dec/2024:09:42:26 +0900] "GET /index HTTP/1.1" 200 51781
0:0:0:0:0:0:0:1 - - [28/Dec/2024:09:42:26 +0900] "GET /lib/animate/animate.min.css HTTP/1.1" 200 16964
0:0:0:0:0:0:0:1 - - [28/Dec/2024:09:42:26 +0900] "GET /lib/owlcarousel/assets/owl.carousel.min.css HTTP/1.1" 200 2941
0:0:0:0:0:0:0:1 - - [28/Dec/2024:09:42:26 +0900] "GET /css/style.css HTTP/1.1" 200 8596
0:0:0:0:0:0:0:1 - - [28/Dec/2024:09:42:26 +0900] "GET /css/bootstrap.min.css HTTP/1.1" 200 164340
0:0:0:0:0:0:0:1 - - [28/Dec/2024:09:42:26 +0900] "GET /img/carousel-2.jpg HTTP/1.1" 200 41785
0:0:0:0:0:0:0:1 - - [28/Dec/2024:09:42:26 +0900] "GET /img/carousel-1.jpg HTTP/1.1" 200 62287
0:0:0:0:0:0:0:1 - - [28/Dec/2024:09:42:26 +0900] "GET /lib/wow/wow.js HTTP/1.1" 200 17059
0:0:0:0:0:0:0:1 - - [28/Dec/2024:09:42:26 +0900] "GET /lib/easing/easing.min.js HTTP/1.1" 200 2303
0:0:0:0:0:0:0:1 - - [28/Dec/2024:09:42:26 +0900] "GET /img/about-2.jpg HTTP/1.1" 200 19751
0:0:0:0:0:0:0:1 - - [28/Dec/2024:09:42:26 +0900] "GET /img/about-1.jpg HTTP/1.1" 200 23884
0:0:0:0:0:0:0:1 - - [28/Dec/2024:09:42:26 +0900] "GET /lib/owlcarousel/owl.carousel.min.js HTTP/1.1" 200 42772
0:0:0:0:0:0:0:1 - - [28/Dec/2024:09:42:26 +0900] "GET /img/about-3.jpg HTTP/1.1" 200 18799
0:0:0:0:0:0:0:1 - - [28/Dec/2024:09:42:26 +0900] "GET /lib/waypoints/waypoints.min.js HTTP/1.1" 200 9034
0:0:0:0:0:0:0:1 - - [28/Dec/2024:09:42:26 +0900] "GET /js/main.js HTTP/1.1" 200 1803
0:0:0:0:0:0:0:1 - - [28/Dec/2024:09:42:26 +0900] "GET /img/com-logo-3.jpg HTTP/1.1" 200 2289
0:0:0:0:0:0:0:1 - - [28/Dec/2024:09:42:26 +0900] "GET /img/com-logo-2.jpg HTTP/1.1" 200 2592
0:0:0:0:0:0:0:1 - - [28/Dec/2024:09:42:26 +0900] "GET /img/com-logo-4.jpg HTTP/1.1" 200 2445
0:0:0:0:0:0:0:1 - - [28/Dec/2024:09:42:26 +0900] "GET /img/about-4.jpg HTTP/1.1" 200 24484
0:0:0:0:0:0:0:1 - - [28/Dec/2024:09:42:26 +0900] "GET /img/com-logo-1.jpg HTTP/1.1" 200 2418
0:0:0:0:0:0:0:1 - - [28/Dec/2024:09:42:26 +0900] "GET /img/com-logo-5.jpg HTTP/1.1" 200 2274
0:0:0:0:0:0:0:1 - - [28/Dec/2024:09:42:26 +0900] "GET /img/testimonial-3.jpg HTTP/1.1" 200 3066
0:0:0:0:0:0:0:1 - - [28/Dec/2024:09:42:26 +0900] "GET /img/testimonial-1.jpg HTTP/1.1" 200 3451
0:0:0:0:0:0:0:1 - - [28/Dec/2024:09:42:26 +0900] "GET /img/testimonial-4.jpg HTTP/1.1" 200 3268
0:0:0:0:0:0:0:1 - - [28/Dec/2024:09:42:26 +0900] "GET /img/testimonial-2.jpg HTTP/1.1" 200 3517
0:0:0:0:0:0:0:1 - - [28/Dec/2024:09:42:26 +0900] "GET /img/carousel-2.jpg HTTP/1.1" 200 41785
0:0:0:0:0:0:0:1 - - [28/Dec/2024:09:42:26 +0900] "GET /img/carousel-1.jpg HTTP/1.1" 200 62287
0:0:0:0:0:0:0:1 - - [28/Dec/2024:09:42:26 +0900] "GET /img/testimonial-4.jpg HTTP/1.1" 200 3268
0:0:0:0:0:0:0:1 - - [28/Dec/2024:09:42:26 +0900] "GET /img/testimonial-3.jpg HTTP/1.1" 200 3066
0:0:0:0:0:0:0:1 - - [28/Dec/2024:09:42:26 +0900] "GET /img/testimonial-2.jpg HTTP/1.1" 200 3517
0:0:0:0:0:0:0:1 - - [28/Dec/2024:09:42:26 +0900] "GET /img/testimonial-1.jpg HTTP/1.1" 200 3451
0:0:0:0:0:0:0:1 - - [28/Dec/2024:09:42:26 +0900] "GET /index HTTP/1.1" 200 51781
0:0:0:0:0:0:0:1 - - [28/Dec/2024:09:42:26 +0900] "GET /lib/animate/animate.min.css HTTP/1.1" 200 16964
0:0:0:0:0:0:0:1 - - [28/Dec/2024:09:42:26 +0900] "GET /css/style.css HTTP/1.1" 200 8596
0:0:0:0:0:0:0:1 - - [28/Dec/2024:09:42:26 +0900] "GET /img/carousel-2.jpg HTTP/1.1" 200 41785
0:0:0:0:0:0:0:1 - - [28/Dec/2024:09:42:26 +0900] "GET /lib/owlcarousel/assets/owl.carousel.min.css HTTP/1.1" 200 2941
0:0:0:0:0:0:0:1 - - [28/Dec/2024:09:42:26 +0900] "GET /css/bootstrap.min.css HTTP/1.1" 200 164340
0:0:0:0:0:0:0:1 - - [28/Dec/2024:09:42:26 +0900] "GET /img/carousel-1.jpg HTTP/1.1" 200 62287
0:0:0:0:0:0:0:1 - - [28/Dec/2024:09:42:26 +0900] "GET /img/about-2.jpg HTTP/1.1" 200 19751
0:0:0:0:0:0:0:1 - - [28/Dec/2024:09:42:26 +0900] "GET /img/about-1.jpg HTTP/1.1" 200 23884
0:0:0:0:0:0:0:1 - - [28/Dec/2024:09:42:26 +0900] "GET /img/about-3.jpg HTTP/1.1" 200 18799
0:0:0:0:0:0:0:1 - - [28/Dec/2024:09:42:26 +0900] "GET /lib/wow/wow.js HTTP/1.1" 200 17059
0:0:0:0:0:0:0:1 - - [28/Dec/2024:09:42:26 +0900] "GET /lib/waypoints/waypoints.min.js HTTP/1.1" 200 9034
0:0:0:0:0:0:0:1 - - [28/Dec/2024:09:42:26 +0900] "GET /lib/easing/easing.min.js HTTP/1.1" 200 2303
0:0:0:0:0:0:0:1 - - [28/Dec/2024:09:42:26 +0900] "GET /lib/owlcarousel/owl.carousel.min.js HTTP/1.1" 200 42772
0:0:0:0:0:0:0:1 - - [28/Dec/2024:09:42:26 +0900] "GET /js/main.js HTTP/1.1" 200 1803
0:0:0:0:0:0:0:1 - - [28/Dec/2024:09:42:26 +0900] "GET /img/com-logo-3.jpg HTTP/1.1" 200 2289
0:0:0:0:0:0:0:1 - - [28/Dec/2024:09:42:26 +0900] "GET /img/com-logo-1.jpg HTTP/1.1" 200 2418
0:0:0:0:0:0:0:1 - - [28/Dec/2024:09:42:26 +0900] "GET /img/about-4.jpg HTTP/1.1" 200 24484
0:0:0:0:0:0:0:1 - - [28/Dec/2024:09:42:26 +0900] "GET /img/com-logo-2.jpg HTTP/1.1" 200 2592
0:0:0:0:0:0:0:1 - - [28/Dec/2024:09:42:26 +0900] "GET /img/testimonial-4.jpg HTTP/1.1" 200 3268
0:0:0:0:0:0:0:1 - - [28/Dec/2024:09:42:26 +0900] "GET /img/testimonial-3.jpg HTTP/1.1" 200 3066
0:0:0:0:0:0:0:1 - - [28/Dec/2024:09:42:26 +0900] "GET /img/testimonial-1.jpg HTTP/1.1" 200 3451
0:0:0:0:0:0:0:1 - - [28/Dec/2024:09:42:26 +0900] "GET /img/com-logo-4.jpg HTTP/1.1" 200 2445
0:0:0:0:0:0:0:1 - - [28/Dec/2024:09:42:26 +0900] "GET /img/com-logo-5.jpg HTTP/1.1" 200 2274
0:0:0:0:0:0:0:1 - - [28/Dec/2024:09:42:26 +0900] "GET /img/testimonial-2.jpg HTTP/1.1" 200 3517
0:0:0:0:0:0:0:1 - - [28/Dec/2024:09:42:26 +0900] "GET /img/carousel-2.jpg HTTP/1.1" 200 41785
0:0:0:0:0:0:0:1 - - [28/Dec/2024:09:42:26 +0900] "GET /img/carousel-1.jpg HTTP/1.1" 200 62287
0:0:0:0:0:0:0:1 - - [28/Dec/2024:09:42:28 +0900] "GET /about HTTP/1.1" 200 11028
0:0:0:0:0:0:0:1 - - [28/Dec/2024:09:42:28 +0900] "GET /lib/animate/animate.min.css HTTP/1.1" 200 16964
0:0:0:0:0:0:0:1 - - [28/Dec/2024:09:42:28 +0900] "GET /css/style.css HTTP/1.1" 200 8596
0:0:0:0:0:0:0:1 - - [28/Dec/2024:09:42:28 +0900] "GET /img/about-1.jpg HTTP/1.1" 200 23884
0:0:0:0:0:0:0:1 - - [28/Dec/2024:09:42:28 +0900] "GET /lib/owlcarousel/assets/owl.carousel.min.css HTTP/1.1" 200 2941
0:0:0:0:0:0:0:1 - - [28/Dec/2024:09:42:28 +0900] "GET /img/about-3.jpg HTTP/1.1" 200 18799
0:0:0:0:0:0:0:1 - - [28/Dec/2024:09:42:28 +0900] "GET /img/about-2.jpg HTTP/1.1" 200 19751
0:0:0:0:0:0:0:1 - - [28/Dec/2024:09:42:28 +0900] "GET /css/bootstrap.min.css HTTP/1.1" 200 164340
0:0:0:0:0:0:0:1 - - [28/Dec/2024:09:42:28 +0900] "GET /img/about-4.jpg HTTP/1.1" 200 24484
0:0:0:0:0:0:0:1 - - [28/Dec/2024:09:42:28 +0900] "GET /lib/wow/wow.js HTTP/1.1" 200 17059
0:0:0:0:0:0:0:1 - - [28/Dec/2024:09:42:28 +0900] "GET /lib/easing/easing.min.js HTTP/1.1" 200 2303
0:0:0:0:0:0:0:1 - - [28/Dec/2024:09:42:28 +0900] "GET /js/main.js HTTP/1.1" 200 1803
0:0:0:0:0:0:0:1 - - [28/Dec/2024:09:42:28 +0900] "GET /lib/owlcarousel/owl.carousel.min.js HTTP/1.1" 200 42772
0:0:0:0:0:0:0:1 - - [28/Dec/2024:09:42:28 +0900] "GET /lib/waypoints/waypoints.min.js HTTP/1.1" 200 9034
0:0:0:0:0:0:0:1 - - [28/Dec/2024:09:42:28 +0900] "GET /img/carousel-1.jpg HTTP/1.1" 200 62287
0:0:0:0:0:0:0:1 - - [28/Dec/2024:09:42:29 +0900] "GET /java HTTP/1.1" 200 3782
0:0:0:0:0:0:0:1 - - [28/Dec/2024:09:42:29 +0900] "GET /lib/animate/animate.min.css HTTP/1.1" 200 16964
0:0:0:0:0:0:0:1 - - [28/Dec/2024:09:42:29 +0900] "GET /lib/owlcarousel/assets/owl.carousel.min.css HTTP/1.1" 200 2941
0:0:0:0:0:0:0:1 - - [28/Dec/2024:09:42:29 +0900] "GET /css/style.css HTTP/1.1" 200 8596
0:0:0:0:0:0:0:1 - - [28/Dec/2024:09:42:29 +0900] "GET /lib/easing/easing.min.js HTTP/1.1" 200 2303
0:0:0:0:0:0:0:1 - - [28/Dec/2024:09:42:29 +0900] "GET /lib/waypoints/waypoints.min.js HTTP/1.1" 200 9034
0:0:0:0:0:0:0:1 - - [28/Dec/2024:09:42:29 +0900] "GET /lib/wow/wow.js HTTP/1.1" 200 17059
0:0:0:0:0:0:0:1 - - [28/Dec/2024:09:42:29 +0900] "GET /css/bootstrap.min.css HTTP/1.1" 200 164340
0:0:0:0:0:0:0:1 - - [28/Dec/2024:09:42:29 +0900] "GET /lib/owlcarousel/owl.carousel.min.js HTTP/1.1" 200 42772
0:0:0:0:0:0:0:1 - - [28/Dec/2024:09:42:29 +0900] "GET /js/main.js HTTP/1.1" 200 1803
0:0:0:0:0:0:0:1 - - [28/Dec/2024:09:42:30 +0900] "GET /springboot HTTP/1.1" 200 3782
0:0:0:0:0:0:0:1 - - [28/Dec/2024:09:42:30 +0900] "GET /lib/animate/animate.min.css HTTP/1.1" 200 16964
0:0:0:0:0:0:0:1 - - [28/Dec/2024:09:42:30 +0900] "GET /lib/owlcarousel/assets/owl.carousel.min.css HTTP/1.1" 200 2941
0:0:0:0:0:0:0:1 - - [28/Dec/2024:09:42:30 +0900] "GET /css/style.css HTTP/1.1" 200 8596
0:0:0:0:0:0:0:1 - - [28/Dec/2024:09:42:30 +0900] "GET /lib/wow/wow.js HTTP/1.1" 200 17059
0:0:0:0:0:0:0:1 - - [28/Dec/2024:09:42:30 +0900] "GET /lib/waypoints/waypoints.min.js HTTP/1.1" 200 9034
0:0:0:0:0:0:0:1 - - [28/Dec/2024:09:42:30 +0900] "GET /lib/easing/easing.min.js HTTP/1.1" 200 2303
0:0:0:0:0:0:0:1 - - [28/Dec/2024:09:42:30 +0900] "GET /css/bootstrap.min.css HTTP/1.1" 200 164340
0:0:0:0:0:0:0:1 - - [28/Dec/2024:09:42:30 +0900] "GET /js/main.js HTTP/1.1" 200 1803
0:0:0:0:0:0:0:1 - - [28/Dec/2024:09:42:30 +0900] "GET /lib/owlcarousel/owl.carousel.min.js HTTP/1.1" 200 42772
0:0:0:0:0:0:0:1 - - [28/Dec/2024:09:42:30 +0900] "GET /ubuntu HTTP/1.1" 200 3782
0:0:0:0:0:0:0:1 - - [28/Dec/2024:09:42:30 +0900] "GET /lib/animate/animate.min.css HTTP/1.1" 200 16964
0:0:0:0:0:0:0:1 - - [28/Dec/2024:09:42:30 +0900] "GET /css/style.css HTTP/1.1" 200 8596
0:0:0:0:0:0:0:1 - - [28/Dec/2024:09:42:30 +0900] "GET /lib/owlcarousel/assets/owl.carousel.min.css HTTP/1.1" 200 2941
0:0:0:0:0:0:0:1 - - [28/Dec/2024:09:42:30 +0900] "GET /lib/easing/easing.min.js HTTP/1.1" 200 2303
0:0:0:0:0:0:0:1 - - [28/Dec/2024:09:42:30 +0900] "GET /lib/waypoints/waypoints.min.js HTTP/1.1" 200 9034
0:0:0:0:0:0:0:1 - - [28/Dec/2024:09:42:30 +0900] "GET /lib/wow/wow.js HTTP/1.1" 200 17059
0:0:0:0:0:0:0:1 - - [28/Dec/2024:09:42:30 +0900] "GET /css/bootstrap.min.css HTTP/1.1" 200 164340
0:0:0:0:0:0:0:1 - - [28/Dec/2024:09:42:30 +0900] "GET /js/main.js HTTP/1.1" 200 1803
0:0:0:0:0:0:0:1 - - [28/Dec/2024:09:42:30 +0900] "GET /lib/owlcarousel/owl.carousel.min.js HTTP/1.1" 200 42772
0:0:0:0:0:0:0:1 - - [28/Dec/2024:09:42:32 +0900] "GET /html HTTP/1.1" 200 3782
0:0:0:0:0:0:0:1 - - [28/Dec/2024:09:42:32 +0900] "GET /lib/animate/animate.min.css HTTP/1.1" 200 16964
0:0:0:0:0:0:0:1 - - [28/Dec/2024:09:42:32 +0900] "GET /lib/owlcarousel/assets/owl.carousel.min.css HTTP/1.1" 200 2941
0:0:0:0:0:0:0:1 - - [28/Dec/2024:09:42:32 +0900] "GET /lib/easing/easing.min.js HTTP/1.1" 200 2303
0:0:0:0:0:0:0:1 - - [28/Dec/2024:09:42:32 +0900] "GET /css/bootstrap.min.css HTTP/1.1" 200 164340
0:0:0:0:0:0:0:1 - - [28/Dec/2024:09:42:32 +0900] "GET /css/style.css HTTP/1.1" 200 8596
0:0:0:0:0:0:0:1 - - [28/Dec/2024:09:42:32 +0900] "GET /lib/wow/wow.js HTTP/1.1" 200 17059
0:0:0:0:0:0:0:1 - - [28/Dec/2024:09:42:32 +0900] "GET /lib/waypoints/waypoints.min.js HTTP/1.1" 200 9034
0:0:0:0:0:0:0:1 - - [28/Dec/2024:09:42:32 +0900] "GET /lib/owlcarousel/owl.carousel.min.js HTTP/1.1" 200 42772
0:0:0:0:0:0:0:1 - - [28/Dec/2024:09:42:32 +0900] "GET /js/main.js HTTP/1.1" 200 1803
0:0:0:0:0:0:0:1 - - [28/Dec/2024:09:42:33 +0900] "GET /css HTTP/1.1" 200 3782
0:0:0:0:0:0:0:1 - - [28/Dec/2024:09:42:33 +0900] "GET /lib/animate/animate.min.css HTTP/1.1" 200 16964
0:0:0:0:0:0:0:1 - - [28/Dec/2024:09:42:33 +0900] "GET /lib/easing/easing.min.js HTTP/1.1" 200 2303
0:0:0:0:0:0:0:1 - - [28/Dec/2024:09:42:33 +0900] "GET /lib/owlcarousel/assets/owl.carousel.min.css HTTP/1.1" 200 2941
0:0:0:0:0:0:0:1 - - [28/Dec/2024:09:42:33 +0900] "GET /lib/wow/wow.js HTTP/1.1" 200 17059
0:0:0:0:0:0:0:1 - - [28/Dec/2024:09:42:33 +0900] "GET /lib/waypoints/waypoints.min.js HTTP/1.1" 200 9034
0:0:0:0:0:0:0:1 - - [28/Dec/2024:09:42:33 +0900] "GET /css/style.css HTTP/1.1" 200 8596
0:0:0:0:0:0:0:1 - - [28/Dec/2024:09:42:33 +0900] "GET /css/bootstrap.min.css HTTP/1.1" 200 164340
0:0:0:0:0:0:0:1 - - [28/Dec/2024:09:42:33 +0900] "GET /js/main.js HTTP/1.1" 200 1803
0:0:0:0:0:0:0:1 - - [28/Dec/2024:09:42:33 +0900] "GET /lib/owlcarousel/owl.carousel.min.js HTTP/1.1" 200 42772
0:0:0:0:0:0:0:1 - - [28/Dec/2024:09:42:35 +0900] "GET /javascript HTTP/1.1" 200 3782
0:0:0:0:0:0:0:1 - - [28/Dec/2024:09:42:35 +0900] "GET /lib/animate/animate.min.css HTTP/1.1" 200 16964
0:0:0:0:0:0:0:1 - - [28/Dec/2024:09:42:35 +0900] "GET /css/style.css HTTP/1.1" 200 8596
0:0:0:0:0:0:0:1 - - [28/Dec/2024:09:42:35 +0900] "GET /lib/wow/wow.js HTTP/1.1" 200 17059
0:0:0:0:0:0:0:1 - - [28/Dec/2024:09:42:35 +0900] "GET /lib/easing/easing.min.js HTTP/1.1" 200 2303
0:0:0:0:0:0:0:1 - - [28/Dec/2024:09:42:35 +0900] "GET /css/bootstrap.min.css HTTP/1.1" 200 164340
0:0:0:0:0:0:0:1 - - [28/Dec/2024:09:42:35 +0900] "GET /lib/owlcarousel/assets/owl.carousel.min.css HTTP/1.1" 200 2941
0:0:0:0:0:0:0:1 - - [28/Dec/2024:09:42:35 +0900] "GET /lib/waypoints/waypoints.min.js HTTP/1.1" 200 9034
0:0:0:0:0:0:0:1 - - [28/Dec/2024:09:42:35 +0900] "GET /js/main.js HTTP/1.1" 200 1803
0:0:0:0:0:0:0:1 - - [28/Dec/2024:09:42:35 +0900] "GET /lib/owlcarousel/owl.carousel.min.js HTTP/1.1" 200 42772
0:0:0:0:0:0:0:1 - - [28/Dec/2024:09:42:36 +0900] "GET /thymeleaf HTTP/1.1" 200 3782
0:0:0:0:0:0:0:1 - - [28/Dec/2024:09:42:36 +0900] "GET /lib/animate/animate.min.css HTTP/1.1" 200 16964
0:0:0:0:0:0:0:1 - - [28/Dec/2024:09:42:36 +0900] "GET /lib/owlcarousel/assets/owl.carousel.min.css HTTP/1.1" 200 2941
0:0:0:0:0:0:0:1 - - [28/Dec/2024:09:42:36 +0900] "GET /lib/easing/easing.min.js HTTP/1.1" 200 2303
0:0:0:0:0:0:0:1 - - [28/Dec/2024:09:42:36 +0900] "GET /lib/waypoints/waypoints.min.js HTTP/1.1" 200 9034
0:0:0:0:0:0:0:1 - - [28/Dec/2024:09:42:36 +0900] "GET /lib/wow/wow.js HTTP/1.1" 200 17059
0:0:0:0:0:0:0:1 - - [28/Dec/2024:09:42:36 +0900] "GET /css/style.css HTTP/1.1" 200 8596
0:0:0:0:0:0:0:1 - - [28/Dec/2024:09:42:36 +0900] "GET /css/bootstrap.min.css HTTP/1.1" 200 164340
0:0:0:0:0:0:0:1 - - [28/Dec/2024:09:42:36 +0900] "GET /lib/owlcarousel/owl.carousel.min.js HTTP/1.1" 200 42772
0:0:0:0:0:0:0:1 - - [28/Dec/2024:09:42:36 +0900] "GET /js/main.js HTTP/1.1" 200 1803
0:0:0:0:0:0:0:1 - - [28/Dec/2024:09:42:38 +0900] "GET /index HTTP/1.1" 200 51781
0:0:0:0:0:0:0:1 - - [28/Dec/2024:09:42:38 +0900] "GET /lib/animate/animate.min.css HTTP/1.1" 200 16964
0:0:0:0:0:0:0:1 - - [28/Dec/2024:09:42:38 +0900] "GET /lib/owlcarousel/assets/owl.carousel.min.css HTTP/1.1" 200 2941
0:0:0:0:0:0:0:1 - - [28/Dec/2024:09:42:38 +0900] "GET /css/bootstrap.min.css HTTP/1.1" 200 164340
0:0:0:0:0:0:0:1 - - [28/Dec/2024:09:42:38 +0900] "GET /img/carousel-2.jpg HTTP/1.1" 200 41785
0:0:0:0:0:0:0:1 - - [28/Dec/2024:09:42:38 +0900] "GET /img/carousel-1.jpg HTTP/1.1" 200 62287
0:0:0:0:0:0:0:1 - - [28/Dec/2024:09:42:38 +0900] "GET /css/style.css HTTP/1.1" 200 8596
0:0:0:0:0:0:0:1 - - [28/Dec/2024:09:42:38 +0900] "GET /img/about-1.jpg HTTP/1.1" 200 23884
0:0:0:0:0:0:0:1 - - [28/Dec/2024:09:42:38 +0900] "GET /img/about-2.jpg HTTP/1.1" 200 19751
0:0:0:0:0:0:0:1 - - [28/Dec/2024:09:42:38 +0900] "GET /lib/waypoints/waypoints.min.js HTTP/1.1" 200 9034
0:0:0:0:0:0:0:1 - - [28/Dec/2024:09:42:38 +0900] "GET /img/about-3.jpg HTTP/1.1" 200 18799
0:0:0:0:0:0:0:1 - - [28/Dec/2024:09:42:38 +0900] "GET /lib/wow/wow.js HTTP/1.1" 200 17059
0:0:0:0:0:0:0:1 - - [28/Dec/2024:09:42:38 +0900] "GET /lib/easing/easing.min.js HTTP/1.1" 200 2303
0:0:0:0:0:0:0:1 - - [28/Dec/2024:09:42:38 +0900] "GET /lib/owlcarousel/owl.carousel.min.js HTTP/1.1" 200 42772
0:0:0:0:0:0:0:1 - - [28/Dec/2024:09:42:38 +0900] "GET /js/main.js HTTP/1.1" 200 1803
0:0:0:0:0:0:0:1 - - [28/Dec/2024:09:42:38 +0900] "GET /img/com-logo-1.jpg HTTP/1.1" 200 2418
0:0:0:0:0:0:0:1 - - [28/Dec/2024:09:42:38 +0900] "GET /img/com-logo-5.jpg HTTP/1.1" 200 2274
0:0:0:0:0:0:0:1 - - [28/Dec/2024:09:42:38 +0900] "GET /img/about-4.jpg HTTP/1.1" 200 24484
0:0:0:0:0:0:0:1 - - [28/Dec/2024:09:42:38 +0900] "GET /img/com-logo-4.jpg HTTP/1.1" 200 2445
0:0:0:0:0:0:0:1 - - [28/Dec/2024:09:42:38 +0900] "GET /img/com-logo-2.jpg HTTP/1.1" 200 2592
0:0:0:0:0:0:0:1 - - [28/Dec/2024:09:42:38 +0900] "GET /img/com-logo-3.jpg HTTP/1.1" 200 2289
0:0:0:0:0:0:0:1 - - [28/Dec/2024:09:42:38 +0900] "GET /img/testimonial-4.jpg HTTP/1.1" 200 3268
0:0:0:0:0:0:0:1 - - [28/Dec/2024:09:42:38 +0900] "GET /img/testimonial-3.jpg HTTP/1.1" 200 3066
0:0:0:0:0:0:0:1 - - [28/Dec/2024:09:42:38 +0900] "GET /img/testimonial-2.jpg HTTP/1.1" 200 3517
0:0:0:0:0:0:0:1 - - [28/Dec/2024:09:42:38 +0900] "GET /img/testimonial-1.jpg HTTP/1.1" 200 3451
0:0:0:0:0:0:0:1 - - [28/Dec/2024:09:42:38 +0900] "GET /img/carousel-2.jpg HTTP/1.1" 200 41785
0:0:0:0:0:0:0:1 - - [28/Dec/2024:09:42:38 +0900] "GET /img/carousel-1.jpg HTTP/1.1" 200 62287
0:0:0:0:0:0:0:1 - - [28/Dec/2024:09:42:39 +0900] "GET /about HTTP/1.1" 200 11028
0:0:0:0:0:0:0:1 - - [28/Dec/2024:09:42:39 +0900] "GET /lib/animate/animate.min.css HTTP/1.1" 200 16964
0:0:0:0:0:0:0:1 - - [28/Dec/2024:09:42:39 +0900] "GET /css/style.css HTTP/1.1" 200 8596
0:0:0:0:0:0:0:1 - - [28/Dec/2024:09:42:39 +0900] "GET /img/about-1.jpg HTTP/1.1" 200 23884
0:0:0:0:0:0:0:1 - - [28/Dec/2024:09:42:39 +0900] "GET /lib/owlcarousel/assets/owl.carousel.min.css HTTP/1.1" 200 2941
0:0:0:0:0:0:0:1 - - [28/Dec/2024:09:42:39 +0900] "GET /css/bootstrap.min.css HTTP/1.1" 200 164340
0:0:0:0:0:0:0:1 - - [28/Dec/2024:09:42:39 +0900] "GET /img/about-2.jpg HTTP/1.1" 200 19751
0:0:0:0:0:0:0:1 - - [28/Dec/2024:09:42:39 +0900] "GET /img/about-3.jpg HTTP/1.1" 200 18799
0:0:0:0:0:0:0:1 - - [28/Dec/2024:09:42:39 +0900] "GET /img/about-4.jpg HTTP/1.1" 200 24484
0:0:0:0:0:0:0:1 - - [28/Dec/2024:09:42:39 +0900] "GET /lib/waypoints/waypoints.min.js HTTP/1.1" 200 9034
0:0:0:0:0:0:0:1 - - [28/Dec/2024:09:42:39 +0900] "GET /js/main.js HTTP/1.1" 200 1803
0:0:0:0:0:0:0:1 - - [28/Dec/2024:09:42:39 +0900] "GET /lib/owlcarousel/owl.carousel.min.js HTTP/1.1" 200 42772
0:0:0:0:0:0:0:1 - - [28/Dec/2024:09:42:39 +0900] "GET /lib/wow/wow.js HTTP/1.1" 200 17059
0:0:0:0:0:0:0:1 - - [28/Dec/2024:09:42:39 +0900] "GET /lib/easing/easing.min.js HTTP/1.1" 200 2303
0:0:0:0:0:0:0:1 - - [28/Dec/2024:09:42:39 +0900] "GET /img/carousel-1.jpg HTTP/1.1" 200 62287
0:0:0:0:0:0:0:1 - - [28/Dec/2024:09:44:22 +0900] "GET /about HTTP/1.1" 200 11028
0:0:0:0:0:0:0:1 - - [28/Dec/2024:09:44:22 +0900] "GET /lib/owlcarousel/assets/owl.carousel.min.css HTTP/1.1" 200 2941
0:0:0:0:0:0:0:1 - - [28/Dec/2024:09:44:22 +0900] "GET /lib/animate/animate.min.css HTTP/1.1" 200 16964
0:0:0:0:0:0:0:1 - - [28/Dec/2024:09:44:22 +0900] "GET /css/bootstrap.min.css HTTP/1.1" 200 164340
0:0:0:0:0:0:0:1 - - [28/Dec/2024:09:44:22 +0900] "GET /css/style.css HTTP/1.1" 200 8596
0:0:0:0:0:0:0:1 - - [28/Dec/2024:09:44:22 +0900] "GET /img/about-3.jpg HTTP/1.1" 200 18799
0:0:0:0:0:0:0:1 - - [28/Dec/2024:09:44:22 +0900] "GET /img/about-2.jpg HTTP/1.1" 200 19751
0:0:0:0:0:0:0:1 - - [28/Dec/2024:09:44:22 +0900] "GET /img/about-1.jpg HTTP/1.1" 200 23884
0:0:0:0:0:0:0:1 - - [28/Dec/2024:09:44:22 +0900] "GET /img/about-4.jpg HTTP/1.1" 200 24484
0:0:0:0:0:0:0:1 - - [28/Dec/2024:09:44:22 +0900] "GET /lib/wow/wow.js HTTP/1.1" 200 17059
0:0:0:0:0:0:0:1 - - [28/Dec/2024:09:44:22 +0900] "GET /lib/easing/easing.min.js HTTP/1.1" 200 2303
0:0:0:0:0:0:0:1 - - [28/Dec/2024:09:44:22 +0900] "GET /lib/waypoints/waypoints.min.js HTTP/1.1" 200 9034
0:0:0:0:0:0:0:1 - - [28/Dec/2024:09:44:22 +0900] "GET /lib/owlcarousel/owl.carousel.min.js HTTP/1.1" 200 42772
0:0:0:0:0:0:0:1 - - [28/Dec/2024:09:44:22 +0900] "GET /js/main.js HTTP/1.1" 200 1803
0:0:0:0:0:0:0:1 - - [28/Dec/2024:09:44:22 +0900] "GET /img/carousel-1.jpg HTTP/1.1" 200 62287
0:0:0:0:0:0:0:1 - - [28/Dec/2024:09:49:40 +0900] "GET /css/style.css HTTP/1.1" 200 8596
0:0:0:0:0:0:0:1 - - [28/Dec/2024:09:49:40 +0900] "GET /lib/animate/animate.min.css HTTP/1.1" 200 16964
0:0:0:0:0:0:0:1 - - [28/Dec/2024:09:49:40 +0900] "GET /lib/owlcarousel/assets/owl.carousel.min.css HTTP/1.1" 200 2941
0:0:0:0:0:0:0:1 - - [28/Dec/2024:09:49:40 +0900] "GET /css/bootstrap.min.css HTTP/1.1" 200 164340
0:0:0:0:0:0:0:1 - - [28/Dec/2024:09:49:53 +0900] "GET /html HTTP/1.1" 200 3782
0:0:0:0:0:0:0:1 - - [28/Dec/2024:09:49:53 +0900] "GET /lib/animate/animate.min.css HTTP/1.1" 200 16964
0:0:0:0:0:0:0:1 - - [28/Dec/2024:09:49:53 +0900] "GET /lib/owlcarousel/assets/owl.carousel.min.css HTTP/1.1" 200 2941
0:0:0:0:0:0:0:1 - - [28/Dec/2024:09:49:53 +0900] "GET /css/bootstrap.min.css HTTP/1.1" 200 164340
0:0:0:0:0:0:0:1 - - [28/Dec/2024:09:49:53 +0900] "GET /css/style.css HTTP/1.1" 200 8596
0:0:0:0:0:0:0:1 - - [28/Dec/2024:09:49:53 +0900] "GET /lib/easing/easing.min.js HTTP/1.1" 200 2303
0:0:0:0:0:0:0:1 - - [28/Dec/2024:09:49:53 +0900] "GET /lib/wow/wow.js HTTP/1.1" 200 17059
0:0:0:0:0:0:0:1 - - [28/Dec/2024:09:49:53 +0900] "GET /lib/waypoints/waypoints.min.js HTTP/1.1" 200 9034
0:0:0:0:0:0:0:1 - - [28/Dec/2024:09:49:53 +0900] "GET /lib/owlcarousel/owl.carousel.min.js HTTP/1.1" 200 42772
0:0:0:0:0:0:0:1 - - [28/Dec/2024:09:49:53 +0900] "GET /js/main.js HTTP/1.1" 200 1803
0:0:0:0:0:0:0:1 - - [28/Dec/2024:09:49:55 +0900] "GET /about HTTP/1.1" 200 11028
0:0:0:0:0:0:0:1 - - [28/Dec/2024:09:49:55 +0900] "GET /css/style.css HTTP/1.1" 200 8596
0:0:0:0:0:0:0:1 - - [28/Dec/2024:09:49:55 +0900] "GET /lib/animate/animate.min.css HTTP/1.1" 200 16964
0:0:0:0:0:0:0:1 - - [28/Dec/2024:09:49:55 +0900] "GET /lib/owlcarousel/assets/owl.carousel.min.css HTTP/1.1" 200 2941
0:0:0:0:0:0:0:1 - - [28/Dec/2024:09:49:55 +0900] "GET /img/about-2.jpg HTTP/1.1" 200 19751
0:0:0:0:0:0:0:1 - - [28/Dec/2024:09:49:55 +0900] "GET /img/about-1.jpg HTTP/1.1" 200 23884
0:0:0:0:0:0:0:1 - - [28/Dec/2024:09:49:55 +0900] "GET /css/bootstrap.min.css HTTP/1.1" 200 164340
0:0:0:0:0:0:0:1 - - [28/Dec/2024:09:49:55 +0900] "GET /img/about-3.jpg HTTP/1.1" 200 18799
0:0:0:0:0:0:0:1 - - [28/Dec/2024:09:49:55 +0900] "GET /lib/wow/wow.js HTTP/1.1" 200 17059
0:0:0:0:0:0:0:1 - - [28/Dec/2024:09:49:55 +0900] "GET /img/about-4.jpg HTTP/1.1" 200 24484
0:0:0:0:0:0:0:1 - - [28/Dec/2024:09:49:55 +0900] "GET /lib/easing/easing.min.js HTTP/1.1" 200 2303
0:0:0:0:0:0:0:1 - - [28/Dec/2024:09:49:55 +0900] "GET /lib/waypoints/waypoints.min.js HTTP/1.1" 200 9034
0:0:0:0:0:0:0:1 - - [28/Dec/2024:09:49:55 +0900] "GET /lib/owlcarousel/owl.carousel.min.js HTTP/1.1" 200 42772
0:0:0:0:0:0:0:1 - - [28/Dec/2024:09:49:55 +0900] "GET /js/main.js HTTP/1.1" 200 1803
0:0:0:0:0:0:0:1 - - [28/Dec/2024:09:49:55 +0900] "GET /img/carousel-1.jpg HTTP/1.1" 200 62287
0:0:0:0:0:0:0:1 - - [28/Dec/2024:09:50:01 +0900] "GET /about HTTP/1.1" 200 11028
0:0:0:0:0:0:0:1 - - [28/Dec/2024:09:50:01 +0900] "GET /lib/animate/animate.min.css HTTP/1.1" 200 16964
0:0:0:0:0:0:0:1 - - [28/Dec/2024:09:50:01 +0900] "GET /lib/owlcarousel/assets/owl.carousel.min.css HTTP/1.1" 200 2941
0:0:0:0:0:0:0:1 - - [28/Dec/2024:09:50:01 +0900] "GET /css/bootstrap.min.css HTTP/1.1" 200 164340
0:0:0:0:0:0:0:1 - - [28/Dec/2024:09:50:01 +0900] "GET /img/about-1.jpg HTTP/1.1" 200 23884
0:0:0:0:0:0:0:1 - - [28/Dec/2024:09:50:01 +0900] "GET /css/style.css HTTP/1.1" 200 8596
0:0:0:0:0:0:0:1 - - [28/Dec/2024:09:50:01 +0900] "GET /img/about-2.jpg HTTP/1.1" 200 19751
0:0:0:0:0:0:0:1 - - [28/Dec/2024:09:50:01 +0900] "GET /img/about-3.jpg HTTP/1.1" 200 18799
0:0:0:0:0:0:0:1 - - [28/Dec/2024:09:50:01 +0900] "GET /img/about-4.jpg HTTP/1.1" 200 24484
0:0:0:0:0:0:0:1 - - [28/Dec/2024:09:50:01 +0900] "GET /lib/wow/wow.js HTTP/1.1" 200 17059
0:0:0:0:0:0:0:1 - - [28/Dec/2024:09:50:01 +0900] "GET /lib/easing/easing.min.js HTTP/1.1" 200 2303
0:0:0:0:0:0:0:1 - - [28/Dec/2024:09:50:01 +0900] "GET /lib/owlcarousel/owl.carousel.min.js HTTP/1.1" 200 42772
0:0:0:0:0:0:0:1 - - [28/Dec/2024:09:50:01 +0900] "GET /lib/waypoints/waypoints.min.js HTTP/1.1" 200 9034
0:0:0:0:0:0:0:1 - - [28/Dec/2024:09:50:01 +0900] "GET /js/main.js HTTP/1.1" 200 1803
0:0:0:0:0:0:0:1 - - [28/Dec/2024:09:50:01 +0900] "GET /img/carousel-1.jpg HTTP/1.1" 200 62287
0:0:0:0:0:0:0:1 - - [28/Dec/2024:10:12:13 +0900] "GET /ubuntu HTTP/1.1" 200 3782
0:0:0:0:0:0:0:1 - - [28/Dec/2024:10:12:13 +0900] "GET /lib/owlcarousel/assets/owl.carousel.min.css HTTP/1.1" 200 2941
0:0:0:0:0:0:0:1 - - [28/Dec/2024:10:12:13 +0900] "GET /css/style.css HTTP/1.1" 200 8596
0:0:0:0:0:0:0:1 - - [28/Dec/2024:10:12:13 +0900] "GET /lib/animate/animate.min.css HTTP/1.1" 200 16964
0:0:0:0:0:0:0:1 - - [28/Dec/2024:10:12:13 +0900] "GET /css/bootstrap.min.css HTTP/1.1" 200 164340
0:0:0:0:0:0:0:1 - - [28/Dec/2024:10:12:13 +0900] "GET /lib/easing/easing.min.js HTTP/1.1" 200 2303
0:0:0:0:0:0:0:1 - - [28/Dec/2024:10:12:13 +0900] "GET /js/main.js HTTP/1.1" 200 1803
0:0:0:0:0:0:0:1 - - [28/Dec/2024:10:12:13 +0900] "GET /lib/owlcarousel/owl.carousel.min.js HTTP/1.1" 200 42772
0:0:0:0:0:0:0:1 - - [28/Dec/2024:10:12:13 +0900] "GET /lib/waypoints/waypoints.min.js HTTP/1.1" 200 9034
0:0:0:0:0:0:0:1 - - [28/Dec/2024:10:12:13 +0900] "GET /lib/wow/wow.js HTTP/1.1" 200 17059
0:0:0:0:0:0:0:1 - - [28/Dec/2024:10:12:15 +0900] "GET /about HTTP/1.1" 200 11028
0:0:0:0:0:0:0:1 - - [28/Dec/2024:10:12:15 +0900] "GET /lib/animate/animate.min.css HTTP/1.1" 200 16964
0:0:0:0:0:0:0:1 - - [28/Dec/2024:10:12:15 +0900] "GET /css/style.css HTTP/1.1" 200 8596
0:0:0:0:0:0:0:1 - - [28/Dec/2024:10:12:15 +0900] "GET /lib/owlcarousel/assets/owl.carousel.min.css HTTP/1.1" 200 2941
0:0:0:0:0:0:0:1 - - [28/Dec/2024:10:12:15 +0900] "GET /css/bootstrap.min.css HTTP/1.1" 200 164340
0:0:0:0:0:0:0:1 - - [28/Dec/2024:10:12:15 +0900] "GET /lib/easing/easing.min.js HTTP/1.1" 200 2303
0:0:0:0:0:0:0:1 - - [28/Dec/2024:10:12:15 +0900] "GET /lib/wow/wow.js HTTP/1.1" 200 17059
0:0:0:0:0:0:0:1 - - [28/Dec/2024:10:12:15 +0900] "GET /img/about-2.jpg HTTP/1.1" 200 19751
0:0:0:0:0:0:0:1 - - [28/Dec/2024:10:12:15 +0900] "GET /lib/waypoints/waypoints.min.js HTTP/1.1" 200 9034
0:0:0:0:0:0:0:1 - - [28/Dec/2024:10:12:15 +0900] "GET /lib/owlcarousel/owl.carousel.min.js HTTP/1.1" 200 42772
0:0:0:0:0:0:0:1 - - [28/Dec/2024:10:12:15 +0900] "GET /img/about-3.jpg HTTP/1.1" 200 18799
0:0:0:0:0:0:0:1 - - [28/Dec/2024:10:12:15 +0900] "GET /js/main.js HTTP/1.1" 200 1803
0:0:0:0:0:0:0:1 - - [28/Dec/2024:10:12:15 +0900] "GET /img/about-1.jpg HTTP/1.1" 200 23884
0:0:0:0:0:0:0:1 - - [28/Dec/2024:10:12:15 +0900] "GET /img/about-4.jpg HTTP/1.1" 200 24484
0:0:0:0:0:0:0:1 - - [28/Dec/2024:10:12:15 +0900] "GET /img/carousel-1.jpg HTTP/1.1" 200 62287
0:0:0:0:0:0:0:1 - - [28/Dec/2024:10:12:15 +0900] "GET /lib/animate/animate.min.css HTTP/1.1" 200 16964
0:0:0:0:0:0:0:1 - - [28/Dec/2024:10:12:15 +0900] "GET /css/style.css HTTP/1.1" 200 8596
0:0:0:0:0:0:0:1 - - [28/Dec/2024:10:12:15 +0900] "GET /lib/easing/easing.min.js HTTP/1.1" 200 2303
0:0:0:0:0:0:0:1 - - [28/Dec/2024:10:12:15 +0900] "GET /lib/wow/wow.js HTTP/1.1" 200 17059
0:0:0:0:0:0:0:1 - - [28/Dec/2024:10:12:15 +0900] "GET /lib/owlcarousel/assets/owl.carousel.min.css HTTP/1.1" 200 2941
0:0:0:0:0:0:0:1 - - [28/Dec/2024:10:12:15 +0900] "GET /lib/waypoints/waypoints.min.js HTTP/1.1" 200 9034
0:0:0:0:0:0:0:1 - - [28/Dec/2024:10:12:15 +0900] "GET /css/bootstrap.min.css HTTP/1.1" 200 164340
0:0:0:0:0:0:0:1 - - [28/Dec/2024:10:12:15 +0900] "GET /lib/owlcarousel/owl.carousel.min.js HTTP/1.1" 200 42772
0:0:0:0:0:0:0:1 - - [28/Dec/2024:10:12:15 +0900] "GET /js/main.js HTTP/1.1" 200 1803
0:0:0:0:0:0:0:1 - - [28/Dec/2024:10:12:19 +0900] "GET /lib/animate/animate.min.css HTTP/1.1" 200 16964
0:0:0:0:0:0:0:1 - - [28/Dec/2024:10:12:19 +0900] "GET /css/style.css HTTP/1.1" 200 8596
0:0:0:0:0:0:0:1 - - [28/Dec/2024:10:12:19 +0900] "GET /lib/owlcarousel/assets/owl.carousel.min.css HTTP/1.1" 200 2941
0:0:0:0:0:0:0:1 - - [28/Dec/2024:10:12:19 +0900] "GET /css/bootstrap.min.css HTTP/1.1" 200 164340
0:0:0:0:0:0:0:1 - - [28/Dec/2024:10:12:19 +0900] "GET /lib/wow/wow.js HTTP/1.1" 200 17059
0:0:0:0:0:0:0:1 - - [28/Dec/2024:10:12:19 +0900] "GET /lib/easing/easing.min.js HTTP/1.1" 200 2303
0:0:0:0:0:0:0:1 - - [28/Dec/2024:10:12:19 +0900] "GET /lib/waypoints/waypoints.min.js HTTP/1.1" 200 9034
0:0:0:0:0:0:0:1 - - [28/Dec/2024:10:12:19 +0900] "GET /js/main.js HTTP/1.1" 200 1803
0:0:0:0:0:0:0:1 - - [28/Dec/2024:10:12:19 +0900] "GET /lib/owlcarousel/owl.carousel.min.js HTTP/1.1" 200 42772
0:0:0:0:0:0:0:1 - - [28/Dec/2024:10:12:23 +0900] "GET /about HTTP/1.1" 200 11028
0:0:0:0:0:0:0:1 - - [28/Dec/2024:10:12:23 +0900] "GET /lib/animate/animate.min.css HTTP/1.1" 200 16964
0:0:0:0:0:0:0:1 - - [28/Dec/2024:10:12:23 +0900] "GET /lib/owlcarousel/assets/owl.carousel.min.css HTTP/1.1" 200 2941
0:0:0:0:0:0:0:1 - - [28/Dec/2024:10:12:23 +0900] "GET /css/bootstrap.min.css HTTP/1.1" 200 164340
0:0:0:0:0:0:0:1 - - [28/Dec/2024:10:12:23 +0900] "GET /img/about-1.jpg HTTP/1.1" 200 23884
0:0:0:0:0:0:0:1 - - [28/Dec/2024:10:12:23 +0900] "GET /css/style.css HTTP/1.1" 200 8596
0:0:0:0:0:0:0:1 - - [28/Dec/2024:10:12:23 +0900] "GET /img/about-3.jpg HTTP/1.1" 200 18799
0:0:0:0:0:0:0:1 - - [28/Dec/2024:10:12:23 +0900] "GET /img/about-2.jpg HTTP/1.1" 200 19751
0:0:0:0:0:0:0:1 - - [28/Dec/2024:10:12:23 +0900] "GET /img/about-4.jpg HTTP/1.1" 200 24484
0:0:0:0:0:0:0:1 - - [28/Dec/2024:10:12:23 +0900] "GET /lib/easing/easing.min.js HTTP/1.1" 200 2303
0:0:0:0:0:0:0:1 - - [28/Dec/2024:10:12:23 +0900] "GET /lib/wow/wow.js HTTP/1.1" 200 17059
0:0:0:0:0:0:0:1 - - [28/Dec/2024:10:12:23 +0900] "GET /js/main.js HTTP/1.1" 200 1803
0:0:0:0:0:0:0:1 - - [28/Dec/2024:10:12:23 +0900] "GET /lib/waypoints/waypoints.min.js HTTP/1.1" 200 9034
0:0:0:0:0:0:0:1 - - [28/Dec/2024:10:12:23 +0900] "GET /lib/owlcarousel/owl.carousel.min.js HTTP/1.1" 200 42772
0:0:0:0:0:0:0:1 - - [28/Dec/2024:10:12:23 +0900] "GET /img/carousel-1.jpg HTTP/1.1" 200 62287
0:0:0:0:0:0:0:1 - - [28/Dec/2024:10:12:35 +0900] "GET /about HTTP/1.1" 200 11028
0:0:0:0:0:0:0:1 - - [28/Dec/2024:10:12:35 +0900] "GET /lib/animate/animate.min.css HTTP/1.1" 200 16964
0:0:0:0:0:0:0:1 - - [28/Dec/2024:10:12:35 +0900] "GET /lib/owlcarousel/assets/owl.carousel.min.css HTTP/1.1" 200 2941
0:0:0:0:0:0:0:1 - - [28/Dec/2024:10:12:35 +0900] "GET /css/bootstrap.min.css HTTP/1.1" 200 164340
0:0:0:0:0:0:0:1 - - [28/Dec/2024:10:12:35 +0900] "GET /img/about-2.jpg HTTP/1.1" 200 19751
0:0:0:0:0:0:0:1 - - [28/Dec/2024:10:12:35 +0900] "GET /img/about-1.jpg HTTP/1.1" 200 23884
0:0:0:0:0:0:0:1 - - [28/Dec/2024:10:12:35 +0900] "GET /css/style.css HTTP/1.1" 200 8596
0:0:0:0:0:0:0:1 - - [28/Dec/2024:10:12:35 +0900] "GET /img/about-3.jpg HTTP/1.1" 200 18799
0:0:0:0:0:0:0:1 - - [28/Dec/2024:10:12:35 +0900] "GET /img/about-4.jpg HTTP/1.1" 200 24484
0:0:0:0:0:0:0:1 - - [28/Dec/2024:10:12:35 +0900] "GET /lib/wow/wow.js HTTP/1.1" 200 17059
0:0:0:0:0:0:0:1 - - [28/Dec/2024:10:12:35 +0900] "GET /lib/easing/easing.min.js HTTP/1.1" 200 2303
0:0:0:0:0:0:0:1 - - [28/Dec/2024:10:12:35 +0900] "GET /lib/waypoints/waypoints.min.js HTTP/1.1" 200 9034
0:0:0:0:0:0:0:1 - - [28/Dec/2024:10:12:35 +0900] "GET /js/main.js HTTP/1.1" 200 1803
0:0:0:0:0:0:0:1 - - [28/Dec/2024:10:12:35 +0900] "GET /lib/owlcarousel/owl.carousel.min.js HTTP/1.1" 200 42772
0:0:0:0:0:0:0:1 - - [28/Dec/2024:10:12:35 +0900] "GET /img/carousel-1.jpg HTTP/1.1" 200 62287
0:0:0:0:0:0:0:1 - - [28/Dec/2024:10:53:45 +0900] "GET / HTTP/1.1" 200 51781
0:0:0:0:0:0:0:1 - - [28/Dec/2024:10:53:45 +0900] "GET /lib/owlcarousel/assets/owl.carousel.min.css HTTP/1.1" 200 2941
0:0:0:0:0:0:0:1 - - [28/Dec/2024:10:53:45 +0900] "GET /lib/animate/animate.min.css HTTP/1.1" 200 16964
0:0:0:0:0:0:0:1 - - [28/Dec/2024:10:53:45 +0900] "GET /css/bootstrap.min.css HTTP/1.1" 200 164340
0:0:0:0:0:0:0:1 - - [28/Dec/2024:10:53:45 +0900] "GET /css/style.css HTTP/1.1" 200 8596
0:0:0:0:0:0:0:1 - - [28/Dec/2024:10:53:45 +0900] "GET /img/carousel-1.jpg HTTP/1.1" 200 62287
0:0:0:0:0:0:0:1 - - [28/Dec/2024:10:53:45 +0900] "GET /img/about-2.jpg HTTP/1.1" 200 19751
0:0:0:0:0:0:0:1 - - [28/Dec/2024:10:53:45 +0900] "GET /img/about-1.jpg HTTP/1.1" 200 23884
0:0:0:0:0:0:0:1 - - [28/Dec/2024:10:53:45 +0900] "GET /img/carousel-2.jpg HTTP/1.1" 200 41785
0:0:0:0:0:0:0:1 - - [28/Dec/2024:10:53:45 +0900] "GET /lib/wow/wow.js HTTP/1.1" 200 17059
0:0:0:0:0:0:0:1 - - [28/Dec/2024:10:53:45 +0900] "GET /img/about-3.jpg HTTP/1.1" 200 18799
0:0:0:0:0:0:0:1 - - [28/Dec/2024:10:53:45 +0900] "GET /lib/easing/easing.min.js HTTP/1.1" 200 2303
0:0:0:0:0:0:0:1 - - [28/Dec/2024:10:53:45 +0900] "GET /lib/waypoints/waypoints.min.js HTTP/1.1" 200 9034
0:0:0:0:0:0:0:1 - - [28/Dec/2024:10:53:45 +0900] "GET /lib/owlcarousel/owl.carousel.min.js HTTP/1.1" 200 42772
0:0:0:0:0:0:0:1 - - [28/Dec/2024:10:53:45 +0900] "GET /js/main.js HTTP/1.1" 200 1803
0:0:0:0:0:0:0:1 - - [28/Dec/2024:10:53:45 +0900] "GET /img/about-4.jpg HTTP/1.1" 200 24484
0:0:0:0:0:0:0:1 - - [28/Dec/2024:10:53:45 +0900] "GET /img/com-logo-1.jpg HTTP/1.1" 200 2418
0:0:0:0:0:0:0:1 - - [28/Dec/2024:10:53:45 +0900] "GET /img/com-logo-2.jpg HTTP/1.1" 200 2592
0:0:0:0:0:0:0:1 - - [28/Dec/2024:10:53:45 +0900] "GET /img/carousel-1.jpg HTTP/1.1" 200 62287
0:0:0:0:0:0:0:1 - - [28/Dec/2024:10:53:45 +0900] "GET /img/com-logo-3.jpg HTTP/1.1" 200 2289
0:0:0:0:0:0:0:1 - - [28/Dec/2024:10:53:45 +0900] "GET /img/com-logo-4.jpg HTTP/1.1" 200 2445
0:0:0:0:0:0:0:1 - - [28/Dec/2024:10:53:45 +0900] "GET /img/testimonial-1.jpg HTTP/1.1" 200 3451
0:0:0:0:0:0:0:1 - - [28/Dec/2024:10:53:45 +0900] "GET /img/testimonial-2.jpg HTTP/1.1" 200 3517
0:0:0:0:0:0:0:1 - - [28/Dec/2024:10:53:45 +0900] "GET /img/com-logo-5.jpg HTTP/1.1" 200 2274
0:0:0:0:0:0:0:1 - - [28/Dec/2024:10:53:45 +0900] "GET /img/testimonial-3.jpg HTTP/1.1" 200 3066
0:0:0:0:0:0:0:1 - - [28/Dec/2024:10:53:45 +0900] "GET /img/testimonial-4.jpg HTTP/1.1" 200 3268
0:0:0:0:0:0:0:1 - - [28/Dec/2024:10:53:45 +0900] "GET /img/carousel-2.jpg HTTP/1.1" 200 41785
0:0:0:0:0:0:0:1 - - [28/Dec/2024:11:00:01 +0900] "GET /html HTTP/1.1" 200 3782
0:0:0:0:0:0:0:1 - - [28/Dec/2024:11:00:01 +0900] "GET /lib/animate/animate.min.css HTTP/1.1" 200 16964
0:0:0:0:0:0:0:1 - - [28/Dec/2024:11:00:01 +0900] "GET /lib/owlcarousel/assets/owl.carousel.min.css HTTP/1.1" 200 2941
0:0:0:0:0:0:0:1 - - [28/Dec/2024:11:00:01 +0900] "GET /lib/easing/easing.min.js HTTP/1.1" 200 2303
0:0:0:0:0:0:0:1 - - [28/Dec/2024:11:00:01 +0900] "GET /css/style.css HTTP/1.1" 200 8596
0:0:0:0:0:0:0:1 - - [28/Dec/2024:11:00:01 +0900] "GET /lib/wow/wow.js HTTP/1.1" 200 17059
0:0:0:0:0:0:0:1 - - [28/Dec/2024:11:00:01 +0900] "GET /lib/waypoints/waypoints.min.js HTTP/1.1" 200 9034
0:0:0:0:0:0:0:1 - - [28/Dec/2024:11:00:01 +0900] "GET /lib/owlcarousel/owl.carousel.min.js HTTP/1.1" 200 42772
0:0:0:0:0:0:0:1 - - [28/Dec/2024:11:00:01 +0900] "GET /css/bootstrap.min.css HTTP/1.1" 200 164340
0:0:0:0:0:0:0:1 - - [28/Dec/2024:11:00:01 +0900] "GET /js/main.js HTTP/1.1" 200 1803
