0:0:0:0:0:0:0:1 - - [25/Feb/2025:21:49:43 +0900] "GET /zerotodeploy/ HTTP/1.1" 200 7874
0:0:0:0:0:0:0:1 - - [25/Feb/2025:21:49:43 +0900] "GET /zerotodeploy/css/style.css HTTP/1.1" 200 8596
0:0:0:0:0:0:0:1 - - [25/Feb/2025:21:49:43 +0900] "GET /zerotodeploy/lib/owlcarousel/assets/owl.carousel.min.css HTTP/1.1" 200 2941
0:0:0:0:0:0:0:1 - - [25/Feb/2025:21:49:43 +0900] "GET /zerotodeploy/lib/wow/wow.js HTTP/1.1" 200 17059
0:0:0:0:0:0:0:1 - - [25/Feb/2025:21:49:43 +0900] "GET /zerotodeploy/lib/easing/easing.min.js HTTP/1.1" 200 2303
0:0:0:0:0:0:0:1 - - [25/Feb/2025:21:49:43 +0900] "GET /zerotodeploy/css/bootstrap.min.css HTTP/1.1" 200 164340
0:0:0:0:0:0:0:1 - - [25/Feb/2025:21:49:43 +0900] "GET /zerotodeploy/lib/animate/animate.min.css HTTP/1.1" 200 16964
0:0:0:0:0:0:0:1 - - [25/Feb/2025:21:49:43 +0900] "GET /zerotodeploy/lib/waypoints/waypoints.min.js HTTP/1.1" 200 9034
0:0:0:0:0:0:0:1 - - [25/Feb/2025:21:49:43 +0900] "GET /zerotodeploy/js/main.js HTTP/1.1" 200 1803
0:0:0:0:0:0:0:1 - - [25/Feb/2025:21:49:43 +0900] "GET /zerotodeploy/lib/owlcarousel/owl.carousel.min.js HTTP/1.1" 200 42772
0:0:0:0:0:0:0:1 - - [25/Feb/2025:21:49:43 +0900] "GET /zerotodeploy/img/favicon.ico HTTP/1.1" 404 9873
0:0:0:0:0:0:0:1 - - [25/Feb/2025:21:49:44 +0900] "GET /zerotodeploy/login HTTP/1.1" 200 7124
0:0:0:0:0:0:0:1 - - [25/Feb/2025:21:49:44 +0900] "GET /zerotodeploy/lib/animate/animate.min.css HTTP/1.1" 200 16964
0:0:0:0:0:0:0:1 - - [25/Feb/2025:21:49:44 +0900] "GET /zerotodeploy/lib/wow/wow.js HTTP/1.1" 200 17059
0:0:0:0:0:0:0:1 - - [25/Feb/2025:21:49:44 +0900] "GET /zerotodeploy/lib/easing/easing.min.js HTTP/1.1" 200 2303
0:0:0:0:0:0:0:1 - - [25/Feb/2025:21:49:44 +0900] "GET /zerotodeploy/lib/owlcarousel/assets/owl.carousel.min.css HTTP/1.1" 200 2941
0:0:0:0:0:0:0:1 - - [25/Feb/2025:21:49:44 +0900] "GET /zerotodeploy/css/style.css HTTP/1.1" 200 8596
0:0:0:0:0:0:0:1 - - [25/Feb/2025:21:49:44 +0900] "GET /zerotodeploy/css/bootstrap.min.css HTTP/1.1" 200 164340
0:0:0:0:0:0:0:1 - - [25/Feb/2025:21:49:44 +0900] "GET /zerotodeploy/js/main.js HTTP/1.1" 200 1803
0:0:0:0:0:0:0:1 - - [25/Feb/2025:21:49:44 +0900] "GET /zerotodeploy/lib/waypoints/waypoints.min.js HTTP/1.1" 200 9034
0:0:0:0:0:0:0:1 - - [25/Feb/2025:21:49:44 +0900] "GET /zerotodeploy/lib/owlcarousel/owl.carousel.min.js HTTP/1.1" 200 42772
0:0:0:0:0:0:0:1 - - [25/Feb/2025:21:49:47 +0900] "GET /zerotodeploy/signUp HTTP/1.1" 200 8458
0:0:0:0:0:0:0:1 - - [25/Feb/2025:21:49:47 +0900] "GET /zerotodeploy/css/style.css HTTP/1.1" 200 8596
0:0:0:0:0:0:0:1 - - [25/Feb/2025:21:49:47 +0900] "GET /zerotodeploy/lib/easing/easing.min.js HTTP/1.1" 200 2303
0:0:0:0:0:0:0:1 - - [25/Feb/2025:21:49:47 +0900] "GET /zerotodeploy/lib/owlcarousel/assets/owl.carousel.min.css HTTP/1.1" 200 2941
0:0:0:0:0:0:0:1 - - [25/Feb/2025:21:49:47 +0900] "GET /zerotodeploy/lib/animate/animate.min.css HTTP/1.1" 200 16964
0:0:0:0:0:0:0:1 - - [25/Feb/2025:21:49:47 +0900] "GET /zerotodeploy/lib/wow/wow.js HTTP/1.1" 200 17059
0:0:0:0:0:0:0:1 - - [25/Feb/2025:21:49:47 +0900] "GET /zerotodeploy/css/bootstrap.min.css HTTP/1.1" 200 164340
0:0:0:0:0:0:0:1 - - [25/Feb/2025:21:49:47 +0900] "GET /zerotodeploy/js/main.js HTTP/1.1" 200 1803
0:0:0:0:0:0:0:1 - - [25/Feb/2025:21:49:47 +0900] "GET /zerotodeploy/lib/waypoints/waypoints.min.js HTTP/1.1" 200 9034
0:0:0:0:0:0:0:1 - - [25/Feb/2025:21:49:47 +0900] "GET /zerotodeploy/lib/owlcarousel/owl.carousel.min.js HTTP/1.1" 200 42772
0:0:0:0:0:0:0:1 - - [25/Feb/2025:21:49:51 +0900] "POST /zerotodeploy/signUp HTTP/1.1" 405 10471
0:0:0:0:0:0:0:1 - - [25/Feb/2025:21:49:51 +0900] "GET /favicon.ico HTTP/1.1" 404 683
0:0:0:0:0:0:0:1 - - [25/Feb/2025:21:54:16 +0900] "GET /zerotodeploy/ HTTP/1.1" 200 7874
0:0:0:0:0:0:0:1 - - [25/Feb/2025:21:54:16 +0900] "GET /zerotodeploy/lib/animate/animate.min.css HTTP/1.1" 200 16964
0:0:0:0:0:0:0:1 - - [25/Feb/2025:21:54:16 +0900] "GET /zerotodeploy/lib/wow/wow.js HTTP/1.1" 200 17059
0:0:0:0:0:0:0:1 - - [25/Feb/2025:21:54:16 +0900] "GET /zerotodeploy/css/style.css HTTP/1.1" 200 8596
0:0:0:0:0:0:0:1 - - [25/Feb/2025:21:54:16 +0900] "GET /zerotodeploy/lib/easing/easing.min.js HTTP/1.1" 200 2303
0:0:0:0:0:0:0:1 - - [25/Feb/2025:21:54:16 +0900] "GET /zerotodeploy/lib/owlcarousel/assets/owl.carousel.min.css HTTP/1.1" 200 2941
0:0:0:0:0:0:0:1 - - [25/Feb/2025:21:54:16 +0900] "GET /zerotodeploy/css/bootstrap.min.css HTTP/1.1" 200 164340
0:0:0:0:0:0:0:1 - - [25/Feb/2025:21:54:16 +0900] "GET /zerotodeploy/lib/waypoints/waypoints.min.js HTTP/1.1" 200 9034
0:0:0:0:0:0:0:1 - - [25/Feb/2025:21:54:16 +0900] "GET /zerotodeploy/js/main.js HTTP/1.1" 200 1803
0:0:0:0:0:0:0:1 - - [25/Feb/2025:21:54:16 +0900] "GET /zerotodeploy/lib/owlcarousel/owl.carousel.min.js HTTP/1.1" 200 42772
0:0:0:0:0:0:0:1 - - [25/Feb/2025:21:54:17 +0900] "GET /zerotodeploy/java HTTP/1.1" 200 5155
0:0:0:0:0:0:0:1 - - [25/Feb/2025:21:54:17 +0900] "GET /zerotodeploy/lib/animate/animate.min.css HTTP/1.1" 200 16964
0:0:0:0:0:0:0:1 - - [25/Feb/2025:21:54:17 +0900] "GET /zerotodeploy/css/style.css HTTP/1.1" 200 8596
0:0:0:0:0:0:0:1 - - [25/Feb/2025:21:54:17 +0900] "GET /zerotodeploy/lib/easing/easing.min.js HTTP/1.1" 200 2303
0:0:0:0:0:0:0:1 - - [25/Feb/2025:21:54:17 +0900] "GET /zerotodeploy/lib/owlcarousel/assets/owl.carousel.min.css HTTP/1.1" 200 2941
0:0:0:0:0:0:0:1 - - [25/Feb/2025:21:54:17 +0900] "GET /zerotodeploy/lib/wow/wow.js HTTP/1.1" 200 17059
0:0:0:0:0:0:0:1 - - [25/Feb/2025:21:54:17 +0900] "GET /zerotodeploy/css/bootstrap.min.css HTTP/1.1" 200 164340
0:0:0:0:0:0:0:1 - - [25/Feb/2025:21:54:17 +0900] "GET /zerotodeploy/lib/waypoints/waypoints.min.js HTTP/1.1" 200 9034
0:0:0:0:0:0:0:1 - - [25/Feb/2025:21:54:17 +0900] "GET /zerotodeploy/js/main.js HTTP/1.1" 200 1803
0:0:0:0:0:0:0:1 - - [25/Feb/2025:21:54:17 +0900] "GET /zerotodeploy/lib/owlcarousel/owl.carousel.min.js HTTP/1.1" 200 42772
0:0:0:0:0:0:0:1 - - [25/Feb/2025:21:54:18 +0900] "GET /zerotodeploy/login HTTP/1.1" 200 7124
0:0:0:0:0:0:0:1 - - [25/Feb/2025:21:54:18 +0900] "GET /zerotodeploy/lib/animate/animate.min.css HTTP/1.1" 200 16964
0:0:0:0:0:0:0:1 - - [25/Feb/2025:21:54:18 +0900] "GET /zerotodeploy/css/style.css HTTP/1.1" 200 8596
0:0:0:0:0:0:0:1 - - [25/Feb/2025:21:54:18 +0900] "GET /zerotodeploy/lib/easing/easing.min.js HTTP/1.1" 200 2303
0:0:0:0:0:0:0:1 - - [25/Feb/2025:21:54:18 +0900] "GET /zerotodeploy/lib/owlcarousel/assets/owl.carousel.min.css HTTP/1.1" 200 2941
0:0:0:0:0:0:0:1 - - [25/Feb/2025:21:54:18 +0900] "GET /zerotodeploy/lib/wow/wow.js HTTP/1.1" 200 17059
0:0:0:0:0:0:0:1 - - [25/Feb/2025:21:54:18 +0900] "GET /zerotodeploy/css/bootstrap.min.css HTTP/1.1" 200 164340
0:0:0:0:0:0:0:1 - - [25/Feb/2025:21:54:18 +0900] "GET /zerotodeploy/lib/waypoints/waypoints.min.js HTTP/1.1" 200 9034
0:0:0:0:0:0:0:1 - - [25/Feb/2025:21:54:18 +0900] "GET /zerotodeploy/js/main.js HTTP/1.1" 200 1803
0:0:0:0:0:0:0:1 - - [25/Feb/2025:21:54:18 +0900] "GET /zerotodeploy/lib/owlcarousel/owl.carousel.min.js HTTP/1.1" 200 42772
0:0:0:0:0:0:0:1 - - [25/Feb/2025:21:54:20 +0900] "GET /zerotodeploy/signUp HTTP/1.1" 200 8458
0:0:0:0:0:0:0:1 - - [25/Feb/2025:21:54:20 +0900] "GET /zerotodeploy/lib/animate/animate.min.css HTTP/1.1" 200 16964
0:0:0:0:0:0:0:1 - - [25/Feb/2025:21:54:20 +0900] "GET /zerotodeploy/css/style.css HTTP/1.1" 200 8596
0:0:0:0:0:0:0:1 - - [25/Feb/2025:21:54:20 +0900] "GET /zerotodeploy/lib/easing/easing.min.js HTTP/1.1" 200 2303
0:0:0:0:0:0:0:1 - - [25/Feb/2025:21:54:20 +0900] "GET /zerotodeploy/lib/wow/wow.js HTTP/1.1" 200 17059
0:0:0:0:0:0:0:1 - - [25/Feb/2025:21:54:20 +0900] "GET /zerotodeploy/lib/owlcarousel/assets/owl.carousel.min.css HTTP/1.1" 200 2941
0:0:0:0:0:0:0:1 - - [25/Feb/2025:21:54:20 +0900] "GET /zerotodeploy/css/bootstrap.min.css HTTP/1.1" 200 164340
0:0:0:0:0:0:0:1 - - [25/Feb/2025:21:54:20 +0900] "GET /zerotodeploy/lib/waypoints/waypoints.min.js HTTP/1.1" 200 9034
0:0:0:0:0:0:0:1 - - [25/Feb/2025:21:54:20 +0900] "GET /zerotodeploy/js/main.js HTTP/1.1" 200 1803
0:0:0:0:0:0:0:1 - - [25/Feb/2025:21:54:20 +0900] "GET /zerotodeploy/lib/owlcarousel/owl.carousel.min.js HTTP/1.1" 200 42772
0:0:0:0:0:0:0:1 - - [25/Feb/2025:21:54:26 +0900] "POST /zerotodeploy/signUp HTTP/1.1" 405 10471
0:0:0:0:0:0:0:1 - - [25/Feb/2025:21:55:04 +0900] "GET /zerotodeploy/ HTTP/1.1" 200 7874
0:0:0:0:0:0:0:1 - - [25/Feb/2025:21:55:04 +0900] "GET /zerotodeploy/css/bootstrap.min.css HTTP/1.1" 200 164340
0:0:0:0:0:0:0:1 - - [25/Feb/2025:21:55:04 +0900] "GET /zerotodeploy/css/style.css HTTP/1.1" 200 8596
0:0:0:0:0:0:0:1 - - [25/Feb/2025:21:55:04 +0900] "GET /zerotodeploy/lib/wow/wow.js HTTP/1.1" 302 -
0:0:0:0:0:0:0:1 - - [25/Feb/2025:21:55:04 +0900] "GET /zerotodeploy/lib/animate/animate.min.css HTTP/1.1" 302 -
0:0:0:0:0:0:0:1 - - [25/Feb/2025:21:55:04 +0900] "GET /zerotodeploy/lib/owlcarousel/assets/owl.carousel.min.css HTTP/1.1" 302 -
0:0:0:0:0:0:0:1 - - [25/Feb/2025:21:55:04 +0900] "GET /zerotodeploy/login HTTP/1.1" 200 7124
0:0:0:0:0:0:0:1 - - [25/Feb/2025:21:55:04 +0900] "GET /zerotodeploy/lib/easing/easing.min.js HTTP/1.1" 302 -
0:0:0:0:0:0:0:1 - - [25/Feb/2025:21:55:04 +0900] "GET /zerotodeploy/login HTTP/1.1" 200 7124
0:0:0:0:0:0:0:1 - - [25/Feb/2025:21:55:04 +0900] "GET /zerotodeploy/lib/waypoints/waypoints.min.js HTTP/1.1" 302 -
0:0:0:0:0:0:0:1 - - [25/Feb/2025:21:55:04 +0900] "GET /zerotodeploy/login HTTP/1.1" 200 7124
0:0:0:0:0:0:0:1 - - [25/Feb/2025:21:55:04 +0900] "GET /zerotodeploy/lib/owlcarousel/owl.carousel.min.js HTTP/1.1" 302 -
0:0:0:0:0:0:0:1 - - [25/Feb/2025:21:55:04 +0900] "GET /zerotodeploy/login HTTP/1.1" 200 7124
0:0:0:0:0:0:0:1 - - [25/Feb/2025:21:55:04 +0900] "GET /zerotodeploy/js/main.js HTTP/1.1" 200 1803
0:0:0:0:0:0:0:1 - - [25/Feb/2025:21:55:04 +0900] "GET /zerotodeploy/login HTTP/1.1" 200 7124
0:0:0:0:0:0:0:1 - - [25/Feb/2025:21:55:04 +0900] "GET /zerotodeploy/login HTTP/1.1" 200 7124
0:0:0:0:0:0:0:1 - - [25/Feb/2025:21:55:08 +0900] "GET /zerotodeploy/ HTTP/1.1" 200 7874
0:0:0:0:0:0:0:1 - - [25/Feb/2025:21:55:08 +0900] "GET /zerotodeploy/lib/animate/animate.min.css HTTP/1.1" 302 -
0:0:0:0:0:0:0:1 - - [25/Feb/2025:21:55:08 +0900] "GET /zerotodeploy/lib/owlcarousel/assets/owl.carousel.min.css HTTP/1.1" 302 -
0:0:0:0:0:0:0:1 - - [25/Feb/2025:21:55:08 +0900] "GET /zerotodeploy/lib/wow/wow.js HTTP/1.1" 302 -
0:0:0:0:0:0:0:1 - - [25/Feb/2025:21:55:08 +0900] "GET /zerotodeploy/lib/easing/easing.min.js HTTP/1.1" 302 -
0:0:0:0:0:0:0:1 - - [25/Feb/2025:21:55:08 +0900] "GET /zerotodeploy/css/style.css HTTP/1.1" 200 8596
0:0:0:0:0:0:0:1 - - [25/Feb/2025:21:55:08 +0900] "GET /zerotodeploy/css/bootstrap.min.css HTTP/1.1" 200 164340
0:0:0:0:0:0:0:1 - - [25/Feb/2025:21:55:08 +0900] "GET /zerotodeploy/lib/owlcarousel/owl.carousel.min.js HTTP/1.1" 302 -
0:0:0:0:0:0:0:1 - - [25/Feb/2025:21:55:08 +0900] "GET /zerotodeploy/lib/waypoints/waypoints.min.js HTTP/1.1" 302 -
0:0:0:0:0:0:0:1 - - [25/Feb/2025:21:55:08 +0900] "GET /zerotodeploy/js/main.js HTTP/1.1" 200 1803
0:0:0:0:0:0:0:1 - - [25/Feb/2025:21:55:08 +0900] "GET /zerotodeploy/login HTTP/1.1" 200 7124
0:0:0:0:0:0:0:1 - - [25/Feb/2025:21:55:08 +0900] "GET /zerotodeploy/login HTTP/1.1" 200 7124
0:0:0:0:0:0:0:1 - - [25/Feb/2025:21:55:08 +0900] "GET /zerotodeploy/login HTTP/1.1" 200 7124
0:0:0:0:0:0:0:1 - - [25/Feb/2025:21:55:08 +0900] "GET /zerotodeploy/login HTTP/1.1" 200 7124
0:0:0:0:0:0:0:1 - - [25/Feb/2025:21:55:08 +0900] "GET /zerotodeploy/login HTTP/1.1" 200 7124
0:0:0:0:0:0:0:1 - - [25/Feb/2025:21:55:08 +0900] "GET /zerotodeploy/login HTTP/1.1" 200 7124
0:0:0:0:0:0:0:1 - - [25/Feb/2025:21:55:09 +0900] "GET /zerotodeploy/login HTTP/1.1" 200 7124
0:0:0:0:0:0:0:1 - - [25/Feb/2025:21:55:09 +0900] "GET /zerotodeploy/lib/animate/animate.min.css HTTP/1.1" 302 -
0:0:0:0:0:0:0:1 - - [25/Feb/2025:21:55:09 +0900] "GET /zerotodeploy/lib/wow/wow.js HTTP/1.1" 302 -
0:0:0:0:0:0:0:1 - - [25/Feb/2025:21:55:09 +0900] "GET /zerotodeploy/lib/owlcarousel/assets/owl.carousel.min.css HTTP/1.1" 302 -
0:0:0:0:0:0:0:1 - - [25/Feb/2025:21:55:09 +0900] "GET /zerotodeploy/lib/easing/easing.min.js HTTP/1.1" 302 -
0:0:0:0:0:0:0:1 - - [25/Feb/2025:21:55:09 +0900] "GET /zerotodeploy/lib/waypoints/waypoints.min.js HTTP/1.1" 302 -
0:0:0:0:0:0:0:1 - - [25/Feb/2025:21:55:09 +0900] "GET /zerotodeploy/css/style.css HTTP/1.1" 200 8596
0:0:0:0:0:0:0:1 - - [25/Feb/2025:21:55:09 +0900] "GET /zerotodeploy/css/bootstrap.min.css HTTP/1.1" 200 164340
0:0:0:0:0:0:0:1 - - [25/Feb/2025:21:55:09 +0900] "GET /zerotodeploy/lib/owlcarousel/owl.carousel.min.js HTTP/1.1" 302 -
0:0:0:0:0:0:0:1 - - [25/Feb/2025:21:55:09 +0900] "GET /zerotodeploy/js/main.js HTTP/1.1" 200 1803
0:0:0:0:0:0:0:1 - - [25/Feb/2025:21:55:09 +0900] "GET /zerotodeploy/login HTTP/1.1" 200 7124
0:0:0:0:0:0:0:1 - - [25/Feb/2025:21:55:09 +0900] "GET /zerotodeploy/login HTTP/1.1" 200 7124
0:0:0:0:0:0:0:1 - - [25/Feb/2025:21:55:09 +0900] "GET /zerotodeploy/login HTTP/1.1" 200 7124
0:0:0:0:0:0:0:1 - - [25/Feb/2025:21:55:09 +0900] "GET /zerotodeploy/login HTTP/1.1" 200 7124
0:0:0:0:0:0:0:1 - - [25/Feb/2025:21:55:09 +0900] "GET /zerotodeploy/login HTTP/1.1" 200 7124
0:0:0:0:0:0:0:1 - - [25/Feb/2025:21:55:09 +0900] "GET /zerotodeploy/login HTTP/1.1" 200 7124
0:0:0:0:0:0:0:1 - - [25/Feb/2025:21:55:10 +0900] "GET /zerotodeploy/signUp HTTP/1.1" 302 -
0:0:0:0:0:0:0:1 - - [25/Feb/2025:21:55:10 +0900] "GET /zerotodeploy/login HTTP/1.1" 200 7124
0:0:0:0:0:0:0:1 - - [25/Feb/2025:21:55:10 +0900] "GET /zerotodeploy/lib/animate/animate.min.css HTTP/1.1" 302 -
0:0:0:0:0:0:0:1 - - [25/Feb/2025:21:55:10 +0900] "GET /zerotodeploy/lib/owlcarousel/assets/owl.carousel.min.css HTTP/1.1" 302 -
0:0:0:0:0:0:0:1 - - [25/Feb/2025:21:55:10 +0900] "GET /zerotodeploy/lib/easing/easing.min.js HTTP/1.1" 302 -
0:0:0:0:0:0:0:1 - - [25/Feb/2025:21:55:10 +0900] "GET /zerotodeploy/lib/wow/wow.js HTTP/1.1" 302 -
0:0:0:0:0:0:0:1 - - [25/Feb/2025:21:55:10 +0900] "GET /zerotodeploy/css/style.css HTTP/1.1" 200 8596
0:0:0:0:0:0:0:1 - - [25/Feb/2025:21:55:10 +0900] "GET /zerotodeploy/css/bootstrap.min.css HTTP/1.1" 200 164340
0:0:0:0:0:0:0:1 - - [25/Feb/2025:21:55:10 +0900] "GET /zerotodeploy/lib/waypoints/waypoints.min.js HTTP/1.1" 302 -
0:0:0:0:0:0:0:1 - - [25/Feb/2025:21:55:10 +0900] "GET /zerotodeploy/lib/owlcarousel/owl.carousel.min.js HTTP/1.1" 302 -
0:0:0:0:0:0:0:1 - - [25/Feb/2025:21:55:10 +0900] "GET /zerotodeploy/js/main.js HTTP/1.1" 200 1803
0:0:0:0:0:0:0:1 - - [25/Feb/2025:21:55:10 +0900] "GET /zerotodeploy/login HTTP/1.1" 200 7124
0:0:0:0:0:0:0:1 - - [25/Feb/2025:21:55:10 +0900] "GET /zerotodeploy/login HTTP/1.1" 200 7124
0:0:0:0:0:0:0:1 - - [25/Feb/2025:21:55:10 +0900] "GET /zerotodeploy/login HTTP/1.1" 200 7124
0:0:0:0:0:0:0:1 - - [25/Feb/2025:21:55:10 +0900] "GET /zerotodeploy/login HTTP/1.1" 200 7124
0:0:0:0:0:0:0:1 - - [25/Feb/2025:21:55:10 +0900] "GET /zerotodeploy/login HTTP/1.1" 200 7124
0:0:0:0:0:0:0:1 - - [25/Feb/2025:21:55:10 +0900] "GET /zerotodeploy/login HTTP/1.1" 200 7124
0:0:0:0:0:0:0:1 - - [25/Feb/2025:21:55:11 +0900] "GET /zerotodeploy/signUp HTTP/1.1" 302 -
0:0:0:0:0:0:0:1 - - [25/Feb/2025:21:55:11 +0900] "GET /zerotodeploy/login HTTP/1.1" 200 7124
0:0:0:0:0:0:0:1 - - [25/Feb/2025:21:55:11 +0900] "GET /zerotodeploy/lib/animate/animate.min.css HTTP/1.1" 302 -
0:0:0:0:0:0:0:1 - - [25/Feb/2025:21:55:11 +0900] "GET /zerotodeploy/lib/wow/wow.js HTTP/1.1" 302 -
0:0:0:0:0:0:0:1 - - [25/Feb/2025:21:55:11 +0900] "GET /zerotodeploy/lib/owlcarousel/assets/owl.carousel.min.css HTTP/1.1" 302 -
0:0:0:0:0:0:0:1 - - [25/Feb/2025:21:55:11 +0900] "GET /zerotodeploy/lib/easing/easing.min.js HTTP/1.1" 302 -
0:0:0:0:0:0:0:1 - - [25/Feb/2025:21:55:11 +0900] "GET /zerotodeploy/css/style.css HTTP/1.1" 200 8596
0:0:0:0:0:0:0:1 - - [25/Feb/2025:21:55:11 +0900] "GET /zerotodeploy/css/bootstrap.min.css HTTP/1.1" 200 164340
0:0:0:0:0:0:0:1 - - [25/Feb/2025:21:55:11 +0900] "GET /zerotodeploy/lib/waypoints/waypoints.min.js HTTP/1.1" 302 -
0:0:0:0:0:0:0:1 - - [25/Feb/2025:21:55:11 +0900] "GET /zerotodeploy/lib/owlcarousel/owl.carousel.min.js HTTP/1.1" 302 -
0:0:0:0:0:0:0:1 - - [25/Feb/2025:21:55:11 +0900] "GET /zerotodeploy/js/main.js HTTP/1.1" 200 1803
0:0:0:0:0:0:0:1 - - [25/Feb/2025:21:55:11 +0900] "GET /zerotodeploy/login HTTP/1.1" 200 7124
0:0:0:0:0:0:0:1 - - [25/Feb/2025:21:55:11 +0900] "GET /zerotodeploy/login HTTP/1.1" 200 7124
0:0:0:0:0:0:0:1 - - [25/Feb/2025:21:55:11 +0900] "GET /zerotodeploy/login HTTP/1.1" 200 7124
0:0:0:0:0:0:0:1 - - [25/Feb/2025:21:55:11 +0900] "GET /zerotodeploy/login HTTP/1.1" 200 7124
0:0:0:0:0:0:0:1 - - [25/Feb/2025:21:55:11 +0900] "GET /zerotodeploy/login HTTP/1.1" 200 7124
0:0:0:0:0:0:0:1 - - [25/Feb/2025:21:55:11 +0900] "GET /zerotodeploy/login HTTP/1.1" 200 7124
0:0:0:0:0:0:0:1 - - [25/Feb/2025:21:55:52 +0900] "GET /zerotodeploy/login HTTP/1.1" 200 7124
0:0:0:0:0:0:0:1 - - [25/Feb/2025:21:55:52 +0900] "GET /zerotodeploy/lib/owlcarousel/assets/owl.carousel.min.css HTTP/1.1" 200 2941
0:0:0:0:0:0:0:1 - - [25/Feb/2025:21:55:52 +0900] "GET /zerotodeploy/lib/animate/animate.min.css HTTP/1.1" 200 16964
0:0:0:0:0:0:0:1 - - [25/Feb/2025:21:55:52 +0900] "GET /zerotodeploy/css/style.css HTTP/1.1" 200 8596
0:0:0:0:0:0:0:1 - - [25/Feb/2025:21:55:52 +0900] "GET /zerotodeploy/lib/easing/easing.min.js HTTP/1.1" 200 2303
0:0:0:0:0:0:0:1 - - [25/Feb/2025:21:55:52 +0900] "GET /zerotodeploy/css/bootstrap.min.css HTTP/1.1" 200 164340
0:0:0:0:0:0:0:1 - - [25/Feb/2025:21:55:52 +0900] "GET /zerotodeploy/lib/wow/wow.js HTTP/1.1" 200 17059
0:0:0:0:0:0:0:1 - - [25/Feb/2025:21:55:52 +0900] "GET /zerotodeploy/lib/owlcarousel/owl.carousel.min.js HTTP/1.1" 200 42772
0:0:0:0:0:0:0:1 - - [25/Feb/2025:21:55:52 +0900] "GET /zerotodeploy/lib/waypoints/waypoints.min.js HTTP/1.1" 200 9034
0:0:0:0:0:0:0:1 - - [25/Feb/2025:21:55:52 +0900] "GET /zerotodeploy/js/main.js HTTP/1.1" 200 1803
0:0:0:0:0:0:0:1 - - [25/Feb/2025:21:55:54 +0900] "GET /zerotodeploy/signUp HTTP/1.1" 200 8458
0:0:0:0:0:0:0:1 - - [25/Feb/2025:21:55:54 +0900] "GET /zerotodeploy/lib/animate/animate.min.css HTTP/1.1" 200 16964
0:0:0:0:0:0:0:1 - - [25/Feb/2025:21:55:54 +0900] "GET /zerotodeploy/lib/wow/wow.js HTTP/1.1" 200 17059
0:0:0:0:0:0:0:1 - - [25/Feb/2025:21:55:54 +0900] "GET /zerotodeploy/lib/owlcarousel/assets/owl.carousel.min.css HTTP/1.1" 200 2941
0:0:0:0:0:0:0:1 - - [25/Feb/2025:21:55:54 +0900] "GET /zerotodeploy/lib/waypoints/waypoints.min.js HTTP/1.1" 200 9034
0:0:0:0:0:0:0:1 - - [25/Feb/2025:21:55:54 +0900] "GET /zerotodeploy/css/style.css HTTP/1.1" 200 8596
0:0:0:0:0:0:0:1 - - [25/Feb/2025:21:55:54 +0900] "GET /zerotodeploy/lib/easing/easing.min.js HTTP/1.1" 200 2303
0:0:0:0:0:0:0:1 - - [25/Feb/2025:21:55:54 +0900] "GET /zerotodeploy/css/bootstrap.min.css HTTP/1.1" 200 164340
0:0:0:0:0:0:0:1 - - [25/Feb/2025:21:55:54 +0900] "GET /zerotodeploy/js/main.js HTTP/1.1" 200 1803
0:0:0:0:0:0:0:1 - - [25/Feb/2025:21:55:54 +0900] "GET /zerotodeploy/lib/owlcarousel/owl.carousel.min.js HTTP/1.1" 200 42772
0:0:0:0:0:0:0:1 - - [25/Feb/2025:21:55:59 +0900] "POST /zerotodeploy/signUp HTTP/1.1" 405 10471
0:0:0:0:0:0:0:1 - - [25/Feb/2025:21:56:30 +0900] "POST /zerotodeploy/signUp HTTP/1.1" 405 10471
0:0:0:0:0:0:0:1 - - [25/Feb/2025:21:56:32 +0900] "GET /zerotodeploy/ HTTP/1.1" 200 7874
0:0:0:0:0:0:0:1 - - [25/Feb/2025:21:56:32 +0900] "GET /zerotodeploy/lib/owlcarousel/assets/owl.carousel.min.css HTTP/1.1" 200 2941
0:0:0:0:0:0:0:1 - - [25/Feb/2025:21:56:32 +0900] "GET /zerotodeploy/lib/animate/animate.min.css HTTP/1.1" 200 16964
0:0:0:0:0:0:0:1 - - [25/Feb/2025:21:56:32 +0900] "GET /zerotodeploy/css/bootstrap.min.css HTTP/1.1" 200 164340
0:0:0:0:0:0:0:1 - - [25/Feb/2025:21:56:32 +0900] "GET /zerotodeploy/css/style.css HTTP/1.1" 200 8596
0:0:0:0:0:0:0:1 - - [25/Feb/2025:21:56:32 +0900] "GET /zerotodeploy/lib/wow/wow.js HTTP/1.1" 200 17059
0:0:0:0:0:0:0:1 - - [25/Feb/2025:21:56:32 +0900] "GET /zerotodeploy/lib/easing/easing.min.js HTTP/1.1" 200 2303
0:0:0:0:0:0:0:1 - - [25/Feb/2025:21:56:32 +0900] "GET /zerotodeploy/js/main.js HTTP/1.1" 200 1803
0:0:0:0:0:0:0:1 - - [25/Feb/2025:21:56:32 +0900] "GET /zerotodeploy/lib/owlcarousel/owl.carousel.min.js HTTP/1.1" 200 42772
0:0:0:0:0:0:0:1 - - [25/Feb/2025:21:56:32 +0900] "GET /zerotodeploy/lib/waypoints/waypoints.min.js HTTP/1.1" 200 9034
0:0:0:0:0:0:0:1 - - [25/Feb/2025:21:56:33 +0900] "GET /zerotodeploy/login HTTP/1.1" 200 7124
0:0:0:0:0:0:0:1 - - [25/Feb/2025:21:56:33 +0900] "GET /zerotodeploy/lib/animate/animate.min.css HTTP/1.1" 200 16964
0:0:0:0:0:0:0:1 - - [25/Feb/2025:21:56:33 +0900] "GET /zerotodeploy/lib/owlcarousel/assets/owl.carousel.min.css HTTP/1.1" 200 2941
0:0:0:0:0:0:0:1 - - [25/Feb/2025:21:56:33 +0900] "GET /zerotodeploy/css/bootstrap.min.css HTTP/1.1" 200 164340
0:0:0:0:0:0:0:1 - - [25/Feb/2025:21:56:33 +0900] "GET /zerotodeploy/css/style.css HTTP/1.1" 200 8596
0:0:0:0:0:0:0:1 - - [25/Feb/2025:21:56:33 +0900] "GET /zerotodeploy/lib/easing/easing.min.js HTTP/1.1" 200 2303
0:0:0:0:0:0:0:1 - - [25/Feb/2025:21:56:33 +0900] "GET /zerotodeploy/lib/wow/wow.js HTTP/1.1" 200 17059
0:0:0:0:0:0:0:1 - - [25/Feb/2025:21:56:33 +0900] "GET /zerotodeploy/lib/waypoints/waypoints.min.js HTTP/1.1" 200 9034
0:0:0:0:0:0:0:1 - - [25/Feb/2025:21:56:33 +0900] "GET /zerotodeploy/lib/owlcarousel/owl.carousel.min.js HTTP/1.1" 200 42772
0:0:0:0:0:0:0:1 - - [25/Feb/2025:21:56:33 +0900] "GET /zerotodeploy/js/main.js HTTP/1.1" 200 1803
0:0:0:0:0:0:0:1 - - [25/Feb/2025:21:56:34 +0900] "GET /zerotodeploy/signUp HTTP/1.1" 200 8458
0:0:0:0:0:0:0:1 - - [25/Feb/2025:21:56:34 +0900] "GET /zerotodeploy/lib/animate/animate.min.css HTTP/1.1" 200 16964
0:0:0:0:0:0:0:1 - - [25/Feb/2025:21:56:34 +0900] "GET /zerotodeploy/lib/waypoints/waypoints.min.js HTTP/1.1" 200 9034
0:0:0:0:0:0:0:1 - - [25/Feb/2025:21:56:34 +0900] "GET /zerotodeploy/lib/easing/easing.min.js HTTP/1.1" 200 2303
0:0:0:0:0:0:0:1 - - [25/Feb/2025:21:56:34 +0900] "GET /zerotodeploy/css/style.css HTTP/1.1" 200 8596
0:0:0:0:0:0:0:1 - - [25/Feb/2025:21:56:34 +0900] "GET /zerotodeploy/lib/owlcarousel/assets/owl.carousel.min.css HTTP/1.1" 200 2941
0:0:0:0:0:0:0:1 - - [25/Feb/2025:21:56:34 +0900] "GET /zerotodeploy/lib/wow/wow.js HTTP/1.1" 200 17059
0:0:0:0:0:0:0:1 - - [25/Feb/2025:21:56:34 +0900] "GET /zerotodeploy/css/bootstrap.min.css HTTP/1.1" 200 164340
0:0:0:0:0:0:0:1 - - [25/Feb/2025:21:56:34 +0900] "GET /zerotodeploy/js/main.js HTTP/1.1" 200 1803
0:0:0:0:0:0:0:1 - - [25/Feb/2025:21:56:34 +0900] "GET /zerotodeploy/lib/owlcarousel/owl.carousel.min.js HTTP/1.1" 200 42772
0:0:0:0:0:0:0:1 - - [25/Feb/2025:21:56:38 +0900] "POST /zerotodeploy/signUp HTTP/1.1" 405 10471
0:0:0:0:0:0:0:1 - - [25/Feb/2025:22:11:56 +0900] "GET /zerotodeploy/ HTTP/1.1" 200 7874
0:0:0:0:0:0:0:1 - - [25/Feb/2025:22:11:56 +0900] "GET /zerotodeploy/lib/animate/animate.min.css HTTP/1.1" 200 16964
0:0:0:0:0:0:0:1 - - [25/Feb/2025:22:11:56 +0900] "GET /zerotodeploy/css/style.css HTTP/1.1" 200 8596
0:0:0:0:0:0:0:1 - - [25/Feb/2025:22:11:56 +0900] "GET /zerotodeploy/lib/easing/easing.min.js HTTP/1.1" 200 2303
0:0:0:0:0:0:0:1 - - [25/Feb/2025:22:11:56 +0900] "GET /zerotodeploy/lib/wow/wow.js HTTP/1.1" 200 17059
0:0:0:0:0:0:0:1 - - [25/Feb/2025:22:11:56 +0900] "GET /zerotodeploy/lib/owlcarousel/assets/owl.carousel.min.css HTTP/1.1" 200 2941
0:0:0:0:0:0:0:1 - - [25/Feb/2025:22:11:56 +0900] "GET /zerotodeploy/css/bootstrap.min.css HTTP/1.1" 200 164340
0:0:0:0:0:0:0:1 - - [25/Feb/2025:22:11:56 +0900] "GET /zerotodeploy/js/main.js HTTP/1.1" 200 1803
0:0:0:0:0:0:0:1 - - [25/Feb/2025:22:11:56 +0900] "GET /zerotodeploy/lib/waypoints/waypoints.min.js HTTP/1.1" 200 9034
0:0:0:0:0:0:0:1 - - [25/Feb/2025:22:11:56 +0900] "GET /zerotodeploy/lib/owlcarousel/owl.carousel.min.js HTTP/1.1" 200 42772
0:0:0:0:0:0:0:1 - - [25/Feb/2025:22:11:56 +0900] "GET /zerotodeploy/img/favicon.ico HTTP/1.1" 404 9873
0:0:0:0:0:0:0:1 - - [25/Feb/2025:22:11:58 +0900] "GET /zerotodeploy/login HTTP/1.1" 200 7124
0:0:0:0:0:0:0:1 - - [25/Feb/2025:22:11:58 +0900] "GET /zerotodeploy/lib/animate/animate.min.css HTTP/1.1" 200 16964
0:0:0:0:0:0:0:1 - - [25/Feb/2025:22:11:58 +0900] "GET /zerotodeploy/lib/waypoints/waypoints.min.js HTTP/1.1" 200 9034
0:0:0:0:0:0:0:1 - - [25/Feb/2025:22:11:58 +0900] "GET /zerotodeploy/css/style.css HTTP/1.1" 200 8596
0:0:0:0:0:0:0:1 - - [25/Feb/2025:22:11:58 +0900] "GET /zerotodeploy/lib/easing/easing.min.js HTTP/1.1" 200 2303
0:0:0:0:0:0:0:1 - - [25/Feb/2025:22:11:58 +0900] "GET /zerotodeploy/lib/wow/wow.js HTTP/1.1" 200 17059
0:0:0:0:0:0:0:1 - - [25/Feb/2025:22:11:58 +0900] "GET /zerotodeploy/lib/owlcarousel/assets/owl.carousel.min.css HTTP/1.1" 200 2941
0:0:0:0:0:0:0:1 - - [25/Feb/2025:22:11:58 +0900] "GET /zerotodeploy/css/bootstrap.min.css HTTP/1.1" 200 164340
0:0:0:0:0:0:0:1 - - [25/Feb/2025:22:11:58 +0900] "GET /zerotodeploy/js/main.js HTTP/1.1" 200 1803
0:0:0:0:0:0:0:1 - - [25/Feb/2025:22:11:58 +0900] "GET /zerotodeploy/lib/owlcarousel/owl.carousel.min.js HTTP/1.1" 200 42772
0:0:0:0:0:0:0:1 - - [25/Feb/2025:22:11:59 +0900] "GET /zerotodeploy/signUp HTTP/1.1" 200 7641
0:0:0:0:0:0:0:1 - - [25/Feb/2025:22:12:00 +0900] "GET /zerotodeploy/lib/owlcarousel/assets/owl.carousel.min.css HTTP/1.1" 200 2941
0:0:0:0:0:0:0:1 - - [25/Feb/2025:22:12:00 +0900] "GET /zerotodeploy/lib/animate/animate.min.css HTTP/1.1" 200 16964
0:0:0:0:0:0:0:1 - - [25/Feb/2025:22:12:00 +0900] "GET /zerotodeploy/css/style.css HTTP/1.1" 200 8596
0:0:0:0:0:0:0:1 - - [25/Feb/2025:22:12:00 +0900] "GET /zerotodeploy/lib/wow/wow.js HTTP/1.1" 200 17059
0:0:0:0:0:0:0:1 - - [25/Feb/2025:22:12:00 +0900] "GET /zerotodeploy/lib/easing/easing.min.js HTTP/1.1" 200 2303
0:0:0:0:0:0:0:1 - - [25/Feb/2025:22:12:00 +0900] "GET /zerotodeploy/css/bootstrap.min.css HTTP/1.1" 200 164340
0:0:0:0:0:0:0:1 - - [25/Feb/2025:22:12:00 +0900] "GET /zerotodeploy/lib/waypoints/waypoints.min.js HTTP/1.1" 200 9034
0:0:0:0:0:0:0:1 - - [25/Feb/2025:22:12:00 +0900] "GET /zerotodeploy/lib/owlcarousel/owl.carousel.min.js HTTP/1.1" 200 42772
0:0:0:0:0:0:0:1 - - [25/Feb/2025:22:12:00 +0900] "GET /zerotodeploy/js/main.js HTTP/1.1" 200 1803
0:0:0:0:0:0:0:1 - - [25/Feb/2025:22:12:04 +0900] "POST /api/auth/signup HTTP/1.1" 404 683
0:0:0:0:0:0:0:1 - - [25/Feb/2025:22:12:04 +0900] "GET /favicon.ico HTTP/1.1" 404 683
0:0:0:0:0:0:0:1 - - [25/Feb/2025:22:13:07 +0900] "GET / HTTP/1.1" 404 683
0:0:0:0:0:0:0:1 - - [25/Feb/2025:22:13:09 +0900] "GET /zerotodeploy/ HTTP/1.1" 200 7874
0:0:0:0:0:0:0:1 - - [25/Feb/2025:22:13:09 +0900] "GET /zerotodeploy/lib/animate/animate.min.css HTTP/1.1" 200 16964
0:0:0:0:0:0:0:1 - - [25/Feb/2025:22:13:09 +0900] "GET /zerotodeploy/css/style.css HTTP/1.1" 200 8596
0:0:0:0:0:0:0:1 - - [25/Feb/2025:22:13:09 +0900] "GET /zerotodeploy/lib/owlcarousel/assets/owl.carousel.min.css HTTP/1.1" 200 2941
0:0:0:0:0:0:0:1 - - [25/Feb/2025:22:13:09 +0900] "GET /zerotodeploy/css/bootstrap.min.css HTTP/1.1" 200 164340
0:0:0:0:0:0:0:1 - - [25/Feb/2025:22:13:09 +0900] "GET /zerotodeploy/lib/wow/wow.js HTTP/1.1" 200 17059
0:0:0:0:0:0:0:1 - - [25/Feb/2025:22:13:09 +0900] "GET /zerotodeploy/lib/easing/easing.min.js HTTP/1.1" 200 2303
0:0:0:0:0:0:0:1 - - [25/Feb/2025:22:13:09 +0900] "GET /zerotodeploy/lib/waypoints/waypoints.min.js HTTP/1.1" 200 9034
0:0:0:0:0:0:0:1 - - [25/Feb/2025:22:13:09 +0900] "GET /zerotodeploy/js/main.js HTTP/1.1" 200 1803
0:0:0:0:0:0:0:1 - - [25/Feb/2025:22:13:09 +0900] "GET /zerotodeploy/lib/owlcarousel/owl.carousel.min.js HTTP/1.1" 200 42772
0:0:0:0:0:0:0:1 - - [25/Feb/2025:22:13:10 +0900] "GET /zerotodeploy/login HTTP/1.1" 200 7124
0:0:0:0:0:0:0:1 - - [25/Feb/2025:22:13:10 +0900] "GET /zerotodeploy/lib/animate/animate.min.css HTTP/1.1" 200 16964
0:0:0:0:0:0:0:1 - - [25/Feb/2025:22:13:10 +0900] "GET /zerotodeploy/css/style.css HTTP/1.1" 200 8596
0:0:0:0:0:0:0:1 - - [25/Feb/2025:22:13:10 +0900] "GET /zerotodeploy/lib/waypoints/waypoints.min.js HTTP/1.1" 200 9034
0:0:0:0:0:0:0:1 - - [25/Feb/2025:22:13:10 +0900] "GET /zerotodeploy/lib/wow/wow.js HTTP/1.1" 200 17059
0:0:0:0:0:0:0:1 - - [25/Feb/2025:22:13:10 +0900] "GET /zerotodeploy/lib/easing/easing.min.js HTTP/1.1" 200 2303
0:0:0:0:0:0:0:1 - - [25/Feb/2025:22:13:10 +0900] "GET /zerotodeploy/lib/owlcarousel/assets/owl.carousel.min.css HTTP/1.1" 200 2941
0:0:0:0:0:0:0:1 - - [25/Feb/2025:22:13:10 +0900] "GET /zerotodeploy/css/bootstrap.min.css HTTP/1.1" 200 164340
0:0:0:0:0:0:0:1 - - [25/Feb/2025:22:13:10 +0900] "GET /zerotodeploy/js/main.js HTTP/1.1" 200 1803
0:0:0:0:0:0:0:1 - - [25/Feb/2025:22:13:10 +0900] "GET /zerotodeploy/lib/owlcarousel/owl.carousel.min.js HTTP/1.1" 200 42772
0:0:0:0:0:0:0:1 - - [25/Feb/2025:22:13:11 +0900] "GET /zerotodeploy/signUp HTTP/1.1" 200 7632
0:0:0:0:0:0:0:1 - - [25/Feb/2025:22:13:11 +0900] "GET /zerotodeploy/lib/animate/animate.min.css HTTP/1.1" 200 16964
0:0:0:0:0:0:0:1 - - [25/Feb/2025:22:13:11 +0900] "GET /zerotodeploy/css/style.css HTTP/1.1" 200 8596
0:0:0:0:0:0:0:1 - - [25/Feb/2025:22:13:11 +0900] "GET /zerotodeploy/lib/easing/easing.min.js HTTP/1.1" 200 2303
0:0:0:0:0:0:0:1 - - [25/Feb/2025:22:13:11 +0900] "GET /zerotodeploy/lib/wow/wow.js HTTP/1.1" 200 17059
0:0:0:0:0:0:0:1 - - [25/Feb/2025:22:13:11 +0900] "GET /zerotodeploy/lib/owlcarousel/assets/owl.carousel.min.css HTTP/1.1" 200 2941
0:0:0:0:0:0:0:1 - - [25/Feb/2025:22:13:11 +0900] "GET /zerotodeploy/css/bootstrap.min.css HTTP/1.1" 200 164340
0:0:0:0:0:0:0:1 - - [25/Feb/2025:22:13:11 +0900] "GET /zerotodeploy/lib/waypoints/waypoints.min.js HTTP/1.1" 200 9034
0:0:0:0:0:0:0:1 - - [25/Feb/2025:22:13:11 +0900] "GET /zerotodeploy/js/main.js HTTP/1.1" 200 1803
0:0:0:0:0:0:0:1 - - [25/Feb/2025:22:13:11 +0900] "GET /zerotodeploy/lib/owlcarousel/owl.carousel.min.js HTTP/1.1" 200 42772
0:0:0:0:0:0:0:1 - - [25/Feb/2025:22:13:16 +0900] "POST /signUp HTTP/1.1" 404 683
0:0:0:0:0:0:0:1 - - [25/Feb/2025:22:15:33 +0900] "GET /zerotodeploy/signUp HTTP/1.1" 200 7641
0:0:0:0:0:0:0:1 - - [25/Feb/2025:22:15:33 +0900] "GET /zerotodeploy/lib/animate/animate.min.css HTTP/1.1" 200 16964
0:0:0:0:0:0:0:1 - - [25/Feb/2025:22:15:33 +0900] "GET /zerotodeploy/lib/owlcarousel/assets/owl.carousel.min.css HTTP/1.1" 200 2941
0:0:0:0:0:0:0:1 - - [25/Feb/2025:22:15:33 +0900] "GET /zerotodeploy/css/style.css HTTP/1.1" 200 8596
0:0:0:0:0:0:0:1 - - [25/Feb/2025:22:15:33 +0900] "GET /zerotodeploy/lib/easing/easing.min.js HTTP/1.1" 200 2303
0:0:0:0:0:0:0:1 - - [25/Feb/2025:22:15:33 +0900] "GET /zerotodeploy/css/bootstrap.min.css HTTP/1.1" 200 164340
0:0:0:0:0:0:0:1 - - [25/Feb/2025:22:15:33 +0900] "GET /zerotodeploy/lib/wow/wow.js HTTP/1.1" 200 17059
0:0:0:0:0:0:0:1 - - [25/Feb/2025:22:15:33 +0900] "GET /zerotodeploy/lib/waypoints/waypoints.min.js HTTP/1.1" 200 9034
0:0:0:0:0:0:0:1 - - [25/Feb/2025:22:15:33 +0900] "GET /zerotodeploy/lib/owlcarousel/owl.carousel.min.js HTTP/1.1" 200 42772
0:0:0:0:0:0:0:1 - - [25/Feb/2025:22:15:33 +0900] "GET /zerotodeploy/js/main.js HTTP/1.1" 200 1803
0:0:0:0:0:0:0:1 - - [25/Feb/2025:22:15:33 +0900] "GET /zerotodeploy/signUp HTTP/1.1" 200 7641
0:0:0:0:0:0:0:1 - - [25/Feb/2025:22:15:33 +0900] "GET /zerotodeploy/lib/wow/wow.js HTTP/1.1" 200 17059
0:0:0:0:0:0:0:1 - - [25/Feb/2025:22:15:33 +0900] "GET /zerotodeploy/lib/animate/animate.min.css HTTP/1.1" 200 16964
0:0:0:0:0:0:0:1 - - [25/Feb/2025:22:15:33 +0900] "GET /zerotodeploy/lib/owlcarousel/assets/owl.carousel.min.css HTTP/1.1" 200 2941
0:0:0:0:0:0:0:1 - - [25/Feb/2025:22:15:33 +0900] "GET /zerotodeploy/lib/easing/easing.min.js HTTP/1.1" 200 2303
0:0:0:0:0:0:0:1 - - [25/Feb/2025:22:15:33 +0900] "GET /zerotodeploy/css/style.css HTTP/1.1" 200 8596
0:0:0:0:0:0:0:1 - - [25/Feb/2025:22:15:33 +0900] "GET /zerotodeploy/css/bootstrap.min.css HTTP/1.1" 200 164340
0:0:0:0:0:0:0:1 - - [25/Feb/2025:22:15:33 +0900] "GET /zerotodeploy/js/main.js HTTP/1.1" 200 1803
0:0:0:0:0:0:0:1 - - [25/Feb/2025:22:15:33 +0900] "GET /zerotodeploy/lib/waypoints/waypoints.min.js HTTP/1.1" 200 9034
0:0:0:0:0:0:0:1 - - [25/Feb/2025:22:15:33 +0900] "GET /zerotodeploy/lib/owlcarousel/owl.carousel.min.js HTTP/1.1" 200 42772
0:0:0:0:0:0:0:1 - - [25/Feb/2025:22:15:37 +0900] "POST /api/auth/signup HTTP/1.1" 404 683
