0:0:0:0:0:0:0:1 - - [15/Jan/2025:21:28:22 +0900] "GET / HTTP/1.1" 404 683
0:0:0:0:0:0:0:1 - - [15/Jan/2025:21:28:22 +0900] "GET / HTTP/1.1" 404 683
0:0:0:0:0:0:0:1 - - [15/Jan/2025:21:28:22 +0900] "GET /favicon.ico HTTP/1.1" 404 683
0:0:0:0:0:0:0:1 - - [15/Jan/2025:21:28:27 +0900] "GET /zerotodeploy HTTP/1.1" 302 -
0:0:0:0:0:0:0:1 - - [15/Jan/2025:21:28:28 +0900] "GET /zerotodeploy/ HTTP/1.1" 200 7869
0:0:0:0:0:0:0:1 - - [15/Jan/2025:21:28:28 +0900] "GET /zerotodeploy/lib/animate/animate.min.css HTTP/1.1" 200 16964
0:0:0:0:0:0:0:1 - - [15/Jan/2025:21:28:28 +0900] "GET /zerotodeploy/lib/owlcarousel/assets/owl.carousel.min.css HTTP/1.1" 200 2941
0:0:0:0:0:0:0:1 - - [15/Jan/2025:21:28:28 +0900] "GET /zerotodeploy/css/style.css HTTP/1.1" 200 8596
0:0:0:0:0:0:0:1 - - [15/Jan/2025:21:28:28 +0900] "GET /zerotodeploy/lib/owlcarousel/owl.carousel.min.js HTTP/1.1" 200 42772
0:0:0:0:0:0:0:1 - - [15/Jan/2025:21:28:28 +0900] "GET /zerotodeploy/lib/waypoints/waypoints.min.js HTTP/1.1" 200 9034
0:0:0:0:0:0:0:1 - - [15/Jan/2025:21:28:28 +0900] "GET /zerotodeploy/js/main.js HTTP/1.1" 200 1803
0:0:0:0:0:0:0:1 - - [15/Jan/2025:21:28:28 +0900] "GET /zerotodeploy/css/bootstrap.min.css HTTP/1.1" 200 164340
0:0:0:0:0:0:0:1 - - [15/Jan/2025:21:28:28 +0900] "GET /zerotodeploy/lib/easing/easing.min.js HTTP/1.1" 200 2303
0:0:0:0:0:0:0:1 - - [15/Jan/2025:21:28:28 +0900] "GET /zerotodeploy/lib/wow/wow.js HTTP/1.1" 200 17059
0:0:0:0:0:0:0:1 - - [15/Jan/2025:21:28:28 +0900] "GET /zerotodeploy/img/favicon.ico HTTP/1.1" 404 4385
0:0:0:0:0:0:0:1 - - [15/Jan/2025:21:28:32 +0900] "GET /zerotodeploy/login HTTP/1.1" 200 8371
0:0:0:0:0:0:0:1 - - [15/Jan/2025:21:28:32 +0900] "GET /zerotodeploy/lib/animate/animate.min.css HTTP/1.1" 200 16964
0:0:0:0:0:0:0:1 - - [15/Jan/2025:21:28:32 +0900] "GET /zerotodeploy/css/style.css HTTP/1.1" 200 8596
0:0:0:0:0:0:0:1 - - [15/Jan/2025:21:28:32 +0900] "GET /zerotodeploy/css/bootstrap.min.css HTTP/1.1" 200 164340
0:0:0:0:0:0:0:1 - - [15/Jan/2025:21:28:32 +0900] "GET /zerotodeploy/lib/owlcarousel/assets/owl.carousel.min.css HTTP/1.1" 200 2941
0:0:0:0:0:0:0:1 - - [15/Jan/2025:21:28:32 +0900] "GET /zerotodeploy/lib/easing/easing.min.js HTTP/1.1" 200 2303
0:0:0:0:0:0:0:1 - - [15/Jan/2025:21:28:32 +0900] "GET /zerotodeploy/lib/waypoints/waypoints.min.js HTTP/1.1" 200 9034
0:0:0:0:0:0:0:1 - - [15/Jan/2025:21:28:32 +0900] "GET /zerotodeploy/lib/owlcarousel/owl.carousel.min.js HTTP/1.1" 200 42772
0:0:0:0:0:0:0:1 - - [15/Jan/2025:21:28:32 +0900] "GET /zerotodeploy/lib/wow/wow.js HTTP/1.1" 200 17059
0:0:0:0:0:0:0:1 - - [15/Jan/2025:21:28:32 +0900] "GET /zerotodeploy/js/main.js HTTP/1.1" 200 1803
0:0:0:0:0:0:0:1 - - [15/Jan/2025:21:28:39 +0900] "POST /zerotodeploy/login HTTP/1.1" 405 5111
0:0:0:0:0:0:0:1 - - [15/Jan/2025:21:28:41 +0900] "GET /zerotodeploy/lib/animate/animate.min.css HTTP/1.1" 200 16964
0:0:0:0:0:0:0:1 - - [15/Jan/2025:21:28:41 +0900] "GET /zerotodeploy/css/style.css HTTP/1.1" 200 8596
0:0:0:0:0:0:0:1 - - [15/Jan/2025:21:28:41 +0900] "GET /zerotodeploy/lib/easing/easing.min.js HTTP/1.1" 200 2303
0:0:0:0:0:0:0:1 - - [15/Jan/2025:21:28:41 +0900] "GET /zerotodeploy/lib/wow/wow.js HTTP/1.1" 200 17059
0:0:0:0:0:0:0:1 - - [15/Jan/2025:21:28:41 +0900] "GET /zerotodeploy/lib/waypoints/waypoints.min.js HTTP/1.1" 200 9034
0:0:0:0:0:0:0:1 - - [15/Jan/2025:21:28:41 +0900] "GET /zerotodeploy/lib/owlcarousel/assets/owl.carousel.min.css HTTP/1.1" 200 2941
0:0:0:0:0:0:0:1 - - [15/Jan/2025:21:28:41 +0900] "GET /zerotodeploy/css/bootstrap.min.css HTTP/1.1" 200 164340
0:0:0:0:0:0:0:1 - - [15/Jan/2025:21:28:41 +0900] "GET /zerotodeploy/js/main.js HTTP/1.1" 200 1803
0:0:0:0:0:0:0:1 - - [15/Jan/2025:21:28:41 +0900] "GET /zerotodeploy/lib/owlcarousel/owl.carousel.min.js HTTP/1.1" 200 42772
