0:0:0:0:0:0:0:1 - - [15/Feb/2025:15:07:26 +0900] "GET /zerotodeploy HTTP/1.1" 302 -
0:0:0:0:0:0:0:1 - - [15/Feb/2025:15:07:26 +0900] "GET /zerotodeploy/ HTTP/1.1" 403 -
0:0:0:0:0:0:0:1 - - [15/Feb/2025:15:07:30 +0900] "GET /zerotodeploy/ HTTP/1.1" 403 -
0:0:0:0:0:0:0:1 - - [15/Feb/2025:15:07:30 +0900] "GET /zerotodeploy/ HTTP/1.1" 403 -
0:0:0:0:0:0:0:1 - - [15/Feb/2025:15:07:34 +0900] "GET /zerotodeploy/ HTTP/1.1" 403 -
0:0:0:0:0:0:0:1 - - [15/Feb/2025:15:07:36 +0900] "GET /zerotodeploy/ HTTP/1.1" 403 -
0:0:0:0:0:0:0:1 - - [15/Feb/2025:15:09:31 +0900] "GET /zerotodeploy/ HTTP/1.1" 200 7874
0:0:0:0:0:0:0:1 - - [15/Feb/2025:15:09:31 +0900] "GET /zerotodeploy/lib/owlcarousel/assets/owl.carousel.min.css HTTP/1.1" 302 -
0:0:0:0:0:0:0:1 - - [15/Feb/2025:15:09:31 +0900] "GET /zerotodeploy/lib/easing/easing.min.js HTTP/1.1" 302 -
0:0:0:0:0:0:0:1 - - [15/Feb/2025:15:09:31 +0900] "GET /zerotodeploy/lib/animate/animate.min.css HTTP/1.1" 302 -
0:0:0:0:0:0:0:1 - - [15/Feb/2025:15:09:31 +0900] "GET /zerotodeploy/lib/wow/wow.js HTTP/1.1" 302 -
0:0:0:0:0:0:0:1 - - [15/Feb/2025:15:09:31 +0900] "GET /zerotodeploy/lib/waypoints/waypoints.min.js HTTP/1.1" 302 -
0:0:0:0:0:0:0:1 - - [15/Feb/2025:15:09:31 +0900] "GET /zerotodeploy/lib/owlcarousel/owl.carousel.min.js HTTP/1.1" 302 -
0:0:0:0:0:0:0:1 - - [15/Feb/2025:15:09:31 +0900] "GET /zerotodeploy/js/main.js HTTP/1.1" 200 1803
0:0:0:0:0:0:0:1 - - [15/Feb/2025:15:09:31 +0900] "GET /zerotodeploy/css/style.css HTTP/1.1" 200 8596
0:0:0:0:0:0:0:1 - - [15/Feb/2025:15:09:31 +0900] "GET /zerotodeploy/css/bootstrap.min.css HTTP/1.1" 200 164340
0:0:0:0:0:0:0:1 - - [15/Feb/2025:15:09:31 +0900] "GET /zerotodeploy/login.html HTTP/1.1" 302 -
0:0:0:0:0:0:0:1 - - [15/Feb/2025:15:09:31 +0900] "GET /zerotodeploy/login.html HTTP/1.1" 302 -
0:0:0:0:0:0:0:1 - - [15/Feb/2025:15:09:31 +0900] "GET /zerotodeploy/login.html HTTP/1.1" 302 -
0:0:0:0:0:0:0:1 - - [15/Feb/2025:15:09:31 +0900] "GET /zerotodeploy/login.html HTTP/1.1" 302 -
0:0:0:0:0:0:0:1 - - [15/Feb/2025:15:09:31 +0900] "GET /zerotodeploy/login.html HTTP/1.1" 302 -
0:0:0:0:0:0:0:1 - - [15/Feb/2025:15:09:31 +0900] "GET /zerotodeploy/login.html HTTP/1.1" 302 -
0:0:0:0:0:0:0:1 - - [15/Feb/2025:15:09:31 +0900] "GET /zerotodeploy/login.html HTTP/1.1" 302 -
0:0:0:0:0:0:0:1 - - [15/Feb/2025:15:09:31 +0900] "GET /zerotodeploy/login.html HTTP/1.1" 302 -
0:0:0:0:0:0:0:1 - - [15/Feb/2025:15:09:31 +0900] "GET /zerotodeploy/login.html HTTP/1.1" 302 -
0:0:0:0:0:0:0:1 - - [15/Feb/2025:15:09:31 +0900] "GET /zerotodeploy/login.html HTTP/1.1" 302 -
0:0:0:0:0:0:0:1 - - [15/Feb/2025:15:09:31 +0900] "GET /zerotodeploy/login.html HTTP/1.1" 302 -
0:0:0:0:0:0:0:1 - - [15/Feb/2025:15:09:31 +0900] "GET /zerotodeploy/login.html HTTP/1.1" 302 -
0:0:0:0:0:0:0:1 - - [15/Feb/2025:15:09:31 +0900] "GET /zerotodeploy/login.html HTTP/1.1" 302 -
0:0:0:0:0:0:0:1 - - [15/Feb/2025:15:09:31 +0900] "GET /zerotodeploy/login.html HTTP/1.1" 302 -
0:0:0:0:0:0:0:1 - - [15/Feb/2025:15:09:31 +0900] "GET /zerotodeploy/login.html HTTP/1.1" 302 -
0:0:0:0:0:0:0:1 - - [15/Feb/2025:15:09:31 +0900] "GET /zerotodeploy/login.html HTTP/1.1" 302 -
0:0:0:0:0:0:0:1 - - [15/Feb/2025:15:09:31 +0900] "GET /zerotodeploy/login.html HTTP/1.1" 302 -
0:0:0:0:0:0:0:1 - - [15/Feb/2025:15:09:31 +0900] "GET /zerotodeploy/login.html HTTP/1.1" 302 -
0:0:0:0:0:0:0:1 - - [15/Feb/2025:15:09:31 +0900] "GET /zerotodeploy/login.html HTTP/1.1" 302 -
0:0:0:0:0:0:0:1 - - [15/Feb/2025:15:09:31 +0900] "GET /zerotodeploy/login.html HTTP/1.1" 302 -
0:0:0:0:0:0:0:1 - - [15/Feb/2025:15:09:31 +0900] "GET /zerotodeploy/login.html HTTP/1.1" 302 -
0:0:0:0:0:0:0:1 - - [15/Feb/2025:15:09:31 +0900] "GET /zerotodeploy/login.html HTTP/1.1" 302 -
0:0:0:0:0:0:0:1 - - [15/Feb/2025:15:09:31 +0900] "GET /zerotodeploy/login.html HTTP/1.1" 302 -
0:0:0:0:0:0:0:1 - - [15/Feb/2025:15:09:31 +0900] "GET /zerotodeploy/login.html HTTP/1.1" 302 -
0:0:0:0:0:0:0:1 - - [15/Feb/2025:15:09:31 +0900] "GET /zerotodeploy/login.html HTTP/1.1" 302 -
0:0:0:0:0:0:0:1 - - [15/Feb/2025:15:09:31 +0900] "GET /zerotodeploy/login.html HTTP/1.1" 302 -
0:0:0:0:0:0:0:1 - - [15/Feb/2025:15:09:31 +0900] "GET /zerotodeploy/login.html HTTP/1.1" 302 -
0:0:0:0:0:0:0:1 - - [15/Feb/2025:15:09:31 +0900] "GET /zerotodeploy/login.html HTTP/1.1" 302 -
0:0:0:0:0:0:0:1 - - [15/Feb/2025:15:09:31 +0900] "GET /zerotodeploy/login.html HTTP/1.1" 302 -
0:0:0:0:0:0:0:1 - - [15/Feb/2025:15:09:31 +0900] "GET /zerotodeploy/login.html HTTP/1.1" 302 -
0:0:0:0:0:0:0:1 - - [15/Feb/2025:15:09:31 +0900] "GET /zerotodeploy/login.html HTTP/1.1" 302 -
0:0:0:0:0:0:0:1 - - [15/Feb/2025:15:09:31 +0900] "GET /zerotodeploy/login.html HTTP/1.1" 302 -
0:0:0:0:0:0:0:1 - - [15/Feb/2025:15:09:31 +0900] "GET /zerotodeploy/login.html HTTP/1.1" 302 -
0:0:0:0:0:0:0:1 - - [15/Feb/2025:15:09:31 +0900] "GET /zerotodeploy/login.html HTTP/1.1" 302 -
0:0:0:0:0:0:0:1 - - [15/Feb/2025:15:09:31 +0900] "GET /zerotodeploy/login.html HTTP/1.1" 302 -
0:0:0:0:0:0:0:1 - - [15/Feb/2025:15:09:31 +0900] "GET /zerotodeploy/login.html HTTP/1.1" 302 -
0:0:0:0:0:0:0:1 - - [15/Feb/2025:15:09:31 +0900] "GET /zerotodeploy/login.html HTTP/1.1" 302 -
0:0:0:0:0:0:0:1 - - [15/Feb/2025:15:09:31 +0900] "GET /zerotodeploy/login.html HTTP/1.1" 302 -
0:0:0:0:0:0:0:1 - - [15/Feb/2025:15:09:31 +0900] "GET /zerotodeploy/login.html HTTP/1.1" 302 -
0:0:0:0:0:0:0:1 - - [15/Feb/2025:15:09:31 +0900] "GET /zerotodeploy/login.html HTTP/1.1" 302 -
0:0:0:0:0:0:0:1 - - [15/Feb/2025:15:09:31 +0900] "GET /zerotodeploy/login.html HTTP/1.1" 302 -
0:0:0:0:0:0:0:1 - - [15/Feb/2025:15:09:31 +0900] "GET /zerotodeploy/login.html HTTP/1.1" 302 -
0:0:0:0:0:0:0:1 - - [15/Feb/2025:15:09:31 +0900] "GET /zerotodeploy/login.html HTTP/1.1" 302 -
0:0:0:0:0:0:0:1 - - [15/Feb/2025:15:09:31 +0900] "GET /zerotodeploy/login.html HTTP/1.1" 302 -
0:0:0:0:0:0:0:1 - - [15/Feb/2025:15:09:31 +0900] "GET /zerotodeploy/login.html HTTP/1.1" 302 -
0:0:0:0:0:0:0:1 - - [15/Feb/2025:15:09:31 +0900] "GET /zerotodeploy/login.html HTTP/1.1" 302 -
0:0:0:0:0:0:0:1 - - [15/Feb/2025:15:09:31 +0900] "GET /zerotodeploy/login.html HTTP/1.1" 302 -
0:0:0:0:0:0:0:1 - - [15/Feb/2025:15:09:31 +0900] "GET /zerotodeploy/login.html HTTP/1.1" 302 -
0:0:0:0:0:0:0:1 - - [15/Feb/2025:15:09:31 +0900] "GET /zerotodeploy/login.html HTTP/1.1" 302 -
0:0:0:0:0:0:0:1 - - [15/Feb/2025:15:09:31 +0900] "GET /zerotodeploy/login.html HTTP/1.1" 302 -
0:0:0:0:0:0:0:1 - - [15/Feb/2025:15:09:31 +0900] "GET /zerotodeploy/login.html HTTP/1.1" 302 -
0:0:0:0:0:0:0:1 - - [15/Feb/2025:15:09:31 +0900] "GET /zerotodeploy/login.html HTTP/1.1" 302 -
0:0:0:0:0:0:0:1 - - [15/Feb/2025:15:09:31 +0900] "GET /zerotodeploy/login.html HTTP/1.1" 302 -
0:0:0:0:0:0:0:1 - - [15/Feb/2025:15:09:31 +0900] "GET /zerotodeploy/login.html HTTP/1.1" 302 -
0:0:0:0:0:0:0:1 - - [15/Feb/2025:15:09:31 +0900] "GET /zerotodeploy/login.html HTTP/1.1" 302 -
0:0:0:0:0:0:0:1 - - [15/Feb/2025:15:09:31 +0900] "GET /zerotodeploy/login.html HTTP/1.1" 302 -
0:0:0:0:0:0:0:1 - - [15/Feb/2025:15:09:31 +0900] "GET /zerotodeploy/login.html HTTP/1.1" 302 -
0:0:0:0:0:0:0:1 - - [15/Feb/2025:15:09:31 +0900] "GET /zerotodeploy/login.html HTTP/1.1" 302 -
0:0:0:0:0:0:0:1 - - [15/Feb/2025:15:09:31 +0900] "GET /zerotodeploy/login.html HTTP/1.1" 302 -
0:0:0:0:0:0:0:1 - - [15/Feb/2025:15:09:31 +0900] "GET /zerotodeploy/login.html HTTP/1.1" 302 -
0:0:0:0:0:0:0:1 - - [15/Feb/2025:15:09:31 +0900] "GET /zerotodeploy/login.html HTTP/1.1" 302 -
0:0:0:0:0:0:0:1 - - [15/Feb/2025:15:09:31 +0900] "GET /zerotodeploy/login.html HTTP/1.1" 302 -
0:0:0:0:0:0:0:1 - - [15/Feb/2025:15:09:31 +0900] "GET /zerotodeploy/login.html HTTP/1.1" 302 -
0:0:0:0:0:0:0:1 - - [15/Feb/2025:15:09:31 +0900] "GET /zerotodeploy/login.html HTTP/1.1" 302 -
0:0:0:0:0:0:0:1 - - [15/Feb/2025:15:09:31 +0900] "GET /zerotodeploy/login.html HTTP/1.1" 302 -
0:0:0:0:0:0:0:1 - - [15/Feb/2025:15:09:31 +0900] "GET /zerotodeploy/login.html HTTP/1.1" 302 -
0:0:0:0:0:0:0:1 - - [15/Feb/2025:15:09:31 +0900] "GET /zerotodeploy/login.html HTTP/1.1" 302 -
0:0:0:0:0:0:0:1 - - [15/Feb/2025:15:09:31 +0900] "GET /zerotodeploy/login.html HTTP/1.1" 302 -
0:0:0:0:0:0:0:1 - - [15/Feb/2025:15:09:31 +0900] "GET /zerotodeploy/login.html HTTP/1.1" 302 -
0:0:0:0:0:0:0:1 - - [15/Feb/2025:15:09:31 +0900] "GET /zerotodeploy/login.html HTTP/1.1" 302 -
0:0:0:0:0:0:0:1 - - [15/Feb/2025:15:09:31 +0900] "GET /zerotodeploy/login.html HTTP/1.1" 302 -
0:0:0:0:0:0:0:1 - - [15/Feb/2025:15:09:31 +0900] "GET /zerotodeploy/login.html HTTP/1.1" 302 -
0:0:0:0:0:0:0:1 - - [15/Feb/2025:15:09:31 +0900] "GET /zerotodeploy/login.html HTTP/1.1" 302 -
0:0:0:0:0:0:0:1 - - [15/Feb/2025:15:09:31 +0900] "GET /zerotodeploy/login.html HTTP/1.1" 302 -
0:0:0:0:0:0:0:1 - - [15/Feb/2025:15:09:31 +0900] "GET /zerotodeploy/login.html HTTP/1.1" 302 -
0:0:0:0:0:0:0:1 - - [15/Feb/2025:15:09:31 +0900] "GET /zerotodeploy/login.html HTTP/1.1" 302 -
0:0:0:0:0:0:0:1 - - [15/Feb/2025:15:09:31 +0900] "GET /zerotodeploy/login.html HTTP/1.1" 302 -
0:0:0:0:0:0:0:1 - - [15/Feb/2025:15:09:31 +0900] "GET /zerotodeploy/login.html HTTP/1.1" 302 -
0:0:0:0:0:0:0:1 - - [15/Feb/2025:15:09:31 +0900] "GET /zerotodeploy/login.html HTTP/1.1" 302 -
0:0:0:0:0:0:0:1 - - [15/Feb/2025:15:09:31 +0900] "GET /zerotodeploy/login.html HTTP/1.1" 302 -
0:0:0:0:0:0:0:1 - - [15/Feb/2025:15:09:31 +0900] "GET /zerotodeploy/login.html HTTP/1.1" 302 -
0:0:0:0:0:0:0:1 - - [15/Feb/2025:15:09:31 +0900] "GET /zerotodeploy/login.html HTTP/1.1" 302 -
0:0:0:0:0:0:0:1 - - [15/Feb/2025:15:09:31 +0900] "GET /zerotodeploy/login.html HTTP/1.1" 302 -
0:0:0:0:0:0:0:1 - - [15/Feb/2025:15:09:31 +0900] "GET /zerotodeploy/login.html HTTP/1.1" 302 -
0:0:0:0:0:0:0:1 - - [15/Feb/2025:15:09:31 +0900] "GET /zerotodeploy/login.html HTTP/1.1" 302 -
0:0:0:0:0:0:0:1 - - [15/Feb/2025:15:09:31 +0900] "GET /zerotodeploy/login.html HTTP/1.1" 302 -
0:0:0:0:0:0:0:1 - - [15/Feb/2025:15:09:31 +0900] "GET /zerotodeploy/login.html HTTP/1.1" 302 -
0:0:0:0:0:0:0:1 - - [15/Feb/2025:15:09:31 +0900] "GET /zerotodeploy/login.html HTTP/1.1" 302 -
0:0:0:0:0:0:0:1 - - [15/Feb/2025:15:09:31 +0900] "GET /zerotodeploy/login.html HTTP/1.1" 302 -
0:0:0:0:0:0:0:1 - - [15/Feb/2025:15:09:31 +0900] "GET /zerotodeploy/login.html HTTP/1.1" 302 -
0:0:0:0:0:0:0:1 - - [15/Feb/2025:15:09:31 +0900] "GET /zerotodeploy/login.html HTTP/1.1" 302 -
0:0:0:0:0:0:0:1 - - [15/Feb/2025:15:09:31 +0900] "GET /zerotodeploy/login.html HTTP/1.1" 302 -
0:0:0:0:0:0:0:1 - - [15/Feb/2025:15:09:31 +0900] "GET /zerotodeploy/login.html HTTP/1.1" 302 -
0:0:0:0:0:0:0:1 - - [15/Feb/2025:15:09:31 +0900] "GET /zerotodeploy/login.html HTTP/1.1" 302 -
0:0:0:0:0:0:0:1 - - [15/Feb/2025:15:09:31 +0900] "GET /zerotodeploy/login.html HTTP/1.1" 302 -
0:0:0:0:0:0:0:1 - - [15/Feb/2025:15:09:31 +0900] "GET /zerotodeploy/login.html HTTP/1.1" 302 -
0:0:0:0:0:0:0:1 - - [15/Feb/2025:15:09:31 +0900] "GET /zerotodeploy/login.html HTTP/1.1" 302 -
0:0:0:0:0:0:0:1 - - [15/Feb/2025:15:09:31 +0900] "GET /zerotodeploy/login.html HTTP/1.1" 302 -
0:0:0:0:0:0:0:1 - - [15/Feb/2025:15:09:31 +0900] "GET /zerotodeploy/login.html HTTP/1.1" 302 -
0:0:0:0:0:0:0:1 - - [15/Feb/2025:15:09:31 +0900] "GET /zerotodeploy/login.html HTTP/1.1" 302 -
0:0:0:0:0:0:0:1 - - [15/Feb/2025:15:09:31 +0900] "GET /zerotodeploy/login.html HTTP/1.1" 302 -
0:0:0:0:0:0:0:1 - - [15/Feb/2025:15:09:31 +0900] "GET /zerotodeploy/login.html HTTP/1.1" 302 -
0:0:0:0:0:0:0:1 - - [15/Feb/2025:15:09:31 +0900] "GET /zerotodeploy/login.html HTTP/1.1" 302 -
0:0:0:0:0:0:0:1 - - [15/Feb/2025:15:09:31 +0900] "GET /zerotodeploy/login.html HTTP/1.1" 302 -
0:0:0:0:0:0:0:1 - - [15/Feb/2025:15:09:31 +0900] "GET /zerotodeploy/login.html HTTP/1.1" 302 -
0:0:0:0:0:0:0:1 - - [15/Feb/2025:15:09:31 +0900] "GET /zerotodeploy/login.html HTTP/1.1" 302 -
0:0:0:0:0:0:0:1 - - [15/Feb/2025:15:09:31 +0900] "GET /zerotodeploy/login.html HTTP/1.1" 302 -
0:0:0:0:0:0:0:1 - - [15/Feb/2025:15:09:31 +0900] "GET /zerotodeploy/login.html HTTP/1.1" 302 -
0:0:0:0:0:0:0:1 - - [15/Feb/2025:15:09:31 +0900] "GET /zerotodeploy/login.html HTTP/1.1" 302 -
0:0:0:0:0:0:0:1 - - [15/Feb/2025:15:09:31 +0900] "GET /zerotodeploy/login.html HTTP/1.1" 302 -
0:0:0:0:0:0:0:1 - - [15/Feb/2025:15:09:31 +0900] "GET /zerotodeploy/login.html HTTP/1.1" 302 -
0:0:0:0:0:0:0:1 - - [15/Feb/2025:15:09:31 +0900] "GET /zerotodeploy/login.html HTTP/1.1" 302 -
0:0:0:0:0:0:0:1 - - [15/Feb/2025:15:09:31 +0900] "GET /zerotodeploy/login.html HTTP/1.1" 302 -
0:0:0:0:0:0:0:1 - - [15/Feb/2025:15:09:31 +0900] "GET /zerotodeploy/login.html HTTP/1.1" 302 -
0:0:0:0:0:0:0:1 - - [15/Feb/2025:15:09:31 +0900] "GET /zerotodeploy/login.html HTTP/1.1" 302 -
0:0:0:0:0:0:0:1 - - [15/Feb/2025:15:09:31 +0900] "GET /zerotodeploy/login.html HTTP/1.1" 302 -
0:0:0:0:0:0:0:1 - - [15/Feb/2025:15:09:31 +0900] "GET /zerotodeploy/login.html HTTP/1.1" 302 -
0:0:0:0:0:0:0:1 - - [15/Feb/2025:15:09:31 +0900] "GET /zerotodeploy/login.html HTTP/1.1" 302 -
0:0:0:0:0:0:0:1 - - [15/Feb/2025:15:09:31 +0900] "GET /zerotodeploy/login.html HTTP/1.1" 302 -
0:0:0:0:0:0:0:1 - - [15/Feb/2025:15:09:31 +0900] "GET /zerotodeploy/login.html HTTP/1.1" 302 -
0:0:0:0:0:0:0:1 - - [15/Feb/2025:15:09:32 +0900] "GET /zerotodeploy/img/favicon.ico HTTP/1.1" 302 -
0:0:0:0:0:0:0:1 - - [15/Feb/2025:15:09:32 +0900] "GET /zerotodeploy/login.html HTTP/1.1" 302 -
0:0:0:0:0:0:0:1 - - [15/Feb/2025:15:09:32 +0900] "GET /zerotodeploy/login.html HTTP/1.1" 302 -
0:0:0:0:0:0:0:1 - - [15/Feb/2025:15:09:32 +0900] "GET /zerotodeploy/login.html HTTP/1.1" 302 -
0:0:0:0:0:0:0:1 - - [15/Feb/2025:15:09:32 +0900] "GET /zerotodeploy/login.html HTTP/1.1" 302 -
0:0:0:0:0:0:0:1 - - [15/Feb/2025:15:09:32 +0900] "GET /zerotodeploy/login.html HTTP/1.1" 302 -
0:0:0:0:0:0:0:1 - - [15/Feb/2025:15:09:32 +0900] "GET /zerotodeploy/login.html HTTP/1.1" 302 -
0:0:0:0:0:0:0:1 - - [15/Feb/2025:15:09:32 +0900] "GET /zerotodeploy/login.html HTTP/1.1" 302 -
0:0:0:0:0:0:0:1 - - [15/Feb/2025:15:09:32 +0900] "GET /zerotodeploy/login.html HTTP/1.1" 302 -
0:0:0:0:0:0:0:1 - - [15/Feb/2025:15:09:32 +0900] "GET /zerotodeploy/login.html HTTP/1.1" 302 -
0:0:0:0:0:0:0:1 - - [15/Feb/2025:15:09:32 +0900] "GET /zerotodeploy/login.html HTTP/1.1" 302 -
0:0:0:0:0:0:0:1 - - [15/Feb/2025:15:09:32 +0900] "GET /zerotodeploy/login.html HTTP/1.1" 302 -
0:0:0:0:0:0:0:1 - - [15/Feb/2025:15:09:32 +0900] "GET /zerotodeploy/login.html HTTP/1.1" 302 -
0:0:0:0:0:0:0:1 - - [15/Feb/2025:15:09:32 +0900] "GET /zerotodeploy/login.html HTTP/1.1" 302 -
0:0:0:0:0:0:0:1 - - [15/Feb/2025:15:09:32 +0900] "GET /zerotodeploy/login.html HTTP/1.1" 302 -
0:0:0:0:0:0:0:1 - - [15/Feb/2025:15:09:32 +0900] "GET /zerotodeploy/login.html HTTP/1.1" 302 -
0:0:0:0:0:0:0:1 - - [15/Feb/2025:15:09:32 +0900] "GET /zerotodeploy/login.html HTTP/1.1" 302 -
0:0:0:0:0:0:0:1 - - [15/Feb/2025:15:09:32 +0900] "GET /zerotodeploy/login.html HTTP/1.1" 302 -
0:0:0:0:0:0:0:1 - - [15/Feb/2025:15:09:32 +0900] "GET /zerotodeploy/login.html HTTP/1.1" 302 -
0:0:0:0:0:0:0:1 - - [15/Feb/2025:15:09:32 +0900] "GET /zerotodeploy/login.html HTTP/1.1" 302 -
0:0:0:0:0:0:0:1 - - [15/Feb/2025:15:09:32 +0900] "GET /zerotodeploy/login.html HTTP/1.1" 302 -
0:0:0:0:0:0:0:1 - - [15/Feb/2025:15:09:33 +0900] "GET /zerotodeploy/login HTTP/1.1" 302 -
0:0:0:0:0:0:0:1 - - [15/Feb/2025:15:09:33 +0900] "GET /zerotodeploy/login.html HTTP/1.1" 302 -
0:0:0:0:0:0:0:1 - - [15/Feb/2025:15:09:33 +0900] "GET /zerotodeploy/login.html HTTP/1.1" 302 -
0:0:0:0:0:0:0:1 - - [15/Feb/2025:15:09:33 +0900] "GET /zerotodeploy/login.html HTTP/1.1" 302 -
0:0:0:0:0:0:0:1 - - [15/Feb/2025:15:09:33 +0900] "GET /zerotodeploy/login.html HTTP/1.1" 302 -
0:0:0:0:0:0:0:1 - - [15/Feb/2025:15:09:33 +0900] "GET /zerotodeploy/login.html HTTP/1.1" 302 -
0:0:0:0:0:0:0:1 - - [15/Feb/2025:15:09:33 +0900] "GET /zerotodeploy/login.html HTTP/1.1" 302 -
0:0:0:0:0:0:0:1 - - [15/Feb/2025:15:09:33 +0900] "GET /zerotodeploy/login.html HTTP/1.1" 302 -
0:0:0:0:0:0:0:1 - - [15/Feb/2025:15:09:33 +0900] "GET /zerotodeploy/login.html HTTP/1.1" 302 -
0:0:0:0:0:0:0:1 - - [15/Feb/2025:15:09:33 +0900] "GET /zerotodeploy/login.html HTTP/1.1" 302 -
0:0:0:0:0:0:0:1 - - [15/Feb/2025:15:09:33 +0900] "GET /zerotodeploy/login.html HTTP/1.1" 302 -
0:0:0:0:0:0:0:1 - - [15/Feb/2025:15:09:33 +0900] "GET /zerotodeploy/login.html HTTP/1.1" 302 -
0:0:0:0:0:0:0:1 - - [15/Feb/2025:15:09:33 +0900] "GET /zerotodeploy/login.html HTTP/1.1" 302 -
0:0:0:0:0:0:0:1 - - [15/Feb/2025:15:09:33 +0900] "GET /zerotodeploy/login.html HTTP/1.1" 302 -
0:0:0:0:0:0:0:1 - - [15/Feb/2025:15:09:33 +0900] "GET /zerotodeploy/login.html HTTP/1.1" 302 -
0:0:0:0:0:0:0:1 - - [15/Feb/2025:15:09:33 +0900] "GET /zerotodeploy/login.html HTTP/1.1" 302 -
0:0:0:0:0:0:0:1 - - [15/Feb/2025:15:09:33 +0900] "GET /zerotodeploy/login.html HTTP/1.1" 302 -
0:0:0:0:0:0:0:1 - - [15/Feb/2025:15:09:33 +0900] "GET /zerotodeploy/login.html HTTP/1.1" 302 -
0:0:0:0:0:0:0:1 - - [15/Feb/2025:15:09:33 +0900] "GET /zerotodeploy/login.html HTTP/1.1" 302 -
0:0:0:0:0:0:0:1 - - [15/Feb/2025:15:09:33 +0900] "GET /zerotodeploy/login.html HTTP/1.1" 302 -
0:0:0:0:0:0:0:1 - - [15/Feb/2025:15:09:34 +0900] "GET /zerotodeploy/login.html HTTP/1.1" 302 -
0:0:0:0:0:0:0:1 - - [15/Feb/2025:15:09:34 +0900] "GET /zerotodeploy/login.html HTTP/1.1" 302 -
0:0:0:0:0:0:0:1 - - [15/Feb/2025:15:09:34 +0900] "GET /zerotodeploy/login.html HTTP/1.1" 302 -
0:0:0:0:0:0:0:1 - - [15/Feb/2025:15:09:34 +0900] "GET /zerotodeploy/login.html HTTP/1.1" 302 -
0:0:0:0:0:0:0:1 - - [15/Feb/2025:15:09:34 +0900] "GET /zerotodeploy/login.html HTTP/1.1" 302 -
0:0:0:0:0:0:0:1 - - [15/Feb/2025:15:09:34 +0900] "GET /zerotodeploy/login.html HTTP/1.1" 302 -
0:0:0:0:0:0:0:1 - - [15/Feb/2025:15:09:34 +0900] "GET /zerotodeploy/login.html HTTP/1.1" 302 -
0:0:0:0:0:0:0:1 - - [15/Feb/2025:15:09:34 +0900] "GET /zerotodeploy/login.html HTTP/1.1" 302 -
0:0:0:0:0:0:0:1 - - [15/Feb/2025:15:09:34 +0900] "GET /zerotodeploy/login.html HTTP/1.1" 302 -
0:0:0:0:0:0:0:1 - - [15/Feb/2025:15:09:34 +0900] "GET /zerotodeploy/login.html HTTP/1.1" 302 -
0:0:0:0:0:0:0:1 - - [15/Feb/2025:15:09:34 +0900] "GET /zerotodeploy/login.html HTTP/1.1" 302 -
0:0:0:0:0:0:0:1 - - [15/Feb/2025:15:09:34 +0900] "GET /zerotodeploy/login.html HTTP/1.1" 302 -
0:0:0:0:0:0:0:1 - - [15/Feb/2025:15:09:34 +0900] "GET /zerotodeploy/login.html HTTP/1.1" 302 -
0:0:0:0:0:0:0:1 - - [15/Feb/2025:15:09:34 +0900] "GET /zerotodeploy/login.html HTTP/1.1" 302 -
0:0:0:0:0:0:0:1 - - [15/Feb/2025:15:09:34 +0900] "GET /zerotodeploy/login.html HTTP/1.1" 302 -
0:0:0:0:0:0:0:1 - - [15/Feb/2025:15:09:34 +0900] "GET /zerotodeploy/login.html HTTP/1.1" 302 -
0:0:0:0:0:0:0:1 - - [15/Feb/2025:15:09:34 +0900] "GET /zerotodeploy/login.html HTTP/1.1" 302 -
0:0:0:0:0:0:0:1 - - [15/Feb/2025:15:09:34 +0900] "GET /zerotodeploy/login.html HTTP/1.1" 302 -
0:0:0:0:0:0:0:1 - - [15/Feb/2025:15:09:34 +0900] "GET /zerotodeploy/login.html HTTP/1.1" 302 -
0:0:0:0:0:0:0:1 - - [15/Feb/2025:15:09:34 +0900] "GET /zerotodeploy/login.html HTTP/1.1" 302 -
0:0:0:0:0:0:0:1 - - [15/Feb/2025:15:09:34 +0900] "GET /zerotodeploy/img/favicon.ico HTTP/1.1" 302 -
0:0:0:0:0:0:0:1 - - [15/Feb/2025:15:09:34 +0900] "GET /zerotodeploy/login.html HTTP/1.1" 302 -
0:0:0:0:0:0:0:1 - - [15/Feb/2025:15:09:34 +0900] "GET /zerotodeploy/login.html HTTP/1.1" 302 -
0:0:0:0:0:0:0:1 - - [15/Feb/2025:15:09:34 +0900] "GET /zerotodeploy/login.html HTTP/1.1" 302 -
0:0:0:0:0:0:0:1 - - [15/Feb/2025:15:09:34 +0900] "GET /zerotodeploy/login.html HTTP/1.1" 302 -
0:0:0:0:0:0:0:1 - - [15/Feb/2025:15:09:34 +0900] "GET /zerotodeploy/login.html HTTP/1.1" 302 -
0:0:0:0:0:0:0:1 - - [15/Feb/2025:15:09:34 +0900] "GET /zerotodeploy/login.html HTTP/1.1" 302 -
0:0:0:0:0:0:0:1 - - [15/Feb/2025:15:09:34 +0900] "GET /zerotodeploy/login.html HTTP/1.1" 302 -
0:0:0:0:0:0:0:1 - - [15/Feb/2025:15:09:34 +0900] "GET /zerotodeploy/login.html HTTP/1.1" 302 -
0:0:0:0:0:0:0:1 - - [15/Feb/2025:15:09:34 +0900] "GET /zerotodeploy/login.html HTTP/1.1" 302 -
0:0:0:0:0:0:0:1 - - [15/Feb/2025:15:09:34 +0900] "GET /zerotodeploy/login.html HTTP/1.1" 302 -
0:0:0:0:0:0:0:1 - - [15/Feb/2025:15:09:34 +0900] "GET /zerotodeploy/login.html HTTP/1.1" 302 -
0:0:0:0:0:0:0:1 - - [15/Feb/2025:15:09:34 +0900] "GET /zerotodeploy/login.html HTTP/1.1" 302 -
0:0:0:0:0:0:0:1 - - [15/Feb/2025:15:09:34 +0900] "GET /zerotodeploy/login.html HTTP/1.1" 302 -
0:0:0:0:0:0:0:1 - - [15/Feb/2025:15:09:34 +0900] "GET /zerotodeploy/login.html HTTP/1.1" 302 -
0:0:0:0:0:0:0:1 - - [15/Feb/2025:15:09:34 +0900] "GET /zerotodeploy/login.html HTTP/1.1" 302 -
0:0:0:0:0:0:0:1 - - [15/Feb/2025:15:09:34 +0900] "GET /zerotodeploy/login.html HTTP/1.1" 302 -
0:0:0:0:0:0:0:1 - - [15/Feb/2025:15:09:34 +0900] "GET /zerotodeploy/login.html HTTP/1.1" 302 -
0:0:0:0:0:0:0:1 - - [15/Feb/2025:15:09:34 +0900] "GET /zerotodeploy/login.html HTTP/1.1" 302 -
0:0:0:0:0:0:0:1 - - [15/Feb/2025:15:09:34 +0900] "GET /zerotodeploy/login.html HTTP/1.1" 302 -
0:0:0:0:0:0:0:1 - - [15/Feb/2025:15:09:34 +0900] "GET /zerotodeploy/login.html HTTP/1.1" 302 -
0:0:0:0:0:0:0:1 - - [15/Feb/2025:15:09:35 +0900] "GET /zerotodeploy/login HTTP/1.1" 302 -
0:0:0:0:0:0:0:1 - - [15/Feb/2025:15:09:35 +0900] "GET /zerotodeploy/login.html HTTP/1.1" 302 -
0:0:0:0:0:0:0:1 - - [15/Feb/2025:15:09:35 +0900] "GET /zerotodeploy/login.html HTTP/1.1" 302 -
0:0:0:0:0:0:0:1 - - [15/Feb/2025:15:09:35 +0900] "GET /zerotodeploy/login.html HTTP/1.1" 302 -
0:0:0:0:0:0:0:1 - - [15/Feb/2025:15:09:35 +0900] "GET /zerotodeploy/login.html HTTP/1.1" 302 -
0:0:0:0:0:0:0:1 - - [15/Feb/2025:15:09:35 +0900] "GET /zerotodeploy/login.html HTTP/1.1" 302 -
0:0:0:0:0:0:0:1 - - [15/Feb/2025:15:09:35 +0900] "GET /zerotodeploy/login.html HTTP/1.1" 302 -
0:0:0:0:0:0:0:1 - - [15/Feb/2025:15:09:35 +0900] "GET /zerotodeploy/login.html HTTP/1.1" 302 -
0:0:0:0:0:0:0:1 - - [15/Feb/2025:15:09:35 +0900] "GET /zerotodeploy/login.html HTTP/1.1" 302 -
0:0:0:0:0:0:0:1 - - [15/Feb/2025:15:09:35 +0900] "GET /zerotodeploy/login.html HTTP/1.1" 302 -
0:0:0:0:0:0:0:1 - - [15/Feb/2025:15:09:35 +0900] "GET /zerotodeploy/login.html HTTP/1.1" 302 -
0:0:0:0:0:0:0:1 - - [15/Feb/2025:15:09:35 +0900] "GET /zerotodeploy/login.html HTTP/1.1" 302 -
0:0:0:0:0:0:0:1 - - [15/Feb/2025:15:09:35 +0900] "GET /zerotodeploy/login.html HTTP/1.1" 302 -
0:0:0:0:0:0:0:1 - - [15/Feb/2025:15:09:35 +0900] "GET /zerotodeploy/login.html HTTP/1.1" 302 -
0:0:0:0:0:0:0:1 - - [15/Feb/2025:15:09:35 +0900] "GET /zerotodeploy/login.html HTTP/1.1" 302 -
0:0:0:0:0:0:0:1 - - [15/Feb/2025:15:09:35 +0900] "GET /zerotodeploy/login.html HTTP/1.1" 302 -
0:0:0:0:0:0:0:1 - - [15/Feb/2025:15:09:35 +0900] "GET /zerotodeploy/login.html HTTP/1.1" 302 -
0:0:0:0:0:0:0:1 - - [15/Feb/2025:15:09:35 +0900] "GET /zerotodeploy/login.html HTTP/1.1" 302 -
0:0:0:0:0:0:0:1 - - [15/Feb/2025:15:09:35 +0900] "GET /zerotodeploy/login.html HTTP/1.1" 302 -
0:0:0:0:0:0:0:1 - - [15/Feb/2025:15:09:35 +0900] "GET /zerotodeploy/login.html HTTP/1.1" 302 -
0:0:0:0:0:0:0:1 - - [15/Feb/2025:15:09:36 +0900] "GET /zerotodeploy/login.html HTTP/1.1" 302 -
0:0:0:0:0:0:0:1 - - [15/Feb/2025:15:09:36 +0900] "GET /zerotodeploy/login.html HTTP/1.1" 302 -
0:0:0:0:0:0:0:1 - - [15/Feb/2025:15:09:36 +0900] "GET /zerotodeploy/login.html HTTP/1.1" 302 -
0:0:0:0:0:0:0:1 - - [15/Feb/2025:15:09:36 +0900] "GET /zerotodeploy/login.html HTTP/1.1" 302 -
0:0:0:0:0:0:0:1 - - [15/Feb/2025:15:09:36 +0900] "GET /zerotodeploy/login.html HTTP/1.1" 302 -
0:0:0:0:0:0:0:1 - - [15/Feb/2025:15:09:36 +0900] "GET /zerotodeploy/login.html HTTP/1.1" 302 -
0:0:0:0:0:0:0:1 - - [15/Feb/2025:15:09:36 +0900] "GET /zerotodeploy/login.html HTTP/1.1" 302 -
0:0:0:0:0:0:0:1 - - [15/Feb/2025:15:09:36 +0900] "GET /zerotodeploy/login.html HTTP/1.1" 302 -
0:0:0:0:0:0:0:1 - - [15/Feb/2025:15:09:36 +0900] "GET /zerotodeploy/login.html HTTP/1.1" 302 -
0:0:0:0:0:0:0:1 - - [15/Feb/2025:15:09:36 +0900] "GET /zerotodeploy/login.html HTTP/1.1" 302 -
0:0:0:0:0:0:0:1 - - [15/Feb/2025:15:09:36 +0900] "GET /zerotodeploy/login.html HTTP/1.1" 302 -
0:0:0:0:0:0:0:1 - - [15/Feb/2025:15:09:36 +0900] "GET /zerotodeploy/login.html HTTP/1.1" 302 -
0:0:0:0:0:0:0:1 - - [15/Feb/2025:15:09:36 +0900] "GET /zerotodeploy/login.html HTTP/1.1" 302 -
0:0:0:0:0:0:0:1 - - [15/Feb/2025:15:09:36 +0900] "GET /zerotodeploy/login.html HTTP/1.1" 302 -
0:0:0:0:0:0:0:1 - - [15/Feb/2025:15:09:36 +0900] "GET /zerotodeploy/login.html HTTP/1.1" 302 -
0:0:0:0:0:0:0:1 - - [15/Feb/2025:15:09:36 +0900] "GET /zerotodeploy/login.html HTTP/1.1" 302 -
0:0:0:0:0:0:0:1 - - [15/Feb/2025:15:09:36 +0900] "GET /zerotodeploy/login.html HTTP/1.1" 302 -
0:0:0:0:0:0:0:1 - - [15/Feb/2025:15:09:36 +0900] "GET /zerotodeploy/login.html HTTP/1.1" 302 -
0:0:0:0:0:0:0:1 - - [15/Feb/2025:15:09:36 +0900] "GET /zerotodeploy/login.html HTTP/1.1" 302 -
0:0:0:0:0:0:0:1 - - [15/Feb/2025:15:09:36 +0900] "GET /zerotodeploy/login.html HTTP/1.1" 302 -
0:0:0:0:0:0:0:1 - - [15/Feb/2025:15:09:39 +0900] "GET /zerotodeploy/login.html HTTP/1.1" 302 -
0:0:0:0:0:0:0:1 - - [15/Feb/2025:15:09:39 +0900] "GET /zerotodeploy/login.html HTTP/1.1" 302 -
0:0:0:0:0:0:0:1 - - [15/Feb/2025:15:09:39 +0900] "GET /zerotodeploy/login.html HTTP/1.1" 302 -
0:0:0:0:0:0:0:1 - - [15/Feb/2025:15:09:39 +0900] "GET /zerotodeploy/login.html HTTP/1.1" 302 -
0:0:0:0:0:0:0:1 - - [15/Feb/2025:15:09:39 +0900] "GET /zerotodeploy/login.html HTTP/1.1" 302 -
0:0:0:0:0:0:0:1 - - [15/Feb/2025:15:09:39 +0900] "GET /zerotodeploy/login.html HTTP/1.1" 302 -
0:0:0:0:0:0:0:1 - - [15/Feb/2025:15:09:39 +0900] "GET /zerotodeploy/login.html HTTP/1.1" 302 -
0:0:0:0:0:0:0:1 - - [15/Feb/2025:15:09:39 +0900] "GET /zerotodeploy/login.html HTTP/1.1" 302 -
0:0:0:0:0:0:0:1 - - [15/Feb/2025:15:09:39 +0900] "GET /zerotodeploy/login.html HTTP/1.1" 302 -
0:0:0:0:0:0:0:1 - - [15/Feb/2025:15:09:39 +0900] "GET /zerotodeploy/login.html HTTP/1.1" 302 -
0:0:0:0:0:0:0:1 - - [15/Feb/2025:15:09:39 +0900] "GET /zerotodeploy/login.html HTTP/1.1" 302 -
0:0:0:0:0:0:0:1 - - [15/Feb/2025:15:09:39 +0900] "GET /zerotodeploy/login.html HTTP/1.1" 302 -
0:0:0:0:0:0:0:1 - - [15/Feb/2025:15:09:39 +0900] "GET /zerotodeploy/login.html HTTP/1.1" 302 -
0:0:0:0:0:0:0:1 - - [15/Feb/2025:15:09:39 +0900] "GET /zerotodeploy/login.html HTTP/1.1" 302 -
0:0:0:0:0:0:0:1 - - [15/Feb/2025:15:09:39 +0900] "GET /zerotodeploy/login.html HTTP/1.1" 302 -
0:0:0:0:0:0:0:1 - - [15/Feb/2025:15:09:39 +0900] "GET /zerotodeploy/login.html HTTP/1.1" 302 -
0:0:0:0:0:0:0:1 - - [15/Feb/2025:15:09:39 +0900] "GET /zerotodeploy/login.html HTTP/1.1" 302 -
0:0:0:0:0:0:0:1 - - [15/Feb/2025:15:09:39 +0900] "GET /zerotodeploy/login.html HTTP/1.1" 302 -
0:0:0:0:0:0:0:1 - - [15/Feb/2025:15:09:39 +0900] "GET /zerotodeploy/login.html HTTP/1.1" 302 -
0:0:0:0:0:0:0:1 - - [15/Feb/2025:15:09:39 +0900] "GET /zerotodeploy/login.html HTTP/1.1" 302 -
0:0:0:0:0:0:0:1 - - [15/Feb/2025:15:09:40 +0900] "GET /zerotodeploy/login.html HTTP/1.1" 302 -
0:0:0:0:0:0:0:1 - - [15/Feb/2025:15:09:40 +0900] "GET /zerotodeploy/login.html HTTP/1.1" 302 -
0:0:0:0:0:0:0:1 - - [15/Feb/2025:15:09:40 +0900] "GET /zerotodeploy/login.html HTTP/1.1" 302 -
0:0:0:0:0:0:0:1 - - [15/Feb/2025:15:09:40 +0900] "GET /zerotodeploy/login.html HTTP/1.1" 302 -
0:0:0:0:0:0:0:1 - - [15/Feb/2025:15:09:40 +0900] "GET /zerotodeploy/login.html HTTP/1.1" 302 -
0:0:0:0:0:0:0:1 - - [15/Feb/2025:15:09:40 +0900] "GET /zerotodeploy/login.html HTTP/1.1" 302 -
0:0:0:0:0:0:0:1 - - [15/Feb/2025:15:09:40 +0900] "GET /zerotodeploy/login.html HTTP/1.1" 302 -
0:0:0:0:0:0:0:1 - - [15/Feb/2025:15:09:40 +0900] "GET /zerotodeploy/login.html HTTP/1.1" 302 -
0:0:0:0:0:0:0:1 - - [15/Feb/2025:15:09:40 +0900] "GET /zerotodeploy/login.html HTTP/1.1" 302 -
0:0:0:0:0:0:0:1 - - [15/Feb/2025:15:09:40 +0900] "GET /zerotodeploy/login.html HTTP/1.1" 302 -
0:0:0:0:0:0:0:1 - - [15/Feb/2025:15:09:40 +0900] "GET /zerotodeploy/login.html HTTP/1.1" 302 -
0:0:0:0:0:0:0:1 - - [15/Feb/2025:15:09:40 +0900] "GET /zerotodeploy/login.html HTTP/1.1" 302 -
0:0:0:0:0:0:0:1 - - [15/Feb/2025:15:09:40 +0900] "GET /zerotodeploy/login.html HTTP/1.1" 302 -
0:0:0:0:0:0:0:1 - - [15/Feb/2025:15:09:40 +0900] "GET /zerotodeploy/login.html HTTP/1.1" 302 -
0:0:0:0:0:0:0:1 - - [15/Feb/2025:15:09:40 +0900] "GET /zerotodeploy/login.html HTTP/1.1" 302 -
0:0:0:0:0:0:0:1 - - [15/Feb/2025:15:09:40 +0900] "GET /zerotodeploy/login.html HTTP/1.1" 302 -
0:0:0:0:0:0:0:1 - - [15/Feb/2025:15:09:40 +0900] "GET /zerotodeploy/login.html HTTP/1.1" 302 -
0:0:0:0:0:0:0:1 - - [15/Feb/2025:15:09:40 +0900] "GET /zerotodeploy/login.html HTTP/1.1" 302 -
0:0:0:0:0:0:0:1 - - [15/Feb/2025:15:09:40 +0900] "GET /zerotodeploy/login.html HTTP/1.1" 302 -
0:0:0:0:0:0:0:1 - - [15/Feb/2025:15:09:40 +0900] "GET /zerotodeploy/login.html HTTP/1.1" 302 -
0:0:0:0:0:0:0:1 - - [15/Feb/2025:15:09:45 +0900] "GET /zerotodeploy/login.html HTTP/1.1" 302 -
0:0:0:0:0:0:0:1 - - [15/Feb/2025:15:09:45 +0900] "GET /zerotodeploy/login.html HTTP/1.1" 302 -
0:0:0:0:0:0:0:1 - - [15/Feb/2025:15:09:45 +0900] "GET /zerotodeploy/login.html HTTP/1.1" 302 -
0:0:0:0:0:0:0:1 - - [15/Feb/2025:15:09:45 +0900] "GET /zerotodeploy/login.html HTTP/1.1" 302 -
0:0:0:0:0:0:0:1 - - [15/Feb/2025:15:09:45 +0900] "GET /zerotodeploy/login.html HTTP/1.1" 302 -
0:0:0:0:0:0:0:1 - - [15/Feb/2025:15:09:45 +0900] "GET /zerotodeploy/login.html HTTP/1.1" 302 -
0:0:0:0:0:0:0:1 - - [15/Feb/2025:15:09:45 +0900] "GET /zerotodeploy/login.html HTTP/1.1" 302 -
0:0:0:0:0:0:0:1 - - [15/Feb/2025:15:09:45 +0900] "GET /zerotodeploy/login.html HTTP/1.1" 302 -
0:0:0:0:0:0:0:1 - - [15/Feb/2025:15:09:45 +0900] "GET /zerotodeploy/login.html HTTP/1.1" 302 -
0:0:0:0:0:0:0:1 - - [15/Feb/2025:15:09:45 +0900] "GET /zerotodeploy/login.html HTTP/1.1" 302 -
0:0:0:0:0:0:0:1 - - [15/Feb/2025:15:09:45 +0900] "GET /zerotodeploy/login.html HTTP/1.1" 302 -
0:0:0:0:0:0:0:1 - - [15/Feb/2025:15:09:45 +0900] "GET /zerotodeploy/login.html HTTP/1.1" 302 -
0:0:0:0:0:0:0:1 - - [15/Feb/2025:15:09:45 +0900] "GET /zerotodeploy/login.html HTTP/1.1" 302 -
0:0:0:0:0:0:0:1 - - [15/Feb/2025:15:09:45 +0900] "GET /zerotodeploy/login.html HTTP/1.1" 302 -
0:0:0:0:0:0:0:1 - - [15/Feb/2025:15:09:45 +0900] "GET /zerotodeploy/login.html HTTP/1.1" 302 -
0:0:0:0:0:0:0:1 - - [15/Feb/2025:15:09:45 +0900] "GET /zerotodeploy/login.html HTTP/1.1" 302 -
0:0:0:0:0:0:0:1 - - [15/Feb/2025:15:09:45 +0900] "GET /zerotodeploy/login.html HTTP/1.1" 302 -
0:0:0:0:0:0:0:1 - - [15/Feb/2025:15:09:45 +0900] "GET /zerotodeploy/login.html HTTP/1.1" 302 -
0:0:0:0:0:0:0:1 - - [15/Feb/2025:15:09:45 +0900] "GET /zerotodeploy/login.html HTTP/1.1" 302 -
0:0:0:0:0:0:0:1 - - [15/Feb/2025:15:09:45 +0900] "GET /zerotodeploy/login.html HTTP/1.1" 302 -
0:0:0:0:0:0:0:1 - - [15/Feb/2025:15:09:54 +0900] "GET /zerotodeploy/login.html HTTP/1.1" 302 -
0:0:0:0:0:0:0:1 - - [15/Feb/2025:15:09:54 +0900] "GET /zerotodeploy/login.html;jsessionid=7C7817BC2711F22FF2524BCD7D503AA0 HTTP/1.1" 302 -
0:0:0:0:0:0:0:1 - - [15/Feb/2025:15:09:54 +0900] "GET /zerotodeploy/login.html HTTP/1.1" 302 -
0:0:0:0:0:0:0:1 - - [15/Feb/2025:15:09:54 +0900] "GET /zerotodeploy/login.html HTTP/1.1" 302 -
0:0:0:0:0:0:0:1 - - [15/Feb/2025:15:09:54 +0900] "GET /zerotodeploy/login.html HTTP/1.1" 302 -
0:0:0:0:0:0:0:1 - - [15/Feb/2025:15:09:54 +0900] "GET /zerotodeploy/login.html HTTP/1.1" 302 -
0:0:0:0:0:0:0:1 - - [15/Feb/2025:15:09:54 +0900] "GET /zerotodeploy/login.html HTTP/1.1" 302 -
0:0:0:0:0:0:0:1 - - [15/Feb/2025:15:09:54 +0900] "GET /zerotodeploy/login.html HTTP/1.1" 302 -
0:0:0:0:0:0:0:1 - - [15/Feb/2025:15:09:54 +0900] "GET /zerotodeploy/login.html HTTP/1.1" 302 -
0:0:0:0:0:0:0:1 - - [15/Feb/2025:15:09:54 +0900] "GET /zerotodeploy/login.html HTTP/1.1" 302 -
0:0:0:0:0:0:0:1 - - [15/Feb/2025:15:09:54 +0900] "GET /zerotodeploy/login.html HTTP/1.1" 302 -
0:0:0:0:0:0:0:1 - - [15/Feb/2025:15:09:54 +0900] "GET /zerotodeploy/login.html HTTP/1.1" 302 -
0:0:0:0:0:0:0:1 - - [15/Feb/2025:15:09:54 +0900] "GET /zerotodeploy/login.html HTTP/1.1" 302 -
0:0:0:0:0:0:0:1 - - [15/Feb/2025:15:09:54 +0900] "GET /zerotodeploy/login.html HTTP/1.1" 302 -
0:0:0:0:0:0:0:1 - - [15/Feb/2025:15:09:54 +0900] "GET /zerotodeploy/login.html HTTP/1.1" 302 -
0:0:0:0:0:0:0:1 - - [15/Feb/2025:15:09:54 +0900] "GET /zerotodeploy/login.html HTTP/1.1" 302 -
0:0:0:0:0:0:0:1 - - [15/Feb/2025:15:09:54 +0900] "GET /zerotodeploy/login.html HTTP/1.1" 302 -
0:0:0:0:0:0:0:1 - - [15/Feb/2025:15:09:54 +0900] "GET /zerotodeploy/login.html HTTP/1.1" 302 -
0:0:0:0:0:0:0:1 - - [15/Feb/2025:15:09:54 +0900] "GET /zerotodeploy/login.html HTTP/1.1" 302 -
0:0:0:0:0:0:0:1 - - [15/Feb/2025:15:09:54 +0900] "GET /zerotodeploy/login.html HTTP/1.1" 302 -
0:0:0:0:0:0:0:1 - - [15/Feb/2025:15:09:54 +0900] "GET /zerotodeploy/login.html HTTP/1.1" 302 -
0:0:0:0:0:0:0:1 - - [15/Feb/2025:15:09:54 +0900] "GET /zerotodeploy/login.html HTTP/1.1" 302 -
0:0:0:0:0:0:0:1 - - [15/Feb/2025:15:09:54 +0900] "GET /zerotodeploy/login.html HTTP/1.1" 302 -
0:0:0:0:0:0:0:1 - - [15/Feb/2025:15:09:54 +0900] "GET /zerotodeploy/login.html HTTP/1.1" 302 -
0:0:0:0:0:0:0:1 - - [15/Feb/2025:15:09:54 +0900] "GET /zerotodeploy/login.html HTTP/1.1" 302 -
0:0:0:0:0:0:0:1 - - [15/Feb/2025:15:09:54 +0900] "GET /zerotodeploy/login.html HTTP/1.1" 302 -
0:0:0:0:0:0:0:1 - - [15/Feb/2025:15:09:54 +0900] "GET /zerotodeploy/login.html HTTP/1.1" 302 -
0:0:0:0:0:0:0:1 - - [15/Feb/2025:15:09:54 +0900] "GET /zerotodeploy/login.html HTTP/1.1" 302 -
0:0:0:0:0:0:0:1 - - [15/Feb/2025:15:09:54 +0900] "GET /zerotodeploy/login.html HTTP/1.1" 302 -
0:0:0:0:0:0:0:1 - - [15/Feb/2025:15:09:54 +0900] "GET /zerotodeploy/login.html HTTP/1.1" 302 -
0:0:0:0:0:0:0:1 - - [15/Feb/2025:15:09:54 +0900] "GET /zerotodeploy/login.html HTTP/1.1" 302 -
0:0:0:0:0:0:0:1 - - [15/Feb/2025:15:09:54 +0900] "GET /zerotodeploy/login.html HTTP/1.1" 302 -
0:0:0:0:0:0:0:1 - - [15/Feb/2025:15:09:54 +0900] "GET /zerotodeploy/login.html HTTP/1.1" 302 -
0:0:0:0:0:0:0:1 - - [15/Feb/2025:15:09:54 +0900] "GET /zerotodeploy/login.html HTTP/1.1" 302 -
0:0:0:0:0:0:0:1 - - [15/Feb/2025:15:09:54 +0900] "GET /zerotodeploy/login.html HTTP/1.1" 302 -
0:0:0:0:0:0:0:1 - - [15/Feb/2025:15:09:54 +0900] "GET /zerotodeploy/login.html HTTP/1.1" 302 -
0:0:0:0:0:0:0:1 - - [15/Feb/2025:15:09:54 +0900] "GET /zerotodeploy/login.html HTTP/1.1" 302 -
0:0:0:0:0:0:0:1 - - [15/Feb/2025:15:09:54 +0900] "GET /zerotodeploy/login.html HTTP/1.1" 302 -
0:0:0:0:0:0:0:1 - - [15/Feb/2025:15:09:54 +0900] "GET /zerotodeploy/login.html HTTP/1.1" 302 -
0:0:0:0:0:0:0:1 - - [15/Feb/2025:15:09:54 +0900] "GET /zerotodeploy/login.html HTTP/1.1" 302 -
0:0:0:0:0:0:0:1 - - [15/Feb/2025:15:09:55 +0900] "GET /zerotodeploy/login.html HTTP/1.1" 302 -
0:0:0:0:0:0:0:1 - - [15/Feb/2025:15:09:55 +0900] "GET /zerotodeploy/login.html HTTP/1.1" 302 -
0:0:0:0:0:0:0:1 - - [15/Feb/2025:15:09:55 +0900] "GET /zerotodeploy/login.html HTTP/1.1" 302 -
0:0:0:0:0:0:0:1 - - [15/Feb/2025:15:09:55 +0900] "GET /zerotodeploy/login.html HTTP/1.1" 302 -
0:0:0:0:0:0:0:1 - - [15/Feb/2025:15:09:55 +0900] "GET /zerotodeploy/login.html HTTP/1.1" 302 -
0:0:0:0:0:0:0:1 - - [15/Feb/2025:15:09:55 +0900] "GET /zerotodeploy/login.html HTTP/1.1" 302 -
0:0:0:0:0:0:0:1 - - [15/Feb/2025:15:09:55 +0900] "GET /zerotodeploy/login.html HTTP/1.1" 302 -
0:0:0:0:0:0:0:1 - - [15/Feb/2025:15:09:55 +0900] "GET /zerotodeploy/login.html HTTP/1.1" 302 -
0:0:0:0:0:0:0:1 - - [15/Feb/2025:15:09:55 +0900] "GET /zerotodeploy/login.html HTTP/1.1" 302 -
0:0:0:0:0:0:0:1 - - [15/Feb/2025:15:09:55 +0900] "GET /zerotodeploy/login.html HTTP/1.1" 302 -
0:0:0:0:0:0:0:1 - - [15/Feb/2025:15:09:55 +0900] "GET /zerotodeploy/login.html HTTP/1.1" 302 -
0:0:0:0:0:0:0:1 - - [15/Feb/2025:15:09:55 +0900] "GET /zerotodeploy/login.html HTTP/1.1" 302 -
0:0:0:0:0:0:0:1 - - [15/Feb/2025:15:09:55 +0900] "GET /zerotodeploy/login.html HTTP/1.1" 302 -
0:0:0:0:0:0:0:1 - - [15/Feb/2025:15:09:55 +0900] "GET /zerotodeploy/login.html HTTP/1.1" 302 -
0:0:0:0:0:0:0:1 - - [15/Feb/2025:15:09:55 +0900] "GET /zerotodeploy/login.html HTTP/1.1" 302 -
0:0:0:0:0:0:0:1 - - [15/Feb/2025:15:09:55 +0900] "GET /zerotodeploy/login.html HTTP/1.1" 302 -
0:0:0:0:0:0:0:1 - - [15/Feb/2025:15:09:55 +0900] "GET /zerotodeploy/login.html HTTP/1.1" 302 -
0:0:0:0:0:0:0:1 - - [15/Feb/2025:15:09:55 +0900] "GET /zerotodeploy/login.html HTTP/1.1" 302 -
0:0:0:0:0:0:0:1 - - [15/Feb/2025:15:09:55 +0900] "GET /zerotodeploy/login.html HTTP/1.1" 302 -
0:0:0:0:0:0:0:1 - - [15/Feb/2025:15:09:55 +0900] "GET /zerotodeploy/login.html HTTP/1.1" 302 -
0:0:0:0:0:0:0:1 - - [15/Feb/2025:15:09:55 +0900] "GET /zerotodeploy/login.html HTTP/1.1" 302 -
0:0:0:0:0:0:0:1 - - [15/Feb/2025:15:09:55 +0900] "GET /zerotodeploy/login.html HTTP/1.1" 302 -
0:0:0:0:0:0:0:1 - - [15/Feb/2025:15:09:55 +0900] "GET /zerotodeploy/login.html HTTP/1.1" 302 -
0:0:0:0:0:0:0:1 - - [15/Feb/2025:15:09:55 +0900] "GET /zerotodeploy/login.html HTTP/1.1" 302 -
0:0:0:0:0:0:0:1 - - [15/Feb/2025:15:09:55 +0900] "GET /zerotodeploy/login.html HTTP/1.1" 302 -
0:0:0:0:0:0:0:1 - - [15/Feb/2025:15:09:55 +0900] "GET /zerotodeploy/login.html HTTP/1.1" 302 -
0:0:0:0:0:0:0:1 - - [15/Feb/2025:15:09:55 +0900] "GET /zerotodeploy/login.html HTTP/1.1" 302 -
0:0:0:0:0:0:0:1 - - [15/Feb/2025:15:09:55 +0900] "GET /zerotodeploy/login.html HTTP/1.1" 302 -
0:0:0:0:0:0:0:1 - - [15/Feb/2025:15:09:55 +0900] "GET /zerotodeploy/login.html HTTP/1.1" 302 -
0:0:0:0:0:0:0:1 - - [15/Feb/2025:15:09:55 +0900] "GET /zerotodeploy/login.html HTTP/1.1" 302 -
0:0:0:0:0:0:0:1 - - [15/Feb/2025:15:09:55 +0900] "GET /zerotodeploy/login.html HTTP/1.1" 302 -
0:0:0:0:0:0:0:1 - - [15/Feb/2025:15:09:55 +0900] "GET /zerotodeploy/login.html HTTP/1.1" 302 -
0:0:0:0:0:0:0:1 - - [15/Feb/2025:15:09:55 +0900] "GET /zerotodeploy/login.html HTTP/1.1" 302 -
0:0:0:0:0:0:0:1 - - [15/Feb/2025:15:09:55 +0900] "GET /zerotodeploy/login.html HTTP/1.1" 302 -
0:0:0:0:0:0:0:1 - - [15/Feb/2025:15:09:55 +0900] "GET /zerotodeploy/login.html HTTP/1.1" 302 -
0:0:0:0:0:0:0:1 - - [15/Feb/2025:15:09:55 +0900] "GET /zerotodeploy/login.html HTTP/1.1" 302 -
0:0:0:0:0:0:0:1 - - [15/Feb/2025:15:09:55 +0900] "GET /zerotodeploy/login.html HTTP/1.1" 302 -
0:0:0:0:0:0:0:1 - - [15/Feb/2025:15:09:55 +0900] "GET /zerotodeploy/login.html HTTP/1.1" 302 -
0:0:0:0:0:0:0:1 - - [15/Feb/2025:15:09:55 +0900] "GET /zerotodeploy/login.html HTTP/1.1" 302 -
0:0:0:0:0:0:0:1 - - [15/Feb/2025:15:09:55 +0900] "GET /zerotodeploy/login.html HTTP/1.1" 302 -
0:0:0:0:0:0:0:1 - - [15/Feb/2025:15:09:57 +0900] "GET /zerotodeploy/ HTTP/1.1" 200 7874
0:0:0:0:0:0:0:1 - - [15/Feb/2025:15:09:57 +0900] "GET /zerotodeploy/lib/animate/animate.min.css HTTP/1.1" 302 -
0:0:0:0:0:0:0:1 - - [15/Feb/2025:15:09:57 +0900] "GET /zerotodeploy/lib/owlcarousel/assets/owl.carousel.min.css HTTP/1.1" 302 -
0:0:0:0:0:0:0:1 - - [15/Feb/2025:15:09:57 +0900] "GET /zerotodeploy/lib/easing/easing.min.js HTTP/1.1" 302 -
0:0:0:0:0:0:0:1 - - [15/Feb/2025:15:09:57 +0900] "GET /zerotodeploy/lib/wow/wow.js HTTP/1.1" 302 -
0:0:0:0:0:0:0:1 - - [15/Feb/2025:15:09:57 +0900] "GET /zerotodeploy/css/bootstrap.min.css HTTP/1.1" 200 164340
0:0:0:0:0:0:0:1 - - [15/Feb/2025:15:09:57 +0900] "GET /zerotodeploy/css/style.css HTTP/1.1" 200 8596
0:0:0:0:0:0:0:1 - - [15/Feb/2025:15:09:57 +0900] "GET /zerotodeploy/lib/waypoints/waypoints.min.js HTTP/1.1" 302 -
0:0:0:0:0:0:0:1 - - [15/Feb/2025:15:09:57 +0900] "GET /zerotodeploy/lib/owlcarousel/owl.carousel.min.js HTTP/1.1" 302 -
0:0:0:0:0:0:0:1 - - [15/Feb/2025:15:09:57 +0900] "GET /zerotodeploy/js/main.js HTTP/1.1" 200 1803
0:0:0:0:0:0:0:1 - - [15/Feb/2025:15:09:57 +0900] "GET /zerotodeploy/login.html HTTP/1.1" 302 -
0:0:0:0:0:0:0:1 - - [15/Feb/2025:15:09:57 +0900] "GET /zerotodeploy/login.html HTTP/1.1" 302 -
0:0:0:0:0:0:0:1 - - [15/Feb/2025:15:09:57 +0900] "GET /zerotodeploy/login.html HTTP/1.1" 302 -
0:0:0:0:0:0:0:1 - - [15/Feb/2025:15:09:57 +0900] "GET /zerotodeploy/login.html HTTP/1.1" 302 -
0:0:0:0:0:0:0:1 - - [15/Feb/2025:15:09:57 +0900] "GET /zerotodeploy/login.html HTTP/1.1" 302 -
0:0:0:0:0:0:0:1 - - [15/Feb/2025:15:09:57 +0900] "GET /zerotodeploy/login.html HTTP/1.1" 302 -
0:0:0:0:0:0:0:1 - - [15/Feb/2025:15:09:57 +0900] "GET /zerotodeploy/login.html HTTP/1.1" 302 -
0:0:0:0:0:0:0:1 - - [15/Feb/2025:15:09:57 +0900] "GET /zerotodeploy/login.html HTTP/1.1" 302 -
0:0:0:0:0:0:0:1 - - [15/Feb/2025:15:09:57 +0900] "GET /zerotodeploy/login.html HTTP/1.1" 302 -
0:0:0:0:0:0:0:1 - - [15/Feb/2025:15:09:57 +0900] "GET /zerotodeploy/login.html HTTP/1.1" 302 -
0:0:0:0:0:0:0:1 - - [15/Feb/2025:15:09:57 +0900] "GET /zerotodeploy/login.html HTTP/1.1" 302 -
0:0:0:0:0:0:0:1 - - [15/Feb/2025:15:09:57 +0900] "GET /zerotodeploy/login.html HTTP/1.1" 302 -
0:0:0:0:0:0:0:1 - - [15/Feb/2025:15:09:57 +0900] "GET /zerotodeploy/login.html HTTP/1.1" 302 -
0:0:0:0:0:0:0:1 - - [15/Feb/2025:15:09:58 +0900] "GET /zerotodeploy/login.html HTTP/1.1" 302 -
0:0:0:0:0:0:0:1 - - [15/Feb/2025:15:09:58 +0900] "GET /zerotodeploy/login.html HTTP/1.1" 302 -
0:0:0:0:0:0:0:1 - - [15/Feb/2025:15:09:58 +0900] "GET /zerotodeploy/login.html HTTP/1.1" 302 -
0:0:0:0:0:0:0:1 - - [15/Feb/2025:15:09:58 +0900] "GET /zerotodeploy/login.html HTTP/1.1" 302 -
0:0:0:0:0:0:0:1 - - [15/Feb/2025:15:09:58 +0900] "GET /zerotodeploy/login.html HTTP/1.1" 302 -
0:0:0:0:0:0:0:1 - - [15/Feb/2025:15:09:58 +0900] "GET /zerotodeploy/login.html HTTP/1.1" 302 -
0:0:0:0:0:0:0:1 - - [15/Feb/2025:15:09:58 +0900] "GET /zerotodeploy/login.html HTTP/1.1" 302 -
0:0:0:0:0:0:0:1 - - [15/Feb/2025:15:09:58 +0900] "GET /zerotodeploy/login.html HTTP/1.1" 302 -
0:0:0:0:0:0:0:1 - - [15/Feb/2025:15:09:58 +0900] "GET /zerotodeploy/login.html HTTP/1.1" 302 -
0:0:0:0:0:0:0:1 - - [15/Feb/2025:15:09:58 +0900] "GET /zerotodeploy/login.html HTTP/1.1" 302 -
0:0:0:0:0:0:0:1 - - [15/Feb/2025:15:09:58 +0900] "GET /zerotodeploy/login.html HTTP/1.1" 302 -
0:0:0:0:0:0:0:1 - - [15/Feb/2025:15:09:58 +0900] "GET /zerotodeploy/login.html HTTP/1.1" 302 -
0:0:0:0:0:0:0:1 - - [15/Feb/2025:15:09:58 +0900] "GET /zerotodeploy/login.html HTTP/1.1" 302 -
0:0:0:0:0:0:0:1 - - [15/Feb/2025:15:09:58 +0900] "GET /zerotodeploy/login.html HTTP/1.1" 302 -
0:0:0:0:0:0:0:1 - - [15/Feb/2025:15:09:58 +0900] "GET /zerotodeploy/login.html HTTP/1.1" 302 -
0:0:0:0:0:0:0:1 - - [15/Feb/2025:15:09:58 +0900] "GET /zerotodeploy/login.html HTTP/1.1" 302 -
0:0:0:0:0:0:0:1 - - [15/Feb/2025:15:09:58 +0900] "GET /zerotodeploy/login.html HTTP/1.1" 302 -
0:0:0:0:0:0:0:1 - - [15/Feb/2025:15:09:58 +0900] "GET /zerotodeploy/login.html HTTP/1.1" 302 -
0:0:0:0:0:0:0:1 - - [15/Feb/2025:15:09:58 +0900] "GET /zerotodeploy/login.html HTTP/1.1" 302 -
0:0:0:0:0:0:0:1 - - [15/Feb/2025:15:09:58 +0900] "GET /zerotodeploy/login.html HTTP/1.1" 302 -
0:0:0:0:0:0:0:1 - - [15/Feb/2025:15:09:58 +0900] "GET /zerotodeploy/login.html HTTP/1.1" 302 -
0:0:0:0:0:0:0:1 - - [15/Feb/2025:15:09:58 +0900] "GET /zerotodeploy/login.html HTTP/1.1" 302 -
0:0:0:0:0:0:0:1 - - [15/Feb/2025:15:09:58 +0900] "GET /zerotodeploy/login.html HTTP/1.1" 302 -
0:0:0:0:0:0:0:1 - - [15/Feb/2025:15:09:58 +0900] "GET /zerotodeploy/login.html HTTP/1.1" 302 -
0:0:0:0:0:0:0:1 - - [15/Feb/2025:15:09:58 +0900] "GET /zerotodeploy/login.html HTTP/1.1" 302 -
0:0:0:0:0:0:0:1 - - [15/Feb/2025:15:09:58 +0900] "GET /zerotodeploy/login.html HTTP/1.1" 302 -
0:0:0:0:0:0:0:1 - - [15/Feb/2025:15:09:58 +0900] "GET /zerotodeploy/login.html HTTP/1.1" 302 -
0:0:0:0:0:0:0:1 - - [15/Feb/2025:15:09:58 +0900] "GET /zerotodeploy/login.html HTTP/1.1" 302 -
0:0:0:0:0:0:0:1 - - [15/Feb/2025:15:09:58 +0900] "GET /zerotodeploy/login.html HTTP/1.1" 302 -
0:0:0:0:0:0:0:1 - - [15/Feb/2025:15:09:58 +0900] "GET /zerotodeploy/login.html HTTP/1.1" 302 -
0:0:0:0:0:0:0:1 - - [15/Feb/2025:15:09:58 +0900] "GET /zerotodeploy/login.html HTTP/1.1" 302 -
0:0:0:0:0:0:0:1 - - [15/Feb/2025:15:09:58 +0900] "GET /zerotodeploy/login.html HTTP/1.1" 302 -
0:0:0:0:0:0:0:1 - - [15/Feb/2025:15:09:58 +0900] "GET /zerotodeploy/login.html HTTP/1.1" 302 -
0:0:0:0:0:0:0:1 - - [15/Feb/2025:15:09:58 +0900] "GET /zerotodeploy/login.html HTTP/1.1" 302 -
0:0:0:0:0:0:0:1 - - [15/Feb/2025:15:09:58 +0900] "GET /zerotodeploy/login.html HTTP/1.1" 302 -
0:0:0:0:0:0:0:1 - - [15/Feb/2025:15:09:58 +0900] "GET /zerotodeploy/login.html HTTP/1.1" 302 -
0:0:0:0:0:0:0:1 - - [15/Feb/2025:15:09:58 +0900] "GET /zerotodeploy/login.html HTTP/1.1" 302 -
0:0:0:0:0:0:0:1 - - [15/Feb/2025:15:09:58 +0900] "GET /zerotodeploy/login.html HTTP/1.1" 302 -
0:0:0:0:0:0:0:1 - - [15/Feb/2025:15:09:58 +0900] "GET /zerotodeploy/login.html HTTP/1.1" 302 -
0:0:0:0:0:0:0:1 - - [15/Feb/2025:15:09:58 +0900] "GET /zerotodeploy/login.html HTTP/1.1" 302 -
0:0:0:0:0:0:0:1 - - [15/Feb/2025:15:09:58 +0900] "GET /zerotodeploy/login.html HTTP/1.1" 302 -
0:0:0:0:0:0:0:1 - - [15/Feb/2025:15:09:58 +0900] "GET /zerotodeploy/login.html HTTP/1.1" 302 -
0:0:0:0:0:0:0:1 - - [15/Feb/2025:15:09:58 +0900] "GET /zerotodeploy/login.html HTTP/1.1" 302 -
0:0:0:0:0:0:0:1 - - [15/Feb/2025:15:09:58 +0900] "GET /zerotodeploy/login.html HTTP/1.1" 302 -
0:0:0:0:0:0:0:1 - - [15/Feb/2025:15:09:58 +0900] "GET /zerotodeploy/login.html HTTP/1.1" 302 -
0:0:0:0:0:0:0:1 - - [15/Feb/2025:15:09:58 +0900] "GET /zerotodeploy/login.html HTTP/1.1" 302 -
0:0:0:0:0:0:0:1 - - [15/Feb/2025:15:09:58 +0900] "GET /zerotodeploy/login.html HTTP/1.1" 302 -
0:0:0:0:0:0:0:1 - - [15/Feb/2025:15:09:58 +0900] "GET /zerotodeploy/login.html HTTP/1.1" 302 -
0:0:0:0:0:0:0:1 - - [15/Feb/2025:15:09:58 +0900] "GET /zerotodeploy/login.html HTTP/1.1" 302 -
0:0:0:0:0:0:0:1 - - [15/Feb/2025:15:09:58 +0900] "GET /zerotodeploy/login.html HTTP/1.1" 302 -
0:0:0:0:0:0:0:1 - - [15/Feb/2025:15:09:58 +0900] "GET /zerotodeploy/login.html HTTP/1.1" 302 -
0:0:0:0:0:0:0:1 - - [15/Feb/2025:15:09:58 +0900] "GET /zerotodeploy/login.html HTTP/1.1" 302 -
0:0:0:0:0:0:0:1 - - [15/Feb/2025:15:09:58 +0900] "GET /zerotodeploy/login.html HTTP/1.1" 302 -
0:0:0:0:0:0:0:1 - - [15/Feb/2025:15:09:58 +0900] "GET /zerotodeploy/login.html HTTP/1.1" 302 -
0:0:0:0:0:0:0:1 - - [15/Feb/2025:15:09:58 +0900] "GET /zerotodeploy/login.html HTTP/1.1" 302 -
0:0:0:0:0:0:0:1 - - [15/Feb/2025:15:09:58 +0900] "GET /zerotodeploy/login.html HTTP/1.1" 302 -
0:0:0:0:0:0:0:1 - - [15/Feb/2025:15:09:58 +0900] "GET /zerotodeploy/login.html HTTP/1.1" 302 -
0:0:0:0:0:0:0:1 - - [15/Feb/2025:15:09:58 +0900] "GET /zerotodeploy/login.html HTTP/1.1" 302 -
0:0:0:0:0:0:0:1 - - [15/Feb/2025:15:09:58 +0900] "GET /zerotodeploy/login.html HTTP/1.1" 302 -
0:0:0:0:0:0:0:1 - - [15/Feb/2025:15:09:58 +0900] "GET /zerotodeploy/login.html HTTP/1.1" 302 -
0:0:0:0:0:0:0:1 - - [15/Feb/2025:15:09:58 +0900] "GET /zerotodeploy/login.html HTTP/1.1" 302 -
0:0:0:0:0:0:0:1 - - [15/Feb/2025:15:09:58 +0900] "GET /zerotodeploy/login.html HTTP/1.1" 302 -
0:0:0:0:0:0:0:1 - - [15/Feb/2025:15:09:58 +0900] "GET /zerotodeploy/login.html HTTP/1.1" 302 -
0:0:0:0:0:0:0:1 - - [15/Feb/2025:15:09:58 +0900] "GET /zerotodeploy/login.html HTTP/1.1" 302 -
0:0:0:0:0:0:0:1 - - [15/Feb/2025:15:09:58 +0900] "GET /zerotodeploy/login.html HTTP/1.1" 302 -
0:0:0:0:0:0:0:1 - - [15/Feb/2025:15:09:58 +0900] "GET /zerotodeploy/login.html HTTP/1.1" 302 -
0:0:0:0:0:0:0:1 - - [15/Feb/2025:15:09:58 +0900] "GET /zerotodeploy/login.html HTTP/1.1" 302 -
0:0:0:0:0:0:0:1 - - [15/Feb/2025:15:09:58 +0900] "GET /zerotodeploy/login.html HTTP/1.1" 302 -
0:0:0:0:0:0:0:1 - - [15/Feb/2025:15:09:58 +0900] "GET /zerotodeploy/login.html HTTP/1.1" 302 -
0:0:0:0:0:0:0:1 - - [15/Feb/2025:15:09:58 +0900] "GET /zerotodeploy/login.html HTTP/1.1" 302 -
0:0:0:0:0:0:0:1 - - [15/Feb/2025:15:09:58 +0900] "GET /zerotodeploy/login.html HTTP/1.1" 302 -
0:0:0:0:0:0:0:1 - - [15/Feb/2025:15:09:58 +0900] "GET /zerotodeploy/login.html HTTP/1.1" 302 -
0:0:0:0:0:0:0:1 - - [15/Feb/2025:15:09:58 +0900] "GET /zerotodeploy/login.html HTTP/1.1" 302 -
0:0:0:0:0:0:0:1 - - [15/Feb/2025:15:09:58 +0900] "GET /zerotodeploy/login.html HTTP/1.1" 302 -
0:0:0:0:0:0:0:1 - - [15/Feb/2025:15:09:58 +0900] "GET /zerotodeploy/login.html HTTP/1.1" 302 -
0:0:0:0:0:0:0:1 - - [15/Feb/2025:15:09:58 +0900] "GET /zerotodeploy/login.html HTTP/1.1" 302 -
0:0:0:0:0:0:0:1 - - [15/Feb/2025:15:09:58 +0900] "GET /zerotodeploy/login.html HTTP/1.1" 302 -
0:0:0:0:0:0:0:1 - - [15/Feb/2025:15:09:58 +0900] "GET /zerotodeploy/login.html HTTP/1.1" 302 -
0:0:0:0:0:0:0:1 - - [15/Feb/2025:15:09:58 +0900] "GET /zerotodeploy/login.html HTTP/1.1" 302 -
0:0:0:0:0:0:0:1 - - [15/Feb/2025:15:09:58 +0900] "GET /zerotodeploy/login.html HTTP/1.1" 302 -
0:0:0:0:0:0:0:1 - - [15/Feb/2025:15:09:58 +0900] "GET /zerotodeploy/login.html HTTP/1.1" 302 -
0:0:0:0:0:0:0:1 - - [15/Feb/2025:15:09:58 +0900] "GET /zerotodeploy/login.html HTTP/1.1" 302 -
0:0:0:0:0:0:0:1 - - [15/Feb/2025:15:09:58 +0900] "GET /zerotodeploy/login.html HTTP/1.1" 302 -
0:0:0:0:0:0:0:1 - - [15/Feb/2025:15:09:58 +0900] "GET /zerotodeploy/login.html HTTP/1.1" 302 -
0:0:0:0:0:0:0:1 - - [15/Feb/2025:15:09:58 +0900] "GET /zerotodeploy/login.html HTTP/1.1" 302 -
0:0:0:0:0:0:0:1 - - [15/Feb/2025:15:09:58 +0900] "GET /zerotodeploy/login.html HTTP/1.1" 302 -
0:0:0:0:0:0:0:1 - - [15/Feb/2025:15:09:58 +0900] "GET /zerotodeploy/login.html HTTP/1.1" 302 -
0:0:0:0:0:0:0:1 - - [15/Feb/2025:15:09:58 +0900] "GET /zerotodeploy/login.html HTTP/1.1" 302 -
0:0:0:0:0:0:0:1 - - [15/Feb/2025:15:09:58 +0900] "GET /zerotodeploy/login.html HTTP/1.1" 302 -
0:0:0:0:0:0:0:1 - - [15/Feb/2025:15:09:58 +0900] "GET /zerotodeploy/login.html HTTP/1.1" 302 -
0:0:0:0:0:0:0:1 - - [15/Feb/2025:15:09:58 +0900] "GET /zerotodeploy/login.html HTTP/1.1" 302 -
0:0:0:0:0:0:0:1 - - [15/Feb/2025:15:09:58 +0900] "GET /zerotodeploy/login.html HTTP/1.1" 302 -
0:0:0:0:0:0:0:1 - - [15/Feb/2025:15:09:58 +0900] "GET /zerotodeploy/login.html HTTP/1.1" 302 -
0:0:0:0:0:0:0:1 - - [15/Feb/2025:15:09:58 +0900] "GET /zerotodeploy/login.html HTTP/1.1" 302 -
0:0:0:0:0:0:0:1 - - [15/Feb/2025:15:09:58 +0900] "GET /zerotodeploy/login.html HTTP/1.1" 302 -
0:0:0:0:0:0:0:1 - - [15/Feb/2025:15:09:58 +0900] "GET /zerotodeploy/login.html HTTP/1.1" 302 -
0:0:0:0:0:0:0:1 - - [15/Feb/2025:15:09:58 +0900] "GET /zerotodeploy/login.html HTTP/1.1" 302 -
0:0:0:0:0:0:0:1 - - [15/Feb/2025:15:09:58 +0900] "GET /zerotodeploy/login.html HTTP/1.1" 302 -
0:0:0:0:0:0:0:1 - - [15/Feb/2025:15:09:58 +0900] "GET /zerotodeploy/login.html HTTP/1.1" 302 -
0:0:0:0:0:0:0:1 - - [15/Feb/2025:15:09:58 +0900] "GET /zerotodeploy/login.html HTTP/1.1" 302 -
0:0:0:0:0:0:0:1 - - [15/Feb/2025:15:09:58 +0900] "GET /zerotodeploy/login.html HTTP/1.1" 302 -
0:0:0:0:0:0:0:1 - - [15/Feb/2025:15:09:58 +0900] "GET /zerotodeploy/login.html HTTP/1.1" 302 -
0:0:0:0:0:0:0:1 - - [15/Feb/2025:15:09:58 +0900] "GET /zerotodeploy/login.html HTTP/1.1" 302 -
0:0:0:0:0:0:0:1 - - [15/Feb/2025:15:09:58 +0900] "GET /zerotodeploy/login.html HTTP/1.1" 302 -
0:0:0:0:0:0:0:1 - - [15/Feb/2025:15:09:58 +0900] "GET /zerotodeploy/login.html HTTP/1.1" 302 -
0:0:0:0:0:0:0:1 - - [15/Feb/2025:15:09:58 +0900] "GET /zerotodeploy/login.html HTTP/1.1" 302 -
0:0:0:0:0:0:0:1 - - [15/Feb/2025:15:09:58 +0900] "GET /zerotodeploy/login.html HTTP/1.1" 302 -
0:0:0:0:0:0:0:1 - - [15/Feb/2025:15:09:58 +0900] "GET /zerotodeploy/img/favicon.ico HTTP/1.1" 302 -
0:0:0:0:0:0:0:1 - - [15/Feb/2025:15:09:58 +0900] "GET /zerotodeploy/login.html HTTP/1.1" 302 -
0:0:0:0:0:0:0:1 - - [15/Feb/2025:15:09:58 +0900] "GET /zerotodeploy/login.html HTTP/1.1" 302 -
0:0:0:0:0:0:0:1 - - [15/Feb/2025:15:09:58 +0900] "GET /zerotodeploy/login.html HTTP/1.1" 302 -
0:0:0:0:0:0:0:1 - - [15/Feb/2025:15:09:58 +0900] "GET /zerotodeploy/login.html HTTP/1.1" 302 -
0:0:0:0:0:0:0:1 - - [15/Feb/2025:15:09:58 +0900] "GET /zerotodeploy/login.html HTTP/1.1" 302 -
0:0:0:0:0:0:0:1 - - [15/Feb/2025:15:09:58 +0900] "GET /zerotodeploy/login.html HTTP/1.1" 302 -
0:0:0:0:0:0:0:1 - - [15/Feb/2025:15:09:58 +0900] "GET /zerotodeploy/login.html HTTP/1.1" 302 -
0:0:0:0:0:0:0:1 - - [15/Feb/2025:15:09:58 +0900] "GET /zerotodeploy/login.html HTTP/1.1" 302 -
0:0:0:0:0:0:0:1 - - [15/Feb/2025:15:09:58 +0900] "GET /zerotodeploy/login.html HTTP/1.1" 302 -
0:0:0:0:0:0:0:1 - - [15/Feb/2025:15:09:58 +0900] "GET /zerotodeploy/login.html HTTP/1.1" 302 -
0:0:0:0:0:0:0:1 - - [15/Feb/2025:15:09:58 +0900] "GET /zerotodeploy/login.html HTTP/1.1" 302 -
0:0:0:0:0:0:0:1 - - [15/Feb/2025:15:09:58 +0900] "GET /zerotodeploy/login.html HTTP/1.1" 302 -
0:0:0:0:0:0:0:1 - - [15/Feb/2025:15:09:58 +0900] "GET /zerotodeploy/login.html HTTP/1.1" 302 -
0:0:0:0:0:0:0:1 - - [15/Feb/2025:15:09:58 +0900] "GET /zerotodeploy/login.html HTTP/1.1" 302 -
0:0:0:0:0:0:0:1 - - [15/Feb/2025:15:09:58 +0900] "GET /zerotodeploy/login.html HTTP/1.1" 302 -
0:0:0:0:0:0:0:1 - - [15/Feb/2025:15:09:58 +0900] "GET /zerotodeploy/login.html HTTP/1.1" 302 -
0:0:0:0:0:0:0:1 - - [15/Feb/2025:15:09:58 +0900] "GET /zerotodeploy/login.html HTTP/1.1" 302 -
0:0:0:0:0:0:0:1 - - [15/Feb/2025:15:09:58 +0900] "GET /zerotodeploy/login.html HTTP/1.1" 302 -
0:0:0:0:0:0:0:1 - - [15/Feb/2025:15:09:58 +0900] "GET /zerotodeploy/login.html HTTP/1.1" 302 -
0:0:0:0:0:0:0:1 - - [15/Feb/2025:15:09:58 +0900] "GET /zerotodeploy/login.html HTTP/1.1" 302 -
0:0:0:0:0:0:0:1 - - [15/Feb/2025:15:09:59 +0900] "GET /zerotodeploy/history HTTP/1.1" 302 -
0:0:0:0:0:0:0:1 - - [15/Feb/2025:15:09:59 +0900] "GET /zerotodeploy/login.html HTTP/1.1" 302 -
0:0:0:0:0:0:0:1 - - [15/Feb/2025:15:09:59 +0900] "GET /zerotodeploy/login.html HTTP/1.1" 302 -
0:0:0:0:0:0:0:1 - - [15/Feb/2025:15:09:59 +0900] "GET /zerotodeploy/login.html HTTP/1.1" 302 -
0:0:0:0:0:0:0:1 - - [15/Feb/2025:15:09:59 +0900] "GET /zerotodeploy/login.html HTTP/1.1" 302 -
0:0:0:0:0:0:0:1 - - [15/Feb/2025:15:09:59 +0900] "GET /zerotodeploy/login.html HTTP/1.1" 302 -
0:0:0:0:0:0:0:1 - - [15/Feb/2025:15:09:59 +0900] "GET /zerotodeploy/login.html HTTP/1.1" 302 -
0:0:0:0:0:0:0:1 - - [15/Feb/2025:15:09:59 +0900] "GET /zerotodeploy/login.html HTTP/1.1" 302 -
0:0:0:0:0:0:0:1 - - [15/Feb/2025:15:09:59 +0900] "GET /zerotodeploy/login.html HTTP/1.1" 302 -
0:0:0:0:0:0:0:1 - - [15/Feb/2025:15:09:59 +0900] "GET /zerotodeploy/login.html HTTP/1.1" 302 -
0:0:0:0:0:0:0:1 - - [15/Feb/2025:15:09:59 +0900] "GET /zerotodeploy/login.html HTTP/1.1" 302 -
0:0:0:0:0:0:0:1 - - [15/Feb/2025:15:09:59 +0900] "GET /zerotodeploy/login.html HTTP/1.1" 302 -
0:0:0:0:0:0:0:1 - - [15/Feb/2025:15:09:59 +0900] "GET /zerotodeploy/login.html HTTP/1.1" 302 -
0:0:0:0:0:0:0:1 - - [15/Feb/2025:15:09:59 +0900] "GET /zerotodeploy/login.html HTTP/1.1" 302 -
0:0:0:0:0:0:0:1 - - [15/Feb/2025:15:09:59 +0900] "GET /zerotodeploy/login.html HTTP/1.1" 302 -
0:0:0:0:0:0:0:1 - - [15/Feb/2025:15:09:59 +0900] "GET /zerotodeploy/login.html HTTP/1.1" 302 -
0:0:0:0:0:0:0:1 - - [15/Feb/2025:15:09:59 +0900] "GET /zerotodeploy/login.html HTTP/1.1" 302 -
0:0:0:0:0:0:0:1 - - [15/Feb/2025:15:09:59 +0900] "GET /zerotodeploy/login.html HTTP/1.1" 302 -
0:0:0:0:0:0:0:1 - - [15/Feb/2025:15:09:59 +0900] "GET /zerotodeploy/login.html HTTP/1.1" 302 -
0:0:0:0:0:0:0:1 - - [15/Feb/2025:15:09:59 +0900] "GET /zerotodeploy/login.html HTTP/1.1" 302 -
0:0:0:0:0:0:0:1 - - [15/Feb/2025:15:10:00 +0900] "GET /zerotodeploy/login.html HTTP/1.1" 302 -
0:0:0:0:0:0:0:1 - - [15/Feb/2025:15:10:00 +0900] "GET /zerotodeploy/login.html HTTP/1.1" 302 -
0:0:0:0:0:0:0:1 - - [15/Feb/2025:15:10:00 +0900] "GET /zerotodeploy/login.html HTTP/1.1" 302 -
0:0:0:0:0:0:0:1 - - [15/Feb/2025:15:10:00 +0900] "GET /zerotodeploy/login.html HTTP/1.1" 302 -
0:0:0:0:0:0:0:1 - - [15/Feb/2025:15:10:00 +0900] "GET /zerotodeploy/login.html HTTP/1.1" 302 -
0:0:0:0:0:0:0:1 - - [15/Feb/2025:15:10:00 +0900] "GET /zerotodeploy/login.html HTTP/1.1" 302 -
0:0:0:0:0:0:0:1 - - [15/Feb/2025:15:10:00 +0900] "GET /zerotodeploy/login.html HTTP/1.1" 302 -
0:0:0:0:0:0:0:1 - - [15/Feb/2025:15:10:00 +0900] "GET /zerotodeploy/login.html HTTP/1.1" 302 -
0:0:0:0:0:0:0:1 - - [15/Feb/2025:15:10:00 +0900] "GET /zerotodeploy/login.html HTTP/1.1" 302 -
0:0:0:0:0:0:0:1 - - [15/Feb/2025:15:10:00 +0900] "GET /zerotodeploy/login.html HTTP/1.1" 302 -
0:0:0:0:0:0:0:1 - - [15/Feb/2025:15:10:00 +0900] "GET /zerotodeploy/login.html HTTP/1.1" 302 -
0:0:0:0:0:0:0:1 - - [15/Feb/2025:15:10:00 +0900] "GET /zerotodeploy/login.html HTTP/1.1" 302 -
0:0:0:0:0:0:0:1 - - [15/Feb/2025:15:10:00 +0900] "GET /zerotodeploy/login.html HTTP/1.1" 302 -
0:0:0:0:0:0:0:1 - - [15/Feb/2025:15:10:00 +0900] "GET /zerotodeploy/login.html HTTP/1.1" 302 -
0:0:0:0:0:0:0:1 - - [15/Feb/2025:15:10:00 +0900] "GET /zerotodeploy/login.html HTTP/1.1" 302 -
0:0:0:0:0:0:0:1 - - [15/Feb/2025:15:10:00 +0900] "GET /zerotodeploy/login.html HTTP/1.1" 302 -
0:0:0:0:0:0:0:1 - - [15/Feb/2025:15:10:00 +0900] "GET /zerotodeploy/login.html HTTP/1.1" 302 -
0:0:0:0:0:0:0:1 - - [15/Feb/2025:15:10:00 +0900] "GET /zerotodeploy/login.html HTTP/1.1" 302 -
0:0:0:0:0:0:0:1 - - [15/Feb/2025:15:10:00 +0900] "GET /zerotodeploy/login.html HTTP/1.1" 302 -
0:0:0:0:0:0:0:1 - - [15/Feb/2025:15:10:00 +0900] "GET /zerotodeploy/login.html HTTP/1.1" 302 -
0:0:0:0:0:0:0:1 - - [15/Feb/2025:15:10:01 +0900] "GET /zerotodeploy/img/favicon.ico HTTP/1.1" 302 -
0:0:0:0:0:0:0:1 - - [15/Feb/2025:15:10:01 +0900] "GET /zerotodeploy/login.html HTTP/1.1" 302 -
0:0:0:0:0:0:0:1 - - [15/Feb/2025:15:10:01 +0900] "GET /zerotodeploy/login.html HTTP/1.1" 302 -
0:0:0:0:0:0:0:1 - - [15/Feb/2025:15:10:01 +0900] "GET /zerotodeploy/login.html HTTP/1.1" 302 -
0:0:0:0:0:0:0:1 - - [15/Feb/2025:15:10:01 +0900] "GET /zerotodeploy/login.html HTTP/1.1" 302 -
0:0:0:0:0:0:0:1 - - [15/Feb/2025:15:10:01 +0900] "GET /zerotodeploy/login.html HTTP/1.1" 302 -
0:0:0:0:0:0:0:1 - - [15/Feb/2025:15:10:01 +0900] "GET /zerotodeploy/login.html HTTP/1.1" 302 -
0:0:0:0:0:0:0:1 - - [15/Feb/2025:15:10:01 +0900] "GET /zerotodeploy/login.html HTTP/1.1" 302 -
0:0:0:0:0:0:0:1 - - [15/Feb/2025:15:10:01 +0900] "GET /zerotodeploy/login.html HTTP/1.1" 302 -
0:0:0:0:0:0:0:1 - - [15/Feb/2025:15:10:01 +0900] "GET /zerotodeploy/login.html HTTP/1.1" 302 -
0:0:0:0:0:0:0:1 - - [15/Feb/2025:15:10:01 +0900] "GET /zerotodeploy/login.html HTTP/1.1" 302 -
0:0:0:0:0:0:0:1 - - [15/Feb/2025:15:10:01 +0900] "GET /zerotodeploy/lib/animate/animate.min.css HTTP/1.1" 302 -
0:0:0:0:0:0:0:1 - - [15/Feb/2025:15:10:01 +0900] "GET /zerotodeploy/lib/owlcarousel/assets/owl.carousel.min.css HTTP/1.1" 302 -
0:0:0:0:0:0:0:1 - - [15/Feb/2025:15:10:01 +0900] "GET /zerotodeploy/login.html HTTP/1.1" 302 -
0:0:0:0:0:0:0:1 - - [15/Feb/2025:15:10:01 +0900] "GET /zerotodeploy/css/style.css HTTP/1.1" 200 8596
0:0:0:0:0:0:0:1 - - [15/Feb/2025:15:10:01 +0900] "GET /zerotodeploy/css/bootstrap.min.css HTTP/1.1" 200 164340
0:0:0:0:0:0:0:1 - - [15/Feb/2025:15:10:01 +0900] "GET /zerotodeploy/login.html HTTP/1.1" 302 -
0:0:0:0:0:0:0:1 - - [15/Feb/2025:15:10:01 +0900] "GET /zerotodeploy/login.html HTTP/1.1" 302 -
0:0:0:0:0:0:0:1 - - [15/Feb/2025:15:10:01 +0900] "GET /zerotodeploy/login.html HTTP/1.1" 302 -
0:0:0:0:0:0:0:1 - - [15/Feb/2025:15:10:01 +0900] "GET /zerotodeploy/login.html HTTP/1.1" 302 -
0:0:0:0:0:0:0:1 - - [15/Feb/2025:15:10:01 +0900] "GET /zerotodeploy/login.html HTTP/1.1" 302 -
0:0:0:0:0:0:0:1 - - [15/Feb/2025:15:10:01 +0900] "GET /zerotodeploy/login.html HTTP/1.1" 302 -
0:0:0:0:0:0:0:1 - - [15/Feb/2025:15:10:01 +0900] "GET /zerotodeploy/login.html HTTP/1.1" 302 -
0:0:0:0:0:0:0:1 - - [15/Feb/2025:15:10:01 +0900] "GET /zerotodeploy/login.html HTTP/1.1" 302 -
0:0:0:0:0:0:0:1 - - [15/Feb/2025:15:10:01 +0900] "GET /zerotodeploy/login.html HTTP/1.1" 302 -
0:0:0:0:0:0:0:1 - - [15/Feb/2025:15:10:01 +0900] "GET /zerotodeploy/login.html HTTP/1.1" 302 -
0:0:0:0:0:0:0:1 - - [15/Feb/2025:15:10:01 +0900] "GET /zerotodeploy/login.html HTTP/1.1" 302 -
0:0:0:0:0:0:0:1 - - [15/Feb/2025:15:10:01 +0900] "GET /zerotodeploy/login.html HTTP/1.1" 302 -
0:0:0:0:0:0:0:1 - - [15/Feb/2025:15:10:01 +0900] "GET /zerotodeploy/login.html HTTP/1.1" 302 -
0:0:0:0:0:0:0:1 - - [15/Feb/2025:15:10:01 +0900] "GET /zerotodeploy/login.html HTTP/1.1" 302 -
0:0:0:0:0:0:0:1 - - [15/Feb/2025:15:10:01 +0900] "GET /zerotodeploy/login.html HTTP/1.1" 302 -
0:0:0:0:0:0:0:1 - - [15/Feb/2025:15:10:01 +0900] "GET /zerotodeploy/login.html HTTP/1.1" 302 -
0:0:0:0:0:0:0:1 - - [15/Feb/2025:15:10:01 +0900] "GET /zerotodeploy/login.html HTTP/1.1" 302 -
0:0:0:0:0:0:0:1 - - [15/Feb/2025:15:10:01 +0900] "GET /zerotodeploy/login.html HTTP/1.1" 302 -
0:0:0:0:0:0:0:1 - - [15/Feb/2025:15:10:01 +0900] "GET /zerotodeploy/login.html HTTP/1.1" 302 -
0:0:0:0:0:0:0:1 - - [15/Feb/2025:15:10:01 +0900] "GET /zerotodeploy/login.html HTTP/1.1" 302 -
0:0:0:0:0:0:0:1 - - [15/Feb/2025:15:10:01 +0900] "GET /zerotodeploy/login.html HTTP/1.1" 302 -
0:0:0:0:0:0:0:1 - - [15/Feb/2025:15:10:01 +0900] "GET /zerotodeploy/login.html HTTP/1.1" 302 -
0:0:0:0:0:0:0:1 - - [15/Feb/2025:15:10:01 +0900] "GET /zerotodeploy/login.html HTTP/1.1" 302 -
0:0:0:0:0:0:0:1 - - [15/Feb/2025:15:10:01 +0900] "GET /zerotodeploy/login.html HTTP/1.1" 302 -
0:0:0:0:0:0:0:1 - - [15/Feb/2025:15:10:01 +0900] "GET /zerotodeploy/login.html HTTP/1.1" 302 -
0:0:0:0:0:0:0:1 - - [15/Feb/2025:15:10:01 +0900] "GET /zerotodeploy/login.html HTTP/1.1" 302 -
0:0:0:0:0:0:0:1 - - [15/Feb/2025:15:10:01 +0900] "GET /zerotodeploy/login.html HTTP/1.1" 302 -
0:0:0:0:0:0:0:1 - - [15/Feb/2025:15:10:01 +0900] "GET /zerotodeploy/login.html HTTP/1.1" 302 -
0:0:0:0:0:0:0:1 - - [15/Feb/2025:15:10:01 +0900] "GET /zerotodeploy/login.html HTTP/1.1" 302 -
0:0:0:0:0:0:0:1 - - [15/Feb/2025:15:10:01 +0900] "GET /zerotodeploy/login.html HTTP/1.1" 302 -
0:0:0:0:0:0:0:1 - - [15/Feb/2025:15:10:01 +0900] "GET /zerotodeploy/login.html HTTP/1.1" 302 -
0:0:0:0:0:0:0:1 - - [15/Feb/2025:15:10:01 +0900] "GET /zerotodeploy/login.html HTTP/1.1" 302 -
0:0:0:0:0:0:0:1 - - [15/Feb/2025:15:10:01 +0900] "GET /zerotodeploy/login.html HTTP/1.1" 302 -
0:0:0:0:0:0:0:1 - - [15/Feb/2025:15:10:01 +0900] "GET /zerotodeploy/login.html HTTP/1.1" 302 -
0:0:0:0:0:0:0:1 - - [15/Feb/2025:15:10:01 +0900] "GET /zerotodeploy/login.html HTTP/1.1" 302 -
0:0:0:0:0:0:0:1 - - [15/Feb/2025:15:10:01 +0900] "GET /zerotodeploy/login.html HTTP/1.1" 302 -
0:0:0:0:0:0:0:1 - - [15/Feb/2025:15:10:01 +0900] "GET /zerotodeploy/login.html HTTP/1.1" 302 -
0:0:0:0:0:0:0:1 - - [15/Feb/2025:15:10:01 +0900] "GET /zerotodeploy/login.html HTTP/1.1" 302 -
0:0:0:0:0:0:0:1 - - [15/Feb/2025:15:10:01 +0900] "GET /zerotodeploy/login.html HTTP/1.1" 302 -
0:0:0:0:0:0:0:1 - - [15/Feb/2025:15:10:01 +0900] "GET /zerotodeploy/login.html HTTP/1.1" 302 -
0:0:0:0:0:0:0:1 - - [15/Feb/2025:15:10:01 +0900] "GET /zerotodeploy/login.html HTTP/1.1" 302 -
0:0:0:0:0:0:0:1 - - [15/Feb/2025:15:10:01 +0900] "GET /zerotodeploy/login.html HTTP/1.1" 302 -
0:0:0:0:0:0:0:1 - - [15/Feb/2025:15:10:01 +0900] "GET /zerotodeploy/login.html HTTP/1.1" 302 -
0:0:0:0:0:0:0:1 - - [15/Feb/2025:15:10:01 +0900] "GET /zerotodeploy/login.html HTTP/1.1" 302 -
0:0:0:0:0:0:0:1 - - [15/Feb/2025:15:10:01 +0900] "GET /zerotodeploy/login.html HTTP/1.1" 302 -
0:0:0:0:0:0:0:1 - - [15/Feb/2025:15:10:01 +0900] "GET /zerotodeploy/login.html HTTP/1.1" 302 -
0:0:0:0:0:0:0:1 - - [15/Feb/2025:15:10:01 +0900] "GET /zerotodeploy/login.html HTTP/1.1" 302 -
0:0:0:0:0:0:0:1 - - [15/Feb/2025:15:10:01 +0900] "GET /zerotodeploy/login.html HTTP/1.1" 302 -
0:0:0:0:0:0:0:1 - - [15/Feb/2025:15:10:01 +0900] "GET /zerotodeploy/login.html HTTP/1.1" 302 -
0:0:0:0:0:0:0:1 - - [15/Feb/2025:15:10:02 +0900] "GET /zerotodeploy/history HTTP/1.1" 302 -
0:0:0:0:0:0:0:1 - - [15/Feb/2025:15:10:02 +0900] "GET /zerotodeploy/login.html HTTP/1.1" 302 -
0:0:0:0:0:0:0:1 - - [15/Feb/2025:15:10:02 +0900] "GET /zerotodeploy/login.html HTTP/1.1" 302 -
0:0:0:0:0:0:0:1 - - [15/Feb/2025:15:10:02 +0900] "GET /zerotodeploy/login.html HTTP/1.1" 302 -
0:0:0:0:0:0:0:1 - - [15/Feb/2025:15:10:02 +0900] "GET /zerotodeploy/login.html HTTP/1.1" 302 -
0:0:0:0:0:0:0:1 - - [15/Feb/2025:15:10:02 +0900] "GET /zerotodeploy/login.html HTTP/1.1" 302 -
0:0:0:0:0:0:0:1 - - [15/Feb/2025:15:10:02 +0900] "GET /zerotodeploy/login.html HTTP/1.1" 302 -
0:0:0:0:0:0:0:1 - - [15/Feb/2025:15:10:02 +0900] "GET /zerotodeploy/login.html HTTP/1.1" 302 -
0:0:0:0:0:0:0:1 - - [15/Feb/2025:15:10:02 +0900] "GET /zerotodeploy/login.html HTTP/1.1" 302 -
0:0:0:0:0:0:0:1 - - [15/Feb/2025:15:10:02 +0900] "GET /zerotodeploy/login.html HTTP/1.1" 302 -
0:0:0:0:0:0:0:1 - - [15/Feb/2025:15:10:02 +0900] "GET /zerotodeploy/login.html HTTP/1.1" 302 -
0:0:0:0:0:0:0:1 - - [15/Feb/2025:15:10:03 +0900] "GET /zerotodeploy/login.html HTTP/1.1" 302 -
0:0:0:0:0:0:0:1 - - [15/Feb/2025:15:10:03 +0900] "GET /zerotodeploy/login.html HTTP/1.1" 302 -
0:0:0:0:0:0:0:1 - - [15/Feb/2025:15:10:03 +0900] "GET /zerotodeploy/login.html HTTP/1.1" 302 -
0:0:0:0:0:0:0:1 - - [15/Feb/2025:15:10:03 +0900] "GET /zerotodeploy/login.html HTTP/1.1" 302 -
0:0:0:0:0:0:0:1 - - [15/Feb/2025:15:10:03 +0900] "GET /zerotodeploy/login.html HTTP/1.1" 302 -
0:0:0:0:0:0:0:1 - - [15/Feb/2025:15:10:03 +0900] "GET /zerotodeploy/login.html HTTP/1.1" 302 -
0:0:0:0:0:0:0:1 - - [15/Feb/2025:15:10:03 +0900] "GET /zerotodeploy/login.html HTTP/1.1" 302 -
0:0:0:0:0:0:0:1 - - [15/Feb/2025:15:10:03 +0900] "GET /zerotodeploy/login.html HTTP/1.1" 302 -
0:0:0:0:0:0:0:1 - - [15/Feb/2025:15:10:03 +0900] "GET /zerotodeploy/login.html HTTP/1.1" 302 -
0:0:0:0:0:0:0:1 - - [15/Feb/2025:15:10:03 +0900] "GET /zerotodeploy/img/favicon.ico HTTP/1.1" 302 -
0:0:0:0:0:0:0:1 - - [15/Feb/2025:15:10:03 +0900] "GET /zerotodeploy/login.html HTTP/1.1" 302 -
0:0:0:0:0:0:0:1 - - [15/Feb/2025:15:10:03 +0900] "GET /zerotodeploy/login.html HTTP/1.1" 302 -
0:0:0:0:0:0:0:1 - - [15/Feb/2025:15:10:03 +0900] "GET /zerotodeploy/login.html HTTP/1.1" 302 -
0:0:0:0:0:0:0:1 - - [15/Feb/2025:15:10:03 +0900] "GET /zerotodeploy/login.html HTTP/1.1" 302 -
0:0:0:0:0:0:0:1 - - [15/Feb/2025:15:10:03 +0900] "GET /zerotodeploy/login.html HTTP/1.1" 302 -
0:0:0:0:0:0:0:1 - - [15/Feb/2025:15:10:03 +0900] "GET /zerotodeploy/login.html HTTP/1.1" 302 -
0:0:0:0:0:0:0:1 - - [15/Feb/2025:15:10:03 +0900] "GET /zerotodeploy/login.html HTTP/1.1" 302 -
0:0:0:0:0:0:0:1 - - [15/Feb/2025:15:10:03 +0900] "GET /zerotodeploy/login.html HTTP/1.1" 302 -
0:0:0:0:0:0:0:1 - - [15/Feb/2025:15:10:03 +0900] "GET /zerotodeploy/login.html HTTP/1.1" 302 -
0:0:0:0:0:0:0:1 - - [15/Feb/2025:15:10:03 +0900] "GET /zerotodeploy/login.html HTTP/1.1" 302 -
0:0:0:0:0:0:0:1 - - [15/Feb/2025:15:10:03 +0900] "GET /zerotodeploy/login.html HTTP/1.1" 302 -
0:0:0:0:0:0:0:1 - - [15/Feb/2025:15:10:03 +0900] "GET /zerotodeploy/login.html HTTP/1.1" 302 -
0:0:0:0:0:0:0:1 - - [15/Feb/2025:15:10:03 +0900] "GET /zerotodeploy/login.html HTTP/1.1" 302 -
0:0:0:0:0:0:0:1 - - [15/Feb/2025:15:10:03 +0900] "GET /zerotodeploy/login.html HTTP/1.1" 302 -
0:0:0:0:0:0:0:1 - - [15/Feb/2025:15:10:03 +0900] "GET /zerotodeploy/login.html HTTP/1.1" 302 -
0:0:0:0:0:0:0:1 - - [15/Feb/2025:15:10:03 +0900] "GET /zerotodeploy/login.html HTTP/1.1" 302 -
0:0:0:0:0:0:0:1 - - [15/Feb/2025:15:10:03 +0900] "GET /zerotodeploy/login.html HTTP/1.1" 302 -
0:0:0:0:0:0:0:1 - - [15/Feb/2025:15:10:03 +0900] "GET /zerotodeploy/login.html HTTP/1.1" 302 -
0:0:0:0:0:0:0:1 - - [15/Feb/2025:15:10:03 +0900] "GET /zerotodeploy/login.html HTTP/1.1" 302 -
0:0:0:0:0:0:0:1 - - [15/Feb/2025:15:10:03 +0900] "GET /zerotodeploy/login.html HTTP/1.1" 302 -
0:0:0:0:0:0:0:1 - - [15/Feb/2025:15:10:04 +0900] "GET /zerotodeploy/about HTTP/1.1" 302 -
0:0:0:0:0:0:0:1 - - [15/Feb/2025:15:10:04 +0900] "GET /zerotodeploy/login.html HTTP/1.1" 302 -
0:0:0:0:0:0:0:1 - - [15/Feb/2025:15:10:04 +0900] "GET /zerotodeploy/login.html HTTP/1.1" 302 -
0:0:0:0:0:0:0:1 - - [15/Feb/2025:15:10:04 +0900] "GET /zerotodeploy/login.html HTTP/1.1" 302 -
0:0:0:0:0:0:0:1 - - [15/Feb/2025:15:10:04 +0900] "GET /zerotodeploy/login.html HTTP/1.1" 302 -
0:0:0:0:0:0:0:1 - - [15/Feb/2025:15:10:04 +0900] "GET /zerotodeploy/login.html HTTP/1.1" 302 -
0:0:0:0:0:0:0:1 - - [15/Feb/2025:15:10:04 +0900] "GET /zerotodeploy/login.html HTTP/1.1" 302 -
0:0:0:0:0:0:0:1 - - [15/Feb/2025:15:10:04 +0900] "GET /zerotodeploy/login.html HTTP/1.1" 302 -
0:0:0:0:0:0:0:1 - - [15/Feb/2025:15:10:04 +0900] "GET /zerotodeploy/login.html HTTP/1.1" 302 -
0:0:0:0:0:0:0:1 - - [15/Feb/2025:15:10:04 +0900] "GET /zerotodeploy/login.html HTTP/1.1" 302 -
0:0:0:0:0:0:0:1 - - [15/Feb/2025:15:10:04 +0900] "GET /zerotodeploy/login.html HTTP/1.1" 302 -
0:0:0:0:0:0:0:1 - - [15/Feb/2025:15:10:04 +0900] "GET /zerotodeploy/login.html HTTP/1.1" 302 -
0:0:0:0:0:0:0:1 - - [15/Feb/2025:15:10:04 +0900] "GET /zerotodeploy/login.html HTTP/1.1" 302 -
0:0:0:0:0:0:0:1 - - [15/Feb/2025:15:10:04 +0900] "GET /zerotodeploy/login.html HTTP/1.1" 302 -
0:0:0:0:0:0:0:1 - - [15/Feb/2025:15:10:04 +0900] "GET /zerotodeploy/login.html HTTP/1.1" 302 -
0:0:0:0:0:0:0:1 - - [15/Feb/2025:15:10:04 +0900] "GET /zerotodeploy/login.html HTTP/1.1" 302 -
0:0:0:0:0:0:0:1 - - [15/Feb/2025:15:10:04 +0900] "GET /zerotodeploy/login.html HTTP/1.1" 302 -
0:0:0:0:0:0:0:1 - - [15/Feb/2025:15:10:04 +0900] "GET /zerotodeploy/login.html HTTP/1.1" 302 -
0:0:0:0:0:0:0:1 - - [15/Feb/2025:15:10:04 +0900] "GET /zerotodeploy/login.html HTTP/1.1" 302 -
0:0:0:0:0:0:0:1 - - [15/Feb/2025:15:10:04 +0900] "GET /zerotodeploy/login.html HTTP/1.1" 302 -
0:0:0:0:0:0:0:1 - - [15/Feb/2025:15:10:05 +0900] "GET /zerotodeploy/img/favicon.ico HTTP/1.1" 302 -
0:0:0:0:0:0:0:1 - - [15/Feb/2025:15:10:05 +0900] "GET /zerotodeploy/login.html HTTP/1.1" 302 -
0:0:0:0:0:0:0:1 - - [15/Feb/2025:15:10:05 +0900] "GET /zerotodeploy/login.html HTTP/1.1" 302 -
0:0:0:0:0:0:0:1 - - [15/Feb/2025:15:10:05 +0900] "GET /zerotodeploy/login.html HTTP/1.1" 302 -
0:0:0:0:0:0:0:1 - - [15/Feb/2025:15:10:05 +0900] "GET /zerotodeploy/login.html HTTP/1.1" 302 -
0:0:0:0:0:0:0:1 - - [15/Feb/2025:15:10:05 +0900] "GET /zerotodeploy/login.html HTTP/1.1" 302 -
0:0:0:0:0:0:0:1 - - [15/Feb/2025:15:10:05 +0900] "GET /zerotodeploy/login.html HTTP/1.1" 302 -
0:0:0:0:0:0:0:1 - - [15/Feb/2025:15:10:05 +0900] "GET /zerotodeploy/login.html HTTP/1.1" 302 -
0:0:0:0:0:0:0:1 - - [15/Feb/2025:15:10:05 +0900] "GET /zerotodeploy/login.html HTTP/1.1" 302 -
0:0:0:0:0:0:0:1 - - [15/Feb/2025:15:10:05 +0900] "GET /zerotodeploy/login.html HTTP/1.1" 302 -
0:0:0:0:0:0:0:1 - - [15/Feb/2025:15:10:05 +0900] "GET /zerotodeploy/login.html HTTP/1.1" 302 -
0:0:0:0:0:0:0:1 - - [15/Feb/2025:15:10:05 +0900] "GET /zerotodeploy/login.html HTTP/1.1" 302 -
0:0:0:0:0:0:0:1 - - [15/Feb/2025:15:10:05 +0900] "GET /zerotodeploy/login.html HTTP/1.1" 302 -
0:0:0:0:0:0:0:1 - - [15/Feb/2025:15:10:05 +0900] "GET /zerotodeploy/login.html HTTP/1.1" 302 -
0:0:0:0:0:0:0:1 - - [15/Feb/2025:15:10:05 +0900] "GET /zerotodeploy/login.html HTTP/1.1" 302 -
0:0:0:0:0:0:0:1 - - [15/Feb/2025:15:10:05 +0900] "GET /zerotodeploy/login.html HTTP/1.1" 302 -
0:0:0:0:0:0:0:1 - - [15/Feb/2025:15:10:05 +0900] "GET /zerotodeploy/login.html HTTP/1.1" 302 -
0:0:0:0:0:0:0:1 - - [15/Feb/2025:15:10:05 +0900] "GET /zerotodeploy/login.html HTTP/1.1" 302 -
0:0:0:0:0:0:0:1 - - [15/Feb/2025:15:10:05 +0900] "GET /zerotodeploy/login.html HTTP/1.1" 302 -
0:0:0:0:0:0:0:1 - - [15/Feb/2025:15:10:05 +0900] "GET /zerotodeploy/login.html HTTP/1.1" 302 -
0:0:0:0:0:0:0:1 - - [15/Feb/2025:15:10:05 +0900] "GET /zerotodeploy/login.html HTTP/1.1" 302 -
0:0:0:0:0:0:0:1 - - [15/Feb/2025:15:10:06 +0900] "GET /zerotodeploy/index HTTP/1.1" 302 -
0:0:0:0:0:0:0:1 - - [15/Feb/2025:15:10:06 +0900] "GET /zerotodeploy/login.html HTTP/1.1" 302 -
0:0:0:0:0:0:0:1 - - [15/Feb/2025:15:10:06 +0900] "GET /zerotodeploy/login.html HTTP/1.1" 302 -
0:0:0:0:0:0:0:1 - - [15/Feb/2025:15:10:06 +0900] "GET /zerotodeploy/login.html HTTP/1.1" 302 -
0:0:0:0:0:0:0:1 - - [15/Feb/2025:15:10:06 +0900] "GET /zerotodeploy/login.html HTTP/1.1" 302 -
0:0:0:0:0:0:0:1 - - [15/Feb/2025:15:10:06 +0900] "GET /zerotodeploy/login.html HTTP/1.1" 302 -
0:0:0:0:0:0:0:1 - - [15/Feb/2025:15:10:06 +0900] "GET /zerotodeploy/login.html HTTP/1.1" 302 -
0:0:0:0:0:0:0:1 - - [15/Feb/2025:15:10:06 +0900] "GET /zerotodeploy/login.html HTTP/1.1" 302 -
0:0:0:0:0:0:0:1 - - [15/Feb/2025:15:10:06 +0900] "GET /zerotodeploy/login.html HTTP/1.1" 302 -
0:0:0:0:0:0:0:1 - - [15/Feb/2025:15:10:06 +0900] "GET /zerotodeploy/login.html HTTP/1.1" 302 -
0:0:0:0:0:0:0:1 - - [15/Feb/2025:15:10:06 +0900] "GET /zerotodeploy/login.html HTTP/1.1" 302 -
0:0:0:0:0:0:0:1 - - [15/Feb/2025:15:10:06 +0900] "GET /zerotodeploy/login.html HTTP/1.1" 302 -
0:0:0:0:0:0:0:1 - - [15/Feb/2025:15:10:06 +0900] "GET /zerotodeploy/login.html HTTP/1.1" 302 -
0:0:0:0:0:0:0:1 - - [15/Feb/2025:15:10:06 +0900] "GET /zerotodeploy/login.html HTTP/1.1" 302 -
0:0:0:0:0:0:0:1 - - [15/Feb/2025:15:10:06 +0900] "GET /zerotodeploy/login.html HTTP/1.1" 302 -
0:0:0:0:0:0:0:1 - - [15/Feb/2025:15:10:06 +0900] "GET /zerotodeploy/login.html HTTP/1.1" 302 -
0:0:0:0:0:0:0:1 - - [15/Feb/2025:15:10:06 +0900] "GET /zerotodeploy/login.html HTTP/1.1" 302 -
0:0:0:0:0:0:0:1 - - [15/Feb/2025:15:10:06 +0900] "GET /zerotodeploy/login.html HTTP/1.1" 302 -
0:0:0:0:0:0:0:1 - - [15/Feb/2025:15:10:06 +0900] "GET /zerotodeploy/login.html HTTP/1.1" 302 -
0:0:0:0:0:0:0:1 - - [15/Feb/2025:15:10:06 +0900] "GET /zerotodeploy/login.html HTTP/1.1" 302 -
0:0:0:0:0:0:0:1 - - [15/Feb/2025:15:10:07 +0900] "GET /zerotodeploy/img/favicon.ico HTTP/1.1" 302 -
0:0:0:0:0:0:0:1 - - [15/Feb/2025:15:10:07 +0900] "GET /zerotodeploy/login.html HTTP/1.1" 302 -
0:0:0:0:0:0:0:1 - - [15/Feb/2025:15:10:07 +0900] "GET /zerotodeploy/login.html HTTP/1.1" 302 -
0:0:0:0:0:0:0:1 - - [15/Feb/2025:15:10:07 +0900] "GET /zerotodeploy/login.html HTTP/1.1" 302 -
0:0:0:0:0:0:0:1 - - [15/Feb/2025:15:10:07 +0900] "GET /zerotodeploy/login.html HTTP/1.1" 302 -
0:0:0:0:0:0:0:1 - - [15/Feb/2025:15:10:07 +0900] "GET /zerotodeploy/login.html HTTP/1.1" 302 -
0:0:0:0:0:0:0:1 - - [15/Feb/2025:15:10:07 +0900] "GET /zerotodeploy/login.html HTTP/1.1" 302 -
0:0:0:0:0:0:0:1 - - [15/Feb/2025:15:10:07 +0900] "GET /zerotodeploy/login.html HTTP/1.1" 302 -
0:0:0:0:0:0:0:1 - - [15/Feb/2025:15:10:07 +0900] "GET /zerotodeploy/login.html HTTP/1.1" 302 -
0:0:0:0:0:0:0:1 - - [15/Feb/2025:15:10:07 +0900] "GET /zerotodeploy/login.html HTTP/1.1" 302 -
0:0:0:0:0:0:0:1 - - [15/Feb/2025:15:10:07 +0900] "GET /zerotodeploy/login.html HTTP/1.1" 302 -
0:0:0:0:0:0:0:1 - - [15/Feb/2025:15:10:07 +0900] "GET /zerotodeploy/login.html HTTP/1.1" 302 -
0:0:0:0:0:0:0:1 - - [15/Feb/2025:15:10:07 +0900] "GET /zerotodeploy/login.html HTTP/1.1" 302 -
0:0:0:0:0:0:0:1 - - [15/Feb/2025:15:10:07 +0900] "GET /zerotodeploy/login.html HTTP/1.1" 302 -
0:0:0:0:0:0:0:1 - - [15/Feb/2025:15:10:07 +0900] "GET /zerotodeploy/login.html HTTP/1.1" 302 -
0:0:0:0:0:0:0:1 - - [15/Feb/2025:15:10:07 +0900] "GET /zerotodeploy/login.html HTTP/1.1" 302 -
0:0:0:0:0:0:0:1 - - [15/Feb/2025:15:10:07 +0900] "GET /zerotodeploy/login.html HTTP/1.1" 302 -
0:0:0:0:0:0:0:1 - - [15/Feb/2025:15:10:07 +0900] "GET /zerotodeploy/login.html HTTP/1.1" 302 -
0:0:0:0:0:0:0:1 - - [15/Feb/2025:15:10:07 +0900] "GET /zerotodeploy/login.html HTTP/1.1" 302 -
0:0:0:0:0:0:0:1 - - [15/Feb/2025:15:10:07 +0900] "GET /zerotodeploy/login.html HTTP/1.1" 302 -
0:0:0:0:0:0:0:1 - - [15/Feb/2025:15:10:07 +0900] "GET /zerotodeploy/login.html HTTP/1.1" 302 -
0:0:0:0:0:0:0:1 - - [15/Feb/2025:15:10:25 +0900] "GET /zerotodeploy HTTP/1.1" 302 -
0:0:0:0:0:0:0:1 - - [15/Feb/2025:15:10:25 +0900] "GET /zerotodeploy/ HTTP/1.1" 200 7874
0:0:0:0:0:0:0:1 - - [15/Feb/2025:15:10:25 +0900] "GET /zerotodeploy/lib/animate/animate.min.css HTTP/1.1" 302 -
0:0:0:0:0:0:0:1 - - [15/Feb/2025:15:10:25 +0900] "GET /zerotodeploy/lib/wow/wow.js HTTP/1.1" 302 -
0:0:0:0:0:0:0:1 - - [15/Feb/2025:15:10:25 +0900] "GET /zerotodeploy/lib/owlcarousel/assets/owl.carousel.min.css HTTP/1.1" 302 -
0:0:0:0:0:0:0:1 - - [15/Feb/2025:15:10:25 +0900] "GET /zerotodeploy/lib/easing/easing.min.js HTTP/1.1" 302 -
0:0:0:0:0:0:0:1 - - [15/Feb/2025:15:10:25 +0900] "GET /zerotodeploy/lib/waypoints/waypoints.min.js HTTP/1.1" 302 -
0:0:0:0:0:0:0:1 - - [15/Feb/2025:15:10:25 +0900] "GET /zerotodeploy/lib/owlcarousel/owl.carousel.min.js HTTP/1.1" 302 -
0:0:0:0:0:0:0:1 - - [15/Feb/2025:15:10:25 +0900] "GET /zerotodeploy/css/style.css HTTP/1.1" 200 8596
0:0:0:0:0:0:0:1 - - [15/Feb/2025:15:10:25 +0900] "GET /zerotodeploy/js/main.js HTTP/1.1" 200 1803
0:0:0:0:0:0:0:1 - - [15/Feb/2025:15:10:25 +0900] "GET /zerotodeploy/css/bootstrap.min.css HTTP/1.1" 200 164340
0:0:0:0:0:0:0:1 - - [15/Feb/2025:15:10:25 +0900] "GET /zerotodeploy/login.html HTTP/1.1" 302 -
0:0:0:0:0:0:0:1 - - [15/Feb/2025:15:10:25 +0900] "GET /zerotodeploy/login.html HTTP/1.1" 302 -
0:0:0:0:0:0:0:1 - - [15/Feb/2025:15:10:25 +0900] "GET /zerotodeploy/login.html HTTP/1.1" 302 -
0:0:0:0:0:0:0:1 - - [15/Feb/2025:15:10:25 +0900] "GET /zerotodeploy/login.html HTTP/1.1" 302 -
0:0:0:0:0:0:0:1 - - [15/Feb/2025:15:10:25 +0900] "GET /zerotodeploy/login.html HTTP/1.1" 302 -
0:0:0:0:0:0:0:1 - - [15/Feb/2025:15:10:25 +0900] "GET /zerotodeploy/login.html HTTP/1.1" 302 -
0:0:0:0:0:0:0:1 - - [15/Feb/2025:15:10:25 +0900] "GET /zerotodeploy/login.html HTTP/1.1" 302 -
0:0:0:0:0:0:0:1 - - [15/Feb/2025:15:10:25 +0900] "GET /zerotodeploy/login.html HTTP/1.1" 302 -
0:0:0:0:0:0:0:1 - - [15/Feb/2025:15:10:25 +0900] "GET /zerotodeploy/login.html HTTP/1.1" 302 -
0:0:0:0:0:0:0:1 - - [15/Feb/2025:15:10:25 +0900] "GET /zerotodeploy/login.html HTTP/1.1" 302 -
0:0:0:0:0:0:0:1 - - [15/Feb/2025:15:10:25 +0900] "GET /zerotodeploy/login.html HTTP/1.1" 302 -
0:0:0:0:0:0:0:1 - - [15/Feb/2025:15:10:25 +0900] "GET /zerotodeploy/login.html HTTP/1.1" 302 -
0:0:0:0:0:0:0:1 - - [15/Feb/2025:15:10:25 +0900] "GET /zerotodeploy/login.html HTTP/1.1" 302 -
0:0:0:0:0:0:0:1 - - [15/Feb/2025:15:10:25 +0900] "GET /zerotodeploy/login.html HTTP/1.1" 302 -
0:0:0:0:0:0:0:1 - - [15/Feb/2025:15:10:25 +0900] "GET /zerotodeploy/login.html HTTP/1.1" 302 -
0:0:0:0:0:0:0:1 - - [15/Feb/2025:15:10:25 +0900] "GET /zerotodeploy/login.html HTTP/1.1" 302 -
0:0:0:0:0:0:0:1 - - [15/Feb/2025:15:10:25 +0900] "GET /zerotodeploy/login.html HTTP/1.1" 302 -
0:0:0:0:0:0:0:1 - - [15/Feb/2025:15:10:25 +0900] "GET /zerotodeploy/login.html HTTP/1.1" 302 -
0:0:0:0:0:0:0:1 - - [15/Feb/2025:15:10:25 +0900] "GET /zerotodeploy/login.html HTTP/1.1" 302 -
0:0:0:0:0:0:0:1 - - [15/Feb/2025:15:10:25 +0900] "GET /zerotodeploy/login.html HTTP/1.1" 302 -
0:0:0:0:0:0:0:1 - - [15/Feb/2025:15:10:25 +0900] "GET /zerotodeploy/login.html HTTP/1.1" 302 -
0:0:0:0:0:0:0:1 - - [15/Feb/2025:15:10:25 +0900] "GET /zerotodeploy/login.html HTTP/1.1" 302 -
0:0:0:0:0:0:0:1 - - [15/Feb/2025:15:10:25 +0900] "GET /zerotodeploy/login.html HTTP/1.1" 302 -
0:0:0:0:0:0:0:1 - - [15/Feb/2025:15:10:25 +0900] "GET /zerotodeploy/login.html HTTP/1.1" 302 -
0:0:0:0:0:0:0:1 - - [15/Feb/2025:15:10:25 +0900] "GET /zerotodeploy/login.html HTTP/1.1" 302 -
0:0:0:0:0:0:0:1 - - [15/Feb/2025:15:10:25 +0900] "GET /zerotodeploy/login.html HTTP/1.1" 302 -
0:0:0:0:0:0:0:1 - - [15/Feb/2025:15:10:25 +0900] "GET /zerotodeploy/login.html HTTP/1.1" 302 -
0:0:0:0:0:0:0:1 - - [15/Feb/2025:15:10:25 +0900] "GET /zerotodeploy/login.html HTTP/1.1" 302 -
0:0:0:0:0:0:0:1 - - [15/Feb/2025:15:10:25 +0900] "GET /zerotodeploy/login.html HTTP/1.1" 302 -
0:0:0:0:0:0:0:1 - - [15/Feb/2025:15:10:25 +0900] "GET /zerotodeploy/login.html HTTP/1.1" 302 -
0:0:0:0:0:0:0:1 - - [15/Feb/2025:15:10:25 +0900] "GET /zerotodeploy/login.html HTTP/1.1" 302 -
0:0:0:0:0:0:0:1 - - [15/Feb/2025:15:10:25 +0900] "GET /zerotodeploy/login.html HTTP/1.1" 302 -
0:0:0:0:0:0:0:1 - - [15/Feb/2025:15:10:25 +0900] "GET /zerotodeploy/login.html HTTP/1.1" 302 -
0:0:0:0:0:0:0:1 - - [15/Feb/2025:15:10:25 +0900] "GET /zerotodeploy/login.html HTTP/1.1" 302 -
0:0:0:0:0:0:0:1 - - [15/Feb/2025:15:10:25 +0900] "GET /zerotodeploy/login.html HTTP/1.1" 302 -
0:0:0:0:0:0:0:1 - - [15/Feb/2025:15:10:25 +0900] "GET /zerotodeploy/login.html HTTP/1.1" 302 -
0:0:0:0:0:0:0:1 - - [15/Feb/2025:15:10:25 +0900] "GET /zerotodeploy/login.html HTTP/1.1" 302 -
0:0:0:0:0:0:0:1 - - [15/Feb/2025:15:10:25 +0900] "GET /zerotodeploy/login.html HTTP/1.1" 302 -
0:0:0:0:0:0:0:1 - - [15/Feb/2025:15:10:25 +0900] "GET /zerotodeploy/login.html HTTP/1.1" 302 -
0:0:0:0:0:0:0:1 - - [15/Feb/2025:15:10:25 +0900] "GET /zerotodeploy/login.html HTTP/1.1" 302 -
0:0:0:0:0:0:0:1 - - [15/Feb/2025:15:10:25 +0900] "GET /zerotodeploy/login.html HTTP/1.1" 302 -
0:0:0:0:0:0:0:1 - - [15/Feb/2025:15:10:25 +0900] "GET /zerotodeploy/login.html HTTP/1.1" 302 -
0:0:0:0:0:0:0:1 - - [15/Feb/2025:15:10:25 +0900] "GET /zerotodeploy/login.html HTTP/1.1" 302 -
0:0:0:0:0:0:0:1 - - [15/Feb/2025:15:10:25 +0900] "GET /zerotodeploy/login.html HTTP/1.1" 302 -
0:0:0:0:0:0:0:1 - - [15/Feb/2025:15:10:25 +0900] "GET /zerotodeploy/login.html HTTP/1.1" 302 -
0:0:0:0:0:0:0:1 - - [15/Feb/2025:15:10:25 +0900] "GET /zerotodeploy/login.html HTTP/1.1" 302 -
0:0:0:0:0:0:0:1 - - [15/Feb/2025:15:10:25 +0900] "GET /zerotodeploy/login.html HTTP/1.1" 302 -
0:0:0:0:0:0:0:1 - - [15/Feb/2025:15:10:25 +0900] "GET /zerotodeploy/login.html HTTP/1.1" 302 -
0:0:0:0:0:0:0:1 - - [15/Feb/2025:15:10:25 +0900] "GET /zerotodeploy/login.html HTTP/1.1" 302 -
0:0:0:0:0:0:0:1 - - [15/Feb/2025:15:10:25 +0900] "GET /zerotodeploy/login.html HTTP/1.1" 302 -
0:0:0:0:0:0:0:1 - - [15/Feb/2025:15:10:25 +0900] "GET /zerotodeploy/login.html HTTP/1.1" 302 -
0:0:0:0:0:0:0:1 - - [15/Feb/2025:15:10:25 +0900] "GET /zerotodeploy/login.html HTTP/1.1" 302 -
0:0:0:0:0:0:0:1 - - [15/Feb/2025:15:10:25 +0900] "GET /zerotodeploy/login.html HTTP/1.1" 302 -
0:0:0:0:0:0:0:1 - - [15/Feb/2025:15:10:25 +0900] "GET /zerotodeploy/login.html HTTP/1.1" 302 -
0:0:0:0:0:0:0:1 - - [15/Feb/2025:15:10:25 +0900] "GET /zerotodeploy/login.html HTTP/1.1" 302 -
0:0:0:0:0:0:0:1 - - [15/Feb/2025:15:10:25 +0900] "GET /zerotodeploy/login.html HTTP/1.1" 302 -
0:0:0:0:0:0:0:1 - - [15/Feb/2025:15:10:25 +0900] "GET /zerotodeploy/login.html HTTP/1.1" 302 -
0:0:0:0:0:0:0:1 - - [15/Feb/2025:15:10:25 +0900] "GET /zerotodeploy/login.html HTTP/1.1" 302 -
0:0:0:0:0:0:0:1 - - [15/Feb/2025:15:10:25 +0900] "GET /zerotodeploy/login.html HTTP/1.1" 302 -
0:0:0:0:0:0:0:1 - - [15/Feb/2025:15:10:25 +0900] "GET /zerotodeploy/login.html HTTP/1.1" 302 -
0:0:0:0:0:0:0:1 - - [15/Feb/2025:15:10:25 +0900] "GET /zerotodeploy/login.html HTTP/1.1" 302 -
0:0:0:0:0:0:0:1 - - [15/Feb/2025:15:10:25 +0900] "GET /zerotodeploy/login.html HTTP/1.1" 302 -
0:0:0:0:0:0:0:1 - - [15/Feb/2025:15:10:25 +0900] "GET /zerotodeploy/login.html HTTP/1.1" 302 -
0:0:0:0:0:0:0:1 - - [15/Feb/2025:15:10:25 +0900] "GET /zerotodeploy/login.html HTTP/1.1" 302 -
0:0:0:0:0:0:0:1 - - [15/Feb/2025:15:10:25 +0900] "GET /zerotodeploy/login.html HTTP/1.1" 302 -
0:0:0:0:0:0:0:1 - - [15/Feb/2025:15:10:25 +0900] "GET /zerotodeploy/login.html HTTP/1.1" 302 -
0:0:0:0:0:0:0:1 - - [15/Feb/2025:15:10:25 +0900] "GET /zerotodeploy/login.html HTTP/1.1" 302 -
0:0:0:0:0:0:0:1 - - [15/Feb/2025:15:10:25 +0900] "GET /zerotodeploy/login.html HTTP/1.1" 302 -
0:0:0:0:0:0:0:1 - - [15/Feb/2025:15:10:25 +0900] "GET /zerotodeploy/login.html HTTP/1.1" 302 -
0:0:0:0:0:0:0:1 - - [15/Feb/2025:15:10:25 +0900] "GET /zerotodeploy/login.html HTTP/1.1" 302 -
0:0:0:0:0:0:0:1 - - [15/Feb/2025:15:10:25 +0900] "GET /zerotodeploy/login.html HTTP/1.1" 302 -
0:0:0:0:0:0:0:1 - - [15/Feb/2025:15:10:25 +0900] "GET /zerotodeploy/login.html HTTP/1.1" 302 -
0:0:0:0:0:0:0:1 - - [15/Feb/2025:15:10:25 +0900] "GET /zerotodeploy/login.html HTTP/1.1" 302 -
0:0:0:0:0:0:0:1 - - [15/Feb/2025:15:10:25 +0900] "GET /zerotodeploy/login.html HTTP/1.1" 302 -
0:0:0:0:0:0:0:1 - - [15/Feb/2025:15:10:25 +0900] "GET /zerotodeploy/login.html HTTP/1.1" 302 -
0:0:0:0:0:0:0:1 - - [15/Feb/2025:15:10:25 +0900] "GET /zerotodeploy/login.html HTTP/1.1" 302 -
0:0:0:0:0:0:0:1 - - [15/Feb/2025:15:10:25 +0900] "GET /zerotodeploy/login.html HTTP/1.1" 302 -
0:0:0:0:0:0:0:1 - - [15/Feb/2025:15:10:25 +0900] "GET /zerotodeploy/login.html HTTP/1.1" 302 -
0:0:0:0:0:0:0:1 - - [15/Feb/2025:15:10:25 +0900] "GET /zerotodeploy/login.html HTTP/1.1" 302 -
0:0:0:0:0:0:0:1 - - [15/Feb/2025:15:10:25 +0900] "GET /zerotodeploy/login.html HTTP/1.1" 302 -
0:0:0:0:0:0:0:1 - - [15/Feb/2025:15:10:25 +0900] "GET /zerotodeploy/login.html HTTP/1.1" 302 -
0:0:0:0:0:0:0:1 - - [15/Feb/2025:15:10:25 +0900] "GET /zerotodeploy/login.html HTTP/1.1" 302 -
0:0:0:0:0:0:0:1 - - [15/Feb/2025:15:10:25 +0900] "GET /zerotodeploy/login.html HTTP/1.1" 302 -
0:0:0:0:0:0:0:1 - - [15/Feb/2025:15:10:25 +0900] "GET /zerotodeploy/login.html HTTP/1.1" 302 -
0:0:0:0:0:0:0:1 - - [15/Feb/2025:15:10:25 +0900] "GET /zerotodeploy/login.html HTTP/1.1" 302 -
0:0:0:0:0:0:0:1 - - [15/Feb/2025:15:10:25 +0900] "GET /zerotodeploy/login.html HTTP/1.1" 302 -
0:0:0:0:0:0:0:1 - - [15/Feb/2025:15:10:25 +0900] "GET /zerotodeploy/login.html HTTP/1.1" 302 -
0:0:0:0:0:0:0:1 - - [15/Feb/2025:15:10:25 +0900] "GET /zerotodeploy/login.html HTTP/1.1" 302 -
0:0:0:0:0:0:0:1 - - [15/Feb/2025:15:10:25 +0900] "GET /zerotodeploy/login.html HTTP/1.1" 302 -
0:0:0:0:0:0:0:1 - - [15/Feb/2025:15:10:25 +0900] "GET /zerotodeploy/login.html HTTP/1.1" 302 -
0:0:0:0:0:0:0:1 - - [15/Feb/2025:15:10:25 +0900] "GET /zerotodeploy/login.html HTTP/1.1" 302 -
0:0:0:0:0:0:0:1 - - [15/Feb/2025:15:10:25 +0900] "GET /zerotodeploy/login.html HTTP/1.1" 302 -
0:0:0:0:0:0:0:1 - - [15/Feb/2025:15:10:25 +0900] "GET /zerotodeploy/login.html HTTP/1.1" 302 -
0:0:0:0:0:0:0:1 - - [15/Feb/2025:15:10:25 +0900] "GET /zerotodeploy/login.html HTTP/1.1" 302 -
0:0:0:0:0:0:0:1 - - [15/Feb/2025:15:10:25 +0900] "GET /zerotodeploy/login.html HTTP/1.1" 302 -
0:0:0:0:0:0:0:1 - - [15/Feb/2025:15:10:25 +0900] "GET /zerotodeploy/login.html HTTP/1.1" 302 -
0:0:0:0:0:0:0:1 - - [15/Feb/2025:15:10:25 +0900] "GET /zerotodeploy/login.html HTTP/1.1" 302 -
0:0:0:0:0:0:0:1 - - [15/Feb/2025:15:10:25 +0900] "GET /zerotodeploy/login.html HTTP/1.1" 302 -
0:0:0:0:0:0:0:1 - - [15/Feb/2025:15:10:25 +0900] "GET /zerotodeploy/login.html HTTP/1.1" 302 -
0:0:0:0:0:0:0:1 - - [15/Feb/2025:15:10:25 +0900] "GET /zerotodeploy/login.html HTTP/1.1" 302 -
0:0:0:0:0:0:0:1 - - [15/Feb/2025:15:10:25 +0900] "GET /zerotodeploy/login.html HTTP/1.1" 302 -
0:0:0:0:0:0:0:1 - - [15/Feb/2025:15:10:25 +0900] "GET /zerotodeploy/login.html HTTP/1.1" 302 -
0:0:0:0:0:0:0:1 - - [15/Feb/2025:15:10:25 +0900] "GET /zerotodeploy/login.html HTTP/1.1" 302 -
0:0:0:0:0:0:0:1 - - [15/Feb/2025:15:10:25 +0900] "GET /zerotodeploy/login.html HTTP/1.1" 302 -
0:0:0:0:0:0:0:1 - - [15/Feb/2025:15:10:25 +0900] "GET /zerotodeploy/login.html HTTP/1.1" 302 -
0:0:0:0:0:0:0:1 - - [15/Feb/2025:15:10:25 +0900] "GET /zerotodeploy/login.html HTTP/1.1" 302 -
0:0:0:0:0:0:0:1 - - [15/Feb/2025:15:10:25 +0900] "GET /zerotodeploy/login.html HTTP/1.1" 302 -
0:0:0:0:0:0:0:1 - - [15/Feb/2025:15:10:25 +0900] "GET /zerotodeploy/login.html HTTP/1.1" 302 -
0:0:0:0:0:0:0:1 - - [15/Feb/2025:15:10:25 +0900] "GET /zerotodeploy/login.html HTTP/1.1" 302 -
0:0:0:0:0:0:0:1 - - [15/Feb/2025:15:10:25 +0900] "GET /zerotodeploy/login.html HTTP/1.1" 302 -
0:0:0:0:0:0:0:1 - - [15/Feb/2025:15:10:25 +0900] "GET /zerotodeploy/login.html HTTP/1.1" 302 -
0:0:0:0:0:0:0:1 - - [15/Feb/2025:15:10:25 +0900] "GET /zerotodeploy/login.html HTTP/1.1" 302 -
0:0:0:0:0:0:0:1 - - [15/Feb/2025:15:10:25 +0900] "GET /zerotodeploy/login.html HTTP/1.1" 302 -
0:0:0:0:0:0:0:1 - - [15/Feb/2025:15:10:25 +0900] "GET /zerotodeploy/login.html HTTP/1.1" 302 -
0:0:0:0:0:0:0:1 - - [15/Feb/2025:15:10:25 +0900] "GET /zerotodeploy/login.html HTTP/1.1" 302 -
0:0:0:0:0:0:0:1 - - [15/Feb/2025:15:10:25 +0900] "GET /zerotodeploy/login.html HTTP/1.1" 302 -
0:0:0:0:0:0:0:1 - - [15/Feb/2025:15:10:25 +0900] "GET /zerotodeploy/login.html HTTP/1.1" 302 -
0:0:0:0:0:0:0:1 - - [15/Feb/2025:15:10:25 +0900] "GET /zerotodeploy/login.html HTTP/1.1" 302 -
0:0:0:0:0:0:0:1 - - [15/Feb/2025:15:10:25 +0900] "GET /zerotodeploy/login.html HTTP/1.1" 302 -
0:0:0:0:0:0:0:1 - - [15/Feb/2025:15:10:25 +0900] "GET /zerotodeploy/login.html HTTP/1.1" 302 -
0:0:0:0:0:0:0:1 - - [15/Feb/2025:15:10:25 +0900] "GET /zerotodeploy/img/favicon.ico HTTP/1.1" 302 -
0:0:0:0:0:0:0:1 - - [15/Feb/2025:15:10:25 +0900] "GET /zerotodeploy/login.html HTTP/1.1" 302 -
0:0:0:0:0:0:0:1 - - [15/Feb/2025:15:10:25 +0900] "GET /zerotodeploy/login.html HTTP/1.1" 302 -
0:0:0:0:0:0:0:1 - - [15/Feb/2025:15:10:25 +0900] "GET /zerotodeploy/login.html HTTP/1.1" 302 -
0:0:0:0:0:0:0:1 - - [15/Feb/2025:15:10:25 +0900] "GET /zerotodeploy/login.html HTTP/1.1" 302 -
0:0:0:0:0:0:0:1 - - [15/Feb/2025:15:10:25 +0900] "GET /zerotodeploy/login.html HTTP/1.1" 302 -
0:0:0:0:0:0:0:1 - - [15/Feb/2025:15:10:25 +0900] "GET /zerotodeploy/login.html HTTP/1.1" 302 -
0:0:0:0:0:0:0:1 - - [15/Feb/2025:15:10:25 +0900] "GET /zerotodeploy/login.html HTTP/1.1" 302 -
0:0:0:0:0:0:0:1 - - [15/Feb/2025:15:10:25 +0900] "GET /zerotodeploy/login.html HTTP/1.1" 302 -
0:0:0:0:0:0:0:1 - - [15/Feb/2025:15:10:25 +0900] "GET /zerotodeploy/login.html HTTP/1.1" 302 -
0:0:0:0:0:0:0:1 - - [15/Feb/2025:15:10:25 +0900] "GET /zerotodeploy/login.html HTTP/1.1" 302 -
0:0:0:0:0:0:0:1 - - [15/Feb/2025:15:10:25 +0900] "GET /zerotodeploy/login.html HTTP/1.1" 302 -
0:0:0:0:0:0:0:1 - - [15/Feb/2025:15:10:25 +0900] "GET /zerotodeploy/login.html HTTP/1.1" 302 -
0:0:0:0:0:0:0:1 - - [15/Feb/2025:15:10:25 +0900] "GET /zerotodeploy/login.html HTTP/1.1" 302 -
0:0:0:0:0:0:0:1 - - [15/Feb/2025:15:10:25 +0900] "GET /zerotodeploy/login.html HTTP/1.1" 302 -
0:0:0:0:0:0:0:1 - - [15/Feb/2025:15:10:25 +0900] "GET /zerotodeploy/login.html HTTP/1.1" 302 -
0:0:0:0:0:0:0:1 - - [15/Feb/2025:15:10:25 +0900] "GET /zerotodeploy/login.html HTTP/1.1" 302 -
0:0:0:0:0:0:0:1 - - [15/Feb/2025:15:10:25 +0900] "GET /zerotodeploy/login.html HTTP/1.1" 302 -
0:0:0:0:0:0:0:1 - - [15/Feb/2025:15:10:25 +0900] "GET /zerotodeploy/login.html HTTP/1.1" 302 -
0:0:0:0:0:0:0:1 - - [15/Feb/2025:15:10:25 +0900] "GET /zerotodeploy/login.html HTTP/1.1" 302 -
0:0:0:0:0:0:0:1 - - [15/Feb/2025:15:10:25 +0900] "GET /zerotodeploy/login.html HTTP/1.1" 302 -
0:0:0:0:0:0:0:1 - - [15/Feb/2025:15:10:27 +0900] "GET /zerotodeploy/login HTTP/1.1" 302 -
0:0:0:0:0:0:0:1 - - [15/Feb/2025:15:10:27 +0900] "GET /zerotodeploy/login.html HTTP/1.1" 302 -
0:0:0:0:0:0:0:1 - - [15/Feb/2025:15:10:27 +0900] "GET /zerotodeploy/login.html HTTP/1.1" 302 -
0:0:0:0:0:0:0:1 - - [15/Feb/2025:15:10:27 +0900] "GET /zerotodeploy/login.html HTTP/1.1" 302 -
0:0:0:0:0:0:0:1 - - [15/Feb/2025:15:10:27 +0900] "GET /zerotodeploy/login.html HTTP/1.1" 302 -
0:0:0:0:0:0:0:1 - - [15/Feb/2025:15:10:27 +0900] "GET /zerotodeploy/login.html HTTP/1.1" 302 -
0:0:0:0:0:0:0:1 - - [15/Feb/2025:15:10:27 +0900] "GET /zerotodeploy/login.html HTTP/1.1" 302 -
0:0:0:0:0:0:0:1 - - [15/Feb/2025:15:10:27 +0900] "GET /zerotodeploy/login.html HTTP/1.1" 302 -
0:0:0:0:0:0:0:1 - - [15/Feb/2025:15:10:27 +0900] "GET /zerotodeploy/login.html HTTP/1.1" 302 -
0:0:0:0:0:0:0:1 - - [15/Feb/2025:15:10:27 +0900] "GET /zerotodeploy/login.html HTTP/1.1" 302 -
0:0:0:0:0:0:0:1 - - [15/Feb/2025:15:10:27 +0900] "GET /zerotodeploy/login.html HTTP/1.1" 302 -
0:0:0:0:0:0:0:1 - - [15/Feb/2025:15:10:27 +0900] "GET /zerotodeploy/login.html HTTP/1.1" 302 -
0:0:0:0:0:0:0:1 - - [15/Feb/2025:15:10:27 +0900] "GET /zerotodeploy/login.html HTTP/1.1" 302 -
0:0:0:0:0:0:0:1 - - [15/Feb/2025:15:10:27 +0900] "GET /zerotodeploy/login.html HTTP/1.1" 302 -
0:0:0:0:0:0:0:1 - - [15/Feb/2025:15:10:27 +0900] "GET /zerotodeploy/login.html HTTP/1.1" 302 -
0:0:0:0:0:0:0:1 - - [15/Feb/2025:15:10:27 +0900] "GET /zerotodeploy/login.html HTTP/1.1" 302 -
0:0:0:0:0:0:0:1 - - [15/Feb/2025:15:10:27 +0900] "GET /zerotodeploy/login.html HTTP/1.1" 302 -
0:0:0:0:0:0:0:1 - - [15/Feb/2025:15:10:27 +0900] "GET /zerotodeploy/login.html HTTP/1.1" 302 -
0:0:0:0:0:0:0:1 - - [15/Feb/2025:15:10:27 +0900] "GET /zerotodeploy/login.html HTTP/1.1" 302 -
0:0:0:0:0:0:0:1 - - [15/Feb/2025:15:10:27 +0900] "GET /zerotodeploy/login.html HTTP/1.1" 302 -
0:0:0:0:0:0:0:1 - - [15/Feb/2025:15:10:28 +0900] "GET /zerotodeploy/login.html HTTP/1.1" 302 -
0:0:0:0:0:0:0:1 - - [15/Feb/2025:15:10:28 +0900] "GET /zerotodeploy/login.html HTTP/1.1" 302 -
0:0:0:0:0:0:0:1 - - [15/Feb/2025:15:10:28 +0900] "GET /zerotodeploy/login.html HTTP/1.1" 302 -
0:0:0:0:0:0:0:1 - - [15/Feb/2025:15:10:28 +0900] "GET /zerotodeploy/login.html HTTP/1.1" 302 -
0:0:0:0:0:0:0:1 - - [15/Feb/2025:15:10:28 +0900] "GET /zerotodeploy/login.html HTTP/1.1" 302 -
0:0:0:0:0:0:0:1 - - [15/Feb/2025:15:10:28 +0900] "GET /zerotodeploy/login.html HTTP/1.1" 302 -
0:0:0:0:0:0:0:1 - - [15/Feb/2025:15:10:28 +0900] "GET /zerotodeploy/login.html HTTP/1.1" 302 -
0:0:0:0:0:0:0:1 - - [15/Feb/2025:15:10:28 +0900] "GET /zerotodeploy/login.html HTTP/1.1" 302 -
0:0:0:0:0:0:0:1 - - [15/Feb/2025:15:10:28 +0900] "GET /zerotodeploy/login.html HTTP/1.1" 302 -
0:0:0:0:0:0:0:1 - - [15/Feb/2025:15:10:28 +0900] "GET /zerotodeploy/login.html HTTP/1.1" 302 -
0:0:0:0:0:0:0:1 - - [15/Feb/2025:15:10:28 +0900] "GET /zerotodeploy/login.html HTTP/1.1" 302 -
0:0:0:0:0:0:0:1 - - [15/Feb/2025:15:10:28 +0900] "GET /zerotodeploy/login.html HTTP/1.1" 302 -
0:0:0:0:0:0:0:1 - - [15/Feb/2025:15:10:28 +0900] "GET /zerotodeploy/login.html HTTP/1.1" 302 -
0:0:0:0:0:0:0:1 - - [15/Feb/2025:15:10:28 +0900] "GET /zerotodeploy/login.html HTTP/1.1" 302 -
0:0:0:0:0:0:0:1 - - [15/Feb/2025:15:10:28 +0900] "GET /zerotodeploy/login.html HTTP/1.1" 302 -
0:0:0:0:0:0:0:1 - - [15/Feb/2025:15:10:28 +0900] "GET /zerotodeploy/login.html HTTP/1.1" 302 -
0:0:0:0:0:0:0:1 - - [15/Feb/2025:15:10:28 +0900] "GET /zerotodeploy/login.html HTTP/1.1" 302 -
0:0:0:0:0:0:0:1 - - [15/Feb/2025:15:10:28 +0900] "GET /zerotodeploy/login.html HTTP/1.1" 302 -
0:0:0:0:0:0:0:1 - - [15/Feb/2025:15:10:28 +0900] "GET /zerotodeploy/login.html HTTP/1.1" 302 -
0:0:0:0:0:0:0:1 - - [15/Feb/2025:15:10:28 +0900] "GET /zerotodeploy/login.html HTTP/1.1" 302 -
0:0:0:0:0:0:0:1 - - [15/Feb/2025:15:10:33 +0900] "GET /zerotodeploy/login.html HTTP/1.1" 302 -
0:0:0:0:0:0:0:1 - - [15/Feb/2025:15:10:33 +0900] "GET /zerotodeploy/login.html HTTP/1.1" 302 -
0:0:0:0:0:0:0:1 - - [15/Feb/2025:15:10:33 +0900] "GET /zerotodeploy/login.html HTTP/1.1" 302 -
0:0:0:0:0:0:0:1 - - [15/Feb/2025:15:10:33 +0900] "GET /zerotodeploy/login.html HTTP/1.1" 302 -
0:0:0:0:0:0:0:1 - - [15/Feb/2025:15:10:33 +0900] "GET /zerotodeploy/login.html HTTP/1.1" 302 -
0:0:0:0:0:0:0:1 - - [15/Feb/2025:15:10:33 +0900] "GET /zerotodeploy/login.html HTTP/1.1" 302 -
0:0:0:0:0:0:0:1 - - [15/Feb/2025:15:10:33 +0900] "GET /zerotodeploy/login.html HTTP/1.1" 302 -
0:0:0:0:0:0:0:1 - - [15/Feb/2025:15:10:33 +0900] "GET /zerotodeploy/login.html HTTP/1.1" 302 -
0:0:0:0:0:0:0:1 - - [15/Feb/2025:15:10:33 +0900] "GET /zerotodeploy/login.html HTTP/1.1" 302 -
0:0:0:0:0:0:0:1 - - [15/Feb/2025:15:10:33 +0900] "GET /zerotodeploy/login.html HTTP/1.1" 302 -
0:0:0:0:0:0:0:1 - - [15/Feb/2025:15:10:33 +0900] "GET /zerotodeploy/login.html HTTP/1.1" 302 -
0:0:0:0:0:0:0:1 - - [15/Feb/2025:15:10:33 +0900] "GET /zerotodeploy/login.html HTTP/1.1" 302 -
0:0:0:0:0:0:0:1 - - [15/Feb/2025:15:10:33 +0900] "GET /zerotodeploy/login.html HTTP/1.1" 302 -
0:0:0:0:0:0:0:1 - - [15/Feb/2025:15:10:33 +0900] "GET /zerotodeploy/login.html HTTP/1.1" 302 -
0:0:0:0:0:0:0:1 - - [15/Feb/2025:15:10:33 +0900] "GET /zerotodeploy/login.html HTTP/1.1" 302 -
0:0:0:0:0:0:0:1 - - [15/Feb/2025:15:10:33 +0900] "GET /zerotodeploy/login.html HTTP/1.1" 302 -
0:0:0:0:0:0:0:1 - - [15/Feb/2025:15:10:33 +0900] "GET /zerotodeploy/login.html HTTP/1.1" 302 -
0:0:0:0:0:0:0:1 - - [15/Feb/2025:15:10:33 +0900] "GET /zerotodeploy/login.html HTTP/1.1" 302 -
0:0:0:0:0:0:0:1 - - [15/Feb/2025:15:10:33 +0900] "GET /zerotodeploy/login.html HTTP/1.1" 302 -
0:0:0:0:0:0:0:1 - - [15/Feb/2025:15:10:33 +0900] "GET /zerotodeploy/login.html HTTP/1.1" 302 -
0:0:0:0:0:0:0:1 - - [15/Feb/2025:15:11:03 +0900] "GET /zerotodeploy/login.html HTTP/1.1" 302 -
0:0:0:0:0:0:0:1 - - [15/Feb/2025:15:11:03 +0900] "GET /zerotodeploy/login.html HTTP/1.1" 302 -
0:0:0:0:0:0:0:1 - - [15/Feb/2025:15:11:03 +0900] "GET /zerotodeploy/login.html HTTP/1.1" 302 -
0:0:0:0:0:0:0:1 - - [15/Feb/2025:15:11:03 +0900] "GET /zerotodeploy/login.html HTTP/1.1" 302 -
0:0:0:0:0:0:0:1 - - [15/Feb/2025:15:11:03 +0900] "GET /zerotodeploy/login.html HTTP/1.1" 302 -
0:0:0:0:0:0:0:1 - - [15/Feb/2025:15:11:03 +0900] "GET /zerotodeploy/login.html HTTP/1.1" 302 -
0:0:0:0:0:0:0:1 - - [15/Feb/2025:15:11:03 +0900] "GET /zerotodeploy/login.html HTTP/1.1" 302 -
0:0:0:0:0:0:0:1 - - [15/Feb/2025:15:11:03 +0900] "GET /zerotodeploy/login.html HTTP/1.1" 302 -
0:0:0:0:0:0:0:1 - - [15/Feb/2025:15:11:03 +0900] "GET /zerotodeploy/login.html HTTP/1.1" 302 -
0:0:0:0:0:0:0:1 - - [15/Feb/2025:15:11:03 +0900] "GET /zerotodeploy/login.html HTTP/1.1" 302 -
0:0:0:0:0:0:0:1 - - [15/Feb/2025:15:11:03 +0900] "GET /zerotodeploy/login.html HTTP/1.1" 302 -
0:0:0:0:0:0:0:1 - - [15/Feb/2025:15:11:03 +0900] "GET /zerotodeploy/login.html HTTP/1.1" 302 -
0:0:0:0:0:0:0:1 - - [15/Feb/2025:15:11:03 +0900] "GET /zerotodeploy/login.html HTTP/1.1" 302 -
0:0:0:0:0:0:0:1 - - [15/Feb/2025:15:11:03 +0900] "GET /zerotodeploy/login.html HTTP/1.1" 302 -
0:0:0:0:0:0:0:1 - - [15/Feb/2025:15:11:03 +0900] "GET /zerotodeploy/login.html HTTP/1.1" 302 -
0:0:0:0:0:0:0:1 - - [15/Feb/2025:15:11:03 +0900] "GET /zerotodeploy/login.html HTTP/1.1" 302 -
0:0:0:0:0:0:0:1 - - [15/Feb/2025:15:11:03 +0900] "GET /zerotodeploy/login.html HTTP/1.1" 302 -
0:0:0:0:0:0:0:1 - - [15/Feb/2025:15:11:03 +0900] "GET /zerotodeploy/login.html HTTP/1.1" 302 -
0:0:0:0:0:0:0:1 - - [15/Feb/2025:15:11:03 +0900] "GET /zerotodeploy/login.html HTTP/1.1" 302 -
0:0:0:0:0:0:0:1 - - [15/Feb/2025:15:11:03 +0900] "GET /zerotodeploy/login.html HTTP/1.1" 302 -
