0:0:0:0:0:0:0:1 - - [13/Jan/2025:22:07:32 +0900] "GET / HTTP/1.1" 200 7869
0:0:0:0:0:0:0:1 - - [13/Jan/2025:22:07:32 +0900] "GET /lib/owlcarousel/assets/owl.carousel.min.css HTTP/1.1" 200 2941
0:0:0:0:0:0:0:1 - - [13/Jan/2025:22:07:32 +0900] "GET /css/style.css HTTP/1.1" 200 8596
0:0:0:0:0:0:0:1 - - [13/Jan/2025:22:07:32 +0900] "GET /lib/wow/wow.js HTTP/1.1" 200 17059
0:0:0:0:0:0:0:1 - - [13/Jan/2025:22:07:32 +0900] "GET /lib/easing/easing.min.js HTTP/1.1" 200 2303
0:0:0:0:0:0:0:1 - - [13/Jan/2025:22:07:32 +0900] "GET /js/main.js HTTP/1.1" 200 1803
0:0:0:0:0:0:0:1 - - [13/Jan/2025:22:07:32 +0900] "GET /css/bootstrap.min.css HTTP/1.1" 200 164340
0:0:0:0:0:0:0:1 - - [13/Jan/2025:22:07:32 +0900] "GET /lib/waypoints/waypoints.min.js HTTP/1.1" 200 9034
0:0:0:0:0:0:0:1 - - [13/Jan/2025:22:07:32 +0900] "GET /lib/owlcarousel/owl.carousel.min.js HTTP/1.1" 200 42772
0:0:0:0:0:0:0:1 - - [13/Jan/2025:22:07:32 +0900] "GET /lib/animate/animate.min.css HTTP/1.1" 200 16964
0:0:0:0:0:0:0:1 - - [13/Jan/2025:22:07:33 +0900] "GET /img/favicon.ico HTTP/1.1" 404 4372
0:0:0:0:0:0:0:1 - - [13/Jan/2025:22:07:47 +0900] "GET /login HTTP/1.1" 200 8370
0:0:0:0:0:0:0:1 - - [13/Jan/2025:22:07:47 +0900] "GET /lib/owlcarousel/assets/owl.carousel.min.css HTTP/1.1" 200 2941
0:0:0:0:0:0:0:1 - - [13/Jan/2025:22:07:47 +0900] "GET /lib/animate/animate.min.css HTTP/1.1" 200 16964
0:0:0:0:0:0:0:1 - - [13/Jan/2025:22:07:47 +0900] "GET /lib/wow/wow.js HTTP/1.1" 200 17059
0:0:0:0:0:0:0:1 - - [13/Jan/2025:22:07:47 +0900] "GET /css/style.css HTTP/1.1" 200 8596
0:0:0:0:0:0:0:1 - - [13/Jan/2025:22:07:47 +0900] "GET /lib/easing/easing.min.js HTTP/1.1" 200 2303
0:0:0:0:0:0:0:1 - - [13/Jan/2025:22:07:47 +0900] "GET /css/bootstrap.min.css HTTP/1.1" 200 164340
0:0:0:0:0:0:0:1 - - [13/Jan/2025:22:07:47 +0900] "GET /lib/owlcarousel/owl.carousel.min.js HTTP/1.1" 200 42772
0:0:0:0:0:0:0:1 - - [13/Jan/2025:22:07:47 +0900] "GET /lib/waypoints/waypoints.min.js HTTP/1.1" 200 9034
0:0:0:0:0:0:0:1 - - [13/Jan/2025:22:07:47 +0900] "GET /js/main.js HTTP/1.1" 200 1803
