0:0:0:0:0:0:0:1 - - [30/Mar/2025:10:58:43 +0900] "GET /zerotodeploy/ HTTP/1.1" 200 7872
0:0:0:0:0:0:0:1 - - [30/Mar/2025:10:58:43 +0900] "GET /zerotodeploy/css/style.css HTTP/1.1" 200 8596
0:0:0:0:0:0:0:1 - - [30/Mar/2025:10:58:43 +0900] "GET /zerotodeploy/lib/wow/wow.js HTTP/1.1" 200 17059
0:0:0:0:0:0:0:1 - - [30/Mar/2025:10:58:43 +0900] "GET /zerotodeploy/lib/waypoints/waypoints.min.js HTTP/1.1" 200 9034
0:0:0:0:0:0:0:1 - - [30/Mar/2025:10:58:43 +0900] "GET /zerotodeploy/lib/animate/animate.min.css HTTP/1.1" 200 16964
0:0:0:0:0:0:0:1 - - [30/Mar/2025:10:58:43 +0900] "GET /zerotodeploy/lib/owlcarousel/owl.carousel.min.js HTTP/1.1" 200 42772
0:0:0:0:0:0:0:1 - - [30/Mar/2025:10:58:43 +0900] "GET /zerotodeploy/css/bootstrap.min.css HTTP/1.1" 200 164340
0:0:0:0:0:0:0:1 - - [30/Mar/2025:10:58:43 +0900] "GET /zerotodeploy/js/main.js HTTP/1.1" 200 1803
0:0:0:0:0:0:0:1 - - [30/Mar/2025:10:58:43 +0900] "GET /zerotodeploy/lib/easing/easing.min.js HTTP/1.1" 200 2303
0:0:0:0:0:0:0:1 - - [30/Mar/2025:10:58:43 +0900] "GET /zerotodeploy/lib/owlcarousel/assets/owl.carousel.min.css HTTP/1.1" 200 2941
0:0:0:0:0:0:0:1 - - [30/Mar/2025:10:58:44 +0900] "GET /zerotodeploy/img/favicon.ico HTTP/1.1" 404 9872
127.0.0.1 - - [30/Mar/2025:11:06:25 +0900] "GET /zerotodeploy HTTP/1.1" 302 -
127.0.0.1 - - [30/Mar/2025:11:06:25 +0900] "GET /zerotodeploy/ HTTP/1.1" 200 7872
127.0.0.1 - - [30/Mar/2025:11:06:37 +0900] "POST /zerotodeploy/login HTTP/1.1" 405 10545
127.0.0.1 - - [30/Mar/2025:11:06:47 +0900] "POST /zerotodeploy/signUp HTTP/1.1" 405 10546
127.0.0.1 - - [30/Mar/2025:11:06:54 +0900] "POST /zerotodeploy/signup HTTP/1.1" 404 9846
0:0:0:0:0:0:0:1 - - [30/Mar/2025:11:07:01 +0900] "GET /zerotodeploy/login HTTP/1.1" 200 6973
0:0:0:0:0:0:0:1 - - [30/Mar/2025:11:07:01 +0900] "GET /zerotodeploy/lib/animate/animate.min.css HTTP/1.1" 200 16964
0:0:0:0:0:0:0:1 - - [30/Mar/2025:11:07:01 +0900] "GET /zerotodeploy/lib/owlcarousel/assets/owl.carousel.min.css HTTP/1.1" 200 2941
0:0:0:0:0:0:0:1 - - [30/Mar/2025:11:07:01 +0900] "GET /zerotodeploy/lib/wow/wow.js HTTP/1.1" 200 17059
0:0:0:0:0:0:0:1 - - [30/Mar/2025:11:07:01 +0900] "GET /zerotodeploy/css/bootstrap.min.css HTTP/1.1" 200 164340
0:0:0:0:0:0:0:1 - - [30/Mar/2025:11:07:01 +0900] "GET /zerotodeploy/lib/waypoints/waypoints.min.js HTTP/1.1" 200 9034
0:0:0:0:0:0:0:1 - - [30/Mar/2025:11:07:01 +0900] "GET /zerotodeploy/lib/easing/easing.min.js HTTP/1.1" 200 2303
0:0:0:0:0:0:0:1 - - [30/Mar/2025:11:07:01 +0900] "GET /zerotodeploy/css/style.css HTTP/1.1" 200 8596
0:0:0:0:0:0:0:1 - - [30/Mar/2025:11:07:01 +0900] "GET /zerotodeploy/lib/owlcarousel/owl.carousel.min.js HTTP/1.1" 200 42772
0:0:0:0:0:0:0:1 - - [30/Mar/2025:11:07:01 +0900] "GET /zerotodeploy/js/main.js HTTP/1.1" 200 1803
0:0:0:0:0:0:0:1 - - [30/Mar/2025:11:07:03 +0900] "GET /zerotodeploy/signUp HTTP/1.1" 200 6697
0:0:0:0:0:0:0:1 - - [30/Mar/2025:11:07:03 +0900] "GET /zerotodeploy/lib/animate/animate.min.css HTTP/1.1" 200 16964
0:0:0:0:0:0:0:1 - - [30/Mar/2025:11:07:03 +0900] "GET /zerotodeploy/lib/owlcarousel/assets/owl.carousel.min.css HTTP/1.1" 200 2941
0:0:0:0:0:0:0:1 - - [30/Mar/2025:11:07:03 +0900] "GET /zerotodeploy/css/style.css HTTP/1.1" 200 8596
0:0:0:0:0:0:0:1 - - [30/Mar/2025:11:07:03 +0900] "GET /zerotodeploy/lib/wow/wow.js HTTP/1.1" 200 17059
0:0:0:0:0:0:0:1 - - [30/Mar/2025:11:07:03 +0900] "GET /zerotodeploy/css/bootstrap.min.css HTTP/1.1" 200 164340
0:0:0:0:0:0:0:1 - - [30/Mar/2025:11:07:03 +0900] "GET /zerotodeploy/lib/easing/easing.min.js HTTP/1.1" 200 2303
0:0:0:0:0:0:0:1 - - [30/Mar/2025:11:07:03 +0900] "GET /zerotodeploy/lib/waypoints/waypoints.min.js HTTP/1.1" 200 9034
0:0:0:0:0:0:0:1 - - [30/Mar/2025:11:07:03 +0900] "GET /zerotodeploy/js/main.js HTTP/1.1" 200 1803
0:0:0:0:0:0:0:1 - - [30/Mar/2025:11:07:03 +0900] "GET /zerotodeploy/lib/owlcarousel/owl.carousel.min.js HTTP/1.1" 200 42772
127.0.0.1 - - [30/Mar/2025:11:07:12 +0900] "POST /zerotodeploy/signUp HTTP/1.1" 405 10546
127.0.0.1 - - [30/Mar/2025:11:07:24 +0900] "POST /zerotodeploy/signUp HTTP/1.1" 405 10546
0:0:0:0:0:0:0:1 - - [30/Mar/2025:11:07:55 +0900] "POST /zerotodeploy/join HTTP/1.1" 302 -
0:0:0:0:0:0:0:1 - - [30/Mar/2025:11:07:55 +0900] "GET /zerotodeploy/login HTTP/1.1" 200 6973
0:0:0:0:0:0:0:1 - - [30/Mar/2025:11:07:55 +0900] "GET /zerotodeploy/lib/animate/animate.min.css HTTP/1.1" 200 16964
0:0:0:0:0:0:0:1 - - [30/Mar/2025:11:07:55 +0900] "GET /zerotodeploy/css/style.css HTTP/1.1" 200 8596
0:0:0:0:0:0:0:1 - - [30/Mar/2025:11:07:55 +0900] "GET /zerotodeploy/lib/waypoints/waypoints.min.js HTTP/1.1" 200 9034
0:0:0:0:0:0:0:1 - - [30/Mar/2025:11:07:55 +0900] "GET /zerotodeploy/lib/wow/wow.js HTTP/1.1" 200 17059
0:0:0:0:0:0:0:1 - - [30/Mar/2025:11:07:55 +0900] "GET /zerotodeploy/lib/owlcarousel/assets/owl.carousel.min.css HTTP/1.1" 200 2941
0:0:0:0:0:0:0:1 - - [30/Mar/2025:11:07:55 +0900] "GET /zerotodeploy/lib/easing/easing.min.js HTTP/1.1" 200 2303
0:0:0:0:0:0:0:1 - - [30/Mar/2025:11:07:55 +0900] "GET /zerotodeploy/css/bootstrap.min.css HTTP/1.1" 200 164340
0:0:0:0:0:0:0:1 - - [30/Mar/2025:11:07:55 +0900] "GET /zerotodeploy/js/main.js HTTP/1.1" 200 1803
0:0:0:0:0:0:0:1 - - [30/Mar/2025:11:07:55 +0900] "GET /zerotodeploy/lib/owlcarousel/owl.carousel.min.js HTTP/1.1" 200 42772
0:0:0:0:0:0:0:1 - - [30/Mar/2025:11:07:59 +0900] "POST /zerotodeploy/login HTTP/1.1" 405 10470
0:0:0:0:0:0:0:1 - - [30/Mar/2025:11:07:59 +0900] "GET /favicon.ico HTTP/1.1" 404 683
0:0:0:0:0:0:0:1 - - [30/Mar/2025:11:08:02 +0900] "GET /zerotodeploy/login HTTP/1.1" 200 6973
0:0:0:0:0:0:0:1 - - [30/Mar/2025:11:08:02 +0900] "GET /zerotodeploy/lib/animate/animate.min.css HTTP/1.1" 200 16964
0:0:0:0:0:0:0:1 - - [30/Mar/2025:11:08:02 +0900] "GET /zerotodeploy/css/style.css HTTP/1.1" 200 8596
0:0:0:0:0:0:0:1 - - [30/Mar/2025:11:08:02 +0900] "GET /zerotodeploy/lib/owlcarousel/assets/owl.carousel.min.css HTTP/1.1" 200 2941
0:0:0:0:0:0:0:1 - - [30/Mar/2025:11:08:02 +0900] "GET /zerotodeploy/lib/wow/wow.js HTTP/1.1" 200 17059
0:0:0:0:0:0:0:1 - - [30/Mar/2025:11:08:02 +0900] "GET /zerotodeploy/lib/easing/easing.min.js HTTP/1.1" 200 2303
0:0:0:0:0:0:0:1 - - [30/Mar/2025:11:08:02 +0900] "GET /zerotodeploy/css/bootstrap.min.css HTTP/1.1" 200 164340
0:0:0:0:0:0:0:1 - - [30/Mar/2025:11:08:02 +0900] "GET /zerotodeploy/lib/waypoints/waypoints.min.js HTTP/1.1" 200 9034
0:0:0:0:0:0:0:1 - - [30/Mar/2025:11:08:02 +0900] "GET /zerotodeploy/js/main.js HTTP/1.1" 200 1803
0:0:0:0:0:0:0:1 - - [30/Mar/2025:11:08:02 +0900] "GET /zerotodeploy/lib/owlcarousel/owl.carousel.min.js HTTP/1.1" 200 42772
0:0:0:0:0:0:0:1 - - [30/Mar/2025:11:37:04 +0900] "GET /zertodeploy HTTP/1.1" 404 683
0:0:0:0:0:0:0:1 - - [30/Mar/2025:11:37:08 +0900] "GET /zertodeploy/ HTTP/1.1" 404 683
0:0:0:0:0:0:0:1 - - [30/Mar/2025:11:37:11 +0900] "GET /zerotodeploy/ HTTP/1.1" 200 7872
0:0:0:0:0:0:0:1 - - [30/Mar/2025:11:37:11 +0900] "GET /zerotodeploy/lib/animate/animate.min.css HTTP/1.1" 200 16964
0:0:0:0:0:0:0:1 - - [30/Mar/2025:11:37:11 +0900] "GET /zerotodeploy/lib/owlcarousel/assets/owl.carousel.min.css HTTP/1.1" 200 2941
0:0:0:0:0:0:0:1 - - [30/Mar/2025:11:37:11 +0900] "GET /zerotodeploy/css/bootstrap.min.css HTTP/1.1" 200 164340
0:0:0:0:0:0:0:1 - - [30/Mar/2025:11:37:11 +0900] "GET /zerotodeploy/css/style.css HTTP/1.1" 200 8596
0:0:0:0:0:0:0:1 - - [30/Mar/2025:11:37:11 +0900] "GET /zerotodeploy/lib/easing/easing.min.js HTTP/1.1" 200 2303
0:0:0:0:0:0:0:1 - - [30/Mar/2025:11:37:11 +0900] "GET /zerotodeploy/lib/wow/wow.js HTTP/1.1" 200 17059
0:0:0:0:0:0:0:1 - - [30/Mar/2025:11:37:11 +0900] "GET /zerotodeploy/lib/waypoints/waypoints.min.js HTTP/1.1" 200 9034
0:0:0:0:0:0:0:1 - - [30/Mar/2025:11:37:11 +0900] "GET /zerotodeploy/js/main.js HTTP/1.1" 200 1803
0:0:0:0:0:0:0:1 - - [30/Mar/2025:11:37:11 +0900] "GET /zerotodeploy/lib/owlcarousel/owl.carousel.min.js HTTP/1.1" 200 42772
0:0:0:0:0:0:0:1 - - [30/Mar/2025:12:11:54 +0900] "GET /zerotodeploy/login HTTP/1.1" 200 6973
0:0:0:0:0:0:0:1 - - [30/Mar/2025:12:11:54 +0900] "GET /zerotodeploy/lib/animate/animate.min.css HTTP/1.1" 200 16964
0:0:0:0:0:0:0:1 - - [30/Mar/2025:12:11:54 +0900] "GET /zerotodeploy/lib/owlcarousel/assets/owl.carousel.min.css HTTP/1.1" 200 2941
0:0:0:0:0:0:0:1 - - [30/Mar/2025:12:11:54 +0900] "GET /zerotodeploy/lib/easing/easing.min.js HTTP/1.1" 200 2303
0:0:0:0:0:0:0:1 - - [30/Mar/2025:12:11:54 +0900] "GET /zerotodeploy/css/style.css HTTP/1.1" 200 8596
0:0:0:0:0:0:0:1 - - [30/Mar/2025:12:11:54 +0900] "GET /zerotodeploy/lib/wow/wow.js HTTP/1.1" 200 17059
0:0:0:0:0:0:0:1 - - [30/Mar/2025:12:11:54 +0900] "GET /zerotodeploy/css/bootstrap.min.css HTTP/1.1" 200 164340
0:0:0:0:0:0:0:1 - - [30/Mar/2025:12:11:54 +0900] "GET /zerotodeploy/lib/waypoints/waypoints.min.js HTTP/1.1" 200 9034
0:0:0:0:0:0:0:1 - - [30/Mar/2025:12:11:54 +0900] "GET /zerotodeploy/lib/owlcarousel/owl.carousel.min.js HTTP/1.1" 200 42772
0:0:0:0:0:0:0:1 - - [30/Mar/2025:12:11:54 +0900] "GET /zerotodeploy/js/main.js HTTP/1.1" 200 1803
0:0:0:0:0:0:0:1 - - [30/Mar/2025:12:13:30 +0900] "GET /zerotodeploy/login HTTP/1.1" 200 6973
0:0:0:0:0:0:0:1 - - [30/Mar/2025:12:13:30 +0900] "GET /zerotodeploy/lib/owlcarousel/assets/owl.carousel.min.css HTTP/1.1" 200 2941
0:0:0:0:0:0:0:1 - - [30/Mar/2025:12:13:30 +0900] "GET /zerotodeploy/lib/animate/animate.min.css HTTP/1.1" 200 16964
0:0:0:0:0:0:0:1 - - [30/Mar/2025:12:13:30 +0900] "GET /zerotodeploy/lib/wow/wow.js HTTP/1.1" 200 17059
0:0:0:0:0:0:0:1 - - [30/Mar/2025:12:13:30 +0900] "GET /zerotodeploy/lib/easing/easing.min.js HTTP/1.1" 200 2303
0:0:0:0:0:0:0:1 - - [30/Mar/2025:12:13:30 +0900] "GET /zerotodeploy/lib/owlcarousel/owl.carousel.min.js HTTP/1.1" 200 42772
0:0:0:0:0:0:0:1 - - [30/Mar/2025:12:13:30 +0900] "GET /zerotodeploy/lib/waypoints/waypoints.min.js HTTP/1.1" 200 9034
0:0:0:0:0:0:0:1 - - [30/Mar/2025:12:13:30 +0900] "GET /zerotodeploy/css/bootstrap.min.css HTTP/1.1" 200 164340
0:0:0:0:0:0:0:1 - - [30/Mar/2025:12:13:30 +0900] "GET /zerotodeploy/css/style.css HTTP/1.1" 200 8596
0:0:0:0:0:0:0:1 - - [30/Mar/2025:12:13:30 +0900] "GET /zerotodeploy/js/main.js HTTP/1.1" 200 1803
0:0:0:0:0:0:0:1 - - [30/Mar/2025:12:13:32 +0900] "GET /zerotodeploy/login HTTP/1.1" 200 6956
0:0:0:0:0:0:0:1 - - [30/Mar/2025:12:13:32 +0900] "GET /zerotodeploy/lib/animate/animate.min.css HTTP/1.1" 200 16964
0:0:0:0:0:0:0:1 - - [30/Mar/2025:12:13:32 +0900] "GET /zerotodeploy/css/style.css HTTP/1.1" 200 8596
0:0:0:0:0:0:0:1 - - [30/Mar/2025:12:13:32 +0900] "GET /zerotodeploy/lib/owlcarousel/assets/owl.carousel.min.css HTTP/1.1" 200 2941
0:0:0:0:0:0:0:1 - - [30/Mar/2025:12:13:32 +0900] "GET /zerotodeploy/css/bootstrap.min.css HTTP/1.1" 200 164340
0:0:0:0:0:0:0:1 - - [30/Mar/2025:12:13:32 +0900] "GET /zerotodeploy/lib/wow/wow.js HTTP/1.1" 200 17059
0:0:0:0:0:0:0:1 - - [30/Mar/2025:12:13:32 +0900] "GET /zerotodeploy/lib/easing/easing.min.js HTTP/1.1" 200 2303
0:0:0:0:0:0:0:1 - - [30/Mar/2025:12:13:32 +0900] "GET /zerotodeploy/lib/waypoints/waypoints.min.js HTTP/1.1" 200 9034
0:0:0:0:0:0:0:1 - - [30/Mar/2025:12:13:32 +0900] "GET /zerotodeploy/js/main.js HTTP/1.1" 200 1803
0:0:0:0:0:0:0:1 - - [30/Mar/2025:12:13:32 +0900] "GET /zerotodeploy/lib/owlcarousel/owl.carousel.min.js HTTP/1.1" 200 42772
0:0:0:0:0:0:0:1 - - [30/Mar/2025:12:16:34 +0900] "GET /zerotodeploy/login HTTP/1.1" 200 6991
0:0:0:0:0:0:0:1 - - [30/Mar/2025:12:16:34 +0900] "GET /zerotodeploy/lib/animate/animate.min.css HTTP/1.1" 200 16964
0:0:0:0:0:0:0:1 - - [30/Mar/2025:12:16:34 +0900] "GET /static/img/kakao_login/en/kakao_login_medium_narrow.png HTTP/1.1" 404 683
0:0:0:0:0:0:0:1 - - [30/Mar/2025:12:16:34 +0900] "GET /zerotodeploy/css/style.css HTTP/1.1" 200 8596
0:0:0:0:0:0:0:1 - - [30/Mar/2025:12:16:34 +0900] "GET /zerotodeploy/lib/owlcarousel/assets/owl.carousel.min.css HTTP/1.1" 200 2941
0:0:0:0:0:0:0:1 - - [30/Mar/2025:12:16:34 +0900] "GET /zerotodeploy/lib/wow/wow.js HTTP/1.1" 200 17059
0:0:0:0:0:0:0:1 - - [30/Mar/2025:12:16:34 +0900] "GET /zerotodeploy/css/bootstrap.min.css HTTP/1.1" 200 164340
0:0:0:0:0:0:0:1 - - [30/Mar/2025:12:16:34 +0900] "GET /zerotodeploy/lib/easing/easing.min.js HTTP/1.1" 200 2303
0:0:0:0:0:0:0:1 - - [30/Mar/2025:12:16:34 +0900] "GET /zerotodeploy/lib/waypoints/waypoints.min.js HTTP/1.1" 200 9034
0:0:0:0:0:0:0:1 - - [30/Mar/2025:12:16:34 +0900] "GET /zerotodeploy/js/main.js HTTP/1.1" 200 1803
0:0:0:0:0:0:0:1 - - [30/Mar/2025:12:16:34 +0900] "GET /zerotodeploy/lib/owlcarousel/owl.carousel.min.js HTTP/1.1" 200 42772
0:0:0:0:0:0:0:1 - - [30/Mar/2025:12:16:35 +0900] "GET /zerotodeploy/login HTTP/1.1" 200 6991
0:0:0:0:0:0:0:1 - - [30/Mar/2025:12:16:35 +0900] "GET /zerotodeploy/lib/animate/animate.min.css HTTP/1.1" 200 16964
0:0:0:0:0:0:0:1 - - [30/Mar/2025:12:16:35 +0900] "GET /zerotodeploy/lib/owlcarousel/assets/owl.carousel.min.css HTTP/1.1" 200 2941
0:0:0:0:0:0:0:1 - - [30/Mar/2025:12:16:35 +0900] "GET /zerotodeploy/css/style.css HTTP/1.1" 200 8596
0:0:0:0:0:0:0:1 - - [30/Mar/2025:12:16:35 +0900] "GET /static/img/kakao_login/en/kakao_login_medium_narrow.png HTTP/1.1" 404 683
0:0:0:0:0:0:0:1 - - [30/Mar/2025:12:16:35 +0900] "GET /zerotodeploy/css/bootstrap.min.css HTTP/1.1" 200 164340
0:0:0:0:0:0:0:1 - - [30/Mar/2025:12:16:35 +0900] "GET /zerotodeploy/lib/wow/wow.js HTTP/1.1" 200 17059
0:0:0:0:0:0:0:1 - - [30/Mar/2025:12:16:35 +0900] "GET /zerotodeploy/lib/easing/easing.min.js HTTP/1.1" 200 2303
0:0:0:0:0:0:0:1 - - [30/Mar/2025:12:16:35 +0900] "GET /zerotodeploy/lib/waypoints/waypoints.min.js HTTP/1.1" 200 9034
0:0:0:0:0:0:0:1 - - [30/Mar/2025:12:16:35 +0900] "GET /zerotodeploy/js/main.js HTTP/1.1" 200 1803
0:0:0:0:0:0:0:1 - - [30/Mar/2025:12:16:35 +0900] "GET /zerotodeploy/lib/owlcarousel/owl.carousel.min.js HTTP/1.1" 200 42772
0:0:0:0:0:0:0:1 - - [30/Mar/2025:12:18:09 +0900] "GET /zerotodeploy/login HTTP/1.1" 200 6991
0:0:0:0:0:0:0:1 - - [30/Mar/2025:12:18:09 +0900] "GET /zerotodeploy/lib/animate/animate.min.css HTTP/1.1" 200 16964
0:0:0:0:0:0:0:1 - - [30/Mar/2025:12:18:09 +0900] "GET /static/img/kakao_login/en/kakao_login_medium_narrow.png HTTP/1.1" 404 683
0:0:0:0:0:0:0:1 - - [30/Mar/2025:12:18:09 +0900] "GET /zerotodeploy/lib/owlcarousel/assets/owl.carousel.min.css HTTP/1.1" 200 2941
0:0:0:0:0:0:0:1 - - [30/Mar/2025:12:18:09 +0900] "GET /zerotodeploy/lib/wow/wow.js HTTP/1.1" 200 17059
0:0:0:0:0:0:0:1 - - [30/Mar/2025:12:18:09 +0900] "GET /zerotodeploy/css/style.css HTTP/1.1" 200 8596
0:0:0:0:0:0:0:1 - - [30/Mar/2025:12:18:09 +0900] "GET /zerotodeploy/css/bootstrap.min.css HTTP/1.1" 200 164340
0:0:0:0:0:0:0:1 - - [30/Mar/2025:12:18:09 +0900] "GET /zerotodeploy/lib/easing/easing.min.js HTTP/1.1" 200 2303
0:0:0:0:0:0:0:1 - - [30/Mar/2025:12:18:09 +0900] "GET /zerotodeploy/lib/waypoints/waypoints.min.js HTTP/1.1" 200 9034
0:0:0:0:0:0:0:1 - - [30/Mar/2025:12:18:09 +0900] "GET /zerotodeploy/lib/owlcarousel/owl.carousel.min.js HTTP/1.1" 200 42772
0:0:0:0:0:0:0:1 - - [30/Mar/2025:12:18:09 +0900] "GET /zerotodeploy/js/main.js HTTP/1.1" 200 1803
0:0:0:0:0:0:0:1 - - [30/Mar/2025:12:18:11 +0900] "GET /zerotodeploy/css/style.css HTTP/1.1" 200 8596
0:0:0:0:0:0:0:1 - - [30/Mar/2025:12:18:11 +0900] "GET /zerotodeploy/lib/owlcarousel/assets/owl.carousel.min.css HTTP/1.1" 200 2941
0:0:0:0:0:0:0:1 - - [30/Mar/2025:12:18:11 +0900] "GET /zerotodeploy/lib/animate/animate.min.css HTTP/1.1" 200 16964
0:0:0:0:0:0:0:1 - - [30/Mar/2025:12:18:11 +0900] "GET /zerotodeploy/css/bootstrap.min.css HTTP/1.1" 200 164340
0:0:0:0:0:0:0:1 - - [30/Mar/2025:12:18:12 +0900] "GET /zerotodeploy/login HTTP/1.1" 200 6991
0:0:0:0:0:0:0:1 - - [30/Mar/2025:12:18:12 +0900] "GET /static/img/kakao_login/en/kakao_login_medium_narrow.png HTTP/1.1" 404 683
0:0:0:0:0:0:0:1 - - [30/Mar/2025:12:18:12 +0900] "GET /zerotodeploy/lib/animate/animate.min.css HTTP/1.1" 200 16964
0:0:0:0:0:0:0:1 - - [30/Mar/2025:12:18:12 +0900] "GET /zerotodeploy/css/style.css HTTP/1.1" 200 8596
0:0:0:0:0:0:0:1 - - [30/Mar/2025:12:18:12 +0900] "GET /zerotodeploy/lib/owlcarousel/assets/owl.carousel.min.css HTTP/1.1" 200 2941
0:0:0:0:0:0:0:1 - - [30/Mar/2025:12:18:12 +0900] "GET /zerotodeploy/lib/wow/wow.js HTTP/1.1" 200 17059
0:0:0:0:0:0:0:1 - - [30/Mar/2025:12:18:12 +0900] "GET /zerotodeploy/css/bootstrap.min.css HTTP/1.1" 200 164340
0:0:0:0:0:0:0:1 - - [30/Mar/2025:12:18:12 +0900] "GET /zerotodeploy/lib/easing/easing.min.js HTTP/1.1" 200 2303
0:0:0:0:0:0:0:1 - - [30/Mar/2025:12:18:12 +0900] "GET /zerotodeploy/lib/waypoints/waypoints.min.js HTTP/1.1" 200 9034
0:0:0:0:0:0:0:1 - - [30/Mar/2025:12:18:12 +0900] "GET /zerotodeploy/js/main.js HTTP/1.1" 200 1803
0:0:0:0:0:0:0:1 - - [30/Mar/2025:12:18:12 +0900] "GET /zerotodeploy/lib/owlcarousel/owl.carousel.min.js HTTP/1.1" 200 42772
0:0:0:0:0:0:0:1 - - [30/Mar/2025:12:18:14 +0900] "GET /static/img/kakao_login/en/kakao_login_medium_narrow.png HTTP/1.1" 404 683
0:0:0:0:0:0:0:1 - - [30/Mar/2025:12:19:47 +0900] "GET /zerotodeploy/login HTTP/1.1" 200 6991
0:0:0:0:0:0:0:1 - - [30/Mar/2025:12:19:47 +0900] "GET /zerotodeploy/lib/animate/animate.min.css HTTP/1.1" 200 16964
0:0:0:0:0:0:0:1 - - [30/Mar/2025:12:19:47 +0900] "GET /zerotodeploy/lib/owlcarousel/assets/owl.carousel.min.css HTTP/1.1" 200 2941
0:0:0:0:0:0:0:1 - - [30/Mar/2025:12:19:47 +0900] "GET /static/img/kakao_login/en/kakao_login_medium_narrow.png HTTP/1.1" 404 683
0:0:0:0:0:0:0:1 - - [30/Mar/2025:12:19:47 +0900] "GET /zerotodeploy/css/style.css HTTP/1.1" 200 8596
0:0:0:0:0:0:0:1 - - [30/Mar/2025:12:19:47 +0900] "GET /zerotodeploy/lib/wow/wow.js HTTP/1.1" 200 17059
0:0:0:0:0:0:0:1 - - [30/Mar/2025:12:19:47 +0900] "GET /zerotodeploy/css/bootstrap.min.css HTTP/1.1" 200 164340
0:0:0:0:0:0:0:1 - - [30/Mar/2025:12:19:47 +0900] "GET /zerotodeploy/lib/easing/easing.min.js HTTP/1.1" 200 2303
0:0:0:0:0:0:0:1 - - [30/Mar/2025:12:19:47 +0900] "GET /zerotodeploy/lib/owlcarousel/owl.carousel.min.js HTTP/1.1" 200 42772
0:0:0:0:0:0:0:1 - - [30/Mar/2025:12:19:47 +0900] "GET /zerotodeploy/lib/waypoints/waypoints.min.js HTTP/1.1" 200 9034
0:0:0:0:0:0:0:1 - - [30/Mar/2025:12:19:47 +0900] "GET /zerotodeploy/js/main.js HTTP/1.1" 200 1803
0:0:0:0:0:0:0:1 - - [30/Mar/2025:12:19:49 +0900] "GET /zerotodeploy/login HTTP/1.1" 200 7012
0:0:0:0:0:0:0:1 - - [30/Mar/2025:12:19:49 +0900] "GET /zerotodeploy/lib/animate/animate.min.css HTTP/1.1" 200 16964
0:0:0:0:0:0:0:1 - - [30/Mar/2025:12:19:49 +0900] "GET /zerotodeploy/css/style.css HTTP/1.1" 200 8596
0:0:0:0:0:0:0:1 - - [30/Mar/2025:12:19:49 +0900] "GET /zerotodeploy/lib/owlcarousel/assets/owl.carousel.min.css HTTP/1.1" 200 2941
0:0:0:0:0:0:0:1 - - [30/Mar/2025:12:19:49 +0900] "GET /zerotodeploy/css/bootstrap.min.css HTTP/1.1" 200 164340
0:0:0:0:0:0:0:1 - - [30/Mar/2025:12:19:49 +0900] "GET /zerotodeploy/lib/easing/easing.min.js HTTP/1.1" 200 2303
0:0:0:0:0:0:0:1 - - [30/Mar/2025:12:19:49 +0900] "GET /zerotodeploy/lib/wow/wow.js HTTP/1.1" 200 17059
0:0:0:0:0:0:0:1 - - [30/Mar/2025:12:19:49 +0900] "GET /zerotodeploy/lib/waypoints/waypoints.min.js HTTP/1.1" 200 9034
0:0:0:0:0:0:0:1 - - [30/Mar/2025:12:19:49 +0900] "GET /zerotodeploy/lib/owlcarousel/owl.carousel.min.js HTTP/1.1" 200 42772
0:0:0:0:0:0:0:1 - - [30/Mar/2025:12:19:49 +0900] "GET /zerotodeploy/js/main.js HTTP/1.1" 200 1803
0:0:0:0:0:0:0:1 - - [30/Mar/2025:12:19:49 +0900] "GET /zerotodeploy/resources/static/img/kakao_login/en/kakao_login_medium_narrow.png HTTP/1.1" 404 10022
0:0:0:0:0:0:0:1 - - [30/Mar/2025:12:19:50 +0900] "GET /zerotodeploy/login HTTP/1.1" 200 7012
0:0:0:0:0:0:0:1 - - [30/Mar/2025:12:19:50 +0900] "GET /zerotodeploy/lib/animate/animate.min.css HTTP/1.1" 200 16964
0:0:0:0:0:0:0:1 - - [30/Mar/2025:12:19:50 +0900] "GET /zerotodeploy/css/style.css HTTP/1.1" 200 8596
0:0:0:0:0:0:0:1 - - [30/Mar/2025:12:19:50 +0900] "GET /zerotodeploy/lib/owlcarousel/assets/owl.carousel.min.css HTTP/1.1" 200 2941
0:0:0:0:0:0:0:1 - - [30/Mar/2025:12:19:50 +0900] "GET /zerotodeploy/lib/wow/wow.js HTTP/1.1" 200 17059
0:0:0:0:0:0:0:1 - - [30/Mar/2025:12:19:50 +0900] "GET /zerotodeploy/css/bootstrap.min.css HTTP/1.1" 200 164340
0:0:0:0:0:0:0:1 - - [30/Mar/2025:12:19:50 +0900] "GET /zerotodeploy/lib/easing/easing.min.js HTTP/1.1" 200 2303
0:0:0:0:0:0:0:1 - - [30/Mar/2025:12:19:50 +0900] "GET /zerotodeploy/resources/static/img/kakao_login/en/kakao_login_medium_narrow.png HTTP/1.1" 404 10022
0:0:0:0:0:0:0:1 - - [30/Mar/2025:12:19:50 +0900] "GET /zerotodeploy/lib/waypoints/waypoints.min.js HTTP/1.1" 200 9034
0:0:0:0:0:0:0:1 - - [30/Mar/2025:12:19:50 +0900] "GET /zerotodeploy/js/main.js HTTP/1.1" 200 1803
0:0:0:0:0:0:0:1 - - [30/Mar/2025:12:19:50 +0900] "GET /zerotodeploy/lib/owlcarousel/owl.carousel.min.js HTTP/1.1" 200 42772
0:0:0:0:0:0:0:1 - - [30/Mar/2025:12:19:51 +0900] "GET /zerotodeploy/login HTTP/1.1" 200 7012
0:0:0:0:0:0:0:1 - - [30/Mar/2025:12:19:51 +0900] "GET /zerotodeploy/lib/animate/animate.min.css HTTP/1.1" 200 16964
0:0:0:0:0:0:0:1 - - [30/Mar/2025:12:19:51 +0900] "GET /zerotodeploy/css/style.css HTTP/1.1" 200 8596
0:0:0:0:0:0:0:1 - - [30/Mar/2025:12:19:51 +0900] "GET /zerotodeploy/lib/owlcarousel/assets/owl.carousel.min.css HTTP/1.1" 200 2941
0:0:0:0:0:0:0:1 - - [30/Mar/2025:12:19:51 +0900] "GET /zerotodeploy/lib/wow/wow.js HTTP/1.1" 200 17059
0:0:0:0:0:0:0:1 - - [30/Mar/2025:12:19:51 +0900] "GET /zerotodeploy/css/bootstrap.min.css HTTP/1.1" 200 164340
0:0:0:0:0:0:0:1 - - [30/Mar/2025:12:19:51 +0900] "GET /zerotodeploy/resources/static/img/kakao_login/en/kakao_login_medium_narrow.png HTTP/1.1" 404 10022
0:0:0:0:0:0:0:1 - - [30/Mar/2025:12:19:51 +0900] "GET /zerotodeploy/lib/easing/easing.min.js HTTP/1.1" 200 2303
0:0:0:0:0:0:0:1 - - [30/Mar/2025:12:19:51 +0900] "GET /zerotodeploy/js/main.js HTTP/1.1" 200 1803
0:0:0:0:0:0:0:1 - - [30/Mar/2025:12:19:51 +0900] "GET /zerotodeploy/lib/owlcarousel/owl.carousel.min.js HTTP/1.1" 200 42772
0:0:0:0:0:0:0:1 - - [30/Mar/2025:12:19:51 +0900] "GET /zerotodeploy/lib/waypoints/waypoints.min.js HTTP/1.1" 200 9034
0:0:0:0:0:0:0:1 - - [30/Mar/2025:12:19:52 +0900] "GET /zerotodeploy/login HTTP/1.1" 200 7012
0:0:0:0:0:0:0:1 - - [30/Mar/2025:12:19:52 +0900] "GET /zerotodeploy/lib/owlcarousel/assets/owl.carousel.min.css HTTP/1.1" 200 2941
0:0:0:0:0:0:0:1 - - [30/Mar/2025:12:19:52 +0900] "GET /zerotodeploy/lib/animate/animate.min.css HTTP/1.1" 200 16964
0:0:0:0:0:0:0:1 - - [30/Mar/2025:12:19:52 +0900] "GET /zerotodeploy/css/bootstrap.min.css HTTP/1.1" 200 164340
0:0:0:0:0:0:0:1 - - [30/Mar/2025:12:19:52 +0900] "GET /zerotodeploy/lib/wow/wow.js HTTP/1.1" 200 17059
0:0:0:0:0:0:0:1 - - [30/Mar/2025:12:19:52 +0900] "GET /zerotodeploy/css/style.css HTTP/1.1" 200 8596
0:0:0:0:0:0:0:1 - - [30/Mar/2025:12:19:52 +0900] "GET /zerotodeploy/resources/static/img/kakao_login/en/kakao_login_medium_narrow.png HTTP/1.1" 404 10022
0:0:0:0:0:0:0:1 - - [30/Mar/2025:12:19:52 +0900] "GET /zerotodeploy/lib/easing/easing.min.js HTTP/1.1" 200 2303
0:0:0:0:0:0:0:1 - - [30/Mar/2025:12:19:52 +0900] "GET /zerotodeploy/lib/waypoints/waypoints.min.js HTTP/1.1" 200 9034
0:0:0:0:0:0:0:1 - - [30/Mar/2025:12:19:52 +0900] "GET /zerotodeploy/lib/owlcarousel/owl.carousel.min.js HTTP/1.1" 200 42772
0:0:0:0:0:0:0:1 - - [30/Mar/2025:12:19:52 +0900] "GET /zerotodeploy/js/main.js HTTP/1.1" 200 1803
0:0:0:0:0:0:0:1 - - [30/Mar/2025:12:19:53 +0900] "GET /zerotodeploy/login HTTP/1.1" 200 7012
0:0:0:0:0:0:0:1 - - [30/Mar/2025:12:19:53 +0900] "GET /zerotodeploy/lib/animate/animate.min.css HTTP/1.1" 200 16964
0:0:0:0:0:0:0:1 - - [30/Mar/2025:12:19:53 +0900] "GET /zerotodeploy/lib/wow/wow.js HTTP/1.1" 200 17059
0:0:0:0:0:0:0:1 - - [30/Mar/2025:12:19:53 +0900] "GET /zerotodeploy/lib/owlcarousel/assets/owl.carousel.min.css HTTP/1.1" 200 2941
0:0:0:0:0:0:0:1 - - [30/Mar/2025:12:19:53 +0900] "GET /zerotodeploy/css/style.css HTTP/1.1" 200 8596
0:0:0:0:0:0:0:1 - - [30/Mar/2025:12:19:53 +0900] "GET /zerotodeploy/css/bootstrap.min.css HTTP/1.1" 200 164340
0:0:0:0:0:0:0:1 - - [30/Mar/2025:12:19:53 +0900] "GET /zerotodeploy/resources/static/img/kakao_login/en/kakao_login_medium_narrow.png HTTP/1.1" 404 10022
0:0:0:0:0:0:0:1 - - [30/Mar/2025:12:19:53 +0900] "GET /zerotodeploy/lib/easing/easing.min.js HTTP/1.1" 200 2303
0:0:0:0:0:0:0:1 - - [30/Mar/2025:12:19:53 +0900] "GET /zerotodeploy/lib/owlcarousel/owl.carousel.min.js HTTP/1.1" 200 42772
0:0:0:0:0:0:0:1 - - [30/Mar/2025:12:19:53 +0900] "GET /zerotodeploy/lib/waypoints/waypoints.min.js HTTP/1.1" 200 9034
0:0:0:0:0:0:0:1 - - [30/Mar/2025:12:19:53 +0900] "GET /zerotodeploy/js/main.js HTTP/1.1" 200 1803
0:0:0:0:0:0:0:1 - - [30/Mar/2025:12:20:05 +0900] "GET /zerotodeploy/login HTTP/1.1" 200 7012
0:0:0:0:0:0:0:1 - - [30/Mar/2025:12:20:05 +0900] "GET /zerotodeploy/css/style.css HTTP/1.1" 200 8596
0:0:0:0:0:0:0:1 - - [30/Mar/2025:12:20:05 +0900] "GET /zerotodeploy/lib/animate/animate.min.css HTTP/1.1" 200 16964
0:0:0:0:0:0:0:1 - - [30/Mar/2025:12:20:05 +0900] "GET /zerotodeploy/lib/owlcarousel/assets/owl.carousel.min.css HTTP/1.1" 200 2941
0:0:0:0:0:0:0:1 - - [30/Mar/2025:12:20:05 +0900] "GET /zerotodeploy/lib/wow/wow.js HTTP/1.1" 200 17059
0:0:0:0:0:0:0:1 - - [30/Mar/2025:12:20:05 +0900] "GET /zerotodeploy/css/bootstrap.min.css HTTP/1.1" 200 164340
0:0:0:0:0:0:0:1 - - [30/Mar/2025:12:20:05 +0900] "GET /zerotodeploy/js/main.js HTTP/1.1" 200 1803
0:0:0:0:0:0:0:1 - - [30/Mar/2025:12:20:05 +0900] "GET /zerotodeploy/lib/easing/easing.min.js HTTP/1.1" 200 2303
0:0:0:0:0:0:0:1 - - [30/Mar/2025:12:20:05 +0900] "GET /zerotodeploy/lib/waypoints/waypoints.min.js HTTP/1.1" 200 9034
0:0:0:0:0:0:0:1 - - [30/Mar/2025:12:20:05 +0900] "GET /zerotodeploy/lib/owlcarousel/owl.carousel.min.js HTTP/1.1" 200 42772
0:0:0:0:0:0:0:1 - - [30/Mar/2025:12:20:05 +0900] "GET /zerotodeploy/resources/static/img/kakao_login/en/kakao_login_medium_narrow.png HTTP/1.1" 404 10022
0:0:0:0:0:0:0:1 - - [30/Mar/2025:12:21:26 +0900] "GET /zerotodeploy/login HTTP/1.1" 500 10398
0:0:0:0:0:0:0:1 - - [30/Mar/2025:12:21:28 +0900] "GET /zerotodeploy/login HTTP/1.1" 200 7019
0:0:0:0:0:0:0:1 - - [30/Mar/2025:12:21:28 +0900] "GET /zerotodeploy/lib/animate/animate.min.css HTTP/1.1" 200 16964
0:0:0:0:0:0:0:1 - - [30/Mar/2025:12:21:28 +0900] "GET /zerotodeploy/lib/owlcarousel/assets/owl.carousel.min.css HTTP/1.1" 200 2941
0:0:0:0:0:0:0:1 - - [30/Mar/2025:12:21:29 +0900] "GET /zerotodeploy/login HTTP/1.1" 200 7019
0:0:0:0:0:0:0:1 - - [30/Mar/2025:12:21:29 +0900] "GET /zerotodeploy/lib/animate/animate.min.css HTTP/1.1" 200 16964
0:0:0:0:0:0:0:1 - - [30/Mar/2025:12:21:29 +0900] "GET /zerotodeploy/css/style.css HTTP/1.1" 200 8596
0:0:0:0:0:0:0:1 - - [30/Mar/2025:12:21:29 +0900] "GET /zerotodeploy/lib/owlcarousel/assets/owl.carousel.min.css HTTP/1.1" 200 2941
0:0:0:0:0:0:0:1 - - [30/Mar/2025:12:21:29 +0900] "GET /zerotodeploy/css/bootstrap.min.css HTTP/1.1" 200 164340
0:0:0:0:0:0:0:1 - - [30/Mar/2025:12:21:29 +0900] "GET /zerotodeploy/lib/easing/easing.min.js HTTP/1.1" 200 2303
0:0:0:0:0:0:0:1 - - [30/Mar/2025:12:21:29 +0900] "GET /zerotodeploy/lib/wow/wow.js HTTP/1.1" 200 17059
0:0:0:0:0:0:0:1 - - [30/Mar/2025:12:21:29 +0900] "GET /zerotodeploy/lib/waypoints/waypoints.min.js HTTP/1.1" 200 9034
0:0:0:0:0:0:0:1 - - [30/Mar/2025:12:21:29 +0900] "GET /zerotodeploy/resources/static/img/kakao_login/en/kakao_login_medium_narrow.png HTTP/1.1" 404 10022
0:0:0:0:0:0:0:1 - - [30/Mar/2025:12:21:29 +0900] "GET /zerotodeploy/lib/owlcarousel/owl.carousel.min.js HTTP/1.1" 200 42772
0:0:0:0:0:0:0:1 - - [30/Mar/2025:12:21:29 +0900] "GET /zerotodeploy/js/main.js HTTP/1.1" 200 1803
0:0:0:0:0:0:0:1 - - [30/Mar/2025:12:21:34 +0900] "GET /zerotodeploy/resources/static/img/kakao_login/en/kakao_login_medium_narrow.png HTTP/1.1" 404 9886
0:0:0:0:0:0:0:1 - - [30/Mar/2025:12:22:47 +0900] "GET /zerotodeploy/login HTTP/1.1" 200 7019
0:0:0:0:0:0:0:1 - - [30/Mar/2025:12:22:47 +0900] "GET /zerotodeploy/lib/animate/animate.min.css HTTP/1.1" 200 16964
0:0:0:0:0:0:0:1 - - [30/Mar/2025:12:22:47 +0900] "GET /zerotodeploy/lib/owlcarousel/assets/owl.carousel.min.css HTTP/1.1" 200 2941
0:0:0:0:0:0:0:1 - - [30/Mar/2025:12:22:47 +0900] "GET /zerotodeploy/css/style.css HTTP/1.1" 200 8596
0:0:0:0:0:0:0:1 - - [30/Mar/2025:12:22:47 +0900] "GET /zerotodeploy/css/bootstrap.min.css HTTP/1.1" 200 164340
0:0:0:0:0:0:0:1 - - [30/Mar/2025:12:22:47 +0900] "GET /zerotodeploy/lib/wow/wow.js HTTP/1.1" 200 17059
0:0:0:0:0:0:0:1 - - [30/Mar/2025:12:22:47 +0900] "GET /zerotodeploy/lib/easing/easing.min.js HTTP/1.1" 200 2303
0:0:0:0:0:0:0:1 - - [30/Mar/2025:12:22:47 +0900] "GET /zerotodeploy/lib/waypoints/waypoints.min.js HTTP/1.1" 200 9034
0:0:0:0:0:0:0:1 - - [30/Mar/2025:12:22:47 +0900] "GET /zerotodeploy/js/main.js HTTP/1.1" 200 1803
0:0:0:0:0:0:0:1 - - [30/Mar/2025:12:22:47 +0900] "GET /zerotodeploy/lib/owlcarousel/owl.carousel.min.js HTTP/1.1" 200 42772
0:0:0:0:0:0:0:1 - - [30/Mar/2025:12:22:47 +0900] "GET /zerotodeploy/resources/static/img/kakao_login/en/kakao_login_medium_narrow.png HTTP/1.1" 404 10022
0:0:0:0:0:0:0:1 - - [30/Mar/2025:12:22:50 +0900] "GET /zerotodeploy/login HTTP/1.1" 200 7019
0:0:0:0:0:0:0:1 - - [30/Mar/2025:12:22:50 +0900] "GET /zerotodeploy/lib/animate/animate.min.css HTTP/1.1" 200 16964
0:0:0:0:0:0:0:1 - - [30/Mar/2025:12:22:50 +0900] "GET /zerotodeploy/lib/owlcarousel/assets/owl.carousel.min.css HTTP/1.1" 200 2941
0:0:0:0:0:0:0:1 - - [30/Mar/2025:12:22:50 +0900] "GET /zerotodeploy/css/bootstrap.min.css HTTP/1.1" 200 164340
0:0:0:0:0:0:0:1 - - [30/Mar/2025:12:22:50 +0900] "GET /zerotodeploy/lib/easing/easing.min.js HTTP/1.1" 200 2303
0:0:0:0:0:0:0:1 - - [30/Mar/2025:12:22:50 +0900] "GET /zerotodeploy/lib/wow/wow.js HTTP/1.1" 200 17059
0:0:0:0:0:0:0:1 - - [30/Mar/2025:12:22:50 +0900] "GET /zerotodeploy/css/style.css HTTP/1.1" 200 8596
0:0:0:0:0:0:0:1 - - [30/Mar/2025:12:22:50 +0900] "GET /zerotodeploy/lib/waypoints/waypoints.min.js HTTP/1.1" 200 9034
0:0:0:0:0:0:0:1 - - [30/Mar/2025:12:22:50 +0900] "GET /zerotodeploy/resources/static/img/kakao_login/en/kakao_login_medium_narrow.png HTTP/1.1" 404 10022
0:0:0:0:0:0:0:1 - - [30/Mar/2025:12:22:50 +0900] "GET /zerotodeploy/js/main.js HTTP/1.1" 200 1803
0:0:0:0:0:0:0:1 - - [30/Mar/2025:12:22:50 +0900] "GET /zerotodeploy/lib/owlcarousel/owl.carousel.min.js HTTP/1.1" 200 42772
0:0:0:0:0:0:0:1 - - [30/Mar/2025:12:22:51 +0900] "GET /zerotodeploy/login HTTP/1.1" 200 7019
0:0:0:0:0:0:0:1 - - [30/Mar/2025:12:22:51 +0900] "GET /zerotodeploy/lib/animate/animate.min.css HTTP/1.1" 200 16964
0:0:0:0:0:0:0:1 - - [30/Mar/2025:12:22:51 +0900] "GET /zerotodeploy/lib/owlcarousel/assets/owl.carousel.min.css HTTP/1.1" 200 2941
0:0:0:0:0:0:0:1 - - [30/Mar/2025:12:22:51 +0900] "GET /zerotodeploy/css/style.css HTTP/1.1" 200 8596
0:0:0:0:0:0:0:1 - - [30/Mar/2025:12:22:51 +0900] "GET /zerotodeploy/css/bootstrap.min.css HTTP/1.1" 200 164340
0:0:0:0:0:0:0:1 - - [30/Mar/2025:12:22:51 +0900] "GET /zerotodeploy/lib/easing/easing.min.js HTTP/1.1" 200 2303
0:0:0:0:0:0:0:1 - - [30/Mar/2025:12:22:51 +0900] "GET /zerotodeploy/lib/wow/wow.js HTTP/1.1" 200 17059
0:0:0:0:0:0:0:1 - - [30/Mar/2025:12:22:51 +0900] "GET /zerotodeploy/lib/waypoints/waypoints.min.js HTTP/1.1" 200 9034
0:0:0:0:0:0:0:1 - - [30/Mar/2025:12:22:51 +0900] "GET /zerotodeploy/resources/static/img/kakao_login/en/kakao_login_medium_narrow.png HTTP/1.1" 404 10022
0:0:0:0:0:0:0:1 - - [30/Mar/2025:12:22:51 +0900] "GET /zerotodeploy/js/main.js HTTP/1.1" 200 1803
0:0:0:0:0:0:0:1 - - [30/Mar/2025:12:22:51 +0900] "GET /zerotodeploy/lib/owlcarousel/owl.carousel.min.js HTTP/1.1" 200 42772
0:0:0:0:0:0:0:1 - - [30/Mar/2025:12:22:54 +0900] "GET /zerotodeploy/login HTTP/1.1" 200 7019
0:0:0:0:0:0:0:1 - - [30/Mar/2025:12:22:54 +0900] "GET /zerotodeploy/lib/animate/animate.min.css HTTP/1.1" 200 16964
0:0:0:0:0:0:0:1 - - [30/Mar/2025:12:22:54 +0900] "GET /zerotodeploy/lib/owlcarousel/assets/owl.carousel.min.css HTTP/1.1" 200 2941
127.0.0.1 - - [30/Mar/2025:12:22:54 +0900] "GET /zerotodeploy/lib/wow/wow.js HTTP/1.1" 200 17059
0:0:0:0:0:0:0:1 - - [30/Mar/2025:12:22:54 +0900] "GET /zerotodeploy/css/style.css HTTP/1.1" 200 8596
0:0:0:0:0:0:0:1 - - [30/Mar/2025:12:22:54 +0900] "GET /zerotodeploy/lib/easing/easing.min.js HTTP/1.1" 200 2303
0:0:0:0:0:0:0:1 - - [30/Mar/2025:12:22:54 +0900] "GET /zerotodeploy/css/bootstrap.min.css HTTP/1.1" 200 164340
127.0.0.1 - - [30/Mar/2025:12:22:54 +0900] "GET /zerotodeploy/resources/static/img/kakao_login/en/kakao_login_medium_narrow.png HTTP/1.1" 404 10022
0:0:0:0:0:0:0:1 - - [30/Mar/2025:12:22:54 +0900] "GET /zerotodeploy/js/main.js HTTP/1.1" 200 1803
0:0:0:0:0:0:0:1 - - [30/Mar/2025:12:22:54 +0900] "GET /zerotodeploy/lib/waypoints/waypoints.min.js HTTP/1.1" 200 9034
0:0:0:0:0:0:0:1 - - [30/Mar/2025:12:22:54 +0900] "GET /zerotodeploy/lib/owlcarousel/owl.carousel.min.js HTTP/1.1" 200 42772
0:0:0:0:0:0:0:1 - - [30/Mar/2025:12:22:55 +0900] "GET /zerotodeploy/login HTTP/1.1" 200 7019
0:0:0:0:0:0:0:1 - - [30/Mar/2025:12:22:55 +0900] "GET /zerotodeploy/lib/owlcarousel/assets/owl.carousel.min.css HTTP/1.1" 200 2941
0:0:0:0:0:0:0:1 - - [30/Mar/2025:12:22:55 +0900] "GET /zerotodeploy/lib/animate/animate.min.css HTTP/1.1" 200 16964
0:0:0:0:0:0:0:1 - - [30/Mar/2025:12:22:55 +0900] "GET /zerotodeploy/lib/wow/wow.js HTTP/1.1" 200 17059
127.0.0.1 - - [30/Mar/2025:12:22:55 +0900] "GET /zerotodeploy/css/style.css HTTP/1.1" 200 8596
0:0:0:0:0:0:0:1 - - [30/Mar/2025:12:22:55 +0900] "GET /zerotodeploy/css/bootstrap.min.css HTTP/1.1" 200 164340
127.0.0.1 - - [30/Mar/2025:12:22:55 +0900] "GET /zerotodeploy/resources/static/img/kakao_login/en/kakao_login_medium_narrow.png HTTP/1.1" 404 10022
127.0.0.1 - - [30/Mar/2025:12:22:55 +0900] "GET /zerotodeploy/lib/easing/easing.min.js HTTP/1.1" 200 2303
127.0.0.1 - - [30/Mar/2025:12:22:55 +0900] "GET /zerotodeploy/lib/owlcarousel/owl.carousel.min.js HTTP/1.1" 200 42772
0:0:0:0:0:0:0:1 - - [30/Mar/2025:12:22:55 +0900] "GET /zerotodeploy/js/main.js HTTP/1.1" 200 1803
0:0:0:0:0:0:0:1 - - [30/Mar/2025:12:22:55 +0900] "GET /zerotodeploy/lib/waypoints/waypoints.min.js HTTP/1.1" 200 9034
0:0:0:0:0:0:0:1 - - [30/Mar/2025:12:23:01 +0900] "GET /zerotodeploy/resources/static/img/kakao_login/en/kakao_login_medium_narrow.png HTTP/1.1" 404 9886
0:0:0:0:0:0:0:1 - - [30/Mar/2025:12:32:26 +0900] "GET /zerotodeploy/resources/static/img/kakao_login/en/kakao_login_medium_narrow.png HTTP/1.1" 404 9886
0:0:0:0:0:0:0:1 - - [30/Mar/2025:12:32:27 +0900] "GET /zerotodeploy/login HTTP/1.1" 200 7002
0:0:0:0:0:0:0:1 - - [30/Mar/2025:12:32:27 +0900] "GET /zerotodeploy/img/kakao_login/en/kakao_login_medium_narrow.png HTTP/1.1" 200 3507
0:0:0:0:0:0:0:1 - - [30/Mar/2025:12:32:27 +0900] "GET /zerotodeploy/lib/owlcarousel/assets/owl.carousel.min.css HTTP/1.1" 200 2941
0:0:0:0:0:0:0:1 - - [30/Mar/2025:12:32:27 +0900] "GET /zerotodeploy/lib/wow/wow.js HTTP/1.1" 200 17059
0:0:0:0:0:0:0:1 - - [30/Mar/2025:12:32:27 +0900] "GET /zerotodeploy/css/style.css HTTP/1.1" 200 8596
0:0:0:0:0:0:0:1 - - [30/Mar/2025:12:32:27 +0900] "GET /zerotodeploy/lib/animate/animate.min.css HTTP/1.1" 200 16964
0:0:0:0:0:0:0:1 - - [30/Mar/2025:12:32:27 +0900] "GET /zerotodeploy/css/bootstrap.min.css HTTP/1.1" 200 164340
0:0:0:0:0:0:0:1 - - [30/Mar/2025:12:32:27 +0900] "GET /zerotodeploy/js/main.js HTTP/1.1" 200 1803
0:0:0:0:0:0:0:1 - - [30/Mar/2025:12:32:27 +0900] "GET /zerotodeploy/lib/easing/easing.min.js HTTP/1.1" 200 2303
0:0:0:0:0:0:0:1 - - [30/Mar/2025:12:32:27 +0900] "GET /zerotodeploy/lib/waypoints/waypoints.min.js HTTP/1.1" 200 9034
0:0:0:0:0:0:0:1 - - [30/Mar/2025:12:32:27 +0900] "GET /zerotodeploy/lib/owlcarousel/owl.carousel.min.js HTTP/1.1" 200 42772
0:0:0:0:0:0:0:1 - - [30/Mar/2025:12:38:11 +0900] "GET /zerotodeploy/login HTTP/1.1" 200 7000
0:0:0:0:0:0:0:1 - - [30/Mar/2025:12:38:11 +0900] "GET /zerotodeploy/lib/animate/animate.min.css HTTP/1.1" 200 16964
0:0:0:0:0:0:0:1 - - [30/Mar/2025:12:38:11 +0900] "GET /zerotodeploy/css/bootstrap.min.css HTTP/1.1" 200 164340
0:0:0:0:0:0:0:1 - - [30/Mar/2025:12:38:11 +0900] "GET /zerotodeploy/img/kakao_login/en/kakao_login_medium_narrow.png HTTP/1.1" 200 3507
0:0:0:0:0:0:0:1 - - [30/Mar/2025:12:38:11 +0900] "GET /zerotodeploy/lib/wow/wow.js HTTP/1.1" 200 17059
0:0:0:0:0:0:0:1 - - [30/Mar/2025:12:38:11 +0900] "GET /zerotodeploy/lib/owlcarousel/assets/owl.carousel.min.css HTTP/1.1" 200 2941
0:0:0:0:0:0:0:1 - - [30/Mar/2025:12:38:11 +0900] "GET /zerotodeploy/css/style.css HTTP/1.1" 200 8596
0:0:0:0:0:0:0:1 - - [30/Mar/2025:12:38:11 +0900] "GET /zerotodeploy/lib/easing/easing.min.js HTTP/1.1" 200 2303
0:0:0:0:0:0:0:1 - - [30/Mar/2025:12:38:11 +0900] "GET /zerotodeploy/lib/waypoints/waypoints.min.js HTTP/1.1" 200 9034
0:0:0:0:0:0:0:1 - - [30/Mar/2025:12:38:11 +0900] "GET /zerotodeploy/lib/owlcarousel/owl.carousel.min.js HTTP/1.1" 200 42772
0:0:0:0:0:0:0:1 - - [30/Mar/2025:12:38:11 +0900] "GET /zerotodeploy/js/main.js HTTP/1.1" 200 1803
0:0:0:0:0:0:0:1 - - [30/Mar/2025:12:38:12 +0900] "GET /zerotodeploy/login HTTP/1.1" 200 7010
0:0:0:0:0:0:0:1 - - [30/Mar/2025:12:38:12 +0900] "GET /zerotodeploy/lib/animate/animate.min.css HTTP/1.1" 200 16964
0:0:0:0:0:0:0:1 - - [30/Mar/2025:12:38:12 +0900] "GET /zerotodeploy/lib/owlcarousel/assets/owl.carousel.min.css HTTP/1.1" 200 2941
0:0:0:0:0:0:0:1 - - [30/Mar/2025:12:38:12 +0900] "GET /zerotodeploy/css/bootstrap.min.css HTTP/1.1" 200 164340
0:0:0:0:0:0:0:1 - - [30/Mar/2025:12:38:12 +0900] "GET /zerotodeploy/img/kakao_login/en/kakao_login_medium_narrow.png HTTP/1.1" 200 3507
0:0:0:0:0:0:0:1 - - [30/Mar/2025:12:38:12 +0900] "GET /zerotodeploy/lib/wow/wow.js HTTP/1.1" 200 17059
0:0:0:0:0:0:0:1 - - [30/Mar/2025:12:38:12 +0900] "GET /zerotodeploy/lib/easing/easing.min.js HTTP/1.1" 200 2303
0:0:0:0:0:0:0:1 - - [30/Mar/2025:12:38:12 +0900] "GET /zerotodeploy/lib/owlcarousel/owl.carousel.min.js HTTP/1.1" 200 42772
0:0:0:0:0:0:0:1 - - [30/Mar/2025:12:38:12 +0900] "GET /zerotodeploy/lib/waypoints/waypoints.min.js HTTP/1.1" 200 9034
0:0:0:0:0:0:0:1 - - [30/Mar/2025:12:38:12 +0900] "GET /zerotodeploy/css/style.css HTTP/1.1" 200 8596
0:0:0:0:0:0:0:1 - - [30/Mar/2025:12:38:12 +0900] "GET /zerotodeploy/js/main.js HTTP/1.1" 200 1803
