0:0:0:0:0:0:0:1 - - [18/Mar/2025:12:04:59 +0900] "GET /zerotodeploy/ HTTP/1.1" 200 7874
0:0:0:0:0:0:0:1 - - [18/Mar/2025:12:05:00 +0900] "GET /zerotodeploy/lib/animate/animate.min.css HTTP/1.1" 200 16964
0:0:0:0:0:0:0:1 - - [18/Mar/2025:12:05:00 +0900] "GET /zerotodeploy/lib/owlcarousel/assets/owl.carousel.min.css HTTP/1.1" 200 2941
0:0:0:0:0:0:0:1 - - [18/Mar/2025:12:05:00 +0900] "GET /zerotodeploy/css/bootstrap.min.css HTTP/1.1" 200 164340
0:0:0:0:0:0:0:1 - - [18/Mar/2025:12:05:00 +0900] "GET /zerotodeploy/css/style.css HTTP/1.1" 200 8596
0:0:0:0:0:0:0:1 - - [18/Mar/2025:12:05:00 +0900] "GET /zerotodeploy/lib/wow/wow.js HTTP/1.1" 200 17059
0:0:0:0:0:0:0:1 - - [18/Mar/2025:12:05:00 +0900] "GET /zerotodeploy/lib/easing/easing.min.js HTTP/1.1" 200 2303
0:0:0:0:0:0:0:1 - - [18/Mar/2025:12:05:00 +0900] "GET /zerotodeploy/lib/waypoints/waypoints.min.js HTTP/1.1" 200 9034
0:0:0:0:0:0:0:1 - - [18/Mar/2025:12:05:00 +0900] "GET /zerotodeploy/js/main.js HTTP/1.1" 200 1803
0:0:0:0:0:0:0:1 - - [18/Mar/2025:12:05:00 +0900] "GET /zerotodeploy/lib/owlcarousel/owl.carousel.min.js HTTP/1.1" 200 42772
0:0:0:0:0:0:0:1 - - [18/Mar/2025:12:05:00 +0900] "GET /zerotodeploy/img/favicon.ico HTTP/1.1" 404 9873
0:0:0:0:0:0:0:1 - - [18/Mar/2025:12:33:07 +0900] "GET /zerotodeploy/ubuntu HTTP/1.1" 200 5159
0:0:0:0:0:0:0:1 - - [18/Mar/2025:12:33:07 +0900] "GET /zerotodeploy/lib/animate/animate.min.css HTTP/1.1" 200 16964
0:0:0:0:0:0:0:1 - - [18/Mar/2025:12:33:07 +0900] "GET /zerotodeploy/lib/easing/easing.min.js HTTP/1.1" 200 2303
0:0:0:0:0:0:0:1 - - [18/Mar/2025:12:33:07 +0900] "GET /zerotodeploy/css/style.css HTTP/1.1" 200 8596
0:0:0:0:0:0:0:1 - - [18/Mar/2025:12:33:07 +0900] "GET /zerotodeploy/lib/owlcarousel/assets/owl.carousel.min.css HTTP/1.1" 200 2941
0:0:0:0:0:0:0:1 - - [18/Mar/2025:12:33:07 +0900] "GET /zerotodeploy/css/bootstrap.min.css HTTP/1.1" 200 164340
0:0:0:0:0:0:0:1 - - [18/Mar/2025:12:33:07 +0900] "GET /zerotodeploy/lib/wow/wow.js HTTP/1.1" 200 17059
0:0:0:0:0:0:0:1 - - [18/Mar/2025:12:33:07 +0900] "GET /zerotodeploy/lib/waypoints/waypoints.min.js HTTP/1.1" 200 9034
0:0:0:0:0:0:0:1 - - [18/Mar/2025:12:33:07 +0900] "GET /zerotodeploy/js/main.js HTTP/1.1" 200 1803
0:0:0:0:0:0:0:1 - - [18/Mar/2025:12:33:07 +0900] "GET /zerotodeploy/lib/owlcarousel/owl.carousel.min.js HTTP/1.1" 200 42772
0:0:0:0:0:0:0:1 - - [18/Mar/2025:12:33:08 +0900] "GET /zerotodeploy/ HTTP/1.1" 200 7874
0:0:0:0:0:0:0:1 - - [18/Mar/2025:12:33:08 +0900] "GET /zerotodeploy/lib/wow/wow.js HTTP/1.1" 200 17059
0:0:0:0:0:0:0:1 - - [18/Mar/2025:12:33:08 +0900] "GET /zerotodeploy/lib/animate/animate.min.css HTTP/1.1" 200 16964
0:0:0:0:0:0:0:1 - - [18/Mar/2025:12:33:08 +0900] "GET /zerotodeploy/css/bootstrap.min.css HTTP/1.1" 200 164340
0:0:0:0:0:0:0:1 - - [18/Mar/2025:12:33:08 +0900] "GET /zerotodeploy/lib/owlcarousel/assets/owl.carousel.min.css HTTP/1.1" 200 2941
0:0:0:0:0:0:0:1 - - [18/Mar/2025:12:33:08 +0900] "GET /zerotodeploy/css/style.css HTTP/1.1" 200 8596
0:0:0:0:0:0:0:1 - - [18/Mar/2025:12:33:08 +0900] "GET /zerotodeploy/lib/easing/easing.min.js HTTP/1.1" 200 2303
0:0:0:0:0:0:0:1 - - [18/Mar/2025:12:33:08 +0900] "GET /zerotodeploy/lib/waypoints/waypoints.min.js HTTP/1.1" 200 9034
0:0:0:0:0:0:0:1 - - [18/Mar/2025:12:33:08 +0900] "GET /zerotodeploy/lib/owlcarousel/owl.carousel.min.js HTTP/1.1" 200 42772
0:0:0:0:0:0:0:1 - - [18/Mar/2025:12:33:08 +0900] "GET /zerotodeploy/js/main.js HTTP/1.1" 200 1803
0:0:0:0:0:0:0:1 - - [18/Mar/2025:12:33:25 +0900] "GET /zerotodeploy/ HTTP/1.1" 200 7874
0:0:0:0:0:0:0:1 - - [18/Mar/2025:12:33:25 +0900] "GET /zerotodeploy/lib/easing/easing.min.js HTTP/1.1" 200 2303
0:0:0:0:0:0:0:1 - - [18/Mar/2025:12:33:25 +0900] "GET /zerotodeploy/lib/wow/wow.js HTTP/1.1" 200 17059
0:0:0:0:0:0:0:1 - - [18/Mar/2025:12:33:25 +0900] "GET /zerotodeploy/css/style.css HTTP/1.1" 200 8596
0:0:0:0:0:0:0:1 - - [18/Mar/2025:12:33:25 +0900] "GET /zerotodeploy/lib/owlcarousel/assets/owl.carousel.min.css HTTP/1.1" 200 2941
0:0:0:0:0:0:0:1 - - [18/Mar/2025:12:33:25 +0900] "GET /zerotodeploy/lib/animate/animate.min.css HTTP/1.1" 200 16964
0:0:0:0:0:0:0:1 - - [18/Mar/2025:12:33:25 +0900] "GET /zerotodeploy/css/bootstrap.min.css HTTP/1.1" 200 164340
0:0:0:0:0:0:0:1 - - [18/Mar/2025:12:33:25 +0900] "GET /zerotodeploy/js/main.js HTTP/1.1" 200 1803
0:0:0:0:0:0:0:1 - - [18/Mar/2025:12:33:25 +0900] "GET /zerotodeploy/lib/waypoints/waypoints.min.js HTTP/1.1" 200 9034
0:0:0:0:0:0:0:1 - - [18/Mar/2025:12:33:25 +0900] "GET /zerotodeploy/lib/owlcarousel/owl.carousel.min.js HTTP/1.1" 200 42772
0:0:0:0:0:0:0:1 - - [18/Mar/2025:12:33:49 +0900] "GET /zerotodeploy/login HTTP/1.1" 200 7124
0:0:0:0:0:0:0:1 - - [18/Mar/2025:12:33:49 +0900] "GET /zerotodeploy/lib/animate/animate.min.css HTTP/1.1" 200 16964
0:0:0:0:0:0:0:1 - - [18/Mar/2025:12:33:49 +0900] "GET /zerotodeploy/lib/owlcarousel/assets/owl.carousel.min.css HTTP/1.1" 200 2941
0:0:0:0:0:0:0:1 - - [18/Mar/2025:12:33:49 +0900] "GET /zerotodeploy/css/style.css HTTP/1.1" 200 8596
0:0:0:0:0:0:0:1 - - [18/Mar/2025:12:33:49 +0900] "GET /zerotodeploy/lib/wow/wow.js HTTP/1.1" 200 17059
0:0:0:0:0:0:0:1 - - [18/Mar/2025:12:33:49 +0900] "GET /zerotodeploy/css/bootstrap.min.css HTTP/1.1" 200 164340
0:0:0:0:0:0:0:1 - - [18/Mar/2025:12:33:49 +0900] "GET /zerotodeploy/lib/easing/easing.min.js HTTP/1.1" 200 2303
0:0:0:0:0:0:0:1 - - [18/Mar/2025:12:33:49 +0900] "GET /zerotodeploy/lib/waypoints/waypoints.min.js HTTP/1.1" 200 9034
0:0:0:0:0:0:0:1 - - [18/Mar/2025:12:33:49 +0900] "GET /zerotodeploy/lib/owlcarousel/owl.carousel.min.js HTTP/1.1" 200 42772
0:0:0:0:0:0:0:1 - - [18/Mar/2025:12:33:49 +0900] "GET /zerotodeploy/js/main.js HTTP/1.1" 200 1803
0:0:0:0:0:0:0:1 - - [18/Mar/2025:12:34:09 +0900] "GET /zerotodeploy/signUp HTTP/1.1" 200 7641
0:0:0:0:0:0:0:1 - - [18/Mar/2025:12:34:09 +0900] "GET /zerotodeploy/lib/wow/wow.js HTTP/1.1" 200 17059
0:0:0:0:0:0:0:1 - - [18/Mar/2025:12:34:09 +0900] "GET /zerotodeploy/lib/easing/easing.min.js HTTP/1.1" 200 2303
0:0:0:0:0:0:0:1 - - [18/Mar/2025:12:34:09 +0900] "GET /zerotodeploy/lib/animate/animate.min.css HTTP/1.1" 200 16964
0:0:0:0:0:0:0:1 - - [18/Mar/2025:12:34:09 +0900] "GET /zerotodeploy/lib/owlcarousel/assets/owl.carousel.min.css HTTP/1.1" 200 2941
0:0:0:0:0:0:0:1 - - [18/Mar/2025:12:34:09 +0900] "GET /zerotodeploy/css/style.css HTTP/1.1" 200 8596
0:0:0:0:0:0:0:1 - - [18/Mar/2025:12:34:09 +0900] "GET /zerotodeploy/css/bootstrap.min.css HTTP/1.1" 200 164340
0:0:0:0:0:0:0:1 - - [18/Mar/2025:12:34:09 +0900] "GET /zerotodeploy/js/main.js HTTP/1.1" 200 1803
0:0:0:0:0:0:0:1 - - [18/Mar/2025:12:34:09 +0900] "GET /zerotodeploy/lib/waypoints/waypoints.min.js HTTP/1.1" 200 9034
0:0:0:0:0:0:0:1 - - [18/Mar/2025:12:34:09 +0900] "GET /zerotodeploy/lib/owlcarousel/owl.carousel.min.js HTTP/1.1" 200 42772
0:0:0:0:0:0:0:1 - - [18/Mar/2025:12:34:16 +0900] "POST /api/auth/signup HTTP/1.1" 404 683
0:0:0:0:0:0:0:1 - - [18/Mar/2025:12:34:16 +0900] "GET /favicon.ico HTTP/1.1" 404 683
0:0:0:0:0:0:0:1 - - [18/Mar/2025:15:43:46 +0900] "GET /zerotodeploy/ HTTP/1.1" 200 7874
0:0:0:0:0:0:0:1 - - [18/Mar/2025:15:43:46 +0900] "GET /zerotodeploy/lib/owlcarousel/assets/owl.carousel.min.css HTTP/1.1" 200 2941
0:0:0:0:0:0:0:1 - - [18/Mar/2025:15:43:46 +0900] "GET /zerotodeploy/lib/animate/animate.min.css HTTP/1.1" 200 16964
0:0:0:0:0:0:0:1 - - [18/Mar/2025:15:43:46 +0900] "GET /zerotodeploy/css/bootstrap.min.css HTTP/1.1" 200 164340
0:0:0:0:0:0:0:1 - - [18/Mar/2025:15:43:46 +0900] "GET /zerotodeploy/css/style.css HTTP/1.1" 200 8596
0:0:0:0:0:0:0:1 - - [18/Mar/2025:15:43:46 +0900] "GET /zerotodeploy/lib/easing/easing.min.js HTTP/1.1" 200 2303
0:0:0:0:0:0:0:1 - - [18/Mar/2025:15:43:46 +0900] "GET /zerotodeploy/lib/wow/wow.js HTTP/1.1" 200 17059
0:0:0:0:0:0:0:1 - - [18/Mar/2025:15:43:46 +0900] "GET /zerotodeploy/lib/waypoints/waypoints.min.js HTTP/1.1" 200 9034
0:0:0:0:0:0:0:1 - - [18/Mar/2025:15:43:46 +0900] "GET /zerotodeploy/js/main.js HTTP/1.1" 200 1803
0:0:0:0:0:0:0:1 - - [18/Mar/2025:15:43:46 +0900] "GET /zerotodeploy/lib/owlcarousel/owl.carousel.min.js HTTP/1.1" 200 42772
0:0:0:0:0:0:0:1 - - [18/Mar/2025:15:43:47 +0900] "GET /zerotodeploy/img/favicon.ico HTTP/1.1" 404 9873
0:0:0:0:0:0:0:1 - - [18/Mar/2025:15:43:48 +0900] "GET /zerotodeploy/login HTTP/1.1" 200 7124
0:0:0:0:0:0:0:1 - - [18/Mar/2025:15:43:48 +0900] "GET /zerotodeploy/lib/animate/animate.min.css HTTP/1.1" 200 16964
0:0:0:0:0:0:0:1 - - [18/Mar/2025:15:43:48 +0900] "GET /zerotodeploy/lib/easing/easing.min.js HTTP/1.1" 200 2303
0:0:0:0:0:0:0:1 - - [18/Mar/2025:15:43:48 +0900] "GET /zerotodeploy/lib/wow/wow.js HTTP/1.1" 200 17059
0:0:0:0:0:0:0:1 - - [18/Mar/2025:15:43:48 +0900] "GET /zerotodeploy/css/style.css HTTP/1.1" 200 8596
0:0:0:0:0:0:0:1 - - [18/Mar/2025:15:43:48 +0900] "GET /zerotodeploy/lib/owlcarousel/assets/owl.carousel.min.css HTTP/1.1" 200 2941
0:0:0:0:0:0:0:1 - - [18/Mar/2025:15:43:48 +0900] "GET /zerotodeploy/css/bootstrap.min.css HTTP/1.1" 200 164340
0:0:0:0:0:0:0:1 - - [18/Mar/2025:15:43:48 +0900] "GET /zerotodeploy/lib/waypoints/waypoints.min.js HTTP/1.1" 200 9034
0:0:0:0:0:0:0:1 - - [18/Mar/2025:15:43:48 +0900] "GET /zerotodeploy/js/main.js HTTP/1.1" 200 1803
0:0:0:0:0:0:0:1 - - [18/Mar/2025:15:43:48 +0900] "GET /zerotodeploy/lib/owlcarousel/owl.carousel.min.js HTTP/1.1" 200 42772
0:0:0:0:0:0:0:1 - - [18/Mar/2025:15:43:51 +0900] "GET /zerotodeploy/signUp HTTP/1.1" 200 7641
0:0:0:0:0:0:0:1 - - [18/Mar/2025:15:43:51 +0900] "GET /zerotodeploy/lib/animate/animate.min.css HTTP/1.1" 200 16964
0:0:0:0:0:0:0:1 - - [18/Mar/2025:15:43:51 +0900] "GET /zerotodeploy/css/style.css HTTP/1.1" 200 8596
0:0:0:0:0:0:0:1 - - [18/Mar/2025:15:43:51 +0900] "GET /zerotodeploy/lib/owlcarousel/assets/owl.carousel.min.css HTTP/1.1" 200 2941
0:0:0:0:0:0:0:1 - - [18/Mar/2025:15:43:51 +0900] "GET /zerotodeploy/lib/wow/wow.js HTTP/1.1" 200 17059
0:0:0:0:0:0:0:1 - - [18/Mar/2025:15:43:51 +0900] "GET /zerotodeploy/lib/easing/easing.min.js HTTP/1.1" 200 2303
0:0:0:0:0:0:0:1 - - [18/Mar/2025:15:43:51 +0900] "GET /zerotodeploy/css/bootstrap.min.css HTTP/1.1" 200 164340
0:0:0:0:0:0:0:1 - - [18/Mar/2025:15:43:51 +0900] "GET /zerotodeploy/lib/waypoints/waypoints.min.js HTTP/1.1" 200 9034
0:0:0:0:0:0:0:1 - - [18/Mar/2025:15:43:51 +0900] "GET /zerotodeploy/js/main.js HTTP/1.1" 200 1803
0:0:0:0:0:0:0:1 - - [18/Mar/2025:15:43:51 +0900] "GET /zerotodeploy/lib/owlcarousel/owl.carousel.min.js HTTP/1.1" 200 42772
0:0:0:0:0:0:0:1 - - [18/Mar/2025:15:43:57 +0900] "POST /api/auth/signup HTTP/1.1" 404 683
0:0:0:0:0:0:0:1 - - [18/Mar/2025:15:43:57 +0900] "GET /favicon.ico HTTP/1.1" 404 683
0:0:0:0:0:0:0:1 - - [18/Mar/2025:15:48:15 +0900] "GET /zerotodeploy/signUp HTTP/1.1" 200 7641
0:0:0:0:0:0:0:1 - - [18/Mar/2025:15:48:15 +0900] "GET /zerotodeploy/lib/owlcarousel/assets/owl.carousel.min.css HTTP/1.1" 200 2941
0:0:0:0:0:0:0:1 - - [18/Mar/2025:15:48:15 +0900] "GET /zerotodeploy/lib/animate/animate.min.css HTTP/1.1" 200 16964
0:0:0:0:0:0:0:1 - - [18/Mar/2025:15:48:15 +0900] "GET /zerotodeploy/lib/wow/wow.js HTTP/1.1" 200 17059
0:0:0:0:0:0:0:1 - - [18/Mar/2025:15:48:15 +0900] "GET /zerotodeploy/css/style.css HTTP/1.1" 200 8596
0:0:0:0:0:0:0:1 - - [18/Mar/2025:15:48:15 +0900] "GET /zerotodeploy/lib/easing/easing.min.js HTTP/1.1" 200 2303
0:0:0:0:0:0:0:1 - - [18/Mar/2025:15:48:15 +0900] "GET /zerotodeploy/css/bootstrap.min.css HTTP/1.1" 200 164340
0:0:0:0:0:0:0:1 - - [18/Mar/2025:15:48:15 +0900] "GET /zerotodeploy/lib/owlcarousel/owl.carousel.min.js HTTP/1.1" 200 42772
0:0:0:0:0:0:0:1 - - [18/Mar/2025:15:48:15 +0900] "GET /zerotodeploy/lib/waypoints/waypoints.min.js HTTP/1.1" 200 9034
0:0:0:0:0:0:0:1 - - [18/Mar/2025:15:48:15 +0900] "GET /zerotodeploy/js/main.js HTTP/1.1" 200 1803
0:0:0:0:0:0:0:1 - - [18/Mar/2025:15:48:18 +0900] "GET /zerotodeploy/ HTTP/1.1" 200 7874
0:0:0:0:0:0:0:1 - - [18/Mar/2025:15:48:18 +0900] "GET /zerotodeploy/lib/animate/animate.min.css HTTP/1.1" 200 16964
0:0:0:0:0:0:0:1 - - [18/Mar/2025:15:48:18 +0900] "GET /zerotodeploy/css/style.css HTTP/1.1" 200 8596
0:0:0:0:0:0:0:1 - - [18/Mar/2025:15:48:18 +0900] "GET /zerotodeploy/lib/easing/easing.min.js HTTP/1.1" 200 2303
0:0:0:0:0:0:0:1 - - [18/Mar/2025:15:48:18 +0900] "GET /zerotodeploy/lib/owlcarousel/assets/owl.carousel.min.css HTTP/1.1" 200 2941
0:0:0:0:0:0:0:1 - - [18/Mar/2025:15:48:18 +0900] "GET /zerotodeploy/lib/wow/wow.js HTTP/1.1" 200 17059
0:0:0:0:0:0:0:1 - - [18/Mar/2025:15:48:18 +0900] "GET /zerotodeploy/lib/waypoints/waypoints.min.js HTTP/1.1" 200 9034
0:0:0:0:0:0:0:1 - - [18/Mar/2025:15:48:18 +0900] "GET /zerotodeploy/css/bootstrap.min.css HTTP/1.1" 200 164340
0:0:0:0:0:0:0:1 - - [18/Mar/2025:15:48:18 +0900] "GET /zerotodeploy/js/main.js HTTP/1.1" 200 1803
0:0:0:0:0:0:0:1 - - [18/Mar/2025:15:48:18 +0900] "GET /zerotodeploy/lib/owlcarousel/owl.carousel.min.js HTTP/1.1" 200 42772
0:0:0:0:0:0:0:1 - - [18/Mar/2025:15:48:19 +0900] "GET /zerotodeploy/login HTTP/1.1" 200 7124
0:0:0:0:0:0:0:1 - - [18/Mar/2025:15:48:19 +0900] "GET /zerotodeploy/lib/animate/animate.min.css HTTP/1.1" 200 16964
0:0:0:0:0:0:0:1 - - [18/Mar/2025:15:48:19 +0900] "GET /zerotodeploy/lib/wow/wow.js HTTP/1.1" 200 17059
0:0:0:0:0:0:0:1 - - [18/Mar/2025:15:48:19 +0900] "GET /zerotodeploy/lib/owlcarousel/assets/owl.carousel.min.css HTTP/1.1" 200 2941
0:0:0:0:0:0:0:1 - - [18/Mar/2025:15:48:19 +0900] "GET /zerotodeploy/lib/easing/easing.min.js HTTP/1.1" 200 2303
0:0:0:0:0:0:0:1 - - [18/Mar/2025:15:48:19 +0900] "GET /zerotodeploy/css/style.css HTTP/1.1" 200 8596
0:0:0:0:0:0:0:1 - - [18/Mar/2025:15:48:19 +0900] "GET /zerotodeploy/lib/waypoints/waypoints.min.js HTTP/1.1" 200 9034
0:0:0:0:0:0:0:1 - - [18/Mar/2025:15:48:19 +0900] "GET /zerotodeploy/css/bootstrap.min.css HTTP/1.1" 200 164340
0:0:0:0:0:0:0:1 - - [18/Mar/2025:15:48:19 +0900] "GET /zerotodeploy/js/main.js HTTP/1.1" 200 1803
0:0:0:0:0:0:0:1 - - [18/Mar/2025:15:48:19 +0900] "GET /zerotodeploy/lib/owlcarousel/owl.carousel.min.js HTTP/1.1" 200 42772
0:0:0:0:0:0:0:1 - - [18/Mar/2025:15:48:21 +0900] "GET /zerotodeploy/signUp HTTP/1.1" 200 7641
0:0:0:0:0:0:0:1 - - [18/Mar/2025:15:48:21 +0900] "GET /zerotodeploy/lib/animate/animate.min.css HTTP/1.1" 200 16964
0:0:0:0:0:0:0:1 - - [18/Mar/2025:15:48:21 +0900] "GET /zerotodeploy/lib/waypoints/waypoints.min.js HTTP/1.1" 200 9034
0:0:0:0:0:0:0:1 - - [18/Mar/2025:15:48:21 +0900] "GET /zerotodeploy/lib/wow/wow.js HTTP/1.1" 200 17059
0:0:0:0:0:0:0:1 - - [18/Mar/2025:15:48:21 +0900] "GET /zerotodeploy/lib/owlcarousel/assets/owl.carousel.min.css HTTP/1.1" 200 2941
0:0:0:0:0:0:0:1 - - [18/Mar/2025:15:48:21 +0900] "GET /zerotodeploy/css/style.css HTTP/1.1" 200 8596
0:0:0:0:0:0:0:1 - - [18/Mar/2025:15:48:21 +0900] "GET /zerotodeploy/lib/easing/easing.min.js HTTP/1.1" 200 2303
0:0:0:0:0:0:0:1 - - [18/Mar/2025:15:48:21 +0900] "GET /zerotodeploy/css/bootstrap.min.css HTTP/1.1" 200 164340
0:0:0:0:0:0:0:1 - - [18/Mar/2025:15:48:21 +0900] "GET /zerotodeploy/js/main.js HTTP/1.1" 200 1803
0:0:0:0:0:0:0:1 - - [18/Mar/2025:15:48:21 +0900] "GET /zerotodeploy/lib/owlcarousel/owl.carousel.min.js HTTP/1.1" 200 42772
0:0:0:0:0:0:0:1 - - [18/Mar/2025:15:48:27 +0900] "POST /api/auth/signup HTTP/1.1" 404 683
0:0:0:0:0:0:0:1 - - [18/Mar/2025:16:23:05 +0900] "POST /api/auth/signup HTTP/1.1" 404 683
0:0:0:0:0:0:0:1 - - [18/Mar/2025:17:19:32 +0900] "GET /zerotodeploy/signUp HTTP/1.1" 200 7641
0:0:0:0:0:0:0:1 - - [18/Mar/2025:17:19:32 +0900] "GET /zerotodeploy/lib/animate/animate.min.css HTTP/1.1" 200 16964
0:0:0:0:0:0:0:1 - - [18/Mar/2025:17:19:32 +0900] "GET /zerotodeploy/lib/owlcarousel/assets/owl.carousel.min.css HTTP/1.1" 200 2941
0:0:0:0:0:0:0:1 - - [18/Mar/2025:17:19:32 +0900] "GET /zerotodeploy/lib/easing/easing.min.js HTTP/1.1" 200 2303
0:0:0:0:0:0:0:1 - - [18/Mar/2025:17:19:32 +0900] "GET /zerotodeploy/lib/wow/wow.js HTTP/1.1" 200 17059
0:0:0:0:0:0:0:1 - - [18/Mar/2025:17:19:32 +0900] "GET /zerotodeploy/css/style.css HTTP/1.1" 200 8596
0:0:0:0:0:0:0:1 - - [18/Mar/2025:17:19:32 +0900] "GET /zerotodeploy/css/bootstrap.min.css HTTP/1.1" 200 164340
0:0:0:0:0:0:0:1 - - [18/Mar/2025:17:19:32 +0900] "GET /zerotodeploy/lib/waypoints/waypoints.min.js HTTP/1.1" 200 9034
0:0:0:0:0:0:0:1 - - [18/Mar/2025:17:19:32 +0900] "GET /zerotodeploy/lib/owlcarousel/owl.carousel.min.js HTTP/1.1" 200 42772
0:0:0:0:0:0:0:1 - - [18/Mar/2025:17:19:32 +0900] "GET /zerotodeploy/js/main.js HTTP/1.1" 200 1803
0:0:0:0:0:0:0:1 - - [18/Mar/2025:17:19:33 +0900] "GET /zerotodeploy/lib/owlcarousel/assets/owl.carousel.min.css HTTP/1.1" 200 2941
0:0:0:0:0:0:0:1 - - [18/Mar/2025:17:19:33 +0900] "GET /zerotodeploy/lib/animate/animate.min.css HTTP/1.1" 200 16964
0:0:0:0:0:0:0:1 - - [18/Mar/2025:17:19:33 +0900] "GET /zerotodeploy/css/style.css HTTP/1.1" 200 8596
0:0:0:0:0:0:0:1 - - [18/Mar/2025:17:19:33 +0900] "GET /zerotodeploy/css/bootstrap.min.css HTTP/1.1" 200 164340
0:0:0:0:0:0:0:1 - - [18/Mar/2025:17:19:38 +0900] "POST /api/auth/signup HTTP/1.1" 404 683
0:0:0:0:0:0:0:1 - - [18/Mar/2025:17:20:31 +0900] "GET /zerotodeploy HTTP/1.1" 302 -
0:0:0:0:0:0:0:1 - - [18/Mar/2025:17:20:32 +0900] "GET /zerotodeploy/ HTTP/1.1" 200 7874
0:0:0:0:0:0:0:1 - - [18/Mar/2025:17:20:32 +0900] "GET /zerotodeploy/lib/animate/animate.min.css HTTP/1.1" 200 16964
0:0:0:0:0:0:0:1 - - [18/Mar/2025:17:20:32 +0900] "GET /zerotodeploy/lib/owlcarousel/assets/owl.carousel.min.css HTTP/1.1" 200 2941
0:0:0:0:0:0:0:1 - - [18/Mar/2025:17:20:32 +0900] "GET /zerotodeploy/css/style.css HTTP/1.1" 200 8596
0:0:0:0:0:0:0:1 - - [18/Mar/2025:17:20:32 +0900] "GET /zerotodeploy/lib/wow/wow.js HTTP/1.1" 200 17059
0:0:0:0:0:0:0:1 - - [18/Mar/2025:17:20:32 +0900] "GET /zerotodeploy/lib/easing/easing.min.js HTTP/1.1" 200 2303
0:0:0:0:0:0:0:1 - - [18/Mar/2025:17:20:32 +0900] "GET /zerotodeploy/css/bootstrap.min.css HTTP/1.1" 200 164340
0:0:0:0:0:0:0:1 - - [18/Mar/2025:17:20:32 +0900] "GET /zerotodeploy/js/main.js HTTP/1.1" 200 1803
0:0:0:0:0:0:0:1 - - [18/Mar/2025:17:20:32 +0900] "GET /zerotodeploy/lib/waypoints/waypoints.min.js HTTP/1.1" 200 9034
0:0:0:0:0:0:0:1 - - [18/Mar/2025:17:20:32 +0900] "GET /zerotodeploy/lib/owlcarousel/owl.carousel.min.js HTTP/1.1" 200 42772
0:0:0:0:0:0:0:1 - - [18/Mar/2025:17:20:33 +0900] "GET /zerotodeploy/login HTTP/1.1" 200 7124
0:0:0:0:0:0:0:1 - - [18/Mar/2025:17:20:33 +0900] "GET /zerotodeploy/lib/animate/animate.min.css HTTP/1.1" 200 16964
0:0:0:0:0:0:0:1 - - [18/Mar/2025:17:20:33 +0900] "GET /zerotodeploy/lib/owlcarousel/assets/owl.carousel.min.css HTTP/1.1" 200 2941
0:0:0:0:0:0:0:1 - - [18/Mar/2025:17:20:33 +0900] "GET /zerotodeploy/css/style.css HTTP/1.1" 200 8596
0:0:0:0:0:0:0:1 - - [18/Mar/2025:17:20:33 +0900] "GET /zerotodeploy/lib/wow/wow.js HTTP/1.1" 200 17059
0:0:0:0:0:0:0:1 - - [18/Mar/2025:17:20:33 +0900] "GET /zerotodeploy/css/bootstrap.min.css HTTP/1.1" 200 164340
0:0:0:0:0:0:0:1 - - [18/Mar/2025:17:20:33 +0900] "GET /zerotodeploy/lib/waypoints/waypoints.min.js HTTP/1.1" 200 9034
0:0:0:0:0:0:0:1 - - [18/Mar/2025:17:20:33 +0900] "GET /zerotodeploy/lib/easing/easing.min.js HTTP/1.1" 200 2303
0:0:0:0:0:0:0:1 - - [18/Mar/2025:17:20:33 +0900] "GET /zerotodeploy/lib/owlcarousel/owl.carousel.min.js HTTP/1.1" 200 42772
0:0:0:0:0:0:0:1 - - [18/Mar/2025:17:20:33 +0900] "GET /zerotodeploy/js/main.js HTTP/1.1" 200 1803
0:0:0:0:0:0:0:1 - - [18/Mar/2025:17:20:35 +0900] "GET /zerotodeploy/signUp HTTP/1.1" 200 7641
0:0:0:0:0:0:0:1 - - [18/Mar/2025:17:20:35 +0900] "GET /zerotodeploy/lib/animate/animate.min.css HTTP/1.1" 200 16964
0:0:0:0:0:0:0:1 - - [18/Mar/2025:17:20:35 +0900] "GET /zerotodeploy/css/style.css HTTP/1.1" 200 8596
0:0:0:0:0:0:0:1 - - [18/Mar/2025:17:20:35 +0900] "GET /zerotodeploy/lib/easing/easing.min.js HTTP/1.1" 200 2303
0:0:0:0:0:0:0:1 - - [18/Mar/2025:17:20:35 +0900] "GET /zerotodeploy/lib/wow/wow.js HTTP/1.1" 200 17059
0:0:0:0:0:0:0:1 - - [18/Mar/2025:17:20:35 +0900] "GET /zerotodeploy/lib/owlcarousel/assets/owl.carousel.min.css HTTP/1.1" 200 2941
0:0:0:0:0:0:0:1 - - [18/Mar/2025:17:20:35 +0900] "GET /zerotodeploy/lib/owlcarousel/owl.carousel.min.js HTTP/1.1" 200 42772
0:0:0:0:0:0:0:1 - - [18/Mar/2025:17:20:35 +0900] "GET /zerotodeploy/css/bootstrap.min.css HTTP/1.1" 200 164340
0:0:0:0:0:0:0:1 - - [18/Mar/2025:17:20:35 +0900] "GET /zerotodeploy/lib/waypoints/waypoints.min.js HTTP/1.1" 200 9034
0:0:0:0:0:0:0:1 - - [18/Mar/2025:17:20:35 +0900] "GET /zerotodeploy/js/main.js HTTP/1.1" 200 1803
0:0:0:0:0:0:0:1 - - [18/Mar/2025:17:20:39 +0900] "POST /api/auth/signup HTTP/1.1" 404 683
0:0:0:0:0:0:0:1 - - [18/Mar/2025:17:24:39 +0900] "GET /zerotodeploy/signUp HTTP/1.1" 200 7641
0:0:0:0:0:0:0:1 - - [18/Mar/2025:17:24:39 +0900] "GET /zerotodeploy/lib/animate/animate.min.css HTTP/1.1" 200 16964
0:0:0:0:0:0:0:1 - - [18/Mar/2025:17:24:39 +0900] "GET /zerotodeploy/lib/owlcarousel/assets/owl.carousel.min.css HTTP/1.1" 200 2941
0:0:0:0:0:0:0:1 - - [18/Mar/2025:17:24:39 +0900] "GET /zerotodeploy/css/style.css HTTP/1.1" 200 8596
0:0:0:0:0:0:0:1 - - [18/Mar/2025:17:24:39 +0900] "GET /zerotodeploy/lib/easing/easing.min.js HTTP/1.1" 200 2303
0:0:0:0:0:0:0:1 - - [18/Mar/2025:17:24:39 +0900] "GET /zerotodeploy/lib/wow/wow.js HTTP/1.1" 200 17059
0:0:0:0:0:0:0:1 - - [18/Mar/2025:17:24:39 +0900] "GET /zerotodeploy/css/bootstrap.min.css HTTP/1.1" 200 164340
0:0:0:0:0:0:0:1 - - [18/Mar/2025:17:24:39 +0900] "GET /zerotodeploy/js/main.js HTTP/1.1" 200 1803
0:0:0:0:0:0:0:1 - - [18/Mar/2025:17:24:39 +0900] "GET /zerotodeploy/lib/waypoints/waypoints.min.js HTTP/1.1" 200 9034
0:0:0:0:0:0:0:1 - - [18/Mar/2025:17:24:39 +0900] "GET /zerotodeploy/lib/owlcarousel/owl.carousel.min.js HTTP/1.1" 200 42772
0:0:0:0:0:0:0:1 - - [18/Mar/2025:17:25:12 +0900] "POST /api/auth/signup HTTP/1.1" 404 683
0:0:0:0:0:0:0:1 - - [18/Mar/2025:17:27:49 +0900] "GET /zerotodeploy/lib/owlcarousel/assets/owl.carousel.min.css HTTP/1.1" 200 2941
0:0:0:0:0:0:0:1 - - [18/Mar/2025:17:27:49 +0900] "GET /zerotodeploy/css/style.css HTTP/1.1" 200 8596
0:0:0:0:0:0:0:1 - - [18/Mar/2025:17:27:49 +0900] "GET /zerotodeploy/lib/animate/animate.min.css HTTP/1.1" 200 16964
0:0:0:0:0:0:0:1 - - [18/Mar/2025:17:27:49 +0900] "GET /zerotodeploy/css/bootstrap.min.css HTTP/1.1" 200 164340
0:0:0:0:0:0:0:1 - - [18/Mar/2025:17:27:49 +0900] "GET /zerotodeploy/signUp HTTP/1.1" 200 7742
0:0:0:0:0:0:0:1 - - [18/Mar/2025:17:27:49 +0900] "GET /zerotodeploy/lib/animate/animate.min.css HTTP/1.1" 200 16964
0:0:0:0:0:0:0:1 - - [18/Mar/2025:17:27:49 +0900] "GET /zerotodeploy/css/bootstrap.min.css HTTP/1.1" 200 164340
0:0:0:0:0:0:0:1 - - [18/Mar/2025:17:27:49 +0900] "GET /zerotodeploy/css/style.css HTTP/1.1" 200 8596
0:0:0:0:0:0:0:1 - - [18/Mar/2025:17:27:49 +0900] "GET /zerotodeploy/lib/owlcarousel/assets/owl.carousel.min.css HTTP/1.1" 200 2941
0:0:0:0:0:0:0:1 - - [18/Mar/2025:17:27:49 +0900] "GET /zerotodeploy/lib/wow/wow.js HTTP/1.1" 200 17059
0:0:0:0:0:0:0:1 - - [18/Mar/2025:17:27:49 +0900] "GET /zerotodeploy/lib/easing/easing.min.js HTTP/1.1" 200 2303
0:0:0:0:0:0:0:1 - - [18/Mar/2025:17:27:49 +0900] "GET /zerotodeploy/lib/waypoints/waypoints.min.js HTTP/1.1" 200 9034
0:0:0:0:0:0:0:1 - - [18/Mar/2025:17:27:49 +0900] "GET /zerotodeploy/lib/owlcarousel/owl.carousel.min.js HTTP/1.1" 200 42772
0:0:0:0:0:0:0:1 - - [18/Mar/2025:17:27:49 +0900] "GET /zerotodeploy/js/main.js HTTP/1.1" 200 1803
0:0:0:0:0:0:0:1 - - [18/Mar/2025:17:27:55 +0900] "POST /api/auth/signup HTTP/1.1" 404 683
0:0:0:0:0:0:0:1 - - [18/Mar/2025:17:28:52 +0900] "POST /api/auth/signup HTTP/1.1" 404 683
0:0:0:0:0:0:0:1 - - [18/Mar/2025:17:28:55 +0900] "GET /zerotodeploy/signUp HTTP/1.1" 200 7742
0:0:0:0:0:0:0:1 - - [18/Mar/2025:17:28:55 +0900] "GET /zerotodeploy/lib/easing/easing.min.js HTTP/1.1" 200 2303
0:0:0:0:0:0:0:1 - - [18/Mar/2025:17:28:55 +0900] "GET /zerotodeploy/lib/wow/wow.js HTTP/1.1" 200 17059
0:0:0:0:0:0:0:1 - - [18/Mar/2025:17:28:55 +0900] "GET /zerotodeploy/lib/animate/animate.min.css HTTP/1.1" 200 16964
0:0:0:0:0:0:0:1 - - [18/Mar/2025:17:28:55 +0900] "GET /zerotodeploy/css/style.css HTTP/1.1" 200 8596
0:0:0:0:0:0:0:1 - - [18/Mar/2025:17:28:55 +0900] "GET /zerotodeploy/lib/owlcarousel/assets/owl.carousel.min.css HTTP/1.1" 200 2941
0:0:0:0:0:0:0:1 - - [18/Mar/2025:17:28:55 +0900] "GET /zerotodeploy/css/bootstrap.min.css HTTP/1.1" 200 164340
0:0:0:0:0:0:0:1 - - [18/Mar/2025:17:28:55 +0900] "GET /zerotodeploy/lib/waypoints/waypoints.min.js HTTP/1.1" 200 9034
0:0:0:0:0:0:0:1 - - [18/Mar/2025:17:28:55 +0900] "GET /zerotodeploy/js/main.js HTTP/1.1" 200 1803
0:0:0:0:0:0:0:1 - - [18/Mar/2025:17:28:55 +0900] "GET /zerotodeploy/lib/owlcarousel/owl.carousel.min.js HTTP/1.1" 200 42772
0:0:0:0:0:0:0:1 - - [18/Mar/2025:17:28:56 +0900] "GET /zerotodeploy/signUp HTTP/1.1" 200 7742
0:0:0:0:0:0:0:1 - - [18/Mar/2025:17:28:56 +0900] "GET /zerotodeploy/lib/owlcarousel/assets/owl.carousel.min.css HTTP/1.1" 200 2941
0:0:0:0:0:0:0:1 - - [18/Mar/2025:17:28:56 +0900] "GET /zerotodeploy/lib/animate/animate.min.css HTTP/1.1" 200 16964
0:0:0:0:0:0:0:1 - - [18/Mar/2025:17:28:56 +0900] "GET /zerotodeploy/css/style.css HTTP/1.1" 200 8596
0:0:0:0:0:0:0:1 - - [18/Mar/2025:17:28:56 +0900] "GET /zerotodeploy/css/bootstrap.min.css HTTP/1.1" 200 164340
0:0:0:0:0:0:0:1 - - [18/Mar/2025:17:28:56 +0900] "GET /zerotodeploy/lib/wow/wow.js HTTP/1.1" 200 17059
0:0:0:0:0:0:0:1 - - [18/Mar/2025:17:28:56 +0900] "GET /zerotodeploy/lib/easing/easing.min.js HTTP/1.1" 200 2303
0:0:0:0:0:0:0:1 - - [18/Mar/2025:17:28:56 +0900] "GET /zerotodeploy/lib/waypoints/waypoints.min.js HTTP/1.1" 200 9034
0:0:0:0:0:0:0:1 - - [18/Mar/2025:17:28:56 +0900] "GET /zerotodeploy/lib/owlcarousel/owl.carousel.min.js HTTP/1.1" 200 42772
0:0:0:0:0:0:0:1 - - [18/Mar/2025:17:28:56 +0900] "GET /zerotodeploy/js/main.js HTTP/1.1" 200 1803
0:0:0:0:0:0:0:1 - - [18/Mar/2025:17:29:01 +0900] "POST /api/auth/signup HTTP/1.1" 404 683
0:0:0:0:0:0:0:1 - - [18/Mar/2025:17:39:35 +0900] "GET /zerotodeploy/signUp HTTP/1.1" 200 7742
0:0:0:0:0:0:0:1 - - [18/Mar/2025:17:39:35 +0900] "GET /zerotodeploy/lib/owlcarousel/assets/owl.carousel.min.css HTTP/1.1" 200 2941
0:0:0:0:0:0:0:1 - - [18/Mar/2025:17:39:35 +0900] "GET /zerotodeploy/css/style.css HTTP/1.1" 200 8596
0:0:0:0:0:0:0:1 - - [18/Mar/2025:17:39:35 +0900] "GET /zerotodeploy/lib/wow/wow.js HTTP/1.1" 200 17059
0:0:0:0:0:0:0:1 - - [18/Mar/2025:17:39:35 +0900] "GET /zerotodeploy/lib/easing/easing.min.js HTTP/1.1" 200 2303
0:0:0:0:0:0:0:1 - - [18/Mar/2025:17:39:35 +0900] "GET /zerotodeploy/lib/animate/animate.min.css HTTP/1.1" 200 16964
0:0:0:0:0:0:0:1 - - [18/Mar/2025:17:39:35 +0900] "GET /zerotodeploy/css/bootstrap.min.css HTTP/1.1" 200 164340
0:0:0:0:0:0:0:1 - - [18/Mar/2025:17:39:35 +0900] "GET /zerotodeploy/lib/waypoints/waypoints.min.js HTTP/1.1" 200 9034
0:0:0:0:0:0:0:1 - - [18/Mar/2025:17:39:35 +0900] "GET /zerotodeploy/js/main.js HTTP/1.1" 200 1803
0:0:0:0:0:0:0:1 - - [18/Mar/2025:17:39:35 +0900] "GET /zerotodeploy/lib/owlcarousel/owl.carousel.min.js HTTP/1.1" 200 42772
0:0:0:0:0:0:0:1 - - [18/Mar/2025:17:39:41 +0900] "POST /api/auth/signup HTTP/1.1" 404 683
0:0:0:0:0:0:0:1 - - [18/Mar/2025:17:40:25 +0900] "GET /zerotodeploy/signUp HTTP/1.1" 200 7742
0:0:0:0:0:0:0:1 - - [18/Mar/2025:17:40:25 +0900] "GET /zerotodeploy/lib/animate/animate.min.css HTTP/1.1" 200 16964
0:0:0:0:0:0:0:1 - - [18/Mar/2025:17:40:25 +0900] "GET /zerotodeploy/lib/owlcarousel/assets/owl.carousel.min.css HTTP/1.1" 200 2941
0:0:0:0:0:0:0:1 - - [18/Mar/2025:17:40:25 +0900] "GET /zerotodeploy/css/bootstrap.min.css HTTP/1.1" 200 164340
0:0:0:0:0:0:0:1 - - [18/Mar/2025:17:40:25 +0900] "GET /zerotodeploy/css/style.css HTTP/1.1" 200 8596
0:0:0:0:0:0:0:1 - - [18/Mar/2025:17:40:25 +0900] "GET /zerotodeploy/lib/waypoints/waypoints.min.js HTTP/1.1" 200 9034
0:0:0:0:0:0:0:1 - - [18/Mar/2025:17:40:25 +0900] "GET /zerotodeploy/lib/wow/wow.js HTTP/1.1" 200 17059
0:0:0:0:0:0:0:1 - - [18/Mar/2025:17:40:25 +0900] "GET /zerotodeploy/lib/easing/easing.min.js HTTP/1.1" 200 2303
0:0:0:0:0:0:0:1 - - [18/Mar/2025:17:40:25 +0900] "GET /zerotodeploy/js/main.js HTTP/1.1" 200 1803
0:0:0:0:0:0:0:1 - - [18/Mar/2025:17:40:25 +0900] "GET /zerotodeploy/lib/owlcarousel/owl.carousel.min.js HTTP/1.1" 200 42772
0:0:0:0:0:0:0:1 - - [18/Mar/2025:17:40:31 +0900] "POST /api/auth/signup HTTP/1.1" 404 683
0:0:0:0:0:0:0:1 - - [18/Mar/2025:17:41:16 +0900] "GET /zerotodeploy/ HTTP/1.1" 200 7874
0:0:0:0:0:0:0:1 - - [18/Mar/2025:17:41:16 +0900] "GET /zerotodeploy/lib/animate/animate.min.css HTTP/1.1" 200 16964
0:0:0:0:0:0:0:1 - - [18/Mar/2025:17:41:16 +0900] "GET /zerotodeploy/css/bootstrap.min.css HTTP/1.1" 200 164340
0:0:0:0:0:0:0:1 - - [18/Mar/2025:17:41:16 +0900] "GET /zerotodeploy/css/style.css HTTP/1.1" 200 8596
0:0:0:0:0:0:0:1 - - [18/Mar/2025:17:41:16 +0900] "GET /zerotodeploy/lib/owlcarousel/assets/owl.carousel.min.css HTTP/1.1" 200 2941
0:0:0:0:0:0:0:1 - - [18/Mar/2025:17:41:16 +0900] "GET /zerotodeploy/lib/wow/wow.js HTTP/1.1" 200 17059
0:0:0:0:0:0:0:1 - - [18/Mar/2025:17:41:16 +0900] "GET /zerotodeploy/lib/easing/easing.min.js HTTP/1.1" 200 2303
0:0:0:0:0:0:0:1 - - [18/Mar/2025:17:41:16 +0900] "GET /zerotodeploy/lib/waypoints/waypoints.min.js HTTP/1.1" 200 9034
0:0:0:0:0:0:0:1 - - [18/Mar/2025:17:41:16 +0900] "GET /zerotodeploy/js/main.js HTTP/1.1" 200 1803
0:0:0:0:0:0:0:1 - - [18/Mar/2025:17:41:16 +0900] "GET /zerotodeploy/lib/owlcarousel/owl.carousel.min.js HTTP/1.1" 200 42772
0:0:0:0:0:0:0:1 - - [18/Mar/2025:17:41:16 +0900] "GET /zerotodeploy/ HTTP/1.1" 200 7874
0:0:0:0:0:0:0:1 - - [18/Mar/2025:17:41:16 +0900] "GET /zerotodeploy/lib/animate/animate.min.css HTTP/1.1" 200 16964
0:0:0:0:0:0:0:1 - - [18/Mar/2025:17:41:16 +0900] "GET /zerotodeploy/lib/wow/wow.js HTTP/1.1" 200 17059
0:0:0:0:0:0:0:1 - - [18/Mar/2025:17:41:16 +0900] "GET /zerotodeploy/css/bootstrap.min.css HTTP/1.1" 200 164340
0:0:0:0:0:0:0:1 - - [18/Mar/2025:17:41:16 +0900] "GET /zerotodeploy/lib/waypoints/waypoints.min.js HTTP/1.1" 200 9034
0:0:0:0:0:0:0:1 - - [18/Mar/2025:17:41:16 +0900] "GET /zerotodeploy/lib/easing/easing.min.js HTTP/1.1" 200 2303
0:0:0:0:0:0:0:1 - - [18/Mar/2025:17:41:16 +0900] "GET /zerotodeploy/css/style.css HTTP/1.1" 200 8596
0:0:0:0:0:0:0:1 - - [18/Mar/2025:17:41:16 +0900] "GET /zerotodeploy/lib/owlcarousel/assets/owl.carousel.min.css HTTP/1.1" 200 2941
0:0:0:0:0:0:0:1 - - [18/Mar/2025:17:41:16 +0900] "GET /zerotodeploy/lib/owlcarousel/owl.carousel.min.js HTTP/1.1" 200 42772
0:0:0:0:0:0:0:1 - - [18/Mar/2025:17:41:16 +0900] "GET /zerotodeploy/js/main.js HTTP/1.1" 200 1803
0:0:0:0:0:0:0:1 - - [18/Mar/2025:17:41:55 +0900] "GET /zerotodeploy/login HTTP/1.1" 200 7124
0:0:0:0:0:0:0:1 - - [18/Mar/2025:17:41:55 +0900] "GET /zerotodeploy/lib/animate/animate.min.css HTTP/1.1" 200 16964
0:0:0:0:0:0:0:1 - - [18/Mar/2025:17:41:55 +0900] "GET /zerotodeploy/lib/waypoints/waypoints.min.js HTTP/1.1" 200 9034
0:0:0:0:0:0:0:1 - - [18/Mar/2025:17:41:55 +0900] "GET /zerotodeploy/lib/owlcarousel/assets/owl.carousel.min.css HTTP/1.1" 200 2941
0:0:0:0:0:0:0:1 - - [18/Mar/2025:17:41:55 +0900] "GET /zerotodeploy/lib/easing/easing.min.js HTTP/1.1" 200 2303
0:0:0:0:0:0:0:1 - - [18/Mar/2025:17:41:55 +0900] "GET /zerotodeploy/css/style.css HTTP/1.1" 200 8596
0:0:0:0:0:0:0:1 - - [18/Mar/2025:17:41:55 +0900] "GET /zerotodeploy/lib/wow/wow.js HTTP/1.1" 200 17059
0:0:0:0:0:0:0:1 - - [18/Mar/2025:17:41:55 +0900] "GET /zerotodeploy/css/bootstrap.min.css HTTP/1.1" 200 164340
0:0:0:0:0:0:0:1 - - [18/Mar/2025:17:41:55 +0900] "GET /zerotodeploy/js/main.js HTTP/1.1" 200 1803
0:0:0:0:0:0:0:1 - - [18/Mar/2025:17:41:55 +0900] "GET /zerotodeploy/lib/owlcarousel/owl.carousel.min.js HTTP/1.1" 200 42772
0:0:0:0:0:0:0:1 - - [18/Mar/2025:17:41:58 +0900] "GET /zerotodeploy/signUp HTTP/1.1" 200 7742
0:0:0:0:0:0:0:1 - - [18/Mar/2025:17:41:58 +0900] "GET /zerotodeploy/lib/animate/animate.min.css HTTP/1.1" 200 16964
0:0:0:0:0:0:0:1 - - [18/Mar/2025:17:41:58 +0900] "GET /zerotodeploy/lib/easing/easing.min.js HTTP/1.1" 200 2303
0:0:0:0:0:0:0:1 - - [18/Mar/2025:17:41:58 +0900] "GET /zerotodeploy/lib/wow/wow.js HTTP/1.1" 200 17059
0:0:0:0:0:0:0:1 - - [18/Mar/2025:17:41:58 +0900] "GET /zerotodeploy/lib/owlcarousel/assets/owl.carousel.min.css HTTP/1.1" 200 2941
0:0:0:0:0:0:0:1 - - [18/Mar/2025:17:41:58 +0900] "GET /zerotodeploy/css/style.css HTTP/1.1" 200 8596
0:0:0:0:0:0:0:1 - - [18/Mar/2025:17:41:58 +0900] "GET /zerotodeploy/lib/waypoints/waypoints.min.js HTTP/1.1" 200 9034
0:0:0:0:0:0:0:1 - - [18/Mar/2025:17:41:58 +0900] "GET /zerotodeploy/css/bootstrap.min.css HTTP/1.1" 200 164340
0:0:0:0:0:0:0:1 - - [18/Mar/2025:17:41:58 +0900] "GET /zerotodeploy/js/main.js HTTP/1.1" 200 1803
0:0:0:0:0:0:0:1 - - [18/Mar/2025:17:41:58 +0900] "GET /zerotodeploy/lib/owlcarousel/owl.carousel.min.js HTTP/1.1" 200 42772
0:0:0:0:0:0:0:1 - - [18/Mar/2025:17:42:06 +0900] "POST /api/auth/signup HTTP/1.1" 404 683
0:0:0:0:0:0:0:1 - - [18/Mar/2025:17:48:40 +0900] "GET /zerotodeploy/signUp HTTP/1.1" 200 7311
0:0:0:0:0:0:0:1 - - [18/Mar/2025:17:48:40 +0900] "GET /zerotodeploy/lib/owlcarousel/assets/owl.carousel.min.css HTTP/1.1" 200 2941
0:0:0:0:0:0:0:1 - - [18/Mar/2025:17:48:40 +0900] "GET /zerotodeploy/css/style.css HTTP/1.1" 200 8596
0:0:0:0:0:0:0:1 - - [18/Mar/2025:17:48:40 +0900] "GET /zerotodeploy/lib/easing/easing.min.js HTTP/1.1" 200 2303
0:0:0:0:0:0:0:1 - - [18/Mar/2025:17:48:40 +0900] "GET /zerotodeploy/lib/wow/wow.js HTTP/1.1" 200 17059
0:0:0:0:0:0:0:1 - - [18/Mar/2025:17:48:40 +0900] "GET /zerotodeploy/lib/animate/animate.min.css HTTP/1.1" 200 16964
0:0:0:0:0:0:0:1 - - [18/Mar/2025:17:48:40 +0900] "GET /zerotodeploy/css/bootstrap.min.css HTTP/1.1" 200 164340
0:0:0:0:0:0:0:1 - - [18/Mar/2025:17:48:40 +0900] "GET /zerotodeploy/lib/waypoints/waypoints.min.js HTTP/1.1" 200 9034
0:0:0:0:0:0:0:1 - - [18/Mar/2025:17:48:40 +0900] "GET /zerotodeploy/lib/owlcarousel/owl.carousel.min.js HTTP/1.1" 200 42772
0:0:0:0:0:0:0:1 - - [18/Mar/2025:17:48:40 +0900] "GET /zerotodeploy/js/main.js HTTP/1.1" 200 1803
0:0:0:0:0:0:0:1 - - [18/Mar/2025:17:48:43 +0900] "GET /zerotodeploy HTTP/1.1" 302 -
0:0:0:0:0:0:0:1 - - [18/Mar/2025:17:48:43 +0900] "GET /zerotodeploy/ HTTP/1.1" 200 7874
0:0:0:0:0:0:0:1 - - [18/Mar/2025:17:48:43 +0900] "GET /zerotodeploy/lib/animate/animate.min.css HTTP/1.1" 200 16964
0:0:0:0:0:0:0:1 - - [18/Mar/2025:17:48:43 +0900] "GET /zerotodeploy/css/style.css HTTP/1.1" 200 8596
0:0:0:0:0:0:0:1 - - [18/Mar/2025:17:48:43 +0900] "GET /zerotodeploy/lib/owlcarousel/assets/owl.carousel.min.css HTTP/1.1" 200 2941
0:0:0:0:0:0:0:1 - - [18/Mar/2025:17:48:43 +0900] "GET /zerotodeploy/lib/easing/easing.min.js HTTP/1.1" 200 2303
0:0:0:0:0:0:0:1 - - [18/Mar/2025:17:48:43 +0900] "GET /zerotodeploy/lib/waypoints/waypoints.min.js HTTP/1.1" 200 9034
0:0:0:0:0:0:0:1 - - [18/Mar/2025:17:48:43 +0900] "GET /zerotodeploy/lib/wow/wow.js HTTP/1.1" 200 17059
0:0:0:0:0:0:0:1 - - [18/Mar/2025:17:48:43 +0900] "GET /zerotodeploy/css/bootstrap.min.css HTTP/1.1" 200 164340
0:0:0:0:0:0:0:1 - - [18/Mar/2025:17:48:43 +0900] "GET /zerotodeploy/lib/owlcarousel/owl.carousel.min.js HTTP/1.1" 200 42772
0:0:0:0:0:0:0:1 - - [18/Mar/2025:17:48:43 +0900] "GET /zerotodeploy/js/main.js HTTP/1.1" 200 1803
0:0:0:0:0:0:0:1 - - [18/Mar/2025:17:48:47 +0900] "GET /zerotodeploy/signUp HTTP/1.1" 200 7311
0:0:0:0:0:0:0:1 - - [18/Mar/2025:17:48:47 +0900] "GET /zerotodeploy/lib/animate/animate.min.css HTTP/1.1" 200 16964
0:0:0:0:0:0:0:1 - - [18/Mar/2025:17:48:47 +0900] "GET /zerotodeploy/lib/wow/wow.js HTTP/1.1" 200 17059
0:0:0:0:0:0:0:1 - - [18/Mar/2025:17:48:47 +0900] "GET /zerotodeploy/lib/easing/easing.min.js HTTP/1.1" 200 2303
0:0:0:0:0:0:0:1 - - [18/Mar/2025:17:48:47 +0900] "GET /zerotodeploy/lib/waypoints/waypoints.min.js HTTP/1.1" 200 9034
0:0:0:0:0:0:0:1 - - [18/Mar/2025:17:48:47 +0900] "GET /zerotodeploy/css/bootstrap.min.css HTTP/1.1" 200 164340
0:0:0:0:0:0:0:1 - - [18/Mar/2025:17:48:47 +0900] "GET /zerotodeploy/lib/owlcarousel/assets/owl.carousel.min.css HTTP/1.1" 200 2941
0:0:0:0:0:0:0:1 - - [18/Mar/2025:17:48:47 +0900] "GET /zerotodeploy/css/style.css HTTP/1.1" 200 8596
0:0:0:0:0:0:0:1 - - [18/Mar/2025:17:48:47 +0900] "GET /zerotodeploy/js/main.js HTTP/1.1" 200 1803
0:0:0:0:0:0:0:1 - - [18/Mar/2025:17:48:47 +0900] "GET /zerotodeploy/lib/owlcarousel/owl.carousel.min.js HTTP/1.1" 200 42772
0:0:0:0:0:0:0:1 - - [18/Mar/2025:17:48:56 +0900] "POST /api/auth/signup HTTP/1.1" 404 683
0:0:0:0:0:0:0:1 - - [18/Mar/2025:17:48:58 +0900] "GET /zerotodeploy/css/style.css HTTP/1.1" 200 8596
0:0:0:0:0:0:0:1 - - [18/Mar/2025:17:48:58 +0900] "GET /zerotodeploy/lib/animate/animate.min.css HTTP/1.1" 200 16964
0:0:0:0:0:0:0:1 - - [18/Mar/2025:17:48:58 +0900] "GET /zerotodeploy/css/bootstrap.min.css HTTP/1.1" 200 164340
0:0:0:0:0:0:0:1 - - [18/Mar/2025:17:48:58 +0900] "GET /zerotodeploy/lib/owlcarousel/assets/owl.carousel.min.css HTTP/1.1" 200 2941
0:0:0:0:0:0:0:1 - - [18/Mar/2025:17:49:21 +0900] "POST /api/auth/signup HTTP/1.1" 404 683
0:0:0:0:0:0:0:1 - - [18/Mar/2025:17:49:23 +0900] "POST /api/auth/signup HTTP/1.1" 404 683
0:0:0:0:0:0:0:1 - - [18/Mar/2025:17:49:25 +0900] "GET /zerotodeploy/ HTTP/1.1" 200 7874
0:0:0:0:0:0:0:1 - - [18/Mar/2025:17:49:25 +0900] "GET /zerotodeploy/css/style.css HTTP/1.1" 200 8596
0:0:0:0:0:0:0:1 - - [18/Mar/2025:17:49:25 +0900] "GET /zerotodeploy/lib/animate/animate.min.css HTTP/1.1" 200 16964
0:0:0:0:0:0:0:1 - - [18/Mar/2025:17:49:25 +0900] "GET /zerotodeploy/lib/easing/easing.min.js HTTP/1.1" 200 2303
0:0:0:0:0:0:0:1 - - [18/Mar/2025:17:49:25 +0900] "GET /zerotodeploy/lib/wow/wow.js HTTP/1.1" 200 17059
0:0:0:0:0:0:0:1 - - [18/Mar/2025:17:49:25 +0900] "GET /zerotodeploy/lib/owlcarousel/assets/owl.carousel.min.css HTTP/1.1" 200 2941
0:0:0:0:0:0:0:1 - - [18/Mar/2025:17:49:25 +0900] "GET /zerotodeploy/css/bootstrap.min.css HTTP/1.1" 200 164340
0:0:0:0:0:0:0:1 - - [18/Mar/2025:17:49:25 +0900] "GET /zerotodeploy/lib/waypoints/waypoints.min.js HTTP/1.1" 200 9034
0:0:0:0:0:0:0:1 - - [18/Mar/2025:17:49:25 +0900] "GET /zerotodeploy/js/main.js HTTP/1.1" 200 1803
0:0:0:0:0:0:0:1 - - [18/Mar/2025:17:49:25 +0900] "GET /zerotodeploy/lib/owlcarousel/owl.carousel.min.js HTTP/1.1" 200 42772
0:0:0:0:0:0:0:1 - - [18/Mar/2025:17:49:26 +0900] "GET /zerotodeploy/login HTTP/1.1" 200 7124
0:0:0:0:0:0:0:1 - - [18/Mar/2025:17:49:26 +0900] "GET /zerotodeploy/lib/animate/animate.min.css HTTP/1.1" 200 16964
0:0:0:0:0:0:0:1 - - [18/Mar/2025:17:49:26 +0900] "GET /zerotodeploy/lib/wow/wow.js HTTP/1.1" 200 17059
0:0:0:0:0:0:0:1 - - [18/Mar/2025:17:49:26 +0900] "GET /zerotodeploy/lib/easing/easing.min.js HTTP/1.1" 200 2303
0:0:0:0:0:0:0:1 - - [18/Mar/2025:17:49:26 +0900] "GET /zerotodeploy/css/style.css HTTP/1.1" 200 8596
0:0:0:0:0:0:0:1 - - [18/Mar/2025:17:49:26 +0900] "GET /zerotodeploy/lib/owlcarousel/assets/owl.carousel.min.css HTTP/1.1" 200 2941
0:0:0:0:0:0:0:1 - - [18/Mar/2025:17:49:26 +0900] "GET /zerotodeploy/css/bootstrap.min.css HTTP/1.1" 200 164340
0:0:0:0:0:0:0:1 - - [18/Mar/2025:17:49:26 +0900] "GET /zerotodeploy/lib/waypoints/waypoints.min.js HTTP/1.1" 200 9034
0:0:0:0:0:0:0:1 - - [18/Mar/2025:17:49:26 +0900] "GET /zerotodeploy/js/main.js HTTP/1.1" 200 1803
0:0:0:0:0:0:0:1 - - [18/Mar/2025:17:49:26 +0900] "GET /zerotodeploy/lib/owlcarousel/owl.carousel.min.js HTTP/1.1" 200 42772
0:0:0:0:0:0:0:1 - - [18/Mar/2025:17:50:34 +0900] "GET /zerotodeploy/login HTTP/1.1" 200 7124
0:0:0:0:0:0:0:1 - - [18/Mar/2025:17:50:34 +0900] "GET /zerotodeploy/lib/animate/animate.min.css HTTP/1.1" 200 16964
0:0:0:0:0:0:0:1 - - [18/Mar/2025:17:50:34 +0900] "GET /zerotodeploy/lib/owlcarousel/assets/owl.carousel.min.css HTTP/1.1" 200 2941
0:0:0:0:0:0:0:1 - - [18/Mar/2025:17:50:34 +0900] "GET /zerotodeploy/lib/waypoints/waypoints.min.js HTTP/1.1" 200 9034
0:0:0:0:0:0:0:1 - - [18/Mar/2025:17:50:34 +0900] "GET /zerotodeploy/css/style.css HTTP/1.1" 200 8596
0:0:0:0:0:0:0:1 - - [18/Mar/2025:17:50:34 +0900] "GET /zerotodeploy/lib/wow/wow.js HTTP/1.1" 200 17059
0:0:0:0:0:0:0:1 - - [18/Mar/2025:17:50:34 +0900] "GET /zerotodeploy/lib/easing/easing.min.js HTTP/1.1" 200 2303
0:0:0:0:0:0:0:1 - - [18/Mar/2025:17:50:34 +0900] "GET /zerotodeploy/css/bootstrap.min.css HTTP/1.1" 200 164340
0:0:0:0:0:0:0:1 - - [18/Mar/2025:17:50:34 +0900] "GET /zerotodeploy/lib/owlcarousel/owl.carousel.min.js HTTP/1.1" 200 42772
0:0:0:0:0:0:0:1 - - [18/Mar/2025:17:50:34 +0900] "GET /zerotodeploy/js/main.js HTTP/1.1" 200 1803
0:0:0:0:0:0:0:1 - - [18/Mar/2025:17:50:35 +0900] "GET /zerotodeploy/login HTTP/1.1" 200 7124
0:0:0:0:0:0:0:1 - - [18/Mar/2025:17:50:35 +0900] "GET /zerotodeploy/lib/animate/animate.min.css HTTP/1.1" 200 16964
0:0:0:0:0:0:0:1 - - [18/Mar/2025:17:50:35 +0900] "GET /zerotodeploy/css/bootstrap.min.css HTTP/1.1" 200 164340
0:0:0:0:0:0:0:1 - - [18/Mar/2025:17:50:35 +0900] "GET /zerotodeploy/lib/owlcarousel/assets/owl.carousel.min.css HTTP/1.1" 200 2941
0:0:0:0:0:0:0:1 - - [18/Mar/2025:17:50:35 +0900] "GET /zerotodeploy/css/style.css HTTP/1.1" 200 8596
0:0:0:0:0:0:0:1 - - [18/Mar/2025:17:50:35 +0900] "GET /zerotodeploy/lib/waypoints/waypoints.min.js HTTP/1.1" 200 9034
0:0:0:0:0:0:0:1 - - [18/Mar/2025:17:50:35 +0900] "GET /zerotodeploy/lib/easing/easing.min.js HTTP/1.1" 200 2303
0:0:0:0:0:0:0:1 - - [18/Mar/2025:17:50:35 +0900] "GET /zerotodeploy/lib/wow/wow.js HTTP/1.1" 200 17059
0:0:0:0:0:0:0:1 - - [18/Mar/2025:17:50:35 +0900] "GET /zerotodeploy/js/main.js HTTP/1.1" 200 1803
0:0:0:0:0:0:0:1 - - [18/Mar/2025:17:50:35 +0900] "GET /zerotodeploy/lib/owlcarousel/owl.carousel.min.js HTTP/1.1" 200 42772
0:0:0:0:0:0:0:1 - - [18/Mar/2025:17:50:36 +0900] "GET /zerotodeploy/signUp HTTP/1.1" 200 3452
0:0:0:0:0:0:0:1 - - [18/Mar/2025:17:50:40 +0900] "GET /zerotodeploy/css/style.css HTTP/1.1" 200 8596
0:0:0:0:0:0:0:1 - - [18/Mar/2025:17:50:40 +0900] "GET /zerotodeploy/lib/animate/animate.min.css HTTP/1.1" 200 16964
0:0:0:0:0:0:0:1 - - [18/Mar/2025:17:50:40 +0900] "GET /zerotodeploy/lib/owlcarousel/assets/owl.carousel.min.css HTTP/1.1" 200 2941
0:0:0:0:0:0:0:1 - - [18/Mar/2025:17:50:40 +0900] "GET /zerotodeploy/css/bootstrap.min.css HTTP/1.1" 200 164340
0:0:0:0:0:0:0:1 - - [18/Mar/2025:17:52:28 +0900] "GET /zerotodeploy/about HTTP/1.1" 200 5579
0:0:0:0:0:0:0:1 - - [18/Mar/2025:17:52:28 +0900] "GET /zerotodeploy/lib/animate/animate.min.css HTTP/1.1" 200 16964
0:0:0:0:0:0:0:1 - - [18/Mar/2025:17:52:28 +0900] "GET /zerotodeploy/lib/owlcarousel/assets/owl.carousel.min.css HTTP/1.1" 200 2941
0:0:0:0:0:0:0:1 - - [18/Mar/2025:17:52:28 +0900] "GET /zerotodeploy/css/style.css HTTP/1.1" 200 8596
0:0:0:0:0:0:0:1 - - [18/Mar/2025:17:52:28 +0900] "GET /zerotodeploy/lib/easing/easing.min.js HTTP/1.1" 200 2303
0:0:0:0:0:0:0:1 - - [18/Mar/2025:17:52:28 +0900] "GET /zerotodeploy/lib/wow/wow.js HTTP/1.1" 200 17059
0:0:0:0:0:0:0:1 - - [18/Mar/2025:17:52:28 +0900] "GET /zerotodeploy/css/bootstrap.min.css HTTP/1.1" 200 164340
0:0:0:0:0:0:0:1 - - [18/Mar/2025:17:52:28 +0900] "GET /zerotodeploy/lib/waypoints/waypoints.min.js HTTP/1.1" 200 9034
0:0:0:0:0:0:0:1 - - [18/Mar/2025:17:52:28 +0900] "GET /zerotodeploy/lib/owlcarousel/owl.carousel.min.js HTTP/1.1" 200 42772
0:0:0:0:0:0:0:1 - - [18/Mar/2025:17:52:28 +0900] "GET /zerotodeploy/js/main.js HTTP/1.1" 200 1803
0:0:0:0:0:0:0:1 - - [18/Mar/2025:17:52:28 +0900] "GET /zerotodeploy/img/carousel-1.jpg HTTP/1.1" 404 10234
0:0:0:0:0:0:0:1 - - [18/Mar/2025:17:52:30 +0900] "GET /zerotodeploy/history HTTP/1.1" 200 4779
0:0:0:0:0:0:0:1 - - [18/Mar/2025:17:52:30 +0900] "GET /zerotodeploy/lib/animate/animate.min.css HTTP/1.1" 200 16964
0:0:0:0:0:0:0:1 - - [18/Mar/2025:17:52:30 +0900] "GET /zerotodeploy/lib/owlcarousel/assets/owl.carousel.min.css HTTP/1.1" 200 2941
0:0:0:0:0:0:0:1 - - [18/Mar/2025:17:52:30 +0900] "GET /zerotodeploy/lib/wow/wow.js HTTP/1.1" 200 17059
0:0:0:0:0:0:0:1 - - [18/Mar/2025:17:52:30 +0900] "GET /zerotodeploy/css/style.css HTTP/1.1" 200 8596
0:0:0:0:0:0:0:1 - - [18/Mar/2025:17:52:30 +0900] "GET /zerotodeploy/lib/waypoints/waypoints.min.js HTTP/1.1" 200 9034
0:0:0:0:0:0:0:1 - - [18/Mar/2025:17:52:30 +0900] "GET /zerotodeploy/lib/easing/easing.min.js HTTP/1.1" 200 2303
0:0:0:0:0:0:0:1 - - [18/Mar/2025:17:52:30 +0900] "GET /zerotodeploy/css/bootstrap.min.css HTTP/1.1" 200 164340
0:0:0:0:0:0:0:1 - - [18/Mar/2025:17:52:30 +0900] "GET /zerotodeploy/js/main.js HTTP/1.1" 200 1803
0:0:0:0:0:0:0:1 - - [18/Mar/2025:17:52:30 +0900] "GET /zerotodeploy/lib/owlcarousel/owl.carousel.min.js HTTP/1.1" 200 42772
0:0:0:0:0:0:0:1 - - [18/Mar/2025:17:52:32 +0900] "GET /zerotodeploy/java HTTP/1.1" 200 5155
0:0:0:0:0:0:0:1 - - [18/Mar/2025:17:52:32 +0900] "GET /zerotodeploy/lib/animate/animate.min.css HTTP/1.1" 200 16964
0:0:0:0:0:0:0:1 - - [18/Mar/2025:17:52:32 +0900] "GET /zerotodeploy/css/style.css HTTP/1.1" 200 8596
0:0:0:0:0:0:0:1 - - [18/Mar/2025:17:52:32 +0900] "GET /zerotodeploy/lib/easing/easing.min.js HTTP/1.1" 200 2303
0:0:0:0:0:0:0:1 - - [18/Mar/2025:17:52:32 +0900] "GET /zerotodeploy/lib/waypoints/waypoints.min.js HTTP/1.1" 200 9034
0:0:0:0:0:0:0:1 - - [18/Mar/2025:17:52:32 +0900] "GET /zerotodeploy/lib/owlcarousel/assets/owl.carousel.min.css HTTP/1.1" 200 2941
0:0:0:0:0:0:0:1 - - [18/Mar/2025:17:52:32 +0900] "GET /zerotodeploy/css/bootstrap.min.css HTTP/1.1" 200 164340
0:0:0:0:0:0:0:1 - - [18/Mar/2025:17:52:32 +0900] "GET /zerotodeploy/lib/wow/wow.js HTTP/1.1" 200 17059
0:0:0:0:0:0:0:1 - - [18/Mar/2025:17:52:32 +0900] "GET /zerotodeploy/lib/owlcarousel/owl.carousel.min.js HTTP/1.1" 200 42772
0:0:0:0:0:0:0:1 - - [18/Mar/2025:17:52:32 +0900] "GET /zerotodeploy/js/main.js HTTP/1.1" 200 1803
0:0:0:0:0:0:0:1 - - [18/Mar/2025:17:52:32 +0900] "GET /zerotodeploy/springboot HTTP/1.1" 200 5155
0:0:0:0:0:0:0:1 - - [18/Mar/2025:17:52:32 +0900] "GET /zerotodeploy/lib/animate/animate.min.css HTTP/1.1" 200 16964
0:0:0:0:0:0:0:1 - - [18/Mar/2025:17:52:32 +0900] "GET /zerotodeploy/lib/owlcarousel/assets/owl.carousel.min.css HTTP/1.1" 200 2941
0:0:0:0:0:0:0:1 - - [18/Mar/2025:17:52:32 +0900] "GET /zerotodeploy/lib/easing/easing.min.js HTTP/1.1" 200 2303
0:0:0:0:0:0:0:1 - - [18/Mar/2025:17:52:32 +0900] "GET /zerotodeploy/css/style.css HTTP/1.1" 200 8596
0:0:0:0:0:0:0:1 - - [18/Mar/2025:17:52:32 +0900] "GET /zerotodeploy/css/bootstrap.min.css HTTP/1.1" 200 164340
0:0:0:0:0:0:0:1 - - [18/Mar/2025:17:52:32 +0900] "GET /zerotodeploy/lib/waypoints/waypoints.min.js HTTP/1.1" 200 9034
0:0:0:0:0:0:0:1 - - [18/Mar/2025:17:52:32 +0900] "GET /zerotodeploy/lib/wow/wow.js HTTP/1.1" 200 17059
0:0:0:0:0:0:0:1 - - [18/Mar/2025:17:52:32 +0900] "GET /zerotodeploy/lib/owlcarousel/owl.carousel.min.js HTTP/1.1" 200 42772
0:0:0:0:0:0:0:1 - - [18/Mar/2025:17:52:32 +0900] "GET /zerotodeploy/js/main.js HTTP/1.1" 200 1803
0:0:0:0:0:0:0:1 - - [18/Mar/2025:17:52:33 +0900] "GET /zerotodeploy/ubuntu HTTP/1.1" 200 5159
0:0:0:0:0:0:0:1 - - [18/Mar/2025:17:52:33 +0900] "GET /zerotodeploy/lib/animate/animate.min.css HTTP/1.1" 200 16964
0:0:0:0:0:0:0:1 - - [18/Mar/2025:17:52:33 +0900] "GET /zerotodeploy/lib/owlcarousel/assets/owl.carousel.min.css HTTP/1.1" 200 2941
0:0:0:0:0:0:0:1 - - [18/Mar/2025:17:52:33 +0900] "GET /zerotodeploy/lib/wow/wow.js HTTP/1.1" 200 17059
0:0:0:0:0:0:0:1 - - [18/Mar/2025:17:52:33 +0900] "GET /zerotodeploy/css/style.css HTTP/1.1" 200 8596
0:0:0:0:0:0:0:1 - - [18/Mar/2025:17:52:33 +0900] "GET /zerotodeploy/lib/easing/easing.min.js HTTP/1.1" 200 2303
0:0:0:0:0:0:0:1 - - [18/Mar/2025:17:52:33 +0900] "GET /zerotodeploy/lib/waypoints/waypoints.min.js HTTP/1.1" 200 9034
0:0:0:0:0:0:0:1 - - [18/Mar/2025:17:52:33 +0900] "GET /zerotodeploy/css/bootstrap.min.css HTTP/1.1" 200 164340
0:0:0:0:0:0:0:1 - - [18/Mar/2025:17:52:33 +0900] "GET /zerotodeploy/js/main.js HTTP/1.1" 200 1803
0:0:0:0:0:0:0:1 - - [18/Mar/2025:17:52:33 +0900] "GET /zerotodeploy/lib/owlcarousel/owl.carousel.min.js HTTP/1.1" 200 42772
0:0:0:0:0:0:0:1 - - [18/Mar/2025:17:52:35 +0900] "GET /zerotodeploy/css HTTP/1.1" 200 5159
0:0:0:0:0:0:0:1 - - [18/Mar/2025:17:52:35 +0900] "GET /zerotodeploy/lib/animate/animate.min.css HTTP/1.1" 200 16964
0:0:0:0:0:0:0:1 - - [18/Mar/2025:17:52:35 +0900] "GET /zerotodeploy/lib/owlcarousel/assets/owl.carousel.min.css HTTP/1.1" 200 2941
0:0:0:0:0:0:0:1 - - [18/Mar/2025:17:52:35 +0900] "GET /zerotodeploy/css/style.css HTTP/1.1" 200 8596
0:0:0:0:0:0:0:1 - - [18/Mar/2025:17:52:35 +0900] "GET /zerotodeploy/css/bootstrap.min.css HTTP/1.1" 200 164340
0:0:0:0:0:0:0:1 - - [18/Mar/2025:17:52:35 +0900] "GET /zerotodeploy/lib/wow/wow.js HTTP/1.1" 200 17059
0:0:0:0:0:0:0:1 - - [18/Mar/2025:17:52:35 +0900] "GET /zerotodeploy/lib/easing/easing.min.js HTTP/1.1" 200 2303
0:0:0:0:0:0:0:1 - - [18/Mar/2025:17:52:35 +0900] "GET /zerotodeploy/lib/waypoints/waypoints.min.js HTTP/1.1" 200 9034
0:0:0:0:0:0:0:1 - - [18/Mar/2025:17:52:35 +0900] "GET /zerotodeploy/lib/owlcarousel/owl.carousel.min.js HTTP/1.1" 200 42772
0:0:0:0:0:0:0:1 - - [18/Mar/2025:17:52:35 +0900] "GET /zerotodeploy/js/main.js HTTP/1.1" 200 1803
0:0:0:0:0:0:0:1 - - [18/Mar/2025:17:52:36 +0900] "GET /zerotodeploy/login HTTP/1.1" 200 7124
0:0:0:0:0:0:0:1 - - [18/Mar/2025:17:52:36 +0900] "GET /zerotodeploy/lib/animate/animate.min.css HTTP/1.1" 200 16964
0:0:0:0:0:0:0:1 - - [18/Mar/2025:17:52:36 +0900] "GET /zerotodeploy/css/style.css HTTP/1.1" 200 8596
0:0:0:0:0:0:0:1 - - [18/Mar/2025:17:52:36 +0900] "GET /zerotodeploy/lib/owlcarousel/assets/owl.carousel.min.css HTTP/1.1" 200 2941
0:0:0:0:0:0:0:1 - - [18/Mar/2025:17:52:36 +0900] "GET /zerotodeploy/lib/wow/wow.js HTTP/1.1" 200 17059
0:0:0:0:0:0:0:1 - - [18/Mar/2025:17:52:36 +0900] "GET /zerotodeploy/lib/easing/easing.min.js HTTP/1.1" 200 2303
0:0:0:0:0:0:0:1 - - [18/Mar/2025:17:52:36 +0900] "GET /zerotodeploy/lib/waypoints/waypoints.min.js HTTP/1.1" 200 9034
0:0:0:0:0:0:0:1 - - [18/Mar/2025:17:52:36 +0900] "GET /zerotodeploy/css/bootstrap.min.css HTTP/1.1" 200 164340
0:0:0:0:0:0:0:1 - - [18/Mar/2025:17:52:36 +0900] "GET /zerotodeploy/js/main.js HTTP/1.1" 200 1803
0:0:0:0:0:0:0:1 - - [18/Mar/2025:17:52:36 +0900] "GET /zerotodeploy/lib/owlcarousel/owl.carousel.min.js HTTP/1.1" 200 42772
0:0:0:0:0:0:0:1 - - [18/Mar/2025:17:53:08 +0900] "GET /zerotodeploy/login HTTP/1.1" 200 7124
0:0:0:0:0:0:0:1 - - [18/Mar/2025:17:53:08 +0900] "GET /zerotodeploy/lib/animate/animate.min.css HTTP/1.1" 200 16964
0:0:0:0:0:0:0:1 - - [18/Mar/2025:17:53:08 +0900] "GET /zerotodeploy/lib/wow/wow.js HTTP/1.1" 200 17059
0:0:0:0:0:0:0:1 - - [18/Mar/2025:17:53:08 +0900] "GET /zerotodeploy/lib/owlcarousel/assets/owl.carousel.min.css HTTP/1.1" 200 2941
0:0:0:0:0:0:0:1 - - [18/Mar/2025:17:53:08 +0900] "GET /zerotodeploy/css/style.css HTTP/1.1" 200 8596
0:0:0:0:0:0:0:1 - - [18/Mar/2025:17:53:08 +0900] "GET /zerotodeploy/css/bootstrap.min.css HTTP/1.1" 200 164340
0:0:0:0:0:0:0:1 - - [18/Mar/2025:17:53:08 +0900] "GET /zerotodeploy/lib/waypoints/waypoints.min.js HTTP/1.1" 200 9034
0:0:0:0:0:0:0:1 - - [18/Mar/2025:17:53:08 +0900] "GET /zerotodeploy/lib/easing/easing.min.js HTTP/1.1" 200 2303
0:0:0:0:0:0:0:1 - - [18/Mar/2025:17:53:08 +0900] "GET /zerotodeploy/js/main.js HTTP/1.1" 200 1803
0:0:0:0:0:0:0:1 - - [18/Mar/2025:17:53:08 +0900] "GET /zerotodeploy/lib/owlcarousel/owl.carousel.min.js HTTP/1.1" 200 42772
0:0:0:0:0:0:0:1 - - [18/Mar/2025:17:53:10 +0900] "GET /zerotodeploy/signUp HTTP/1.1" 200 5801
0:0:0:0:0:0:0:1 - - [18/Mar/2025:17:53:10 +0900] "GET /zerotodeploy/lib/animate/animate.min.css HTTP/1.1" 200 16964
0:0:0:0:0:0:0:1 - - [18/Mar/2025:17:53:10 +0900] "GET /zerotodeploy/lib/owlcarousel/assets/owl.carousel.min.css HTTP/1.1" 200 2941
0:0:0:0:0:0:0:1 - - [18/Mar/2025:17:53:10 +0900] "GET /zerotodeploy/css/style.css HTTP/1.1" 200 8596
0:0:0:0:0:0:0:1 - - [18/Mar/2025:17:53:10 +0900] "GET /zerotodeploy/css/bootstrap.min.css HTTP/1.1" 200 164340
0:0:0:0:0:0:0:1 - - [18/Mar/2025:17:53:17 +0900] "GET /zerotodeploy/signUp HTTP/1.1" 200 7311
0:0:0:0:0:0:0:1 - - [18/Mar/2025:17:53:17 +0900] "GET /zerotodeploy/lib/animate/animate.min.css HTTP/1.1" 200 16964
0:0:0:0:0:0:0:1 - - [18/Mar/2025:17:53:17 +0900] "GET /zerotodeploy/lib/owlcarousel/assets/owl.carousel.min.css HTTP/1.1" 200 2941
0:0:0:0:0:0:0:1 - - [18/Mar/2025:17:53:17 +0900] "GET /zerotodeploy/lib/wow/wow.js HTTP/1.1" 200 17059
0:0:0:0:0:0:0:1 - - [18/Mar/2025:17:53:17 +0900] "GET /zerotodeploy/css/style.css HTTP/1.1" 200 8596
0:0:0:0:0:0:0:1 - - [18/Mar/2025:17:53:17 +0900] "GET /zerotodeploy/lib/easing/easing.min.js HTTP/1.1" 200 2303
0:0:0:0:0:0:0:1 - - [18/Mar/2025:17:53:17 +0900] "GET /zerotodeploy/css/bootstrap.min.css HTTP/1.1" 200 164340
0:0:0:0:0:0:0:1 - - [18/Mar/2025:17:53:17 +0900] "GET /zerotodeploy/lib/waypoints/waypoints.min.js HTTP/1.1" 200 9034
0:0:0:0:0:0:0:1 - - [18/Mar/2025:17:53:17 +0900] "GET /zerotodeploy/js/main.js HTTP/1.1" 200 1803
0:0:0:0:0:0:0:1 - - [18/Mar/2025:17:53:17 +0900] "GET /zerotodeploy/lib/owlcarousel/owl.carousel.min.js HTTP/1.1" 200 42772
0:0:0:0:0:0:0:1 - - [18/Mar/2025:17:53:17 +0900] "GET /zerotodeploy/signUp HTTP/1.1" 200 7311
0:0:0:0:0:0:0:1 - - [18/Mar/2025:17:53:17 +0900] "GET /zerotodeploy/lib/animate/animate.min.css HTTP/1.1" 200 16964
0:0:0:0:0:0:0:1 - - [18/Mar/2025:17:53:17 +0900] "GET /zerotodeploy/lib/wow/wow.js HTTP/1.1" 200 17059
0:0:0:0:0:0:0:1 - - [18/Mar/2025:17:53:17 +0900] "GET /zerotodeploy/lib/owlcarousel/assets/owl.carousel.min.css HTTP/1.1" 200 2941
0:0:0:0:0:0:0:1 - - [18/Mar/2025:17:53:17 +0900] "GET /zerotodeploy/css/bootstrap.min.css HTTP/1.1" 200 164340
0:0:0:0:0:0:0:1 - - [18/Mar/2025:17:53:17 +0900] "GET /zerotodeploy/css/style.css HTTP/1.1" 200 8596
0:0:0:0:0:0:0:1 - - [18/Mar/2025:17:53:17 +0900] "GET /zerotodeploy/lib/easing/easing.min.js HTTP/1.1" 200 2303
0:0:0:0:0:0:0:1 - - [18/Mar/2025:17:53:17 +0900] "GET /zerotodeploy/lib/waypoints/waypoints.min.js HTTP/1.1" 200 9034
0:0:0:0:0:0:0:1 - - [18/Mar/2025:17:53:17 +0900] "GET /zerotodeploy/lib/owlcarousel/owl.carousel.min.js HTTP/1.1" 200 42772
0:0:0:0:0:0:0:1 - - [18/Mar/2025:17:53:17 +0900] "GET /zerotodeploy/js/main.js HTTP/1.1" 200 1803
0:0:0:0:0:0:0:1 - - [18/Mar/2025:17:53:21 +0900] "GET /zerotodeploy/lib/animate/animate.min.css HTTP/1.1" 200 16964
0:0:0:0:0:0:0:1 - - [18/Mar/2025:17:53:21 +0900] "GET /zerotodeploy/lib/owlcarousel/assets/owl.carousel.min.css HTTP/1.1" 200 2941
0:0:0:0:0:0:0:1 - - [18/Mar/2025:17:53:21 +0900] "GET /zerotodeploy/css/bootstrap.min.css HTTP/1.1" 200 164340
0:0:0:0:0:0:0:1 - - [18/Mar/2025:17:53:21 +0900] "GET /zerotodeploy/css/style.css HTTP/1.1" 200 8596
0:0:0:0:0:0:0:1 - - [18/Mar/2025:17:53:21 +0900] "GET /zerotodeploy/login HTTP/1.1" 200 7124
0:0:0:0:0:0:0:1 - - [18/Mar/2025:17:53:21 +0900] "GET /zerotodeploy/lib/animate/animate.min.css HTTP/1.1" 200 16964
0:0:0:0:0:0:0:1 - - [18/Mar/2025:17:53:21 +0900] "GET /zerotodeploy/lib/owlcarousel/assets/owl.carousel.min.css HTTP/1.1" 200 2941
0:0:0:0:0:0:0:1 - - [18/Mar/2025:17:53:21 +0900] "GET /zerotodeploy/lib/wow/wow.js HTTP/1.1" 200 17059
0:0:0:0:0:0:0:1 - - [18/Mar/2025:17:53:21 +0900] "GET /zerotodeploy/css/style.css HTTP/1.1" 200 8596
0:0:0:0:0:0:0:1 - - [18/Mar/2025:17:53:21 +0900] "GET /zerotodeploy/css/bootstrap.min.css HTTP/1.1" 200 164340
0:0:0:0:0:0:0:1 - - [18/Mar/2025:17:53:21 +0900] "GET /zerotodeploy/lib/easing/easing.min.js HTTP/1.1" 200 2303
0:0:0:0:0:0:0:1 - - [18/Mar/2025:17:53:21 +0900] "GET /zerotodeploy/lib/waypoints/waypoints.min.js HTTP/1.1" 200 9034
0:0:0:0:0:0:0:1 - - [18/Mar/2025:17:53:21 +0900] "GET /zerotodeploy/lib/owlcarousel/owl.carousel.min.js HTTP/1.1" 200 42772
0:0:0:0:0:0:0:1 - - [18/Mar/2025:17:53:21 +0900] "GET /zerotodeploy/js/main.js HTTP/1.1" 200 1803
0:0:0:0:0:0:0:1 - - [18/Mar/2025:17:53:23 +0900] "GET /zerotodeploy/signUp HTTP/1.1" 200 7311
0:0:0:0:0:0:0:1 - - [18/Mar/2025:17:53:23 +0900] "GET /zerotodeploy/lib/animate/animate.min.css HTTP/1.1" 200 16964
0:0:0:0:0:0:0:1 - - [18/Mar/2025:17:53:23 +0900] "GET /zerotodeploy/lib/wow/wow.js HTTP/1.1" 200 17059
0:0:0:0:0:0:0:1 - - [18/Mar/2025:17:53:23 +0900] "GET /zerotodeploy/lib/easing/easing.min.js HTTP/1.1" 200 2303
0:0:0:0:0:0:0:1 - - [18/Mar/2025:17:53:23 +0900] "GET /zerotodeploy/lib/waypoints/waypoints.min.js HTTP/1.1" 200 9034
0:0:0:0:0:0:0:1 - - [18/Mar/2025:17:53:23 +0900] "GET /zerotodeploy/lib/owlcarousel/assets/owl.carousel.min.css HTTP/1.1" 200 2941
0:0:0:0:0:0:0:1 - - [18/Mar/2025:17:53:23 +0900] "GET /zerotodeploy/css/bootstrap.min.css HTTP/1.1" 200 164340
0:0:0:0:0:0:0:1 - - [18/Mar/2025:17:53:23 +0900] "GET /zerotodeploy/css/style.css HTTP/1.1" 200 8596
0:0:0:0:0:0:0:1 - - [18/Mar/2025:17:53:23 +0900] "GET /zerotodeploy/js/main.js HTTP/1.1" 200 1803
0:0:0:0:0:0:0:1 - - [18/Mar/2025:17:53:23 +0900] "GET /zerotodeploy/lib/owlcarousel/owl.carousel.min.js HTTP/1.1" 200 42772
0:0:0:0:0:0:0:1 - - [18/Mar/2025:17:53:28 +0900] "POST /api/auth/signup HTTP/1.1" 404 683
0:0:0:0:0:0:0:1 - - [18/Mar/2025:17:55:17 +0900] "GET /zerotodeploy/lib/owlcarousel/assets/owl.carousel.min.css HTTP/1.1" 200 2941
0:0:0:0:0:0:0:1 - - [18/Mar/2025:17:55:17 +0900] "GET /zerotodeploy/lib/animate/animate.min.css HTTP/1.1" 200 16964
0:0:0:0:0:0:0:1 - - [18/Mar/2025:17:55:17 +0900] "GET /zerotodeploy/css/style.css HTTP/1.1" 200 8596
0:0:0:0:0:0:0:1 - - [18/Mar/2025:17:55:17 +0900] "GET /zerotodeploy/css/bootstrap.min.css HTTP/1.1" 200 164340
0:0:0:0:0:0:0:1 - - [18/Mar/2025:17:57:18 +0900] "GET /zerotodeploy/login HTTP/1.1" 200 7124
0:0:0:0:0:0:0:1 - - [18/Mar/2025:17:57:18 +0900] "GET /zerotodeploy/lib/animate/animate.min.css HTTP/1.1" 200 16964
0:0:0:0:0:0:0:1 - - [18/Mar/2025:17:57:18 +0900] "GET /zerotodeploy/lib/owlcarousel/assets/owl.carousel.min.css HTTP/1.1" 200 2941
0:0:0:0:0:0:0:1 - - [18/Mar/2025:17:57:18 +0900] "GET /zerotodeploy/css/style.css HTTP/1.1" 200 8596
0:0:0:0:0:0:0:1 - - [18/Mar/2025:17:57:18 +0900] "GET /zerotodeploy/css/bootstrap.min.css HTTP/1.1" 200 164340
0:0:0:0:0:0:0:1 - - [18/Mar/2025:17:57:18 +0900] "GET /zerotodeploy/lib/wow/wow.js HTTP/1.1" 200 17059
0:0:0:0:0:0:0:1 - - [18/Mar/2025:17:57:18 +0900] "GET /zerotodeploy/lib/easing/easing.min.js HTTP/1.1" 200 2303
0:0:0:0:0:0:0:1 - - [18/Mar/2025:17:57:18 +0900] "GET /zerotodeploy/lib/owlcarousel/owl.carousel.min.js HTTP/1.1" 200 42772
0:0:0:0:0:0:0:1 - - [18/Mar/2025:17:57:18 +0900] "GET /zerotodeploy/js/main.js HTTP/1.1" 200 1803
0:0:0:0:0:0:0:1 - - [18/Mar/2025:17:57:18 +0900] "GET /zerotodeploy/lib/waypoints/waypoints.min.js HTTP/1.1" 200 9034
0:0:0:0:0:0:0:1 - - [18/Mar/2025:17:57:21 +0900] "GET /zerotodeploy/login HTTP/1.1" 200 7124
0:0:0:0:0:0:0:1 - - [18/Mar/2025:17:57:21 +0900] "GET /zerotodeploy/lib/owlcarousel/assets/owl.carousel.min.css HTTP/1.1" 200 2941
0:0:0:0:0:0:0:1 - - [18/Mar/2025:17:57:21 +0900] "GET /zerotodeploy/lib/easing/easing.min.js HTTP/1.1" 200 2303
0:0:0:0:0:0:0:1 - - [18/Mar/2025:17:57:21 +0900] "GET /zerotodeploy/lib/animate/animate.min.css HTTP/1.1" 200 16964
0:0:0:0:0:0:0:1 - - [18/Mar/2025:17:57:21 +0900] "GET /zerotodeploy/lib/wow/wow.js HTTP/1.1" 200 17059
0:0:0:0:0:0:0:1 - - [18/Mar/2025:17:57:21 +0900] "GET /zerotodeploy/css/style.css HTTP/1.1" 200 8596
0:0:0:0:0:0:0:1 - - [18/Mar/2025:17:57:21 +0900] "GET /zerotodeploy/css/bootstrap.min.css HTTP/1.1" 200 164340
0:0:0:0:0:0:0:1 - - [18/Mar/2025:17:57:21 +0900] "GET /zerotodeploy/lib/owlcarousel/owl.carousel.min.js HTTP/1.1" 200 42772
0:0:0:0:0:0:0:1 - - [18/Mar/2025:17:57:21 +0900] "GET /zerotodeploy/js/main.js HTTP/1.1" 200 1803
0:0:0:0:0:0:0:1 - - [18/Mar/2025:17:57:21 +0900] "GET /zerotodeploy/lib/waypoints/waypoints.min.js HTTP/1.1" 200 9034
0:0:0:0:0:0:0:1 - - [18/Mar/2025:17:57:23 +0900] "GET /zerotodeploy/ HTTP/1.1" 200 7874
0:0:0:0:0:0:0:1 - - [18/Mar/2025:17:57:23 +0900] "GET /zerotodeploy/lib/animate/animate.min.css HTTP/1.1" 200 16964
0:0:0:0:0:0:0:1 - - [18/Mar/2025:17:57:23 +0900] "GET /zerotodeploy/lib/owlcarousel/assets/owl.carousel.min.css HTTP/1.1" 200 2941
0:0:0:0:0:0:0:1 - - [18/Mar/2025:17:57:23 +0900] "GET /zerotodeploy/css/style.css HTTP/1.1" 200 8596
0:0:0:0:0:0:0:1 - - [18/Mar/2025:17:57:23 +0900] "GET /zerotodeploy/lib/easing/easing.min.js HTTP/1.1" 200 2303
0:0:0:0:0:0:0:1 - - [18/Mar/2025:17:57:23 +0900] "GET /zerotodeploy/lib/wow/wow.js HTTP/1.1" 200 17059
0:0:0:0:0:0:0:1 - - [18/Mar/2025:17:57:23 +0900] "GET /zerotodeploy/css/bootstrap.min.css HTTP/1.1" 200 164340
0:0:0:0:0:0:0:1 - - [18/Mar/2025:17:57:23 +0900] "GET /zerotodeploy/lib/waypoints/waypoints.min.js HTTP/1.1" 200 9034
0:0:0:0:0:0:0:1 - - [18/Mar/2025:17:57:23 +0900] "GET /zerotodeploy/js/main.js HTTP/1.1" 200 1803
0:0:0:0:0:0:0:1 - - [18/Mar/2025:17:57:23 +0900] "GET /zerotodeploy/lib/owlcarousel/owl.carousel.min.js HTTP/1.1" 200 42772
0:0:0:0:0:0:0:1 - - [18/Mar/2025:17:57:24 +0900] "GET /zerotodeploy/login HTTP/1.1" 200 7124
0:0:0:0:0:0:0:1 - - [18/Mar/2025:17:57:24 +0900] "GET /zerotodeploy/lib/animate/animate.min.css HTTP/1.1" 200 16964
0:0:0:0:0:0:0:1 - - [18/Mar/2025:17:57:24 +0900] "GET /zerotodeploy/lib/owlcarousel/assets/owl.carousel.min.css HTTP/1.1" 200 2941
0:0:0:0:0:0:0:1 - - [18/Mar/2025:17:57:24 +0900] "GET /zerotodeploy/css/style.css HTTP/1.1" 200 8596
0:0:0:0:0:0:0:1 - - [18/Mar/2025:17:57:24 +0900] "GET /zerotodeploy/lib/wow/wow.js HTTP/1.1" 200 17059
0:0:0:0:0:0:0:1 - - [18/Mar/2025:17:57:24 +0900] "GET /zerotodeploy/lib/waypoints/waypoints.min.js HTTP/1.1" 200 9034
0:0:0:0:0:0:0:1 - - [18/Mar/2025:17:57:24 +0900] "GET /zerotodeploy/lib/easing/easing.min.js HTTP/1.1" 200 2303
0:0:0:0:0:0:0:1 - - [18/Mar/2025:17:57:24 +0900] "GET /zerotodeploy/css/bootstrap.min.css HTTP/1.1" 200 164340
0:0:0:0:0:0:0:1 - - [18/Mar/2025:17:57:24 +0900] "GET /zerotodeploy/js/main.js HTTP/1.1" 200 1803
0:0:0:0:0:0:0:1 - - [18/Mar/2025:17:57:24 +0900] "GET /zerotodeploy/lib/owlcarousel/owl.carousel.min.js HTTP/1.1" 200 42772
0:0:0:0:0:0:0:1 - - [18/Mar/2025:17:57:25 +0900] "GET /zerotodeploy/signUp HTTP/1.1" 200 7621
0:0:0:0:0:0:0:1 - - [18/Mar/2025:17:57:25 +0900] "GET /zerotodeploy/lib/animate/animate.min.css HTTP/1.1" 200 16964
0:0:0:0:0:0:0:1 - - [18/Mar/2025:17:57:25 +0900] "GET /zerotodeploy/lib/wow/wow.js HTTP/1.1" 200 17059
0:0:0:0:0:0:0:1 - - [18/Mar/2025:17:57:25 +0900] "GET /zerotodeploy/lib/owlcarousel/assets/owl.carousel.min.css HTTP/1.1" 200 2941
0:0:0:0:0:0:0:1 - - [18/Mar/2025:17:57:25 +0900] "GET /zerotodeploy/css/style.css HTTP/1.1" 200 8596
0:0:0:0:0:0:0:1 - - [18/Mar/2025:17:57:25 +0900] "GET /zerotodeploy/lib/waypoints/waypoints.min.js HTTP/1.1" 200 9034
0:0:0:0:0:0:0:1 - - [18/Mar/2025:17:57:25 +0900] "GET /zerotodeploy/css/bootstrap.min.css HTTP/1.1" 200 164340
0:0:0:0:0:0:0:1 - - [18/Mar/2025:17:57:25 +0900] "GET /zerotodeploy/lib/easing/easing.min.js HTTP/1.1" 200 2303
0:0:0:0:0:0:0:1 - - [18/Mar/2025:17:57:25 +0900] "GET /zerotodeploy/js/main.js HTTP/1.1" 200 1803
0:0:0:0:0:0:0:1 - - [18/Mar/2025:17:57:25 +0900] "GET /zerotodeploy/lib/owlcarousel/owl.carousel.min.js HTTP/1.1" 200 42772
0:0:0:0:0:0:0:1 - - [18/Mar/2025:17:57:31 +0900] "POST /api/auth/signup HTTP/1.1" 404 683
0:0:0:0:0:0:0:1 - - [18/Mar/2025:17:59:46 +0900] "POST /api/auth/signup HTTP/1.1" 404 683
0:0:0:0:0:0:0:1 - - [18/Mar/2025:20:54:35 +0900] "POST /api/auth/signup HTTP/1.1" 404 683
0:0:0:0:0:0:0:1 - - [18/Mar/2025:20:55:11 +0900] "GET /zerotodeploy/signUp HTTP/1.1" 200 7785
0:0:0:0:0:0:0:1 - - [18/Mar/2025:20:55:11 +0900] "GET /zerotodeploy/css/style.css HTTP/1.1" 200 8596
0:0:0:0:0:0:0:1 - - [18/Mar/2025:20:55:11 +0900] "GET /zerotodeploy/lib/wow/wow.js HTTP/1.1" 200 17059
0:0:0:0:0:0:0:1 - - [18/Mar/2025:20:55:11 +0900] "GET /zerotodeploy/lib/animate/animate.min.css HTTP/1.1" 200 16964
0:0:0:0:0:0:0:1 - - [18/Mar/2025:20:55:11 +0900] "GET /zerotodeploy/css/bootstrap.min.css HTTP/1.1" 200 164340
0:0:0:0:0:0:0:1 - - [18/Mar/2025:20:55:11 +0900] "GET /zerotodeploy/lib/easing/easing.min.js HTTP/1.1" 200 2303
0:0:0:0:0:0:0:1 - - [18/Mar/2025:20:55:11 +0900] "GET /zerotodeploy/lib/owlcarousel/assets/owl.carousel.min.css HTTP/1.1" 200 2941
0:0:0:0:0:0:0:1 - - [18/Mar/2025:20:55:11 +0900] "GET /zerotodeploy/lib/owlcarousel/owl.carousel.min.js HTTP/1.1" 200 42772
0:0:0:0:0:0:0:1 - - [18/Mar/2025:20:55:11 +0900] "GET /zerotodeploy/js/main.js HTTP/1.1" 200 1803
0:0:0:0:0:0:0:1 - - [18/Mar/2025:20:55:11 +0900] "GET /zerotodeploy/lib/waypoints/waypoints.min.js HTTP/1.1" 200 9034
0:0:0:0:0:0:0:1 - - [18/Mar/2025:20:55:28 +0900] "POST /api/auth/signup HTTP/1.1" 404 683
0:0:0:0:0:0:0:1 - - [18/Mar/2025:20:56:02 +0900] "POST /api/auth/signup HTTP/1.1" 404 683
0:0:0:0:0:0:0:1 - - [18/Mar/2025:20:58:43 +0900] "GET /zerotodeploy/signUp HTTP/1.1" 200 7785
0:0:0:0:0:0:0:1 - - [18/Mar/2025:20:58:43 +0900] "GET /zerotodeploy/lib/animate/animate.min.css HTTP/1.1" 200 16964
0:0:0:0:0:0:0:1 - - [18/Mar/2025:20:58:43 +0900] "GET /zerotodeploy/lib/owlcarousel/assets/owl.carousel.min.css HTTP/1.1" 200 2941
0:0:0:0:0:0:0:1 - - [18/Mar/2025:20:58:43 +0900] "GET /zerotodeploy/css/style.css HTTP/1.1" 200 8596
0:0:0:0:0:0:0:1 - - [18/Mar/2025:20:58:43 +0900] "GET /zerotodeploy/lib/wow/wow.js HTTP/1.1" 200 17059
0:0:0:0:0:0:0:1 - - [18/Mar/2025:20:58:43 +0900] "GET /zerotodeploy/lib/easing/easing.min.js HTTP/1.1" 200 2303
0:0:0:0:0:0:0:1 - - [18/Mar/2025:20:58:43 +0900] "GET /zerotodeploy/css/bootstrap.min.css HTTP/1.1" 200 164340
0:0:0:0:0:0:0:1 - - [18/Mar/2025:20:58:43 +0900] "GET /zerotodeploy/lib/owlcarousel/owl.carousel.min.js HTTP/1.1" 200 42772
0:0:0:0:0:0:0:1 - - [18/Mar/2025:20:58:43 +0900] "GET /zerotodeploy/js/main.js HTTP/1.1" 200 1803
0:0:0:0:0:0:0:1 - - [18/Mar/2025:20:58:43 +0900] "GET /zerotodeploy/lib/waypoints/waypoints.min.js HTTP/1.1" 200 9034
0:0:0:0:0:0:0:1 - - [18/Mar/2025:20:58:48 +0900] "POST /api/auth/signup HTTP/1.1" 404 683
0:0:0:0:0:0:0:1 - - [18/Mar/2025:21:00:26 +0900] "GET /zerotodeploy/signUp HTTP/1.1" 200 7785
0:0:0:0:0:0:0:1 - - [18/Mar/2025:21:00:26 +0900] "GET /zerotodeploy/lib/animate/animate.min.css HTTP/1.1" 200 16964
0:0:0:0:0:0:0:1 - - [18/Mar/2025:21:00:26 +0900] "GET /zerotodeploy/lib/owlcarousel/assets/owl.carousel.min.css HTTP/1.1" 200 2941
0:0:0:0:0:0:0:1 - - [18/Mar/2025:21:00:26 +0900] "GET /zerotodeploy/lib/wow/wow.js HTTP/1.1" 200 17059
0:0:0:0:0:0:0:1 - - [18/Mar/2025:21:00:26 +0900] "GET /zerotodeploy/css/style.css HTTP/1.1" 200 8596
0:0:0:0:0:0:0:1 - - [18/Mar/2025:21:00:26 +0900] "GET /zerotodeploy/css/bootstrap.min.css HTTP/1.1" 200 164340
0:0:0:0:0:0:0:1 - - [18/Mar/2025:21:00:26 +0900] "GET /zerotodeploy/lib/easing/easing.min.js HTTP/1.1" 200 2303
0:0:0:0:0:0:0:1 - - [18/Mar/2025:21:00:26 +0900] "GET /zerotodeploy/lib/owlcarousel/owl.carousel.min.js HTTP/1.1" 200 42772
0:0:0:0:0:0:0:1 - - [18/Mar/2025:21:00:26 +0900] "GET /zerotodeploy/lib/waypoints/waypoints.min.js HTTP/1.1" 200 9034
0:0:0:0:0:0:0:1 - - [18/Mar/2025:21:00:26 +0900] "GET /zerotodeploy/js/main.js HTTP/1.1" 200 1803
0:0:0:0:0:0:0:1 - - [18/Mar/2025:21:00:26 +0900] "GET /zerotodeploy/signUp HTTP/1.1" 200 7785
0:0:0:0:0:0:0:1 - - [18/Mar/2025:21:00:26 +0900] "GET /zerotodeploy/lib/animate/animate.min.css HTTP/1.1" 200 16964
0:0:0:0:0:0:0:1 - - [18/Mar/2025:21:00:26 +0900] "GET /zerotodeploy/lib/wow/wow.js HTTP/1.1" 200 17059
0:0:0:0:0:0:0:1 - - [18/Mar/2025:21:00:26 +0900] "GET /zerotodeploy/css/style.css HTTP/1.1" 200 8596
0:0:0:0:0:0:0:1 - - [18/Mar/2025:21:00:26 +0900] "GET /zerotodeploy/lib/easing/easing.min.js HTTP/1.1" 200 2303
0:0:0:0:0:0:0:1 - - [18/Mar/2025:21:00:26 +0900] "GET /zerotodeploy/lib/owlcarousel/assets/owl.carousel.min.css HTTP/1.1" 200 2941
0:0:0:0:0:0:0:1 - - [18/Mar/2025:21:00:26 +0900] "GET /zerotodeploy/css/bootstrap.min.css HTTP/1.1" 200 164340
0:0:0:0:0:0:0:1 - - [18/Mar/2025:21:00:26 +0900] "GET /zerotodeploy/lib/waypoints/waypoints.min.js HTTP/1.1" 200 9034
0:0:0:0:0:0:0:1 - - [18/Mar/2025:21:00:26 +0900] "GET /zerotodeploy/js/main.js HTTP/1.1" 200 1803
0:0:0:0:0:0:0:1 - - [18/Mar/2025:21:00:26 +0900] "GET /zerotodeploy/lib/owlcarousel/owl.carousel.min.js HTTP/1.1" 200 42772
0:0:0:0:0:0:0:1 - - [18/Mar/2025:21:00:26 +0900] "GET /zerotodeploy/signUp HTTP/1.1" 200 7785
0:0:0:0:0:0:0:1 - - [18/Mar/2025:21:00:26 +0900] "GET /zerotodeploy/lib/animate/animate.min.css HTTP/1.1" 200 16964
0:0:0:0:0:0:0:1 - - [18/Mar/2025:21:00:26 +0900] "GET /zerotodeploy/lib/owlcarousel/assets/owl.carousel.min.css HTTP/1.1" 200 2941
0:0:0:0:0:0:0:1 - - [18/Mar/2025:21:00:26 +0900] "GET /zerotodeploy/css/style.css HTTP/1.1" 200 8596
0:0:0:0:0:0:0:1 - - [18/Mar/2025:21:00:26 +0900] "GET /zerotodeploy/lib/easing/easing.min.js HTTP/1.1" 200 2303
0:0:0:0:0:0:0:1 - - [18/Mar/2025:21:00:26 +0900] "GET /zerotodeploy/lib/wow/wow.js HTTP/1.1" 200 17059
0:0:0:0:0:0:0:1 - - [18/Mar/2025:21:00:26 +0900] "GET /zerotodeploy/css/bootstrap.min.css HTTP/1.1" 200 164340
0:0:0:0:0:0:0:1 - - [18/Mar/2025:21:00:26 +0900] "GET /zerotodeploy/lib/waypoints/waypoints.min.js HTTP/1.1" 200 9034
0:0:0:0:0:0:0:1 - - [18/Mar/2025:21:00:26 +0900] "GET /zerotodeploy/js/main.js HTTP/1.1" 200 1803
0:0:0:0:0:0:0:1 - - [18/Mar/2025:21:00:26 +0900] "GET /zerotodeploy/lib/owlcarousel/owl.carousel.min.js HTTP/1.1" 200 42772
0:0:0:0:0:0:0:1 - - [18/Mar/2025:21:00:27 +0900] "GET /zerotodeploy/signUp HTTP/1.1" 200 7785
0:0:0:0:0:0:0:1 - - [18/Mar/2025:21:00:27 +0900] "GET /zerotodeploy/lib/animate/animate.min.css HTTP/1.1" 200 16964
0:0:0:0:0:0:0:1 - - [18/Mar/2025:21:00:27 +0900] "GET /zerotodeploy/lib/owlcarousel/assets/owl.carousel.min.css HTTP/1.1" 200 2941
0:0:0:0:0:0:0:1 - - [18/Mar/2025:21:00:27 +0900] "GET /zerotodeploy/lib/wow/wow.js HTTP/1.1" 200 17059
0:0:0:0:0:0:0:1 - - [18/Mar/2025:21:00:27 +0900] "GET /zerotodeploy/lib/waypoints/waypoints.min.js HTTP/1.1" 200 9034
0:0:0:0:0:0:0:1 - - [18/Mar/2025:21:00:27 +0900] "GET /zerotodeploy/css/style.css HTTP/1.1" 200 8596
0:0:0:0:0:0:0:1 - - [18/Mar/2025:21:00:27 +0900] "GET /zerotodeploy/css/bootstrap.min.css HTTP/1.1" 200 164340
0:0:0:0:0:0:0:1 - - [18/Mar/2025:21:00:27 +0900] "GET /zerotodeploy/lib/easing/easing.min.js HTTP/1.1" 200 2303
0:0:0:0:0:0:0:1 - - [18/Mar/2025:21:00:27 +0900] "GET /zerotodeploy/js/main.js HTTP/1.1" 200 1803
0:0:0:0:0:0:0:1 - - [18/Mar/2025:21:00:27 +0900] "GET /zerotodeploy/lib/owlcarousel/owl.carousel.min.js HTTP/1.1" 200 42772
0:0:0:0:0:0:0:1 - - [18/Mar/2025:21:00:27 +0900] "GET /zerotodeploy/signUp HTTP/1.1" 200 7785
0:0:0:0:0:0:0:1 - - [18/Mar/2025:21:00:27 +0900] "GET /zerotodeploy/lib/animate/animate.min.css HTTP/1.1" 200 16964
0:0:0:0:0:0:0:1 - - [18/Mar/2025:21:00:27 +0900] "GET /zerotodeploy/lib/easing/easing.min.js HTTP/1.1" 200 2303
0:0:0:0:0:0:0:1 - - [18/Mar/2025:21:00:27 +0900] "GET /zerotodeploy/lib/owlcarousel/assets/owl.carousel.min.css HTTP/1.1" 200 2941
0:0:0:0:0:0:0:1 - - [18/Mar/2025:21:00:27 +0900] "GET /zerotodeploy/css/bootstrap.min.css HTTP/1.1" 200 164340
0:0:0:0:0:0:0:1 - - [18/Mar/2025:21:00:27 +0900] "GET /zerotodeploy/lib/wow/wow.js HTTP/1.1" 200 17059
0:0:0:0:0:0:0:1 - - [18/Mar/2025:21:00:27 +0900] "GET /zerotodeploy/css/style.css HTTP/1.1" 200 8596
0:0:0:0:0:0:0:1 - - [18/Mar/2025:21:00:27 +0900] "GET /zerotodeploy/lib/waypoints/waypoints.min.js HTTP/1.1" 200 9034
0:0:0:0:0:0:0:1 - - [18/Mar/2025:21:00:27 +0900] "GET /zerotodeploy/js/main.js HTTP/1.1" 200 1803
0:0:0:0:0:0:0:1 - - [18/Mar/2025:21:00:27 +0900] "GET /zerotodeploy/lib/owlcarousel/owl.carousel.min.js HTTP/1.1" 200 42772
0:0:0:0:0:0:0:1 - - [18/Mar/2025:21:00:43 +0900] "POST /api/auth/signup HTTP/1.1" 404 683
0:0:0:0:0:0:0:1 - - [18/Mar/2025:21:00:45 +0900] "GET /zerotodeploy/signUp HTTP/1.1" 200 7785
0:0:0:0:0:0:0:1 - - [18/Mar/2025:21:00:45 +0900] "GET /zerotodeploy/lib/animate/animate.min.css HTTP/1.1" 200 16964
0:0:0:0:0:0:0:1 - - [18/Mar/2025:21:00:45 +0900] "GET /zerotodeploy/lib/wow/wow.js HTTP/1.1" 200 17059
0:0:0:0:0:0:0:1 - - [18/Mar/2025:21:00:45 +0900] "GET /zerotodeploy/css/style.css HTTP/1.1" 200 8596
0:0:0:0:0:0:0:1 - - [18/Mar/2025:21:00:45 +0900] "GET /zerotodeploy/css/bootstrap.min.css HTTP/1.1" 200 164340
0:0:0:0:0:0:0:1 - - [18/Mar/2025:21:00:45 +0900] "GET /zerotodeploy/lib/easing/easing.min.js HTTP/1.1" 200 2303
0:0:0:0:0:0:0:1 - - [18/Mar/2025:21:00:45 +0900] "GET /zerotodeploy/lib/owlcarousel/assets/owl.carousel.min.css HTTP/1.1" 200 2941
0:0:0:0:0:0:0:1 - - [18/Mar/2025:21:00:45 +0900] "GET /zerotodeploy/lib/waypoints/waypoints.min.js HTTP/1.1" 200 9034
0:0:0:0:0:0:0:1 - - [18/Mar/2025:21:00:45 +0900] "GET /zerotodeploy/js/main.js HTTP/1.1" 200 1803
0:0:0:0:0:0:0:1 - - [18/Mar/2025:21:00:45 +0900] "GET /zerotodeploy/lib/owlcarousel/owl.carousel.min.js HTTP/1.1" 200 42772
0:0:0:0:0:0:0:1 - - [18/Mar/2025:21:06:57 +0900] "GET /zerotodeploy/ HTTP/1.1" 200 7874
0:0:0:0:0:0:0:1 - - [18/Mar/2025:21:06:57 +0900] "GET /zerotodeploy/css/style.css HTTP/1.1" 200 8596
0:0:0:0:0:0:0:1 - - [18/Mar/2025:21:06:57 +0900] "GET /zerotodeploy/lib/easing/easing.min.js HTTP/1.1" 200 2303
0:0:0:0:0:0:0:1 - - [18/Mar/2025:21:06:57 +0900] "GET /zerotodeploy/lib/wow/wow.js HTTP/1.1" 200 17059
0:0:0:0:0:0:0:1 - - [18/Mar/2025:21:06:57 +0900] "GET /zerotodeploy/lib/animate/animate.min.css HTTP/1.1" 200 16964
0:0:0:0:0:0:0:1 - - [18/Mar/2025:21:06:57 +0900] "GET /zerotodeploy/lib/owlcarousel/assets/owl.carousel.min.css HTTP/1.1" 200 2941
0:0:0:0:0:0:0:1 - - [18/Mar/2025:21:06:57 +0900] "GET /zerotodeploy/css/bootstrap.min.css HTTP/1.1" 200 164340
0:0:0:0:0:0:0:1 - - [18/Mar/2025:21:06:57 +0900] "GET /zerotodeploy/lib/waypoints/waypoints.min.js HTTP/1.1" 200 9034
0:0:0:0:0:0:0:1 - - [18/Mar/2025:21:06:57 +0900] "GET /zerotodeploy/js/main.js HTTP/1.1" 200 1803
0:0:0:0:0:0:0:1 - - [18/Mar/2025:21:06:57 +0900] "GET /zerotodeploy/lib/owlcarousel/owl.carousel.min.js HTTP/1.1" 200 42772
0:0:0:0:0:0:0:1 - - [18/Mar/2025:21:06:59 +0900] "GET /zerotodeploy/login HTTP/1.1" 200 7124
0:0:0:0:0:0:0:1 - - [18/Mar/2025:21:06:59 +0900] "GET /zerotodeploy/lib/animate/animate.min.css HTTP/1.1" 200 16964
0:0:0:0:0:0:0:1 - - [18/Mar/2025:21:06:59 +0900] "GET /zerotodeploy/css/style.css HTTP/1.1" 200 8596
0:0:0:0:0:0:0:1 - - [18/Mar/2025:21:06:59 +0900] "GET /zerotodeploy/lib/easing/easing.min.js HTTP/1.1" 200 2303
0:0:0:0:0:0:0:1 - - [18/Mar/2025:21:06:59 +0900] "GET /zerotodeploy/lib/owlcarousel/assets/owl.carousel.min.css HTTP/1.1" 200 2941
0:0:0:0:0:0:0:1 - - [18/Mar/2025:21:06:59 +0900] "GET /zerotodeploy/lib/wow/wow.js HTTP/1.1" 200 17059
0:0:0:0:0:0:0:1 - - [18/Mar/2025:21:06:59 +0900] "GET /zerotodeploy/css/bootstrap.min.css HTTP/1.1" 200 164340
0:0:0:0:0:0:0:1 - - [18/Mar/2025:21:06:59 +0900] "GET /zerotodeploy/lib/waypoints/waypoints.min.js HTTP/1.1" 200 9034
0:0:0:0:0:0:0:1 - - [18/Mar/2025:21:06:59 +0900] "GET /zerotodeploy/js/main.js HTTP/1.1" 200 1803
0:0:0:0:0:0:0:1 - - [18/Mar/2025:21:06:59 +0900] "GET /zerotodeploy/lib/owlcarousel/owl.carousel.min.js HTTP/1.1" 200 42772
0:0:0:0:0:0:0:1 - - [18/Mar/2025:21:07:01 +0900] "GET /zerotodeploy/signUp HTTP/1.1" 200 6794
0:0:0:0:0:0:0:1 - - [18/Mar/2025:21:07:01 +0900] "GET /zerotodeploy/lib/animate/animate.min.css HTTP/1.1" 200 16964
0:0:0:0:0:0:0:1 - - [18/Mar/2025:21:07:01 +0900] "GET /zerotodeploy/css/style.css HTTP/1.1" 200 8596
0:0:0:0:0:0:0:1 - - [18/Mar/2025:21:07:01 +0900] "GET /zerotodeploy/lib/wow/wow.js HTTP/1.1" 200 17059
0:0:0:0:0:0:0:1 - - [18/Mar/2025:21:07:01 +0900] "GET /zerotodeploy/lib/owlcarousel/assets/owl.carousel.min.css HTTP/1.1" 200 2941
0:0:0:0:0:0:0:1 - - [18/Mar/2025:21:07:01 +0900] "GET /zerotodeploy/css/bootstrap.min.css HTTP/1.1" 200 164340
0:0:0:0:0:0:0:1 - - [18/Mar/2025:21:07:01 +0900] "GET /zerotodeploy/lib/easing/easing.min.js HTTP/1.1" 200 2303
0:0:0:0:0:0:0:1 - - [18/Mar/2025:21:07:01 +0900] "GET /zerotodeploy/lib/owlcarousel/owl.carousel.min.js HTTP/1.1" 200 42772
0:0:0:0:0:0:0:1 - - [18/Mar/2025:21:07:01 +0900] "GET /zerotodeploy/lib/waypoints/waypoints.min.js HTTP/1.1" 200 9034
0:0:0:0:0:0:0:1 - - [18/Mar/2025:21:07:01 +0900] "GET /zerotodeploy/js/main.js HTTP/1.1" 200 1803
0:0:0:0:0:0:0:1 - - [18/Mar/2025:21:07:06 +0900] "POST /api/auth/signup HTTP/1.1" 404 683
0:0:0:0:0:0:0:1 - - [18/Mar/2025:21:08:17 +0900] "GET /api/auth/signup HTTP/1.1" 404 683
0:0:0:0:0:0:0:1 - - [18/Mar/2025:21:10:02 +0900] "POST /api/auth/signup HTTP/1.1" 404 683
0:0:0:0:0:0:0:1 - - [18/Mar/2025:21:13:58 +0900] "POST /zerotodeploy/signup HTTP/1.1" 403 -
0:0:0:0:0:0:0:1 - - [18/Mar/2025:21:14:01 +0900] "POST /zerotodeploy/signup HTTP/1.1" 403 -
0:0:0:0:0:0:0:1 - - [18/Mar/2025:21:14:08 +0900] "GET /zerotodeploy/signUp HTTP/1.1" 403 -
0:0:0:0:0:0:0:1 - - [18/Mar/2025:21:14:30 +0900] "GET /zerotodeploy HTTP/1.1" 302 -
0:0:0:0:0:0:0:1 - - [18/Mar/2025:21:14:30 +0900] "GET /zerotodeploy/ HTTP/1.1" 403 -
0:0:0:0:0:0:0:1 - - [18/Mar/2025:21:14:36 +0900] "GET /zerotodeploy/ HTTP/1.1" 403 -
0:0:0:0:0:0:0:1 - - [18/Mar/2025:21:14:52 +0900] "GET /zerotodeploy/ HTTP/1.1" 403 -
0:0:0:0:0:0:0:1 - - [18/Mar/2025:21:15:17 +0900] "GET /zerotodeploy/ HTTP/1.1" 403 -
0:0:0:0:0:0:0:1 - - [18/Mar/2025:21:15:18 +0900] "GET /zerotodeploy/ HTTP/1.1" 403 -
0:0:0:0:0:0:0:1 - - [18/Mar/2025:21:15:24 +0900] "GET /zerotodeploy/ HTTP/1.1" 403 -
127.0.0.1 - - [18/Mar/2025:21:15:30 +0900] "GET /zerotodeploy/ HTTP/1.1" 403 -
0:0:0:0:0:0:0:1 - - [18/Mar/2025:21:20:16 +0900] "GET /zerotodeploy/ HTTP/1.1" 403 -
0:0:0:0:0:0:0:1 - - [18/Mar/2025:21:20:16 +0900] "GET /zerotodeploy/ HTTP/1.1" 403 -
0:0:0:0:0:0:0:1 - - [18/Mar/2025:21:24:48 +0900] "GET /zerotodeploy/ HTTP/1.1" 302 -
0:0:0:0:0:0:0:1 - - [18/Mar/2025:21:24:48 +0900] "GET /zerotodeploy/login HTTP/1.1" 200 1129
0:0:0:0:0:0:0:1 - - [18/Mar/2025:21:24:48 +0900] "GET /zerotodeploy/default-ui.css HTTP/1.1" 200 3065
0:0:0:0:0:0:0:1 - - [18/Mar/2025:21:24:48 +0900] "GET /favicon.ico HTTP/1.1" 404 683
0:0:0:0:0:0:0:1 - - [18/Mar/2025:21:24:52 +0900] "POST /zerotodeploy/login HTTP/1.1" 302 -
0:0:0:0:0:0:0:1 - - [18/Mar/2025:21:24:52 +0900] "GET /zerotodeploy/?continue HTTP/1.1" 200 7874
0:0:0:0:0:0:0:1 - - [18/Mar/2025:21:24:52 +0900] "GET /zerotodeploy/lib/easing/easing.min.js HTTP/1.1" 200 2303
0:0:0:0:0:0:0:1 - - [18/Mar/2025:21:24:52 +0900] "GET /zerotodeploy/lib/animate/animate.min.css HTTP/1.1" 200 16964
0:0:0:0:0:0:0:1 - - [18/Mar/2025:21:24:52 +0900] "GET /zerotodeploy/lib/owlcarousel/assets/owl.carousel.min.css HTTP/1.1" 200 2941
0:0:0:0:0:0:0:1 - - [18/Mar/2025:21:24:52 +0900] "GET /zerotodeploy/lib/wow/wow.js HTTP/1.1" 200 17059
0:0:0:0:0:0:0:1 - - [18/Mar/2025:21:24:52 +0900] "GET /zerotodeploy/css/style.css HTTP/1.1" 200 8596
0:0:0:0:0:0:0:1 - - [18/Mar/2025:21:24:52 +0900] "GET /zerotodeploy/css/bootstrap.min.css HTTP/1.1" 200 164340
0:0:0:0:0:0:0:1 - - [18/Mar/2025:21:24:52 +0900] "GET /zerotodeploy/js/main.js HTTP/1.1" 200 1803
0:0:0:0:0:0:0:1 - - [18/Mar/2025:21:24:52 +0900] "GET /zerotodeploy/lib/waypoints/waypoints.min.js HTTP/1.1" 200 9034
0:0:0:0:0:0:0:1 - - [18/Mar/2025:21:24:52 +0900] "GET /zerotodeploy/lib/owlcarousel/owl.carousel.min.js HTTP/1.1" 200 42772
0:0:0:0:0:0:0:1 - - [18/Mar/2025:21:24:53 +0900] "GET /zerotodeploy/img/favicon.ico HTTP/1.1" 404 11192
0:0:0:0:0:0:0:1 - - [18/Mar/2025:21:24:57 +0900] "GET /zerotodeploy/ HTTP/1.1" 200 7874
0:0:0:0:0:0:0:1 - - [18/Mar/2025:21:24:57 +0900] "GET /zerotodeploy/lib/owlcarousel/assets/owl.carousel.min.css HTTP/1.1" 200 2941
0:0:0:0:0:0:0:1 - - [18/Mar/2025:21:24:57 +0900] "GET /zerotodeploy/lib/animate/animate.min.css HTTP/1.1" 200 16964
0:0:0:0:0:0:0:1 - - [18/Mar/2025:21:24:57 +0900] "GET /zerotodeploy/css/style.css HTTP/1.1" 200 8596
0:0:0:0:0:0:0:1 - - [18/Mar/2025:21:24:57 +0900] "GET /zerotodeploy/css/bootstrap.min.css HTTP/1.1" 200 164340
0:0:0:0:0:0:0:1 - - [18/Mar/2025:21:24:57 +0900] "GET /zerotodeploy/lib/easing/easing.min.js HTTP/1.1" 200 2303
0:0:0:0:0:0:0:1 - - [18/Mar/2025:21:24:57 +0900] "GET /zerotodeploy/lib/wow/wow.js HTTP/1.1" 200 17059
0:0:0:0:0:0:0:1 - - [18/Mar/2025:21:24:57 +0900] "GET /zerotodeploy/lib/waypoints/waypoints.min.js HTTP/1.1" 200 9034
0:0:0:0:0:0:0:1 - - [18/Mar/2025:21:24:57 +0900] "GET /zerotodeploy/lib/owlcarousel/owl.carousel.min.js HTTP/1.1" 200 42772
0:0:0:0:0:0:0:1 - - [18/Mar/2025:21:24:57 +0900] "GET /zerotodeploy/js/main.js HTTP/1.1" 200 1803
0:0:0:0:0:0:0:1 - - [18/Mar/2025:21:24:59 +0900] "GET /zerotodeploy/ HTTP/1.1" 200 7874
0:0:0:0:0:0:0:1 - - [18/Mar/2025:21:24:59 +0900] "GET /zerotodeploy/lib/animate/animate.min.css HTTP/1.1" 200 16964
0:0:0:0:0:0:0:1 - - [18/Mar/2025:21:24:59 +0900] "GET /zerotodeploy/lib/wow/wow.js HTTP/1.1" 200 17059
0:0:0:0:0:0:0:1 - - [18/Mar/2025:21:24:59 +0900] "GET /zerotodeploy/css/style.css HTTP/1.1" 200 8596
0:0:0:0:0:0:0:1 - - [18/Mar/2025:21:24:59 +0900] "GET /zerotodeploy/lib/easing/easing.min.js HTTP/1.1" 200 2303
0:0:0:0:0:0:0:1 - - [18/Mar/2025:21:24:59 +0900] "GET /zerotodeploy/lib/owlcarousel/assets/owl.carousel.min.css HTTP/1.1" 200 2941
0:0:0:0:0:0:0:1 - - [18/Mar/2025:21:24:59 +0900] "GET /zerotodeploy/lib/waypoints/waypoints.min.js HTTP/1.1" 200 9034
0:0:0:0:0:0:0:1 - - [18/Mar/2025:21:24:59 +0900] "GET /zerotodeploy/css/bootstrap.min.css HTTP/1.1" 200 164340
0:0:0:0:0:0:0:1 - - [18/Mar/2025:21:24:59 +0900] "GET /zerotodeploy/js/main.js HTTP/1.1" 200 1803
0:0:0:0:0:0:0:1 - - [18/Mar/2025:21:24:59 +0900] "GET /zerotodeploy/lib/owlcarousel/owl.carousel.min.js HTTP/1.1" 200 42772
0:0:0:0:0:0:0:1 - - [18/Mar/2025:21:24:59 +0900] "GET /zerotodeploy/ HTTP/1.1" 200 7874
0:0:0:0:0:0:0:1 - - [18/Mar/2025:21:24:59 +0900] "GET /zerotodeploy/lib/animate/animate.min.css HTTP/1.1" 200 16964
0:0:0:0:0:0:0:1 - - [18/Mar/2025:21:24:59 +0900] "GET /zerotodeploy/lib/owlcarousel/assets/owl.carousel.min.css HTTP/1.1" 200 2941
0:0:0:0:0:0:0:1 - - [18/Mar/2025:21:24:59 +0900] "GET /zerotodeploy/css/bootstrap.min.css HTTP/1.1" 200 164340
0:0:0:0:0:0:0:1 - - [18/Mar/2025:21:24:59 +0900] "GET /zerotodeploy/lib/easing/easing.min.js HTTP/1.1" 200 2303
0:0:0:0:0:0:0:1 - - [18/Mar/2025:21:24:59 +0900] "GET /zerotodeploy/lib/wow/wow.js HTTP/1.1" 200 17059
0:0:0:0:0:0:0:1 - - [18/Mar/2025:21:24:59 +0900] "GET /zerotodeploy/css/style.css HTTP/1.1" 200 8596
0:0:0:0:0:0:0:1 - - [18/Mar/2025:21:24:59 +0900] "GET /zerotodeploy/lib/waypoints/waypoints.min.js HTTP/1.1" 200 9034
0:0:0:0:0:0:0:1 - - [18/Mar/2025:21:24:59 +0900] "GET /zerotodeploy/lib/owlcarousel/owl.carousel.min.js HTTP/1.1" 200 42772
0:0:0:0:0:0:0:1 - - [18/Mar/2025:21:24:59 +0900] "GET /zerotodeploy/js/main.js HTTP/1.1" 200 1803
0:0:0:0:0:0:0:1 - - [18/Mar/2025:21:24:59 +0900] "GET /zerotodeploy/ HTTP/1.1" 200 7874
0:0:0:0:0:0:0:1 - - [18/Mar/2025:21:24:59 +0900] "GET /zerotodeploy/lib/animate/animate.min.css HTTP/1.1" 200 16964
0:0:0:0:0:0:0:1 - - [18/Mar/2025:21:24:59 +0900] "GET /zerotodeploy/lib/wow/wow.js HTTP/1.1" 200 17059
0:0:0:0:0:0:0:1 - - [18/Mar/2025:21:24:59 +0900] "GET /zerotodeploy/lib/easing/easing.min.js HTTP/1.1" 200 2303
0:0:0:0:0:0:0:1 - - [18/Mar/2025:21:24:59 +0900] "GET /zerotodeploy/css/style.css HTTP/1.1" 200 8596
0:0:0:0:0:0:0:1 - - [18/Mar/2025:21:24:59 +0900] "GET /zerotodeploy/lib/owlcarousel/assets/owl.carousel.min.css HTTP/1.1" 200 2941
0:0:0:0:0:0:0:1 - - [18/Mar/2025:21:24:59 +0900] "GET /zerotodeploy/css/bootstrap.min.css HTTP/1.1" 200 164340
0:0:0:0:0:0:0:1 - - [18/Mar/2025:21:24:59 +0900] "GET /zerotodeploy/lib/waypoints/waypoints.min.js HTTP/1.1" 200 9034
0:0:0:0:0:0:0:1 - - [18/Mar/2025:21:24:59 +0900] "GET /zerotodeploy/js/main.js HTTP/1.1" 200 1803
0:0:0:0:0:0:0:1 - - [18/Mar/2025:21:24:59 +0900] "GET /zerotodeploy/lib/owlcarousel/owl.carousel.min.js HTTP/1.1" 200 42772
0:0:0:0:0:0:0:1 - - [18/Mar/2025:21:25:19 +0900] "GET /zerotodeploy/login HTTP/1.1" 200 1129
0:0:0:0:0:0:0:1 - - [18/Mar/2025:21:25:19 +0900] "GET /zerotodeploy/default-ui.css HTTP/1.1" 200 3065
0:0:0:0:0:0:0:1 - - [18/Mar/2025:21:25:23 +0900] "POST /zerotodeploy/login HTTP/1.1" 302 -
0:0:0:0:0:0:0:1 - - [18/Mar/2025:21:25:23 +0900] "GET /zerotodeploy/ HTTP/1.1" 200 7874
0:0:0:0:0:0:0:1 - - [18/Mar/2025:21:25:23 +0900] "GET /zerotodeploy/lib/animate/animate.min.css HTTP/1.1" 200 16964
0:0:0:0:0:0:0:1 - - [18/Mar/2025:21:25:23 +0900] "GET /zerotodeploy/lib/owlcarousel/assets/owl.carousel.min.css HTTP/1.1" 200 2941
0:0:0:0:0:0:0:1 - - [18/Mar/2025:21:25:23 +0900] "GET /zerotodeploy/lib/easing/easing.min.js HTTP/1.1" 200 2303
0:0:0:0:0:0:0:1 - - [18/Mar/2025:21:25:23 +0900] "GET /zerotodeploy/lib/wow/wow.js HTTP/1.1" 200 17059
0:0:0:0:0:0:0:1 - - [18/Mar/2025:21:25:23 +0900] "GET /zerotodeploy/css/style.css HTTP/1.1" 200 8596
0:0:0:0:0:0:0:1 - - [18/Mar/2025:21:25:23 +0900] "GET /zerotodeploy/css/bootstrap.min.css HTTP/1.1" 200 164340
0:0:0:0:0:0:0:1 - - [18/Mar/2025:21:25:23 +0900] "GET /zerotodeploy/lib/waypoints/waypoints.min.js HTTP/1.1" 200 9034
0:0:0:0:0:0:0:1 - - [18/Mar/2025:21:25:23 +0900] "GET /zerotodeploy/js/main.js HTTP/1.1" 200 1803
0:0:0:0:0:0:0:1 - - [18/Mar/2025:21:25:23 +0900] "GET /zerotodeploy/lib/owlcarousel/owl.carousel.min.js HTTP/1.1" 200 42772
0:0:0:0:0:0:0:1 - - [18/Mar/2025:21:25:44 +0900] "GET /zerotodeploy/login HTTP/1.1" 200 1129
0:0:0:0:0:0:0:1 - - [18/Mar/2025:21:25:44 +0900] "GET /zerotodeploy/default-ui.css HTTP/1.1" 200 3065
0:0:0:0:0:0:0:1 - - [18/Mar/2025:21:25:47 +0900] "POST /zerotodeploy/login HTTP/1.1" 302 -
0:0:0:0:0:0:0:1 - - [18/Mar/2025:21:25:47 +0900] "GET /zerotodeploy/login?error HTTP/1.1" 200 1219
0:0:0:0:0:0:0:1 - - [18/Mar/2025:21:25:47 +0900] "GET /zerotodeploy/default-ui.css HTTP/1.1" 200 3065
0:0:0:0:0:0:0:1 - - [18/Mar/2025:21:25:50 +0900] "POST /zerotodeploy/login HTTP/1.1" 302 -
0:0:0:0:0:0:0:1 - - [18/Mar/2025:21:25:50 +0900] "GET /zerotodeploy/ HTTP/1.1" 200 7874
0:0:0:0:0:0:0:1 - - [18/Mar/2025:21:25:50 +0900] "GET /zerotodeploy/lib/animate/animate.min.css HTTP/1.1" 200 16964
0:0:0:0:0:0:0:1 - - [18/Mar/2025:21:25:50 +0900] "GET /zerotodeploy/lib/owlcarousel/assets/owl.carousel.min.css HTTP/1.1" 200 2941
0:0:0:0:0:0:0:1 - - [18/Mar/2025:21:25:50 +0900] "GET /zerotodeploy/lib/easing/easing.min.js HTTP/1.1" 200 2303
0:0:0:0:0:0:0:1 - - [18/Mar/2025:21:25:50 +0900] "GET /zerotodeploy/css/style.css HTTP/1.1" 200 8596
0:0:0:0:0:0:0:1 - - [18/Mar/2025:21:25:50 +0900] "GET /zerotodeploy/lib/wow/wow.js HTTP/1.1" 200 17059
0:0:0:0:0:0:0:1 - - [18/Mar/2025:21:25:50 +0900] "GET /zerotodeploy/css/bootstrap.min.css HTTP/1.1" 200 164340
0:0:0:0:0:0:0:1 - - [18/Mar/2025:21:25:50 +0900] "GET /zerotodeploy/lib/waypoints/waypoints.min.js HTTP/1.1" 200 9034
0:0:0:0:0:0:0:1 - - [18/Mar/2025:21:25:50 +0900] "GET /zerotodeploy/lib/owlcarousel/owl.carousel.min.js HTTP/1.1" 200 42772
0:0:0:0:0:0:0:1 - - [18/Mar/2025:21:25:50 +0900] "GET /zerotodeploy/js/main.js HTTP/1.1" 200 1803
0:0:0:0:0:0:0:1 - - [18/Mar/2025:21:26:34 +0900] "GET /zerotodeploy/ HTTP/1.1" 200 7874
0:0:0:0:0:0:0:1 - - [18/Mar/2025:21:26:34 +0900] "GET /zerotodeploy/lib/animate/animate.min.css HTTP/1.1" 200 16964
0:0:0:0:0:0:0:1 - - [18/Mar/2025:21:26:34 +0900] "GET /zerotodeploy/lib/owlcarousel/assets/owl.carousel.min.css HTTP/1.1" 200 2941
0:0:0:0:0:0:0:1 - - [18/Mar/2025:21:26:34 +0900] "GET /zerotodeploy/lib/wow/wow.js HTTP/1.1" 200 17059
0:0:0:0:0:0:0:1 - - [18/Mar/2025:21:26:34 +0900] "GET /zerotodeploy/css/style.css HTTP/1.1" 200 8596
0:0:0:0:0:0:0:1 - - [18/Mar/2025:21:26:34 +0900] "GET /zerotodeploy/lib/easing/easing.min.js HTTP/1.1" 200 2303
0:0:0:0:0:0:0:1 - - [18/Mar/2025:21:26:34 +0900] "GET /zerotodeploy/css/bootstrap.min.css HTTP/1.1" 200 164340
0:0:0:0:0:0:0:1 - - [18/Mar/2025:21:26:34 +0900] "GET /zerotodeploy/lib/owlcarousel/owl.carousel.min.js HTTP/1.1" 200 42772
0:0:0:0:0:0:0:1 - - [18/Mar/2025:21:26:34 +0900] "GET /zerotodeploy/lib/waypoints/waypoints.min.js HTTP/1.1" 200 9034
0:0:0:0:0:0:0:1 - - [18/Mar/2025:21:26:34 +0900] "GET /zerotodeploy/js/main.js HTTP/1.1" 200 1803
0:0:0:0:0:0:0:1 - - [18/Mar/2025:21:26:35 +0900] "GET /zerotodeploy/ HTTP/1.1" 200 7874
0:0:0:0:0:0:0:1 - - [18/Mar/2025:21:26:35 +0900] "GET /zerotodeploy/lib/animate/animate.min.css HTTP/1.1" 200 16964
0:0:0:0:0:0:0:1 - - [18/Mar/2025:21:26:35 +0900] "GET /zerotodeploy/lib/owlcarousel/assets/owl.carousel.min.css HTTP/1.1" 200 2941
0:0:0:0:0:0:0:1 - - [18/Mar/2025:21:26:35 +0900] "GET /zerotodeploy/lib/easing/easing.min.js HTTP/1.1" 200 2303
0:0:0:0:0:0:0:1 - - [18/Mar/2025:21:26:35 +0900] "GET /zerotodeploy/lib/wow/wow.js HTTP/1.1" 200 17059
0:0:0:0:0:0:0:1 - - [18/Mar/2025:21:26:35 +0900] "GET /zerotodeploy/css/style.css HTTP/1.1" 200 8596
0:0:0:0:0:0:0:1 - - [18/Mar/2025:21:26:35 +0900] "GET /zerotodeploy/lib/waypoints/waypoints.min.js HTTP/1.1" 200 9034
0:0:0:0:0:0:0:1 - - [18/Mar/2025:21:26:35 +0900] "GET /zerotodeploy/css/bootstrap.min.css HTTP/1.1" 200 164340
0:0:0:0:0:0:0:1 - - [18/Mar/2025:21:26:35 +0900] "GET /zerotodeploy/js/main.js HTTP/1.1" 200 1803
0:0:0:0:0:0:0:1 - - [18/Mar/2025:21:26:35 +0900] "GET /zerotodeploy/lib/owlcarousel/owl.carousel.min.js HTTP/1.1" 200 42772
0:0:0:0:0:0:0:1 - - [18/Mar/2025:21:26:35 +0900] "GET /zerotodeploy/ HTTP/1.1" 200 7874
0:0:0:0:0:0:0:1 - - [18/Mar/2025:21:26:35 +0900] "GET /zerotodeploy/lib/animate/animate.min.css HTTP/1.1" 200 16964
0:0:0:0:0:0:0:1 - - [18/Mar/2025:21:26:35 +0900] "GET /zerotodeploy/lib/wow/wow.js HTTP/1.1" 200 17059
0:0:0:0:0:0:0:1 - - [18/Mar/2025:21:26:35 +0900] "GET /zerotodeploy/css/style.css HTTP/1.1" 200 8596
0:0:0:0:0:0:0:1 - - [18/Mar/2025:21:26:35 +0900] "GET /zerotodeploy/lib/owlcarousel/assets/owl.carousel.min.css HTTP/1.1" 200 2941
0:0:0:0:0:0:0:1 - - [18/Mar/2025:21:26:35 +0900] "GET /zerotodeploy/lib/easing/easing.min.js HTTP/1.1" 200 2303
0:0:0:0:0:0:0:1 - - [18/Mar/2025:21:26:35 +0900] "GET /zerotodeploy/lib/waypoints/waypoints.min.js HTTP/1.1" 200 9034
0:0:0:0:0:0:0:1 - - [18/Mar/2025:21:26:35 +0900] "GET /zerotodeploy/css/bootstrap.min.css HTTP/1.1" 200 164340
0:0:0:0:0:0:0:1 - - [18/Mar/2025:21:26:35 +0900] "GET /zerotodeploy/js/main.js HTTP/1.1" 200 1803
0:0:0:0:0:0:0:1 - - [18/Mar/2025:21:26:35 +0900] "GET /zerotodeploy/lib/owlcarousel/owl.carousel.min.js HTTP/1.1" 200 42772
0:0:0:0:0:0:0:1 - - [18/Mar/2025:21:26:36 +0900] "GET /zerotodeploy/login HTTP/1.1" 200 7124
0:0:0:0:0:0:0:1 - - [18/Mar/2025:21:26:36 +0900] "GET /zerotodeploy/lib/animate/animate.min.css HTTP/1.1" 200 16964
0:0:0:0:0:0:0:1 - - [18/Mar/2025:21:26:36 +0900] "GET /zerotodeploy/lib/owlcarousel/assets/owl.carousel.min.css HTTP/1.1" 200 2941
0:0:0:0:0:0:0:1 - - [18/Mar/2025:21:26:36 +0900] "GET /zerotodeploy/lib/easing/easing.min.js HTTP/1.1" 200 2303
0:0:0:0:0:0:0:1 - - [18/Mar/2025:21:26:36 +0900] "GET /zerotodeploy/css/style.css HTTP/1.1" 200 8596
0:0:0:0:0:0:0:1 - - [18/Mar/2025:21:26:36 +0900] "GET /zerotodeploy/lib/wow/wow.js HTTP/1.1" 200 17059
0:0:0:0:0:0:0:1 - - [18/Mar/2025:21:26:36 +0900] "GET /zerotodeploy/lib/waypoints/waypoints.min.js HTTP/1.1" 200 9034
0:0:0:0:0:0:0:1 - - [18/Mar/2025:21:26:36 +0900] "GET /zerotodeploy/css/bootstrap.min.css HTTP/1.1" 200 164340
0:0:0:0:0:0:0:1 - - [18/Mar/2025:21:26:36 +0900] "GET /zerotodeploy/js/main.js HTTP/1.1" 200 1803
0:0:0:0:0:0:0:1 - - [18/Mar/2025:21:26:36 +0900] "GET /zerotodeploy/lib/owlcarousel/owl.carousel.min.js HTTP/1.1" 200 42772
0:0:0:0:0:0:0:1 - - [18/Mar/2025:21:26:38 +0900] "GET /zerotodeploy/signUp HTTP/1.1" 200 7621
0:0:0:0:0:0:0:1 - - [18/Mar/2025:21:26:38 +0900] "GET /zerotodeploy/lib/animate/animate.min.css HTTP/1.1" 200 16964
0:0:0:0:0:0:0:1 - - [18/Mar/2025:21:26:38 +0900] "GET /zerotodeploy/lib/waypoints/waypoints.min.js HTTP/1.1" 200 9034
0:0:0:0:0:0:0:1 - - [18/Mar/2025:21:26:38 +0900] "GET /zerotodeploy/lib/easing/easing.min.js HTTP/1.1" 200 2303
0:0:0:0:0:0:0:1 - - [18/Mar/2025:21:26:38 +0900] "GET /zerotodeploy/lib/wow/wow.js HTTP/1.1" 200 17059
0:0:0:0:0:0:0:1 - - [18/Mar/2025:21:26:38 +0900] "GET /zerotodeploy/css/style.css HTTP/1.1" 200 8596
0:0:0:0:0:0:0:1 - - [18/Mar/2025:21:26:38 +0900] "GET /zerotodeploy/lib/owlcarousel/assets/owl.carousel.min.css HTTP/1.1" 200 2941
0:0:0:0:0:0:0:1 - - [18/Mar/2025:21:26:38 +0900] "GET /zerotodeploy/css/bootstrap.min.css HTTP/1.1" 200 164340
0:0:0:0:0:0:0:1 - - [18/Mar/2025:21:26:38 +0900] "GET /zerotodeploy/js/main.js HTTP/1.1" 200 1803
0:0:0:0:0:0:0:1 - - [18/Mar/2025:21:26:38 +0900] "GET /zerotodeploy/lib/owlcarousel/owl.carousel.min.js HTTP/1.1" 200 42772
