0:0:0:0:0:0:0:1 - - [03/Apr/2025:12:17:02 +0900] "GET /zerotodeploy/ HTTP/1.1" 200 7872
0:0:0:0:0:0:0:1 - - [03/Apr/2025:12:17:02 +0900] "GET /zerotodeploy/css/bootstrap.min.css HTTP/1.1" 304 -
0:0:0:0:0:0:0:1 - - [03/Apr/2025:12:17:02 +0900] "GET /zerotodeploy/lib/owlcarousel/assets/owl.carousel.min.css HTTP/1.1" 304 -
0:0:0:0:0:0:0:1 - - [03/Apr/2025:12:17:02 +0900] "GET /zerotodeploy/lib/animate/animate.min.css HTTP/1.1" 304 -
0:0:0:0:0:0:0:1 - - [03/Apr/2025:12:17:02 +0900] "GET /zerotodeploy/css/style.css HTTP/1.1" 304 -
0:0:0:0:0:0:0:1 - - [03/Apr/2025:12:17:02 +0900] "GET /zerotodeploy/lib/waypoints/waypoints.min.js HTTP/1.1" 304 -
0:0:0:0:0:0:0:1 - - [03/Apr/2025:12:17:02 +0900] "GET /zerotodeploy/lib/wow/wow.js HTTP/1.1" 304 -
0:0:0:0:0:0:0:1 - - [03/Apr/2025:12:17:02 +0900] "GET /zerotodeploy/lib/easing/easing.min.js HTTP/1.1" 304 -
0:0:0:0:0:0:0:1 - - [03/Apr/2025:12:17:02 +0900] "GET /zerotodeploy/lib/owlcarousel/owl.carousel.min.js HTTP/1.1" 304 -
0:0:0:0:0:0:0:1 - - [03/Apr/2025:12:17:02 +0900] "GET /zerotodeploy/js/main.js HTTP/1.1" 304 -
0:0:0:0:0:0:0:1 - - [03/Apr/2025:12:17:02 +0900] "GET /zerotodeploy/img/favicon.ico HTTP/1.1" 404 10195
0:0:0:0:0:0:0:1 - - [03/Apr/2025:12:28:33 +0900] "GET /zerotodeploy/login HTTP/1.1" 200 3713
0:0:0:0:0:0:0:1 - - [03/Apr/2025:12:28:33 +0900] "GET /zerotodeploy/lib/animate/animate.min.css HTTP/1.1" 304 -
0:0:0:0:0:0:0:1 - - [03/Apr/2025:12:28:33 +0900] "GET /zerotodeploy/lib/owlcarousel/assets/owl.carousel.min.css HTTP/1.1" 304 -
0:0:0:0:0:0:0:1 - - [03/Apr/2025:12:28:33 +0900] "GET /zerotodeploy/lib/wow/wow.js HTTP/1.1" 304 -
0:0:0:0:0:0:0:1 - - [03/Apr/2025:12:28:33 +0900] "GET /zerotodeploy/css/bootstrap.min.css HTTP/1.1" 304 -
0:0:0:0:0:0:0:1 - - [03/Apr/2025:12:28:33 +0900] "GET /zerotodeploy/css/style.css HTTP/1.1" 304 -
0:0:0:0:0:0:0:1 - - [03/Apr/2025:12:28:33 +0900] "GET /zerotodeploy/img/kakao_login/en/kakao_login_medium_narrow.png HTTP/1.1" 304 -
0:0:0:0:0:0:0:1 - - [03/Apr/2025:12:28:33 +0900] "GET /zerotodeploy/lib/easing/easing.min.js HTTP/1.1" 304 -
0:0:0:0:0:0:0:1 - - [03/Apr/2025:12:28:33 +0900] "GET /zerotodeploy/lib/waypoints/waypoints.min.js HTTP/1.1" 304 -
0:0:0:0:0:0:0:1 - - [03/Apr/2025:12:28:33 +0900] "GET /zerotodeploy/lib/owlcarousel/owl.carousel.min.js HTTP/1.1" 304 -
0:0:0:0:0:0:0:1 - - [03/Apr/2025:12:28:33 +0900] "GET /zerotodeploy/js/main.js HTTP/1.1" 304 -
0:0:0:0:0:0:0:1 - - [03/Apr/2025:12:28:35 +0900] "POST /zerotodeploy/login HTTP/1.1" 302 -
0:0:0:0:0:0:0:1 - - [03/Apr/2025:12:28:35 +0900] "GET /zerotodeploy/ HTTP/1.1" 200 7872
0:0:0:0:0:0:0:1 - - [03/Apr/2025:12:28:37 +0900] "GET /zerotodeploy/login HTTP/1.1" 200 3713
0:0:0:0:0:0:0:1 - - [03/Apr/2025:12:28:42 +0900] "POST /zerotodeploy/login HTTP/1.1" 302 -
0:0:0:0:0:0:0:1 - - [03/Apr/2025:12:28:42 +0900] "GET /zerotodeploy/login.html?error HTTP/1.1" 304 -
0:0:0:0:0:0:0:1 - - [03/Apr/2025:12:45:09 +0900] "GET /zerotodeploy/ HTTP/1.1" 200 7872
0:0:0:0:0:0:0:1 - - [03/Apr/2025:12:45:09 +0900] "GET /zerotodeploy/lib/wow/wow.js HTTP/1.1" 200 17059
0:0:0:0:0:0:0:1 - - [03/Apr/2025:12:45:09 +0900] "GET /zerotodeploy/lib/owlcarousel/assets/owl.carousel.min.css HTTP/1.1" 200 2941
0:0:0:0:0:0:0:1 - - [03/Apr/2025:12:45:09 +0900] "GET /zerotodeploy/lib/animate/animate.min.css HTTP/1.1" 200 16964
0:0:0:0:0:0:0:1 - - [03/Apr/2025:12:45:09 +0900] "GET /zerotodeploy/lib/easing/easing.min.js HTTP/1.1" 200 2303
0:0:0:0:0:0:0:1 - - [03/Apr/2025:12:45:09 +0900] "GET /zerotodeploy/css/style.css HTTP/1.1" 200 8693
0:0:0:0:0:0:0:1 - - [03/Apr/2025:12:45:09 +0900] "GET /zerotodeploy/css/bootstrap.min.css HTTP/1.1" 200 164340
0:0:0:0:0:0:0:1 - - [03/Apr/2025:12:45:09 +0900] "GET /zerotodeploy/js/main.js HTTP/1.1" 200 1803
0:0:0:0:0:0:0:1 - - [03/Apr/2025:12:45:09 +0900] "GET /zerotodeploy/lib/owlcarousel/owl.carousel.min.js HTTP/1.1" 200 42772
0:0:0:0:0:0:0:1 - - [03/Apr/2025:12:45:09 +0900] "GET /zerotodeploy/lib/waypoints/waypoints.min.js HTTP/1.1" 200 9034
0:0:0:0:0:0:0:1 - - [03/Apr/2025:12:45:10 +0900] "GET /zerotodeploy/login HTTP/1.1" 200 3713
0:0:0:0:0:0:0:1 - - [03/Apr/2025:12:45:10 +0900] "GET /zerotodeploy/img/kakao_login/en/kakao_login_medium_narrow.png HTTP/1.1" 200 3507
0:0:0:0:0:0:0:1 - - [03/Apr/2025:12:45:15 +0900] "POST /zerotodeploy/login HTTP/1.1" 302 -
0:0:0:0:0:0:0:1 - - [03/Apr/2025:12:45:15 +0900] "GET /zerotodeploy/login.html?error HTTP/1.1" 200 3947
0:0:0:0:0:0:0:1 - - [03/Apr/2025:12:48:33 +0900] "GET /zerotodeploy/ HTTP/1.1" 200 7872
0:0:0:0:0:0:0:1 - - [03/Apr/2025:12:48:35 +0900] "GET /zerotodeploy/ HTTP/1.1" 200 7872
0:0:0:0:0:0:0:1 - - [03/Apr/2025:12:48:37 +0900] "GET /zerotodeploy/login HTTP/1.1" 200 3713
0:0:0:0:0:0:0:1 - - [03/Apr/2025:12:48:41 +0900] "POST /zerotodeploy/login HTTP/1.1" 302 -
0:0:0:0:0:0:0:1 - - [03/Apr/2025:12:48:41 +0900] "GET /zerotodeploy/ HTTP/1.1" 200 7872
0:0:0:0:0:0:0:1 - - [03/Apr/2025:12:50:54 +0900] "GET /zerotodeploy/login HTTP/1.1" 200 3713
0:0:0:0:0:0:0:1 - - [03/Apr/2025:12:50:57 +0900] "POST /zerotodeploy/login HTTP/1.1" 302 -
0:0:0:0:0:0:0:1 - - [03/Apr/2025:12:50:57 +0900] "GET /zerotodeploy/login.html?error HTTP/1.1" 304 -
0:0:0:0:0:0:0:1 - - [03/Apr/2025:13:52:18 +0900] "GET /zerotodeploy/ HTTP/1.1" 200 7872
0:0:0:0:0:0:0:1 - - [03/Apr/2025:13:52:18 +0900] "GET /zerotodeploy/css/bootstrap.min.css HTTP/1.1" 304 -
0:0:0:0:0:0:0:1 - - [03/Apr/2025:13:52:18 +0900] "GET /zerotodeploy/lib/owlcarousel/assets/owl.carousel.min.css HTTP/1.1" 304 -
0:0:0:0:0:0:0:1 - - [03/Apr/2025:13:52:18 +0900] "GET /zerotodeploy/lib/animate/animate.min.css HTTP/1.1" 304 -
0:0:0:0:0:0:0:1 - - [03/Apr/2025:13:52:18 +0900] "GET /zerotodeploy/css/style.css HTTP/1.1" 304 -
0:0:0:0:0:0:0:1 - - [03/Apr/2025:13:52:18 +0900] "GET /zerotodeploy/lib/wow/wow.js HTTP/1.1" 304 -
0:0:0:0:0:0:0:1 - - [03/Apr/2025:13:52:18 +0900] "GET /zerotodeploy/lib/easing/easing.min.js HTTP/1.1" 304 -
0:0:0:0:0:0:0:1 - - [03/Apr/2025:13:52:18 +0900] "GET /zerotodeploy/lib/waypoints/waypoints.min.js HTTP/1.1" 304 -
0:0:0:0:0:0:0:1 - - [03/Apr/2025:13:52:18 +0900] "GET /zerotodeploy/js/main.js HTTP/1.1" 304 -
0:0:0:0:0:0:0:1 - - [03/Apr/2025:13:52:18 +0900] "GET /zerotodeploy/lib/owlcarousel/owl.carousel.min.js HTTP/1.1" 304 -
0:0:0:0:0:0:0:1 - - [03/Apr/2025:13:52:20 +0900] "GET /zerotodeploy/login HTTP/1.1" 200 3713
0:0:0:0:0:0:0:1 - - [03/Apr/2025:13:52:20 +0900] "GET /zerotodeploy/img/kakao_login/en/kakao_login_medium_narrow.png HTTP/1.1" 304 -
0:0:0:0:0:0:0:1 - - [03/Apr/2025:13:54:45 +0900] "POST /zerotodeploy/login HTTP/1.1" 302 -
0:0:0:0:0:0:0:1 - - [03/Apr/2025:13:54:45 +0900] "GET /zerotodeploy/login.html?error HTTP/1.1" 304 -
0:0:0:0:0:0:0:1 - - [03/Apr/2025:13:54:46 +0900] "GET /zerotodeploy/login HTTP/1.1" 200 3713
0:0:0:0:0:0:0:1 - - [03/Apr/2025:13:55:00 +0900] "GET /zerotodeploy/ HTTP/1.1" 200 7872
127.0.0.1 - - [03/Apr/2025:13:55:01 +0900] "GET /zerotodeploy/login HTTP/1.1" 200 3686
