0:0:0:0:0:0:0:1 - - [01/Jan/2025:19:46:25 +0900] "GET / HTTP/1.1" 200 55302
0:0:0:0:0:0:0:1 - - [01/Jan/2025:19:46:25 +0900] "GET /css/style.css HTTP/1.1" 200 8596
0:0:0:0:0:0:0:1 - - [01/Jan/2025:19:46:25 +0900] "GET /lib/owlcarousel/assets/owl.carousel.min.css HTTP/1.1" 200 2941
0:0:0:0:0:0:0:1 - - [01/Jan/2025:19:46:25 +0900] "GET /lib/animate/animate.min.css HTTP/1.1" 200 16964
0:0:0:0:0:0:0:1 - - [01/Jan/2025:19:46:25 +0900] "GET /lib/easing/easing.min.js HTTP/1.1" 200 2303
0:0:0:0:0:0:0:1 - - [01/Jan/2025:19:46:25 +0900] "GET /css/bootstrap.min.css HTTP/1.1" 200 164340
0:0:0:0:0:0:0:1 - - [01/Jan/2025:19:46:25 +0900] "GET /lib/wow/wow.js HTTP/1.1" 200 17059
0:0:0:0:0:0:0:1 - - [01/Jan/2025:19:46:25 +0900] "GET /lib/waypoints/waypoints.min.js HTTP/1.1" 200 9034
0:0:0:0:0:0:0:1 - - [01/Jan/2025:19:46:25 +0900] "GET /js/main.js HTTP/1.1" 200 1803
0:0:0:0:0:0:0:1 - - [01/Jan/2025:19:46:25 +0900] "GET /lib/owlcarousel/owl.carousel.min.js HTTP/1.1" 200 42772
0:0:0:0:0:0:0:1 - - [01/Jan/2025:19:46:26 +0900] "GET /img/favicon.ico HTTP/1.1" 404 4372
0:0:0:0:0:0:0:1 - - [01/Jan/2025:19:47:02 +0900] "GET / HTTP/1.1" 200 55302
0:0:0:0:0:0:0:1 - - [01/Jan/2025:19:47:02 +0900] "GET /lib/animate/animate.min.css HTTP/1.1" 200 16964
0:0:0:0:0:0:0:1 - - [01/Jan/2025:19:47:02 +0900] "GET /lib/wow/wow.js HTTP/1.1" 200 17059
0:0:0:0:0:0:0:1 - - [01/Jan/2025:19:47:02 +0900] "GET /lib/owlcarousel/assets/owl.carousel.min.css HTTP/1.1" 200 2941
0:0:0:0:0:0:0:1 - - [01/Jan/2025:19:47:02 +0900] "GET /lib/easing/easing.min.js HTTP/1.1" 200 2303
0:0:0:0:0:0:0:1 - - [01/Jan/2025:19:47:02 +0900] "GET /css/style.css HTTP/1.1" 200 8596
0:0:0:0:0:0:0:1 - - [01/Jan/2025:19:47:02 +0900] "GET /css/bootstrap.min.css HTTP/1.1" 200 164340
0:0:0:0:0:0:0:1 - - [01/Jan/2025:19:47:02 +0900] "GET /js/main.js HTTP/1.1" 200 1803
0:0:0:0:0:0:0:1 - - [01/Jan/2025:19:47:02 +0900] "GET /lib/waypoints/waypoints.min.js HTTP/1.1" 200 9034
0:0:0:0:0:0:0:1 - - [01/Jan/2025:19:47:02 +0900] "GET /lib/owlcarousel/owl.carousel.min.js HTTP/1.1" 200 42772
0:0:0:0:0:0:0:1 - - [01/Jan/2025:19:47:03 +0900] "GET /about HTTP/1.1" 200 11028
0:0:0:0:0:0:0:1 - - [01/Jan/2025:19:47:03 +0900] "GET /lib/animate/animate.min.css HTTP/1.1" 200 16964
0:0:0:0:0:0:0:1 - - [01/Jan/2025:19:47:04 +0900] "GET /css/style.css HTTP/1.1" 200 8596
0:0:0:0:0:0:0:1 - - [01/Jan/2025:19:47:04 +0900] "GET /img/about-1.jpg HTTP/1.1" 200 23884
0:0:0:0:0:0:0:1 - - [01/Jan/2025:19:47:04 +0900] "GET /css/bootstrap.min.css HTTP/1.1" 200 164340
0:0:0:0:0:0:0:1 - - [01/Jan/2025:19:47:04 +0900] "GET /lib/owlcarousel/assets/owl.carousel.min.css HTTP/1.1" 200 2941
0:0:0:0:0:0:0:1 - - [01/Jan/2025:19:47:04 +0900] "GET /img/about-3.jpg HTTP/1.1" 200 18799
0:0:0:0:0:0:0:1 - - [01/Jan/2025:19:47:04 +0900] "GET /img/about-2.jpg HTTP/1.1" 200 19751
0:0:0:0:0:0:0:1 - - [01/Jan/2025:19:47:04 +0900] "GET /lib/waypoints/waypoints.min.js HTTP/1.1" 200 9034
0:0:0:0:0:0:0:1 - - [01/Jan/2025:19:47:04 +0900] "GET /lib/easing/easing.min.js HTTP/1.1" 200 2303
0:0:0:0:0:0:0:1 - - [01/Jan/2025:19:47:04 +0900] "GET /img/about-4.jpg HTTP/1.1" 200 24484
0:0:0:0:0:0:0:1 - - [01/Jan/2025:19:47:04 +0900] "GET /lib/wow/wow.js HTTP/1.1" 200 17059
0:0:0:0:0:0:0:1 - - [01/Jan/2025:19:47:04 +0900] "GET /js/main.js HTTP/1.1" 200 1803
0:0:0:0:0:0:0:1 - - [01/Jan/2025:19:47:04 +0900] "GET /lib/owlcarousel/owl.carousel.min.js HTTP/1.1" 200 42772
0:0:0:0:0:0:0:1 - - [01/Jan/2025:19:47:04 +0900] "GET /img/carousel-1.jpg HTTP/1.1" 200 62287
0:0:0:0:0:0:0:1 - - [01/Jan/2025:19:47:04 +0900] "GET /index HTTP/1.1" 200 55302
0:0:0:0:0:0:0:1 - - [01/Jan/2025:19:47:04 +0900] "GET /lib/animate/animate.min.css HTTP/1.1" 200 16964
0:0:0:0:0:0:0:1 - - [01/Jan/2025:19:47:04 +0900] "GET /lib/owlcarousel/assets/owl.carousel.min.css HTTP/1.1" 200 2941
0:0:0:0:0:0:0:1 - - [01/Jan/2025:19:47:04 +0900] "GET /css/bootstrap.min.css HTTP/1.1" 200 164340
0:0:0:0:0:0:0:1 - - [01/Jan/2025:19:47:04 +0900] "GET /lib/wow/wow.js HTTP/1.1" 200 17059
0:0:0:0:0:0:0:1 - - [01/Jan/2025:19:47:04 +0900] "GET /lib/easing/easing.min.js HTTP/1.1" 200 2303
0:0:0:0:0:0:0:1 - - [01/Jan/2025:19:47:04 +0900] "GET /lib/waypoints/waypoints.min.js HTTP/1.1" 200 9034
0:0:0:0:0:0:0:1 - - [01/Jan/2025:19:47:04 +0900] "GET /css/style.css HTTP/1.1" 200 8596
0:0:0:0:0:0:0:1 - - [01/Jan/2025:19:47:04 +0900] "GET /js/main.js HTTP/1.1" 200 1803
0:0:0:0:0:0:0:1 - - [01/Jan/2025:19:47:04 +0900] "GET /lib/owlcarousel/owl.carousel.min.js HTTP/1.1" 200 42772
0:0:0:0:0:0:0:1 - - [01/Jan/2025:19:47:27 +0900] "GET /ubuntu HTTP/1.1" 200 3782
0:0:0:0:0:0:0:1 - - [01/Jan/2025:19:47:27 +0900] "GET /lib/animate/animate.min.css HTTP/1.1" 200 16964
0:0:0:0:0:0:0:1 - - [01/Jan/2025:19:47:27 +0900] "GET /css/style.css HTTP/1.1" 200 8596
0:0:0:0:0:0:0:1 - - [01/Jan/2025:19:47:27 +0900] "GET /lib/waypoints/waypoints.min.js HTTP/1.1" 200 9034
0:0:0:0:0:0:0:1 - - [01/Jan/2025:19:47:27 +0900] "GET /lib/easing/easing.min.js HTTP/1.1" 200 2303
0:0:0:0:0:0:0:1 - - [01/Jan/2025:19:47:27 +0900] "GET /lib/owlcarousel/assets/owl.carousel.min.css HTTP/1.1" 200 2941
0:0:0:0:0:0:0:1 - - [01/Jan/2025:19:47:27 +0900] "GET /css/bootstrap.min.css HTTP/1.1" 200 164340
0:0:0:0:0:0:0:1 - - [01/Jan/2025:19:47:27 +0900] "GET /lib/wow/wow.js HTTP/1.1" 200 17059
0:0:0:0:0:0:0:1 - - [01/Jan/2025:19:47:27 +0900] "GET /lib/owlcarousel/owl.carousel.min.js HTTP/1.1" 200 42772
0:0:0:0:0:0:0:1 - - [01/Jan/2025:19:47:27 +0900] "GET /js/main.js HTTP/1.1" 200 1803
0:0:0:0:0:0:0:1 - - [01/Jan/2025:19:47:29 +0900] "GET /html HTTP/1.1" 200 3782
0:0:0:0:0:0:0:1 - - [01/Jan/2025:19:47:29 +0900] "GET /lib/animate/animate.min.css HTTP/1.1" 200 16964
0:0:0:0:0:0:0:1 - - [01/Jan/2025:19:47:29 +0900] "GET /lib/easing/easing.min.js HTTP/1.1" 200 2303
0:0:0:0:0:0:0:1 - - [01/Jan/2025:19:47:29 +0900] "GET /lib/owlcarousel/assets/owl.carousel.min.css HTTP/1.1" 200 2941
0:0:0:0:0:0:0:1 - - [01/Jan/2025:19:47:29 +0900] "GET /css/bootstrap.min.css HTTP/1.1" 200 164340
0:0:0:0:0:0:0:1 - - [01/Jan/2025:19:47:29 +0900] "GET /lib/wow/wow.js HTTP/1.1" 200 17059
0:0:0:0:0:0:0:1 - - [01/Jan/2025:19:47:29 +0900] "GET /lib/owlcarousel/owl.carousel.min.js HTTP/1.1" 200 42772
0:0:0:0:0:0:0:1 - - [01/Jan/2025:19:47:29 +0900] "GET /js/main.js HTTP/1.1" 200 1803
0:0:0:0:0:0:0:1 - - [01/Jan/2025:19:47:29 +0900] "GET /lib/waypoints/waypoints.min.js HTTP/1.1" 200 9034
0:0:0:0:0:0:0:1 - - [01/Jan/2025:19:47:29 +0900] "GET /css/style.css HTTP/1.1" 200 8596
0:0:0:0:0:0:0:1 - - [01/Jan/2025:19:47:30 +0900] "GET /springboot HTTP/1.1" 200 3782
0:0:0:0:0:0:0:1 - - [01/Jan/2025:19:47:30 +0900] "GET /lib/animate/animate.min.css HTTP/1.1" 200 16964
0:0:0:0:0:0:0:1 - - [01/Jan/2025:19:47:30 +0900] "GET /css/style.css HTTP/1.1" 200 8596
0:0:0:0:0:0:0:1 - - [01/Jan/2025:19:47:30 +0900] "GET /lib/owlcarousel/assets/owl.carousel.min.css HTTP/1.1" 200 2941
0:0:0:0:0:0:0:1 - - [01/Jan/2025:19:47:30 +0900] "GET /css/bootstrap.min.css HTTP/1.1" 200 164340
0:0:0:0:0:0:0:1 - - [01/Jan/2025:19:47:30 +0900] "GET /lib/easing/easing.min.js HTTP/1.1" 200 2303
0:0:0:0:0:0:0:1 - - [01/Jan/2025:19:47:30 +0900] "GET /lib/waypoints/waypoints.min.js HTTP/1.1" 200 9034
0:0:0:0:0:0:0:1 - - [01/Jan/2025:19:47:30 +0900] "GET /lib/wow/wow.js HTTP/1.1" 200 17059
0:0:0:0:0:0:0:1 - - [01/Jan/2025:19:47:30 +0900] "GET /js/main.js HTTP/1.1" 200 1803
0:0:0:0:0:0:0:1 - - [01/Jan/2025:19:47:30 +0900] "GET /lib/owlcarousel/owl.carousel.min.js HTTP/1.1" 200 42772
0:0:0:0:0:0:0:1 - - [01/Jan/2025:19:47:30 +0900] "GET /about HTTP/1.1" 200 11028
0:0:0:0:0:0:0:1 - - [01/Jan/2025:19:47:30 +0900] "GET /lib/animate/animate.min.css HTTP/1.1" 200 16964
0:0:0:0:0:0:0:1 - - [01/Jan/2025:19:47:30 +0900] "GET /lib/owlcarousel/assets/owl.carousel.min.css HTTP/1.1" 200 2941
0:0:0:0:0:0:0:1 - - [01/Jan/2025:19:47:30 +0900] "GET /css/style.css HTTP/1.1" 200 8596
0:0:0:0:0:0:0:1 - - [01/Jan/2025:19:47:30 +0900] "GET /css/bootstrap.min.css HTTP/1.1" 200 164340
0:0:0:0:0:0:0:1 - - [01/Jan/2025:19:47:30 +0900] "GET /img/about-1.jpg HTTP/1.1" 200 23884
0:0:0:0:0:0:0:1 - - [01/Jan/2025:19:47:30 +0900] "GET /img/about-2.jpg HTTP/1.1" 200 19751
0:0:0:0:0:0:0:1 - - [01/Jan/2025:19:47:30 +0900] "GET /img/about-4.jpg HTTP/1.1" 200 24484
0:0:0:0:0:0:0:1 - - [01/Jan/2025:19:47:30 +0900] "GET /img/about-3.jpg HTTP/1.1" 200 18799
0:0:0:0:0:0:0:1 - - [01/Jan/2025:19:47:31 +0900] "GET /lib/easing/easing.min.js HTTP/1.1" 200 2303
0:0:0:0:0:0:0:1 - - [01/Jan/2025:19:47:31 +0900] "GET /lib/waypoints/waypoints.min.js HTTP/1.1" 200 9034
0:0:0:0:0:0:0:1 - - [01/Jan/2025:19:47:31 +0900] "GET /lib/wow/wow.js HTTP/1.1" 200 17059
0:0:0:0:0:0:0:1 - - [01/Jan/2025:19:47:31 +0900] "GET /lib/owlcarousel/owl.carousel.min.js HTTP/1.1" 200 42772
0:0:0:0:0:0:0:1 - - [01/Jan/2025:19:47:31 +0900] "GET /js/main.js HTTP/1.1" 200 1803
0:0:0:0:0:0:0:1 - - [01/Jan/2025:19:47:31 +0900] "GET /img/carousel-1.jpg HTTP/1.1" 200 62287
0:0:0:0:0:0:0:1 - - [01/Jan/2025:19:50:45 +0900] "GET /index HTTP/1.1" 200 55302
0:0:0:0:0:0:0:1 - - [01/Jan/2025:19:50:45 +0900] "GET /lib/animate/animate.min.css HTTP/1.1" 200 16964
0:0:0:0:0:0:0:1 - - [01/Jan/2025:19:50:45 +0900] "GET /lib/owlcarousel/assets/owl.carousel.min.css HTTP/1.1" 200 2941
0:0:0:0:0:0:0:1 - - [01/Jan/2025:19:50:45 +0900] "GET /css/bootstrap.min.css HTTP/1.1" 200 164340
0:0:0:0:0:0:0:1 - - [01/Jan/2025:19:50:45 +0900] "GET /lib/easing/easing.min.js HTTP/1.1" 200 2303
0:0:0:0:0:0:0:1 - - [01/Jan/2025:19:50:45 +0900] "GET /lib/wow/wow.js HTTP/1.1" 200 17059
0:0:0:0:0:0:0:1 - - [01/Jan/2025:19:50:45 +0900] "GET /lib/waypoints/waypoints.min.js HTTP/1.1" 200 9034
0:0:0:0:0:0:0:1 - - [01/Jan/2025:19:50:45 +0900] "GET /css/style.css HTTP/1.1" 200 8596
0:0:0:0:0:0:0:1 - - [01/Jan/2025:19:50:45 +0900] "GET /lib/owlcarousel/owl.carousel.min.js HTTP/1.1" 200 42772
0:0:0:0:0:0:0:1 - - [01/Jan/2025:19:50:45 +0900] "GET /js/main.js HTTP/1.1" 200 1803
0:0:0:0:0:0:0:1 - - [01/Jan/2025:19:50:49 +0900] "GET /about HTTP/1.1" 200 11028
0:0:0:0:0:0:0:1 - - [01/Jan/2025:19:50:49 +0900] "GET /lib/animate/animate.min.css HTTP/1.1" 200 16964
0:0:0:0:0:0:0:1 - - [01/Jan/2025:19:50:49 +0900] "GET /lib/owlcarousel/assets/owl.carousel.min.css HTTP/1.1" 200 2941
0:0:0:0:0:0:0:1 - - [01/Jan/2025:19:50:49 +0900] "GET /css/bootstrap.min.css HTTP/1.1" 200 164340
0:0:0:0:0:0:0:1 - - [01/Jan/2025:19:50:49 +0900] "GET /css/style.css HTTP/1.1" 200 8596
0:0:0:0:0:0:0:1 - - [01/Jan/2025:19:50:49 +0900] "GET /img/about-2.jpg HTTP/1.1" 200 19751
0:0:0:0:0:0:0:1 - - [01/Jan/2025:19:50:49 +0900] "GET /img/about-1.jpg HTTP/1.1" 200 23884
0:0:0:0:0:0:0:1 - - [01/Jan/2025:19:50:49 +0900] "GET /img/about-3.jpg HTTP/1.1" 200 18799
0:0:0:0:0:0:0:1 - - [01/Jan/2025:19:50:49 +0900] "GET /img/about-4.jpg HTTP/1.1" 200 24484
0:0:0:0:0:0:0:1 - - [01/Jan/2025:19:50:49 +0900] "GET /lib/wow/wow.js HTTP/1.1" 200 17059
0:0:0:0:0:0:0:1 - - [01/Jan/2025:19:50:49 +0900] "GET /lib/waypoints/waypoints.min.js HTTP/1.1" 200 9034
0:0:0:0:0:0:0:1 - - [01/Jan/2025:19:50:49 +0900] "GET /lib/easing/easing.min.js HTTP/1.1" 200 2303
0:0:0:0:0:0:0:1 - - [01/Jan/2025:19:50:49 +0900] "GET /js/main.js HTTP/1.1" 200 1803
0:0:0:0:0:0:0:1 - - [01/Jan/2025:19:50:49 +0900] "GET /lib/owlcarousel/owl.carousel.min.js HTTP/1.1" 200 42772
0:0:0:0:0:0:0:1 - - [01/Jan/2025:19:50:49 +0900] "GET /img/carousel-1.jpg HTTP/1.1" 200 62287
0:0:0:0:0:0:0:1 - - [01/Jan/2025:19:50:50 +0900] "GET /index HTTP/1.1" 200 55302
0:0:0:0:0:0:0:1 - - [01/Jan/2025:19:50:50 +0900] "GET /lib/animate/animate.min.css HTTP/1.1" 200 16964
0:0:0:0:0:0:0:1 - - [01/Jan/2025:19:50:50 +0900] "GET /lib/owlcarousel/assets/owl.carousel.min.css HTTP/1.1" 200 2941
0:0:0:0:0:0:0:1 - - [01/Jan/2025:19:50:50 +0900] "GET /css/bootstrap.min.css HTTP/1.1" 200 164340
0:0:0:0:0:0:0:1 - - [01/Jan/2025:19:50:50 +0900] "GET /lib/easing/easing.min.js HTTP/1.1" 200 2303
0:0:0:0:0:0:0:1 - - [01/Jan/2025:19:50:50 +0900] "GET /lib/waypoints/waypoints.min.js HTTP/1.1" 200 9034
0:0:0:0:0:0:0:1 - - [01/Jan/2025:19:50:50 +0900] "GET /lib/wow/wow.js HTTP/1.1" 200 17059
0:0:0:0:0:0:0:1 - - [01/Jan/2025:19:50:50 +0900] "GET /css/style.css HTTP/1.1" 200 8596
0:0:0:0:0:0:0:1 - - [01/Jan/2025:19:50:50 +0900] "GET /lib/owlcarousel/owl.carousel.min.js HTTP/1.1" 200 42772
0:0:0:0:0:0:0:1 - - [01/Jan/2025:19:50:50 +0900] "GET /js/main.js HTTP/1.1" 200 1803
0:0:0:0:0:0:0:1 - - [01/Jan/2025:19:50:52 +0900] "GET /about HTTP/1.1" 200 11028
0:0:0:0:0:0:0:1 - - [01/Jan/2025:19:50:52 +0900] "GET /lib/animate/animate.min.css HTTP/1.1" 200 16964
0:0:0:0:0:0:0:1 - - [01/Jan/2025:19:50:52 +0900] "GET /lib/owlcarousel/assets/owl.carousel.min.css HTTP/1.1" 200 2941
0:0:0:0:0:0:0:1 - - [01/Jan/2025:19:50:52 +0900] "GET /img/about-1.jpg HTTP/1.1" 200 23884
0:0:0:0:0:0:0:1 - - [01/Jan/2025:19:50:52 +0900] "GET /img/about-3.jpg HTTP/1.1" 200 18799
0:0:0:0:0:0:0:1 - - [01/Jan/2025:19:50:52 +0900] "GET /css/style.css HTTP/1.1" 200 8596
0:0:0:0:0:0:0:1 - - [01/Jan/2025:19:50:52 +0900] "GET /img/about-2.jpg HTTP/1.1" 200 19751
0:0:0:0:0:0:0:1 - - [01/Jan/2025:19:50:52 +0900] "GET /css/bootstrap.min.css HTTP/1.1" 200 164340
0:0:0:0:0:0:0:1 - - [01/Jan/2025:19:50:52 +0900] "GET /js/main.js HTTP/1.1" 200 1803
0:0:0:0:0:0:0:1 - - [01/Jan/2025:19:50:52 +0900] "GET /lib/waypoints/waypoints.min.js HTTP/1.1" 200 9034
0:0:0:0:0:0:0:1 - - [01/Jan/2025:19:50:52 +0900] "GET /img/about-4.jpg HTTP/1.1" 200 24484
0:0:0:0:0:0:0:1 - - [01/Jan/2025:19:50:52 +0900] "GET /lib/owlcarousel/owl.carousel.min.js HTTP/1.1" 200 42772
0:0:0:0:0:0:0:1 - - [01/Jan/2025:19:50:52 +0900] "GET /lib/easing/easing.min.js HTTP/1.1" 200 2303
0:0:0:0:0:0:0:1 - - [01/Jan/2025:19:50:52 +0900] "GET /lib/wow/wow.js HTTP/1.1" 200 17059
0:0:0:0:0:0:0:1 - - [01/Jan/2025:19:50:52 +0900] "GET /img/carousel-1.jpg HTTP/1.1" 200 62287
0:0:0:0:0:0:0:1 - - [01/Jan/2025:19:52:48 +0900] "GET /about HTTP/1.1" 200 9006
0:0:0:0:0:0:0:1 - - [01/Jan/2025:19:52:48 +0900] "GET /lib/owlcarousel/assets/owl.carousel.min.css HTTP/1.1" 200 2941
0:0:0:0:0:0:0:1 - - [01/Jan/2025:19:52:48 +0900] "GET /lib/animate/animate.min.css HTTP/1.1" 200 16964
0:0:0:0:0:0:0:1 - - [01/Jan/2025:19:52:48 +0900] "GET /css/style.css HTTP/1.1" 200 8596
0:0:0:0:0:0:0:1 - - [01/Jan/2025:19:52:48 +0900] "GET /lib/waypoints/waypoints.min.js HTTP/1.1" 200 9034
0:0:0:0:0:0:0:1 - - [01/Jan/2025:19:52:48 +0900] "GET /lib/wow/wow.js HTTP/1.1" 200 17059
0:0:0:0:0:0:0:1 - - [01/Jan/2025:19:52:48 +0900] "GET /lib/easing/easing.min.js HTTP/1.1" 200 2303
0:0:0:0:0:0:0:1 - - [01/Jan/2025:19:52:48 +0900] "GET /lib/owlcarousel/owl.carousel.min.js HTTP/1.1" 200 42772
0:0:0:0:0:0:0:1 - - [01/Jan/2025:19:52:48 +0900] "GET /css/bootstrap.min.css HTTP/1.1" 200 164340
0:0:0:0:0:0:0:1 - - [01/Jan/2025:19:52:48 +0900] "GET /js/main.js HTTP/1.1" 200 1803
0:0:0:0:0:0:0:1 - - [01/Jan/2025:19:52:48 +0900] "GET /img/carousel-1.jpg HTTP/1.1" 200 62287
0:0:0:0:0:0:0:1 - - [01/Jan/2025:19:52:49 +0900] "GET /about HTTP/1.1" 200 9006
0:0:0:0:0:0:0:1 - - [01/Jan/2025:19:52:49 +0900] "GET /lib/animate/animate.min.css HTTP/1.1" 200 16964
0:0:0:0:0:0:0:1 - - [01/Jan/2025:19:52:49 +0900] "GET /lib/owlcarousel/assets/owl.carousel.min.css HTTP/1.1" 200 2941
0:0:0:0:0:0:0:1 - - [01/Jan/2025:19:52:49 +0900] "GET /css/style.css HTTP/1.1" 200 8596
0:0:0:0:0:0:0:1 - - [01/Jan/2025:19:52:49 +0900] "GET /lib/wow/wow.js HTTP/1.1" 200 17059
0:0:0:0:0:0:0:1 - - [01/Jan/2025:19:52:49 +0900] "GET /lib/easing/easing.min.js HTTP/1.1" 200 2303
0:0:0:0:0:0:0:1 - - [01/Jan/2025:19:52:49 +0900] "GET /css/bootstrap.min.css HTTP/1.1" 200 164340
0:0:0:0:0:0:0:1 - - [01/Jan/2025:19:52:49 +0900] "GET /lib/waypoints/waypoints.min.js HTTP/1.1" 200 9034
0:0:0:0:0:0:0:1 - - [01/Jan/2025:19:52:49 +0900] "GET /lib/owlcarousel/owl.carousel.min.js HTTP/1.1" 200 42772
0:0:0:0:0:0:0:1 - - [01/Jan/2025:19:52:49 +0900] "GET /js/main.js HTTP/1.1" 200 1803
0:0:0:0:0:0:0:1 - - [01/Jan/2025:19:52:49 +0900] "GET /img/carousel-1.jpg HTTP/1.1" 200 62287
0:0:0:0:0:0:0:1 - - [01/Jan/2025:19:52:50 +0900] "GET /index HTTP/1.1" 200 55302
0:0:0:0:0:0:0:1 - - [01/Jan/2025:19:52:50 +0900] "GET /lib/animate/animate.min.css HTTP/1.1" 200 16964
0:0:0:0:0:0:0:1 - - [01/Jan/2025:19:52:50 +0900] "GET /css/style.css HTTP/1.1" 200 8596
0:0:0:0:0:0:0:1 - - [01/Jan/2025:19:52:50 +0900] "GET /lib/owlcarousel/assets/owl.carousel.min.css HTTP/1.1" 200 2941
0:0:0:0:0:0:0:1 - - [01/Jan/2025:19:52:50 +0900] "GET /lib/waypoints/waypoints.min.js HTTP/1.1" 200 9034
0:0:0:0:0:0:0:1 - - [01/Jan/2025:19:52:50 +0900] "GET /css/bootstrap.min.css HTTP/1.1" 200 164340
0:0:0:0:0:0:0:1 - - [01/Jan/2025:19:52:50 +0900] "GET /lib/wow/wow.js HTTP/1.1" 200 17059
0:0:0:0:0:0:0:1 - - [01/Jan/2025:19:52:50 +0900] "GET /lib/easing/easing.min.js HTTP/1.1" 200 2303
0:0:0:0:0:0:0:1 - - [01/Jan/2025:19:52:50 +0900] "GET /js/main.js HTTP/1.1" 200 1803
0:0:0:0:0:0:0:1 - - [01/Jan/2025:19:52:50 +0900] "GET /lib/owlcarousel/owl.carousel.min.js HTTP/1.1" 200 42772
0:0:0:0:0:0:0:1 - - [01/Jan/2025:19:52:51 +0900] "GET /about HTTP/1.1" 200 9006
0:0:0:0:0:0:0:1 - - [01/Jan/2025:19:52:51 +0900] "GET /lib/animate/animate.min.css HTTP/1.1" 200 16964
0:0:0:0:0:0:0:1 - - [01/Jan/2025:19:52:51 +0900] "GET /css/style.css HTTP/1.1" 200 8596
0:0:0:0:0:0:0:1 - - [01/Jan/2025:19:52:51 +0900] "GET /lib/owlcarousel/assets/owl.carousel.min.css HTTP/1.1" 200 2941
0:0:0:0:0:0:0:1 - - [01/Jan/2025:19:52:51 +0900] "GET /css/bootstrap.min.css HTTP/1.1" 200 164340
0:0:0:0:0:0:0:1 - - [01/Jan/2025:19:52:51 +0900] "GET /lib/easing/easing.min.js HTTP/1.1" 200 2303
0:0:0:0:0:0:0:1 - - [01/Jan/2025:19:52:51 +0900] "GET /lib/waypoints/waypoints.min.js HTTP/1.1" 200 9034
0:0:0:0:0:0:0:1 - - [01/Jan/2025:19:52:51 +0900] "GET /lib/wow/wow.js HTTP/1.1" 200 17059
0:0:0:0:0:0:0:1 - - [01/Jan/2025:19:52:51 +0900] "GET /js/main.js HTTP/1.1" 200 1803
0:0:0:0:0:0:0:1 - - [01/Jan/2025:19:52:51 +0900] "GET /lib/owlcarousel/owl.carousel.min.js HTTP/1.1" 200 42772
0:0:0:0:0:0:0:1 - - [01/Jan/2025:19:52:51 +0900] "GET /img/carousel-1.jpg HTTP/1.1" 200 62287
0:0:0:0:0:0:0:1 - - [01/Jan/2025:19:52:52 +0900] "GET /java HTTP/1.1" 200 3782
0:0:0:0:0:0:0:1 - - [01/Jan/2025:19:52:52 +0900] "GET /lib/animate/animate.min.css HTTP/1.1" 200 16964
0:0:0:0:0:0:0:1 - - [01/Jan/2025:19:52:52 +0900] "GET /lib/easing/easing.min.js HTTP/1.1" 200 2303
0:0:0:0:0:0:0:1 - - [01/Jan/2025:19:52:52 +0900] "GET /lib/owlcarousel/assets/owl.carousel.min.css HTTP/1.1" 200 2941
0:0:0:0:0:0:0:1 - - [01/Jan/2025:19:52:52 +0900] "GET /lib/wow/wow.js HTTP/1.1" 200 17059
0:0:0:0:0:0:0:1 - - [01/Jan/2025:19:52:52 +0900] "GET /css/style.css HTTP/1.1" 200 8596
0:0:0:0:0:0:0:1 - - [01/Jan/2025:19:52:52 +0900] "GET /lib/waypoints/waypoints.min.js HTTP/1.1" 200 9034
0:0:0:0:0:0:0:1 - - [01/Jan/2025:19:52:52 +0900] "GET /css/bootstrap.min.css HTTP/1.1" 200 164340
0:0:0:0:0:0:0:1 - - [01/Jan/2025:19:52:52 +0900] "GET /js/main.js HTTP/1.1" 200 1803
0:0:0:0:0:0:0:1 - - [01/Jan/2025:19:52:52 +0900] "GET /lib/owlcarousel/owl.carousel.min.js HTTP/1.1" 200 42772
0:0:0:0:0:0:0:1 - - [01/Jan/2025:19:52:53 +0900] "GET /about HTTP/1.1" 200 9006
0:0:0:0:0:0:0:1 - - [01/Jan/2025:19:52:53 +0900] "GET /lib/animate/animate.min.css HTTP/1.1" 200 16964
0:0:0:0:0:0:0:1 - - [01/Jan/2025:19:52:53 +0900] "GET /css/style.css HTTP/1.1" 200 8596
0:0:0:0:0:0:0:1 - - [01/Jan/2025:19:52:53 +0900] "GET /lib/waypoints/waypoints.min.js HTTP/1.1" 200 9034
0:0:0:0:0:0:0:1 - - [01/Jan/2025:19:52:53 +0900] "GET /lib/owlcarousel/assets/owl.carousel.min.css HTTP/1.1" 200 2941
0:0:0:0:0:0:0:1 - - [01/Jan/2025:19:52:53 +0900] "GET /lib/wow/wow.js HTTP/1.1" 200 17059
0:0:0:0:0:0:0:1 - - [01/Jan/2025:19:52:53 +0900] "GET /lib/easing/easing.min.js HTTP/1.1" 200 2303
0:0:0:0:0:0:0:1 - - [01/Jan/2025:19:52:53 +0900] "GET /css/bootstrap.min.css HTTP/1.1" 200 164340
0:0:0:0:0:0:0:1 - - [01/Jan/2025:19:52:53 +0900] "GET /js/main.js HTTP/1.1" 200 1803
0:0:0:0:0:0:0:1 - - [01/Jan/2025:19:52:53 +0900] "GET /lib/owlcarousel/owl.carousel.min.js HTTP/1.1" 200 42772
0:0:0:0:0:0:0:1 - - [01/Jan/2025:19:52:53 +0900] "GET /img/carousel-1.jpg HTTP/1.1" 200 62287
0:0:0:0:0:0:0:1 - - [01/Jan/2025:19:53:06 +0900] "GET /index HTTP/1.1" 200 55302
0:0:0:0:0:0:0:1 - - [01/Jan/2025:19:53:06 +0900] "GET /lib/animate/animate.min.css HTTP/1.1" 200 16964
0:0:0:0:0:0:0:1 - - [01/Jan/2025:19:53:06 +0900] "GET /lib/owlcarousel/assets/owl.carousel.min.css HTTP/1.1" 200 2941
0:0:0:0:0:0:0:1 - - [01/Jan/2025:19:53:06 +0900] "GET /css/style.css HTTP/1.1" 200 8596
0:0:0:0:0:0:0:1 - - [01/Jan/2025:19:53:06 +0900] "GET /lib/easing/easing.min.js HTTP/1.1" 200 2303
0:0:0:0:0:0:0:1 - - [01/Jan/2025:19:53:06 +0900] "GET /lib/waypoints/waypoints.min.js HTTP/1.1" 200 9034
0:0:0:0:0:0:0:1 - - [01/Jan/2025:19:53:06 +0900] "GET /lib/wow/wow.js HTTP/1.1" 200 17059
0:0:0:0:0:0:0:1 - - [01/Jan/2025:19:53:06 +0900] "GET /css/bootstrap.min.css HTTP/1.1" 200 164340
0:0:0:0:0:0:0:1 - - [01/Jan/2025:19:53:06 +0900] "GET /lib/owlcarousel/owl.carousel.min.js HTTP/1.1" 200 42772
0:0:0:0:0:0:0:1 - - [01/Jan/2025:19:53:06 +0900] "GET /js/main.js HTTP/1.1" 200 1803
0:0:0:0:0:0:0:1 - - [01/Jan/2025:20:31:26 +0900] "GET /index HTTP/1.1" 200 9671
0:0:0:0:0:0:0:1 - - [01/Jan/2025:20:31:26 +0900] "GET /lib/animate/animate.min.css HTTP/1.1" 200 16964
0:0:0:0:0:0:0:1 - - [01/Jan/2025:20:31:26 +0900] "GET /lib/owlcarousel/assets/owl.carousel.min.css HTTP/1.1" 200 2941
0:0:0:0:0:0:0:1 - - [01/Jan/2025:20:31:26 +0900] "GET /lib/waypoints/waypoints.min.js HTTP/1.1" 200 9034
0:0:0:0:0:0:0:1 - - [01/Jan/2025:20:31:26 +0900] "GET /css/style.css HTTP/1.1" 200 8596
0:0:0:0:0:0:0:1 - - [01/Jan/2025:20:31:26 +0900] "GET /css/bootstrap.min.css HTTP/1.1" 200 164340
0:0:0:0:0:0:0:1 - - [01/Jan/2025:20:31:26 +0900] "GET /lib/wow/wow.js HTTP/1.1" 200 17059
0:0:0:0:0:0:0:1 - - [01/Jan/2025:20:31:26 +0900] "GET /lib/owlcarousel/owl.carousel.min.js HTTP/1.1" 200 42772
0:0:0:0:0:0:0:1 - - [01/Jan/2025:20:31:26 +0900] "GET /lib/easing/easing.min.js HTTP/1.1" 200 2303
0:0:0:0:0:0:0:1 - - [01/Jan/2025:20:31:26 +0900] "GET /js/main.js HTTP/1.1" 200 1803
0:0:0:0:0:0:0:1 - - [01/Jan/2025:20:31:27 +0900] "GET /index HTTP/1.1" 200 9671
0:0:0:0:0:0:0:1 - - [01/Jan/2025:20:31:27 +0900] "GET /lib/animate/animate.min.css HTTP/1.1" 200 16964
0:0:0:0:0:0:0:1 - - [01/Jan/2025:20:31:27 +0900] "GET /css/style.css HTTP/1.1" 200 8596
0:0:0:0:0:0:0:1 - - [01/Jan/2025:20:31:27 +0900] "GET /lib/owlcarousel/assets/owl.carousel.min.css HTTP/1.1" 200 2941
0:0:0:0:0:0:0:1 - - [01/Jan/2025:20:31:27 +0900] "GET /lib/wow/wow.js HTTP/1.1" 200 17059
0:0:0:0:0:0:0:1 - - [01/Jan/2025:20:31:27 +0900] "GET /css/bootstrap.min.css HTTP/1.1" 200 164340
0:0:0:0:0:0:0:1 - - [01/Jan/2025:20:31:27 +0900] "GET /lib/easing/easing.min.js HTTP/1.1" 200 2303
0:0:0:0:0:0:0:1 - - [01/Jan/2025:20:31:27 +0900] "GET /lib/waypoints/waypoints.min.js HTTP/1.1" 200 9034
0:0:0:0:0:0:0:1 - - [01/Jan/2025:20:31:27 +0900] "GET /lib/owlcarousel/owl.carousel.min.js HTTP/1.1" 200 42772
0:0:0:0:0:0:0:1 - - [01/Jan/2025:20:31:27 +0900] "GET /js/main.js HTTP/1.1" 200 1803
0:0:0:0:0:0:0:1 - - [01/Jan/2025:20:31:43 +0900] "GET /index HTTP/1.1" 500 5039
0:0:0:0:0:0:0:1 - - [01/Jan/2025:20:31:43 +0900] "GET /favicon.ico HTTP/1.1" 404 4360
0:0:0:0:0:0:0:1 - - [01/Jan/2025:20:31:44 +0900] "GET /lib/animate/animate.min.css HTTP/1.1" 200 16964
0:0:0:0:0:0:0:1 - - [01/Jan/2025:20:31:44 +0900] "GET /lib/owlcarousel/assets/owl.carousel.min.css HTTP/1.1" 200 2941
0:0:0:0:0:0:0:1 - - [01/Jan/2025:20:31:44 +0900] "GET /css/bootstrap.min.css HTTP/1.1" 200 164340
0:0:0:0:0:0:0:1 - - [01/Jan/2025:20:31:44 +0900] "GET /lib/wow/wow.js HTTP/1.1" 200 17059
0:0:0:0:0:0:0:1 - - [01/Jan/2025:20:31:44 +0900] "GET /css/style.css HTTP/1.1" 200 8596
0:0:0:0:0:0:0:1 - - [01/Jan/2025:20:31:44 +0900] "GET /lib/easing/easing.min.js HTTP/1.1" 200 2303
0:0:0:0:0:0:0:1 - - [01/Jan/2025:20:31:44 +0900] "GET /lib/waypoints/waypoints.min.js HTTP/1.1" 200 9034
0:0:0:0:0:0:0:1 - - [01/Jan/2025:20:31:44 +0900] "GET /lib/owlcarousel/owl.carousel.min.js HTTP/1.1" 200 42772
0:0:0:0:0:0:0:1 - - [01/Jan/2025:20:31:44 +0900] "GET /js/main.js HTTP/1.1" 200 1803
0:0:0:0:0:0:0:1 - - [01/Jan/2025:20:31:44 +0900] "GET /img/carousel-1.jpg HTTP/1.1" 200 62287
0:0:0:0:0:0:0:1 - - [01/Jan/2025:20:31:45 +0900] "GET /about HTTP/1.1" 200 9006
0:0:0:0:0:0:0:1 - - [01/Jan/2025:20:31:45 +0900] "GET /lib/animate/animate.min.css HTTP/1.1" 200 16964
0:0:0:0:0:0:0:1 - - [01/Jan/2025:20:31:45 +0900] "GET /css/style.css HTTP/1.1" 200 8596
0:0:0:0:0:0:0:1 - - [01/Jan/2025:20:31:45 +0900] "GET /lib/owlcarousel/assets/owl.carousel.min.css HTTP/1.1" 200 2941
0:0:0:0:0:0:0:1 - - [01/Jan/2025:20:31:45 +0900] "GET /lib/wow/wow.js HTTP/1.1" 200 17059
0:0:0:0:0:0:0:1 - - [01/Jan/2025:20:31:45 +0900] "GET /css/bootstrap.min.css HTTP/1.1" 200 164340
0:0:0:0:0:0:0:1 - - [01/Jan/2025:20:31:45 +0900] "GET /lib/easing/easing.min.js HTTP/1.1" 200 2303
0:0:0:0:0:0:0:1 - - [01/Jan/2025:20:31:45 +0900] "GET /lib/owlcarousel/owl.carousel.min.js HTTP/1.1" 200 42772
0:0:0:0:0:0:0:1 - - [01/Jan/2025:20:31:45 +0900] "GET /js/main.js HTTP/1.1" 200 1803
0:0:0:0:0:0:0:1 - - [01/Jan/2025:20:31:45 +0900] "GET /lib/waypoints/waypoints.min.js HTTP/1.1" 200 9034
0:0:0:0:0:0:0:1 - - [01/Jan/2025:20:31:45 +0900] "GET /img/carousel-1.jpg HTTP/1.1" 200 62287
0:0:0:0:0:0:0:1 - - [01/Jan/2025:20:31:47 +0900] "GET /index HTTP/1.1" 200 9691
0:0:0:0:0:0:0:1 - - [01/Jan/2025:20:31:47 +0900] "GET /css/style.css HTTP/1.1" 200 8596
0:0:0:0:0:0:0:1 - - [01/Jan/2025:20:31:47 +0900] "GET /lib/owlcarousel/assets/owl.carousel.min.css HTTP/1.1" 200 2941
127.0.0.1 - - [01/Jan/2025:20:31:47 +0900] "GET /lib/easing/easing.min.js HTTP/1.1" 200 2303
127.0.0.1 - - [01/Jan/2025:20:31:47 +0900] "GET /lib/wow/wow.js HTTP/1.1" 200 17059
0:0:0:0:0:0:0:1 - - [01/Jan/2025:20:31:47 +0900] "GET /lib/animate/animate.min.css HTTP/1.1" 200 16964
0:0:0:0:0:0:0:1 - - [01/Jan/2025:20:31:47 +0900] "GET /css/bootstrap.min.css HTTP/1.1" 200 164340
0:0:0:0:0:0:0:1 - - [01/Jan/2025:20:31:47 +0900] "GET /lib/owlcarousel/owl.carousel.min.js HTTP/1.1" 200 42772
127.0.0.1 - - [01/Jan/2025:20:31:47 +0900] "GET /js/main.js HTTP/1.1" 200 1803
0:0:0:0:0:0:0:1 - - [01/Jan/2025:20:31:47 +0900] "GET /lib/waypoints/waypoints.min.js HTTP/1.1" 200 9034
0:0:0:0:0:0:0:1 - - [01/Jan/2025:20:31:57 +0900] "GET /index HTTP/1.1" 200 9691
0:0:0:0:0:0:0:1 - - [01/Jan/2025:20:31:57 +0900] "GET /lib/owlcarousel/assets/owl.carousel.min.css HTTP/1.1" 200 2941
0:0:0:0:0:0:0:1 - - [01/Jan/2025:20:31:57 +0900] "GET /lib/animate/animate.min.css HTTP/1.1" 200 16964
0:0:0:0:0:0:0:1 - - [01/Jan/2025:20:31:57 +0900] "GET /css/style.css HTTP/1.1" 200 8596
127.0.0.1 - - [01/Jan/2025:20:31:57 +0900] "GET /css/bootstrap.min.css HTTP/1.1" 200 164340
127.0.0.1 - - [01/Jan/2025:20:31:57 +0900] "GET /lib/wow/wow.js HTTP/1.1" 200 17059
0:0:0:0:0:0:0:1 - - [01/Jan/2025:20:31:57 +0900] "GET /lib/easing/easing.min.js HTTP/1.1" 200 2303
0:0:0:0:0:0:0:1 - - [01/Jan/2025:20:31:57 +0900] "GET /lib/waypoints/waypoints.min.js HTTP/1.1" 200 9034
0:0:0:0:0:0:0:1 - - [01/Jan/2025:20:31:57 +0900] "GET /js/main.js HTTP/1.1" 200 1803
0:0:0:0:0:0:0:1 - - [01/Jan/2025:20:31:57 +0900] "GET /lib/owlcarousel/owl.carousel.min.js HTTP/1.1" 200 42772
0:0:0:0:0:0:0:1 - - [01/Jan/2025:20:32:00 +0900] "GET /index HTTP/1.1" 200 9691
0:0:0:0:0:0:0:1 - - [01/Jan/2025:20:32:00 +0900] "GET /lib/animate/animate.min.css HTTP/1.1" 200 16964
127.0.0.1 - - [01/Jan/2025:20:32:00 +0900] "GET /css/style.css HTTP/1.1" 200 8596
127.0.0.1 - - [01/Jan/2025:20:32:00 +0900] "GET /lib/wow/wow.js HTTP/1.1" 200 17059
0:0:0:0:0:0:0:1 - - [01/Jan/2025:20:32:00 +0900] "GET /lib/easing/easing.min.js HTTP/1.1" 200 2303
0:0:0:0:0:0:0:1 - - [01/Jan/2025:20:32:00 +0900] "GET /lib/owlcarousel/assets/owl.carousel.min.css HTTP/1.1" 200 2941
0:0:0:0:0:0:0:1 - - [01/Jan/2025:20:32:00 +0900] "GET /css/bootstrap.min.css HTTP/1.1" 200 164340
0:0:0:0:0:0:0:1 - - [01/Jan/2025:20:32:00 +0900] "GET /lib/waypoints/waypoints.min.js HTTP/1.1" 200 9034
0:0:0:0:0:0:0:1 - - [01/Jan/2025:20:32:00 +0900] "GET /js/main.js HTTP/1.1" 200 1803
0:0:0:0:0:0:0:1 - - [01/Jan/2025:20:32:00 +0900] "GET /lib/owlcarousel/owl.carousel.min.js HTTP/1.1" 200 42772
0:0:0:0:0:0:0:1 - - [01/Jan/2025:20:32:21 +0900] "GET /about HTTP/1.1" 200 9006
0:0:0:0:0:0:0:1 - - [01/Jan/2025:20:32:21 +0900] "GET /lib/animate/animate.min.css HTTP/1.1" 200 16964
0:0:0:0:0:0:0:1 - - [01/Jan/2025:20:32:21 +0900] "GET /lib/owlcarousel/assets/owl.carousel.min.css HTTP/1.1" 200 2941
0:0:0:0:0:0:0:1 - - [01/Jan/2025:20:32:21 +0900] "GET /css/style.css HTTP/1.1" 200 8596
127.0.0.1 - - [01/Jan/2025:20:32:21 +0900] "GET /lib/easing/easing.min.js HTTP/1.1" 200 2303
127.0.0.1 - - [01/Jan/2025:20:32:21 +0900] "GET /lib/waypoints/waypoints.min.js HTTP/1.1" 200 9034
0:0:0:0:0:0:0:1 - - [01/Jan/2025:20:32:21 +0900] "GET /lib/wow/wow.js HTTP/1.1" 200 17059
0:0:0:0:0:0:0:1 - - [01/Jan/2025:20:32:21 +0900] "GET /css/bootstrap.min.css HTTP/1.1" 200 164340
127.0.0.1 - - [01/Jan/2025:20:32:21 +0900] "GET /js/main.js HTTP/1.1" 200 1803
0:0:0:0:0:0:0:1 - - [01/Jan/2025:20:32:21 +0900] "GET /lib/owlcarousel/owl.carousel.min.js HTTP/1.1" 200 42772
0:0:0:0:0:0:0:1 - - [01/Jan/2025:20:32:21 +0900] "GET /img/carousel-1.jpg HTTP/1.1" 200 62287
0:0:0:0:0:0:0:1 - - [01/Jan/2025:20:32:23 +0900] "GET /java HTTP/1.1" 200 3782
0:0:0:0:0:0:0:1 - - [01/Jan/2025:20:32:23 +0900] "GET /lib/animate/animate.min.css HTTP/1.1" 200 16964
127.0.0.1 - - [01/Jan/2025:20:32:23 +0900] "GET /lib/owlcarousel/assets/owl.carousel.min.css HTTP/1.1" 200 2941
0:0:0:0:0:0:0:1 - - [01/Jan/2025:20:32:23 +0900] "GET /lib/easing/easing.min.js HTTP/1.1" 200 2303
0:0:0:0:0:0:0:1 - - [01/Jan/2025:20:32:23 +0900] "GET /css/bootstrap.min.css HTTP/1.1" 200 164340
0:0:0:0:0:0:0:1 - - [01/Jan/2025:20:32:23 +0900] "GET /css/style.css HTTP/1.1" 200 8596
127.0.0.1 - - [01/Jan/2025:20:32:23 +0900] "GET /lib/wow/wow.js HTTP/1.1" 200 17059
0:0:0:0:0:0:0:1 - - [01/Jan/2025:20:32:23 +0900] "GET /lib/waypoints/waypoints.min.js HTTP/1.1" 200 9034
0:0:0:0:0:0:0:1 - - [01/Jan/2025:20:32:23 +0900] "GET /js/main.js HTTP/1.1" 200 1803
127.0.0.1 - - [01/Jan/2025:20:32:23 +0900] "GET /lib/owlcarousel/owl.carousel.min.js HTTP/1.1" 200 42772
127.0.0.1 - - [01/Jan/2025:20:32:32 +0900] "GET /about HTTP/1.1" 200 9006
127.0.0.1 - - [01/Jan/2025:20:32:32 +0900] "GET /lib/animate/animate.min.css HTTP/1.1" 200 16964
127.0.0.1 - - [01/Jan/2025:20:32:32 +0900] "GET /lib/owlcarousel/assets/owl.carousel.min.css HTTP/1.1" 200 2941
0:0:0:0:0:0:0:1 - - [01/Jan/2025:20:32:32 +0900] "GET /css/style.css HTTP/1.1" 200 8596
127.0.0.1 - - [01/Jan/2025:20:32:32 +0900] "GET /lib/wow/wow.js HTTP/1.1" 200 17059
0:0:0:0:0:0:0:1 - - [01/Jan/2025:20:32:32 +0900] "GET /css/bootstrap.min.css HTTP/1.1" 200 164340
0:0:0:0:0:0:0:1 - - [01/Jan/2025:20:32:32 +0900] "GET /lib/waypoints/waypoints.min.js HTTP/1.1" 200 9034
0:0:0:0:0:0:0:1 - - [01/Jan/2025:20:32:32 +0900] "GET /lib/easing/easing.min.js HTTP/1.1" 200 2303
0:0:0:0:0:0:0:1 - - [01/Jan/2025:20:32:32 +0900] "GET /js/main.js HTTP/1.1" 200 1803
127.0.0.1 - - [01/Jan/2025:20:32:32 +0900] "GET /lib/owlcarousel/owl.carousel.min.js HTTP/1.1" 200 42772
127.0.0.1 - - [01/Jan/2025:20:32:32 +0900] "GET /img/carousel-1.jpg HTTP/1.1" 200 62287
127.0.0.1 - - [01/Jan/2025:20:32:33 +0900] "GET /java HTTP/1.1" 200 3782
127.0.0.1 - - [01/Jan/2025:20:32:33 +0900] "GET /lib/animate/animate.min.css HTTP/1.1" 200 16964
0:0:0:0:0:0:0:1 - - [01/Jan/2025:20:32:33 +0900] "GET /lib/owlcarousel/assets/owl.carousel.min.css HTTP/1.1" 200 2941
127.0.0.1 - - [01/Jan/2025:20:32:33 +0900] "GET /lib/wow/wow.js HTTP/1.1" 200 17059
0:0:0:0:0:0:0:1 - - [01/Jan/2025:20:32:33 +0900] "GET /lib/easing/easing.min.js HTTP/1.1" 200 2303
0:0:0:0:0:0:0:1 - - [01/Jan/2025:20:32:33 +0900] "GET /css/style.css HTTP/1.1" 200 8596
127.0.0.1 - - [01/Jan/2025:20:32:33 +0900] "GET /lib/waypoints/waypoints.min.js HTTP/1.1" 200 9034
0:0:0:0:0:0:0:1 - - [01/Jan/2025:20:32:33 +0900] "GET /css/bootstrap.min.css HTTP/1.1" 200 164340
0:0:0:0:0:0:0:1 - - [01/Jan/2025:20:32:33 +0900] "GET /lib/owlcarousel/owl.carousel.min.js HTTP/1.1" 200 42772
0:0:0:0:0:0:0:1 - - [01/Jan/2025:20:32:33 +0900] "GET /js/main.js HTTP/1.1" 200 1803
0:0:0:0:0:0:0:1 - - [01/Jan/2025:20:32:35 +0900] "GET /java HTTP/1.1" 200 3782
0:0:0:0:0:0:0:1 - - [01/Jan/2025:20:32:35 +0900] "GET /lib/animate/animate.min.css HTTP/1.1" 200 16964
127.0.0.1 - - [01/Jan/2025:20:32:35 +0900] "GET /lib/easing/easing.min.js HTTP/1.1" 200 2303
0:0:0:0:0:0:0:1 - - [01/Jan/2025:20:32:35 +0900] "GET /lib/owlcarousel/assets/owl.carousel.min.css HTTP/1.1" 200 2941
127.0.0.1 - - [01/Jan/2025:20:32:35 +0900] "GET /css/style.css HTTP/1.1" 200 8596
0:0:0:0:0:0:0:1 - - [01/Jan/2025:20:32:35 +0900] "GET /lib/waypoints/waypoints.min.js HTTP/1.1" 200 9034
0:0:0:0:0:0:0:1 - - [01/Jan/2025:20:32:35 +0900] "GET /css/bootstrap.min.css HTTP/1.1" 200 164340
0:0:0:0:0:0:0:1 - - [01/Jan/2025:20:32:35 +0900] "GET /lib/wow/wow.js HTTP/1.1" 200 17059
127.0.0.1 - - [01/Jan/2025:20:32:35 +0900] "GET /lib/owlcarousel/owl.carousel.min.js HTTP/1.1" 200 42772
0:0:0:0:0:0:0:1 - - [01/Jan/2025:20:32:35 +0900] "GET /js/main.js HTTP/1.1" 200 1803
0:0:0:0:0:0:0:1 - - [01/Jan/2025:20:32:35 +0900] "GET /index HTTP/1.1" 200 9691
0:0:0:0:0:0:0:1 - - [01/Jan/2025:20:32:35 +0900] "GET /lib/animate/animate.min.css HTTP/1.1" 200 16964
127.0.0.1 - - [01/Jan/2025:20:32:35 +0900] "GET /lib/owlcarousel/assets/owl.carousel.min.css HTTP/1.1" 200 2941
0:0:0:0:0:0:0:1 - - [01/Jan/2025:20:32:35 +0900] "GET /css/style.css HTTP/1.1" 200 8596
127.0.0.1 - - [01/Jan/2025:20:32:35 +0900] "GET /lib/easing/easing.min.js HTTP/1.1" 200 2303
0:0:0:0:0:0:0:1 - - [01/Jan/2025:20:32:35 +0900] "GET /lib/wow/wow.js HTTP/1.1" 200 17059
0:0:0:0:0:0:0:1 - - [01/Jan/2025:20:32:35 +0900] "GET /css/bootstrap.min.css HTTP/1.1" 200 164340
127.0.0.1 - - [01/Jan/2025:20:32:35 +0900] "GET /lib/owlcarousel/owl.carousel.min.js HTTP/1.1" 200 42772
0:0:0:0:0:0:0:1 - - [01/Jan/2025:20:32:35 +0900] "GET /lib/waypoints/waypoints.min.js HTTP/1.1" 200 9034
127.0.0.1 - - [01/Jan/2025:20:32:35 +0900] "GET /js/main.js HTTP/1.1" 200 1803
127.0.0.1 - - [01/Jan/2025:20:32:36 +0900] "GET /about HTTP/1.1" 200 9006
127.0.0.1 - - [01/Jan/2025:20:32:36 +0900] "GET /lib/animate/animate.min.css HTTP/1.1" 200 16964
127.0.0.1 - - [01/Jan/2025:20:32:36 +0900] "GET /lib/owlcarousel/assets/owl.carousel.min.css HTTP/1.1" 200 2941
0:0:0:0:0:0:0:1 - - [01/Jan/2025:20:32:36 +0900] "GET /lib/easing/easing.min.js HTTP/1.1" 200 2303
0:0:0:0:0:0:0:1 - - [01/Jan/2025:20:32:36 +0900] "GET /lib/waypoints/waypoints.min.js HTTP/1.1" 200 9034
127.0.0.1 - - [01/Jan/2025:20:32:36 +0900] "GET /lib/wow/wow.js HTTP/1.1" 200 17059
0:0:0:0:0:0:0:1 - - [01/Jan/2025:20:32:36 +0900] "GET /css/style.css HTTP/1.1" 200 8596
0:0:0:0:0:0:0:1 - - [01/Jan/2025:20:32:36 +0900] "GET /css/bootstrap.min.css HTTP/1.1" 200 164340
0:0:0:0:0:0:0:1 - - [01/Jan/2025:20:32:36 +0900] "GET /js/main.js HTTP/1.1" 200 1803
127.0.0.1 - - [01/Jan/2025:20:32:36 +0900] "GET /lib/owlcarousel/owl.carousel.min.js HTTP/1.1" 200 42772
127.0.0.1 - - [01/Jan/2025:20:32:36 +0900] "GET /img/carousel-1.jpg HTTP/1.1" 200 62287
0:0:0:0:0:0:0:1 - - [01/Jan/2025:20:32:38 +0900] "GET /lib/owlcarousel/assets/owl.carousel.min.css HTTP/1.1" 200 2941
0:0:0:0:0:0:0:1 - - [01/Jan/2025:20:32:38 +0900] "GET /css/style.css HTTP/1.1" 200 8596
127.0.0.1 - - [01/Jan/2025:20:32:38 +0900] "GET /lib/animate/animate.min.css HTTP/1.1" 200 16964
0:0:0:0:0:0:0:1 - - [01/Jan/2025:20:32:38 +0900] "GET /css/bootstrap.min.css HTTP/1.1" 200 164340
0:0:0:0:0:0:0:1 - - [01/Jan/2025:20:36:16 +0900] "GET /index HTTP/1.1" 200 9691
0:0:0:0:0:0:0:1 - - [01/Jan/2025:20:36:16 +0900] "GET /lib/animate/animate.min.css HTTP/1.1" 200 16964
0:0:0:0:0:0:0:1 - - [01/Jan/2025:20:36:16 +0900] "GET /lib/owlcarousel/assets/owl.carousel.min.css HTTP/1.1" 200 2941
0:0:0:0:0:0:0:1 - - [01/Jan/2025:20:36:16 +0900] "GET /css/bootstrap.min.css HTTP/1.1" 200 164340
0:0:0:0:0:0:0:1 - - [01/Jan/2025:20:36:16 +0900] "GET /js/main.js HTTP/1.1" 200 1803
0:0:0:0:0:0:0:1 - - [01/Jan/2025:20:36:16 +0900] "GET /lib/easing/easing.min.js HTTP/1.1" 200 2303
0:0:0:0:0:0:0:1 - - [01/Jan/2025:20:36:16 +0900] "GET /css/style.css HTTP/1.1" 200 8596
0:0:0:0:0:0:0:1 - - [01/Jan/2025:20:36:16 +0900] "GET /lib/wow/wow.js HTTP/1.1" 200 17059
0:0:0:0:0:0:0:1 - - [01/Jan/2025:20:36:16 +0900] "GET /lib/waypoints/waypoints.min.js HTTP/1.1" 200 9034
0:0:0:0:0:0:0:1 - - [01/Jan/2025:20:36:16 +0900] "GET /lib/owlcarousel/owl.carousel.min.js HTTP/1.1" 200 42772
0:0:0:0:0:0:0:1 - - [01/Jan/2025:21:08:21 +0900] "GET /index HTTP/1.1" 200 9691
0:0:0:0:0:0:0:1 - - [01/Jan/2025:21:08:21 +0900] "GET /lib/easing/easing.min.js HTTP/1.1" 200 2303
0:0:0:0:0:0:0:1 - - [01/Jan/2025:21:08:21 +0900] "GET /lib/animate/animate.min.css HTTP/1.1" 200 16964
0:0:0:0:0:0:0:1 - - [01/Jan/2025:21:08:21 +0900] "GET /lib/waypoints/waypoints.min.js HTTP/1.1" 200 9034
0:0:0:0:0:0:0:1 - - [01/Jan/2025:21:08:21 +0900] "GET /lib/owlcarousel/assets/owl.carousel.min.css HTTP/1.1" 200 2941
0:0:0:0:0:0:0:1 - - [01/Jan/2025:21:08:21 +0900] "GET /lib/owlcarousel/owl.carousel.min.js HTTP/1.1" 200 42772
0:0:0:0:0:0:0:1 - - [01/Jan/2025:21:08:21 +0900] "GET /js/main.js HTTP/1.1" 200 1803
0:0:0:0:0:0:0:1 - - [01/Jan/2025:21:08:21 +0900] "GET /lib/wow/wow.js HTTP/1.1" 200 17059
0:0:0:0:0:0:0:1 - - [01/Jan/2025:21:08:21 +0900] "GET /css/style.css HTTP/1.1" 200 8596
0:0:0:0:0:0:0:1 - - [01/Jan/2025:21:08:21 +0900] "GET /css/bootstrap.min.css HTTP/1.1" 200 164340
0:0:0:0:0:0:0:1 - - [01/Jan/2025:21:08:23 +0900] "GET /about HTTP/1.1" 200 9006
0:0:0:0:0:0:0:1 - - [01/Jan/2025:21:08:23 +0900] "GET /lib/animate/animate.min.css HTTP/1.1" 200 16964
0:0:0:0:0:0:0:1 - - [01/Jan/2025:21:08:23 +0900] "GET /lib/owlcarousel/assets/owl.carousel.min.css HTTP/1.1" 200 2941
0:0:0:0:0:0:0:1 - - [01/Jan/2025:21:08:23 +0900] "GET /lib/waypoints/waypoints.min.js HTTP/1.1" 200 9034
0:0:0:0:0:0:0:1 - - [01/Jan/2025:21:08:23 +0900] "GET /lib/wow/wow.js HTTP/1.1" 200 17059
0:0:0:0:0:0:0:1 - - [01/Jan/2025:21:08:23 +0900] "GET /css/bootstrap.min.css HTTP/1.1" 200 164340
0:0:0:0:0:0:0:1 - - [01/Jan/2025:21:08:23 +0900] "GET /css/style.css HTTP/1.1" 200 8596
0:0:0:0:0:0:0:1 - - [01/Jan/2025:21:08:23 +0900] "GET /lib/easing/easing.min.js HTTP/1.1" 200 2303
0:0:0:0:0:0:0:1 - - [01/Jan/2025:21:08:23 +0900] "GET /js/main.js HTTP/1.1" 200 1803
0:0:0:0:0:0:0:1 - - [01/Jan/2025:21:08:23 +0900] "GET /lib/owlcarousel/owl.carousel.min.js HTTP/1.1" 200 42772
0:0:0:0:0:0:0:1 - - [01/Jan/2025:21:08:23 +0900] "GET /img/carousel-1.jpg HTTP/1.1" 200 62287
0:0:0:0:0:0:0:1 - - [01/Jan/2025:21:08:24 +0900] "GET /springboot HTTP/1.1" 200 3782
0:0:0:0:0:0:0:1 - - [01/Jan/2025:21:08:24 +0900] "GET /lib/animate/animate.min.css HTTP/1.1" 200 16964
0:0:0:0:0:0:0:1 - - [01/Jan/2025:21:08:24 +0900] "GET /lib/owlcarousel/assets/owl.carousel.min.css HTTP/1.1" 200 2941
0:0:0:0:0:0:0:1 - - [01/Jan/2025:21:08:24 +0900] "GET /css/bootstrap.min.css HTTP/1.1" 200 164340
0:0:0:0:0:0:0:1 - - [01/Jan/2025:21:08:24 +0900] "GET /lib/wow/wow.js HTTP/1.1" 200 17059
0:0:0:0:0:0:0:1 - - [01/Jan/2025:21:08:24 +0900] "GET /css/style.css HTTP/1.1" 200 8596
0:0:0:0:0:0:0:1 - - [01/Jan/2025:21:08:24 +0900] "GET /lib/easing/easing.min.js HTTP/1.1" 200 2303
0:0:0:0:0:0:0:1 - - [01/Jan/2025:21:08:24 +0900] "GET /lib/waypoints/waypoints.min.js HTTP/1.1" 200 9034
0:0:0:0:0:0:0:1 - - [01/Jan/2025:21:08:24 +0900] "GET /lib/owlcarousel/owl.carousel.min.js HTTP/1.1" 200 42772
0:0:0:0:0:0:0:1 - - [01/Jan/2025:21:08:24 +0900] "GET /js/main.js HTTP/1.1" 200 1803
0:0:0:0:0:0:0:1 - - [01/Jan/2025:21:08:24 +0900] "GET /index HTTP/1.1" 200 9691
0:0:0:0:0:0:0:1 - - [01/Jan/2025:21:08:24 +0900] "GET /lib/animate/animate.min.css HTTP/1.1" 200 16964
0:0:0:0:0:0:0:1 - - [01/Jan/2025:21:08:24 +0900] "GET /lib/owlcarousel/assets/owl.carousel.min.css HTTP/1.1" 200 2941
0:0:0:0:0:0:0:1 - - [01/Jan/2025:21:08:24 +0900] "GET /css/bootstrap.min.css HTTP/1.1" 200 164340
0:0:0:0:0:0:0:1 - - [01/Jan/2025:21:08:24 +0900] "GET /css/style.css HTTP/1.1" 200 8596
0:0:0:0:0:0:0:1 - - [01/Jan/2025:21:08:24 +0900] "GET /lib/wow/wow.js HTTP/1.1" 200 17059
0:0:0:0:0:0:0:1 - - [01/Jan/2025:21:08:24 +0900] "GET /lib/easing/easing.min.js HTTP/1.1" 200 2303
0:0:0:0:0:0:0:1 - - [01/Jan/2025:21:08:24 +0900] "GET /lib/waypoints/waypoints.min.js HTTP/1.1" 200 9034
0:0:0:0:0:0:0:1 - - [01/Jan/2025:21:08:24 +0900] "GET /lib/owlcarousel/owl.carousel.min.js HTTP/1.1" 200 42772
0:0:0:0:0:0:0:1 - - [01/Jan/2025:21:08:24 +0900] "GET /js/main.js HTTP/1.1" 200 1803
