0:0:0:0:0:0:0:1 - - [23/Mar/2025:02:15:45 +0900] "GET /zerotodeploy/ HTTP/1.1" 200 7872
0:0:0:0:0:0:0:1 - - [23/Mar/2025:02:15:45 +0900] "GET /zerotodeploy/lib/wow/wow.js HTTP/1.1" 200 17059
0:0:0:0:0:0:0:1 - - [23/Mar/2025:02:15:45 +0900] "GET /zerotodeploy/lib/animate/animate.min.css HTTP/1.1" 200 16964
0:0:0:0:0:0:0:1 - - [23/Mar/2025:02:15:45 +0900] "GET /zerotodeploy/lib/easing/easing.min.js HTTP/1.1" 200 2303
0:0:0:0:0:0:0:1 - - [23/Mar/2025:02:15:45 +0900] "GET /zerotodeploy/lib/owlcarousel/assets/owl.carousel.min.css HTTP/1.1" 200 2941
0:0:0:0:0:0:0:1 - - [23/Mar/2025:02:15:45 +0900] "GET /zerotodeploy/css/style.css HTTP/1.1" 200 8596
0:0:0:0:0:0:0:1 - - [23/Mar/2025:02:15:45 +0900] "GET /zerotodeploy/css/bootstrap.min.css HTTP/1.1" 200 164340
0:0:0:0:0:0:0:1 - - [23/Mar/2025:02:15:45 +0900] "GET /zerotodeploy/js/main.js HTTP/1.1" 200 1803
0:0:0:0:0:0:0:1 - - [23/Mar/2025:02:15:45 +0900] "GET /zerotodeploy/lib/waypoints/waypoints.min.js HTTP/1.1" 200 9034
0:0:0:0:0:0:0:1 - - [23/Mar/2025:02:15:45 +0900] "GET /zerotodeploy/lib/owlcarousel/owl.carousel.min.js HTTP/1.1" 200 42772
0:0:0:0:0:0:0:1 - - [23/Mar/2025:02:15:45 +0900] "GET /zerotodeploy/img/favicon.ico HTTP/1.1" 404 9872
0:0:0:0:0:0:0:1 - - [23/Mar/2025:02:16:09 +0900] "GET /zerotodeploy/login HTTP/1.1" 200 7124
0:0:0:0:0:0:0:1 - - [23/Mar/2025:02:16:09 +0900] "GET /zerotodeploy/lib/owlcarousel/assets/owl.carousel.min.css HTTP/1.1" 200 2941
0:0:0:0:0:0:0:1 - - [23/Mar/2025:02:16:09 +0900] "GET /zerotodeploy/lib/animate/animate.min.css HTTP/1.1" 200 16964
0:0:0:0:0:0:0:1 - - [23/Mar/2025:02:16:09 +0900] "GET /zerotodeploy/lib/easing/easing.min.js HTTP/1.1" 200 2303
0:0:0:0:0:0:0:1 - - [23/Mar/2025:02:16:09 +0900] "GET /zerotodeploy/css/style.css HTTP/1.1" 200 8596
0:0:0:0:0:0:0:1 - - [23/Mar/2025:02:16:09 +0900] "GET /zerotodeploy/lib/wow/wow.js HTTP/1.1" 200 17059
0:0:0:0:0:0:0:1 - - [23/Mar/2025:02:16:09 +0900] "GET /zerotodeploy/css/bootstrap.min.css HTTP/1.1" 200 164340
0:0:0:0:0:0:0:1 - - [23/Mar/2025:02:16:09 +0900] "GET /zerotodeploy/lib/waypoints/waypoints.min.js HTTP/1.1" 200 9034
0:0:0:0:0:0:0:1 - - [23/Mar/2025:02:16:09 +0900] "GET /zerotodeploy/js/main.js HTTP/1.1" 200 1803
0:0:0:0:0:0:0:1 - - [23/Mar/2025:02:16:09 +0900] "GET /zerotodeploy/lib/owlcarousel/owl.carousel.min.js HTTP/1.1" 200 42772
0:0:0:0:0:0:0:1 - - [23/Mar/2025:02:16:11 +0900] "GET /zerotodeploy/signUp HTTP/1.1" 500 13831
0:0:0:0:0:0:0:1 - - [23/Mar/2025:02:16:11 +0900] "GET /favicon.ico HTTP/1.1" 404 683
0:0:0:0:0:0:0:1 - - [23/Mar/2025:02:17:06 +0900] "GET /zerotodeploy/signUp HTTP/1.1" 500 13831
0:0:0:0:0:0:0:1 - - [23/Mar/2025:02:17:07 +0900] "GET /zerotodeploy/signUp HTTP/1.1" 500 10400
0:0:0:0:0:0:0:1 - - [23/Mar/2025:02:17:08 +0900] "GET /zerotodeploy/signUp HTTP/1.1" 500 13326
0:0:0:0:0:0:0:1 - - [23/Mar/2025:02:17:08 +0900] "GET /zerotodeploy/signUp HTTP/1.1" 500 13326
0:0:0:0:0:0:0:1 - - [23/Mar/2025:02:17:08 +0900] "GET /zerotodeploy/signUp HTTP/1.1" 500 13326
0:0:0:0:0:0:0:1 - - [23/Mar/2025:02:17:08 +0900] "GET /zerotodeploy/signUp HTTP/1.1" 500 13326
127.0.0.1 - - [23/Mar/2025:02:17:09 +0900] "GET /zerotodeploy/signUp HTTP/1.1" 500 13326
127.0.0.1 - - [23/Mar/2025:02:17:10 +0900] "GET /zerotodeploy/signUp HTTP/1.1" 500 13326
0:0:0:0:0:0:0:1 - - [23/Mar/2025:02:17:11 +0900] "GET /zerotodeploy/signUp HTTP/1.1" 500 13326
0:0:0:0:0:0:0:1 - - [23/Mar/2025:02:17:11 +0900] "GET /zerotodeploy/signUp HTTP/1.1" 500 13326
0:0:0:0:0:0:0:1 - - [23/Mar/2025:02:17:11 +0900] "GET /zerotodeploy/signUp HTTP/1.1" 500 13326
0:0:0:0:0:0:0:1 - - [23/Mar/2025:02:17:12 +0900] "GET /zerotodeploy/signUp HTTP/1.1" 500 13326
0:0:0:0:0:0:0:1 - - [23/Mar/2025:02:17:12 +0900] "GET /zerotodeploy/signUp HTTP/1.1" 500 13326
0:0:0:0:0:0:0:1 - - [23/Mar/2025:02:17:12 +0900] "GET /zerotodeploy/signUp HTTP/1.1" 500 13326
0:0:0:0:0:0:0:1 - - [23/Mar/2025:02:17:12 +0900] "GET /zerotodeploy/signUp HTTP/1.1" 500 13326
0:0:0:0:0:0:0:1 - - [23/Mar/2025:02:17:12 +0900] "GET /zerotodeploy/signUp HTTP/1.1" 500 13326
0:0:0:0:0:0:0:1 - - [23/Mar/2025:02:17:12 +0900] "GET /zerotodeploy/signUp HTTP/1.1" 500 13326
0:0:0:0:0:0:0:1 - - [23/Mar/2025:02:17:17 +0900] "GET /zerotodeploy/signUp HTTP/1.1" 500 13326
0:0:0:0:0:0:0:1 - - [23/Mar/2025:02:17:54 +0900] "GET /zerotodeploy/ HTTP/1.1" 200 7872
0:0:0:0:0:0:0:1 - - [23/Mar/2025:02:17:54 +0900] "GET /zerotodeploy/lib/animate/animate.min.css HTTP/1.1" 200 16964
0:0:0:0:0:0:0:1 - - [23/Mar/2025:02:17:54 +0900] "GET /zerotodeploy/lib/owlcarousel/assets/owl.carousel.min.css HTTP/1.1" 200 2941
0:0:0:0:0:0:0:1 - - [23/Mar/2025:02:17:54 +0900] "GET /zerotodeploy/css/style.css HTTP/1.1" 200 8596
0:0:0:0:0:0:0:1 - - [23/Mar/2025:02:17:54 +0900] "GET /zerotodeploy/lib/easing/easing.min.js HTTP/1.1" 200 2303
0:0:0:0:0:0:0:1 - - [23/Mar/2025:02:17:54 +0900] "GET /zerotodeploy/lib/wow/wow.js HTTP/1.1" 200 17059
0:0:0:0:0:0:0:1 - - [23/Mar/2025:02:17:54 +0900] "GET /zerotodeploy/lib/waypoints/waypoints.min.js HTTP/1.1" 200 9034
0:0:0:0:0:0:0:1 - - [23/Mar/2025:02:17:54 +0900] "GET /zerotodeploy/lib/owlcarousel/owl.carousel.min.js HTTP/1.1" 200 42772
0:0:0:0:0:0:0:1 - - [23/Mar/2025:02:17:54 +0900] "GET /zerotodeploy/css/bootstrap.min.css HTTP/1.1" 200 164340
0:0:0:0:0:0:0:1 - - [23/Mar/2025:02:17:54 +0900] "GET /zerotodeploy/js/main.js HTTP/1.1" 200 1803
0:0:0:0:0:0:0:1 - - [23/Mar/2025:02:17:56 +0900] "GET /zerotodeploy/login HTTP/1.1" 200 7124
0:0:0:0:0:0:0:1 - - [23/Mar/2025:02:17:56 +0900] "GET /zerotodeploy/lib/animate/animate.min.css HTTP/1.1" 200 16964
0:0:0:0:0:0:0:1 - - [23/Mar/2025:02:17:56 +0900] "GET /zerotodeploy/lib/owlcarousel/assets/owl.carousel.min.css HTTP/1.1" 200 2941
0:0:0:0:0:0:0:1 - - [23/Mar/2025:02:17:56 +0900] "GET /zerotodeploy/css/style.css HTTP/1.1" 200 8596
0:0:0:0:0:0:0:1 - - [23/Mar/2025:02:17:56 +0900] "GET /zerotodeploy/lib/wow/wow.js HTTP/1.1" 200 17059
0:0:0:0:0:0:0:1 - - [23/Mar/2025:02:17:56 +0900] "GET /zerotodeploy/lib/easing/easing.min.js HTTP/1.1" 200 2303
0:0:0:0:0:0:0:1 - - [23/Mar/2025:02:17:56 +0900] "GET /zerotodeploy/css/bootstrap.min.css HTTP/1.1" 200 164340
0:0:0:0:0:0:0:1 - - [23/Mar/2025:02:17:56 +0900] "GET /zerotodeploy/lib/owlcarousel/owl.carousel.min.js HTTP/1.1" 200 42772
0:0:0:0:0:0:0:1 - - [23/Mar/2025:02:17:56 +0900] "GET /zerotodeploy/lib/waypoints/waypoints.min.js HTTP/1.1" 200 9034
0:0:0:0:0:0:0:1 - - [23/Mar/2025:02:17:56 +0900] "GET /zerotodeploy/js/main.js HTTP/1.1" 200 1803
0:0:0:0:0:0:0:1 - - [23/Mar/2025:02:17:58 +0900] "GET /zerotodeploy/signUp HTTP/1.1" 500 13326
0:0:0:0:0:0:0:1 - - [23/Mar/2025:02:18:03 +0900] "GET /zerotodeploy/signUp HTTP/1.1" 500 13326
0:0:0:0:0:0:0:1 - - [23/Mar/2025:02:18:28 +0900] "GET /zerotodeploy/signUp HTTP/1.1" 500 13326
0:0:0:0:0:0:0:1 - - [23/Mar/2025:02:30:20 +0900] "GET /zerotodeploy/signUp HTTP/1.1" 500 13831
0:0:0:0:0:0:0:1 - - [23/Mar/2025:02:30:23 +0900] "GET /zerotodeploy/ HTTP/1.1" 200 7872
0:0:0:0:0:0:0:1 - - [23/Mar/2025:02:30:23 +0900] "GET /zerotodeploy/lib/animate/animate.min.css HTTP/1.1" 200 16964
0:0:0:0:0:0:0:1 - - [23/Mar/2025:02:30:23 +0900] "GET /zerotodeploy/lib/owlcarousel/assets/owl.carousel.min.css HTTP/1.1" 200 2941
0:0:0:0:0:0:0:1 - - [23/Mar/2025:02:30:23 +0900] "GET /zerotodeploy/css/bootstrap.min.css HTTP/1.1" 200 164340
0:0:0:0:0:0:0:1 - - [23/Mar/2025:02:30:23 +0900] "GET /zerotodeploy/css/style.css HTTP/1.1" 200 8596
0:0:0:0:0:0:0:1 - - [23/Mar/2025:02:30:23 +0900] "GET /zerotodeploy/lib/wow/wow.js HTTP/1.1" 200 17059
0:0:0:0:0:0:0:1 - - [23/Mar/2025:02:30:23 +0900] "GET /zerotodeploy/lib/easing/easing.min.js HTTP/1.1" 200 2303
0:0:0:0:0:0:0:1 - - [23/Mar/2025:02:30:23 +0900] "GET /zerotodeploy/js/main.js HTTP/1.1" 200 1803
0:0:0:0:0:0:0:1 - - [23/Mar/2025:02:30:23 +0900] "GET /zerotodeploy/lib/waypoints/waypoints.min.js HTTP/1.1" 200 9034
0:0:0:0:0:0:0:1 - - [23/Mar/2025:02:30:23 +0900] "GET /zerotodeploy/lib/owlcarousel/owl.carousel.min.js HTTP/1.1" 200 42772
0:0:0:0:0:0:0:1 - - [23/Mar/2025:02:30:24 +0900] "GET /zerotodeploy/springboot HTTP/1.1" 200 5155
0:0:0:0:0:0:0:1 - - [23/Mar/2025:02:30:24 +0900] "GET /zerotodeploy/lib/animate/animate.min.css HTTP/1.1" 200 16964
0:0:0:0:0:0:0:1 - - [23/Mar/2025:02:30:24 +0900] "GET /zerotodeploy/lib/owlcarousel/assets/owl.carousel.min.css HTTP/1.1" 200 2941
0:0:0:0:0:0:0:1 - - [23/Mar/2025:02:30:24 +0900] "GET /zerotodeploy/css/bootstrap.min.css HTTP/1.1" 200 164340
0:0:0:0:0:0:0:1 - - [23/Mar/2025:02:30:24 +0900] "GET /zerotodeploy/lib/wow/wow.js HTTP/1.1" 200 17059
0:0:0:0:0:0:0:1 - - [23/Mar/2025:02:30:24 +0900] "GET /zerotodeploy/css/style.css HTTP/1.1" 200 8596
0:0:0:0:0:0:0:1 - - [23/Mar/2025:02:30:24 +0900] "GET /zerotodeploy/lib/easing/easing.min.js HTTP/1.1" 200 2303
0:0:0:0:0:0:0:1 - - [23/Mar/2025:02:30:24 +0900] "GET /zerotodeploy/lib/waypoints/waypoints.min.js HTTP/1.1" 200 9034
0:0:0:0:0:0:0:1 - - [23/Mar/2025:02:30:24 +0900] "GET /zerotodeploy/lib/owlcarousel/owl.carousel.min.js HTTP/1.1" 200 42772
0:0:0:0:0:0:0:1 - - [23/Mar/2025:02:30:24 +0900] "GET /zerotodeploy/js/main.js HTTP/1.1" 200 1803
0:0:0:0:0:0:0:1 - - [23/Mar/2025:02:30:25 +0900] "GET /zerotodeploy/history HTTP/1.1" 200 4779
0:0:0:0:0:0:0:1 - - [23/Mar/2025:02:30:25 +0900] "GET /zerotodeploy/lib/animate/animate.min.css HTTP/1.1" 200 16964
0:0:0:0:0:0:0:1 - - [23/Mar/2025:02:30:25 +0900] "GET /zerotodeploy/lib/waypoints/waypoints.min.js HTTP/1.1" 200 9034
0:0:0:0:0:0:0:1 - - [23/Mar/2025:02:30:25 +0900] "GET /zerotodeploy/lib/wow/wow.js HTTP/1.1" 200 17059
0:0:0:0:0:0:0:1 - - [23/Mar/2025:02:30:25 +0900] "GET /zerotodeploy/css/style.css HTTP/1.1" 200 8596
0:0:0:0:0:0:0:1 - - [23/Mar/2025:02:30:25 +0900] "GET /zerotodeploy/lib/easing/easing.min.js HTTP/1.1" 200 2303
0:0:0:0:0:0:0:1 - - [23/Mar/2025:02:30:25 +0900] "GET /zerotodeploy/lib/owlcarousel/assets/owl.carousel.min.css HTTP/1.1" 200 2941
0:0:0:0:0:0:0:1 - - [23/Mar/2025:02:30:25 +0900] "GET /zerotodeploy/css/bootstrap.min.css HTTP/1.1" 200 164340
0:0:0:0:0:0:0:1 - - [23/Mar/2025:02:30:25 +0900] "GET /zerotodeploy/js/main.js HTTP/1.1" 200 1803
0:0:0:0:0:0:0:1 - - [23/Mar/2025:02:30:25 +0900] "GET /zerotodeploy/lib/owlcarousel/owl.carousel.min.js HTTP/1.1" 200 42772
0:0:0:0:0:0:0:1 - - [23/Mar/2025:02:30:26 +0900] "GET /zerotodeploy/about HTTP/1.1" 200 5579
0:0:0:0:0:0:0:1 - - [23/Mar/2025:02:30:26 +0900] "GET /zerotodeploy/lib/animate/animate.min.css HTTP/1.1" 200 16964
0:0:0:0:0:0:0:1 - - [23/Mar/2025:02:30:26 +0900] "GET /zerotodeploy/lib/owlcarousel/assets/owl.carousel.min.css HTTP/1.1" 200 2941
0:0:0:0:0:0:0:1 - - [23/Mar/2025:02:30:26 +0900] "GET /zerotodeploy/css/style.css HTTP/1.1" 200 8596
0:0:0:0:0:0:0:1 - - [23/Mar/2025:02:30:26 +0900] "GET /zerotodeploy/lib/easing/easing.min.js HTTP/1.1" 200 2303
0:0:0:0:0:0:0:1 - - [23/Mar/2025:02:30:26 +0900] "GET /zerotodeploy/lib/wow/wow.js HTTP/1.1" 200 17059
0:0:0:0:0:0:0:1 - - [23/Mar/2025:02:30:26 +0900] "GET /zerotodeploy/css/bootstrap.min.css HTTP/1.1" 200 164340
0:0:0:0:0:0:0:1 - - [23/Mar/2025:02:30:26 +0900] "GET /zerotodeploy/js/main.js HTTP/1.1" 200 1803
0:0:0:0:0:0:0:1 - - [23/Mar/2025:02:30:26 +0900] "GET /zerotodeploy/lib/waypoints/waypoints.min.js HTTP/1.1" 200 9034
0:0:0:0:0:0:0:1 - - [23/Mar/2025:02:30:26 +0900] "GET /zerotodeploy/lib/owlcarousel/owl.carousel.min.js HTTP/1.1" 200 42772
0:0:0:0:0:0:0:1 - - [23/Mar/2025:02:30:26 +0900] "GET /zerotodeploy/img/carousel-1.jpg HTTP/1.1" 404 9881
0:0:0:0:0:0:0:1 - - [23/Mar/2025:02:30:27 +0900] "GET /zerotodeploy/login HTTP/1.1" 200 7124
0:0:0:0:0:0:0:1 - - [23/Mar/2025:02:30:27 +0900] "GET /zerotodeploy/lib/animate/animate.min.css HTTP/1.1" 200 16964
0:0:0:0:0:0:0:1 - - [23/Mar/2025:02:30:27 +0900] "GET /zerotodeploy/css/style.css HTTP/1.1" 200 8596
0:0:0:0:0:0:0:1 - - [23/Mar/2025:02:30:27 +0900] "GET /zerotodeploy/lib/owlcarousel/assets/owl.carousel.min.css HTTP/1.1" 200 2941
0:0:0:0:0:0:0:1 - - [23/Mar/2025:02:30:27 +0900] "GET /zerotodeploy/lib/wow/wow.js HTTP/1.1" 200 17059
0:0:0:0:0:0:0:1 - - [23/Mar/2025:02:30:27 +0900] "GET /zerotodeploy/lib/easing/easing.min.js HTTP/1.1" 200 2303
0:0:0:0:0:0:0:1 - - [23/Mar/2025:02:30:27 +0900] "GET /zerotodeploy/lib/waypoints/waypoints.min.js HTTP/1.1" 200 9034
0:0:0:0:0:0:0:1 - - [23/Mar/2025:02:30:27 +0900] "GET /zerotodeploy/css/bootstrap.min.css HTTP/1.1" 200 164340
0:0:0:0:0:0:0:1 - - [23/Mar/2025:02:30:27 +0900] "GET /zerotodeploy/js/main.js HTTP/1.1" 200 1803
0:0:0:0:0:0:0:1 - - [23/Mar/2025:02:30:27 +0900] "GET /zerotodeploy/lib/owlcarousel/owl.carousel.min.js HTTP/1.1" 200 42772
0:0:0:0:0:0:0:1 - - [23/Mar/2025:02:30:29 +0900] "GET /zerotodeploy/signUp HTTP/1.1" 500 13831
0:0:0:0:0:0:0:1 - - [23/Mar/2025:02:31:47 +0900] "GET /zerotodeploy/login HTTP/1.1" 200 7124
0:0:0:0:0:0:0:1 - - [23/Mar/2025:02:31:47 +0900] "GET /zerotodeploy/lib/wow/wow.js HTTP/1.1" 200 17059
0:0:0:0:0:0:0:1 - - [23/Mar/2025:02:31:47 +0900] "GET /zerotodeploy/css/style.css HTTP/1.1" 200 8596
0:0:0:0:0:0:0:1 - - [23/Mar/2025:02:31:47 +0900] "GET /zerotodeploy/lib/easing/easing.min.js HTTP/1.1" 200 2303
0:0:0:0:0:0:0:1 - - [23/Mar/2025:02:31:47 +0900] "GET /zerotodeploy/lib/animate/animate.min.css HTTP/1.1" 200 16964
0:0:0:0:0:0:0:1 - - [23/Mar/2025:02:31:47 +0900] "GET /zerotodeploy/lib/owlcarousel/assets/owl.carousel.min.css HTTP/1.1" 200 2941
0:0:0:0:0:0:0:1 - - [23/Mar/2025:02:31:47 +0900] "GET /zerotodeploy/css/bootstrap.min.css HTTP/1.1" 200 164340
0:0:0:0:0:0:0:1 - - [23/Mar/2025:02:31:47 +0900] "GET /zerotodeploy/lib/owlcarousel/owl.carousel.min.js HTTP/1.1" 200 42772
0:0:0:0:0:0:0:1 - - [23/Mar/2025:02:31:47 +0900] "GET /zerotodeploy/js/main.js HTTP/1.1" 200 1803
0:0:0:0:0:0:0:1 - - [23/Mar/2025:02:31:47 +0900] "GET /zerotodeploy/lib/waypoints/waypoints.min.js HTTP/1.1" 200 9034
0:0:0:0:0:0:0:1 - - [23/Mar/2025:02:31:49 +0900] "GET /zerotodeploy/signUp HTTP/1.1" 500 13831
0:0:0:0:0:0:0:1 - - [23/Mar/2025:02:34:22 +0900] "GET /zerotodeploy HTTP/1.1" 302 -
0:0:0:0:0:0:0:1 - - [23/Mar/2025:02:34:22 +0900] "GET /zerotodeploy/ HTTP/1.1" 200 7872
127.0.0.1 - - [23/Mar/2025:02:34:22 +0900] "GET /zerotodeploy/lib/owlcarousel/assets/owl.carousel.min.css HTTP/1.1" 200 2941
0:0:0:0:0:0:0:1 - - [23/Mar/2025:02:34:22 +0900] "GET /zerotodeploy/lib/animate/animate.min.css HTTP/1.1" 200 16964
0:0:0:0:0:0:0:1 - - [23/Mar/2025:02:34:22 +0900] "GET /zerotodeploy/css/style.css HTTP/1.1" 200 8596
0:0:0:0:0:0:0:1 - - [23/Mar/2025:02:34:22 +0900] "GET /zerotodeploy/css/bootstrap.min.css HTTP/1.1" 200 164340
0:0:0:0:0:0:0:1 - - [23/Mar/2025:02:34:22 +0900] "GET /zerotodeploy/lib/easing/easing.min.js HTTP/1.1" 200 2303
0:0:0:0:0:0:0:1 - - [23/Mar/2025:02:34:22 +0900] "GET /zerotodeploy/lib/wow/wow.js HTTP/1.1" 200 17059
127.0.0.1 - - [23/Mar/2025:02:34:22 +0900] "GET /zerotodeploy/lib/waypoints/waypoints.min.js HTTP/1.1" 200 9034
0:0:0:0:0:0:0:1 - - [23/Mar/2025:02:34:22 +0900] "GET /zerotodeploy/lib/owlcarousel/owl.carousel.min.js HTTP/1.1" 200 42772
0:0:0:0:0:0:0:1 - - [23/Mar/2025:02:34:22 +0900] "GET /zerotodeploy/js/main.js HTTP/1.1" 200 1803
0:0:0:0:0:0:0:1 - - [23/Mar/2025:02:34:23 +0900] "GET /zerotodeploy/login HTTP/1.1" 200 7124
0:0:0:0:0:0:0:1 - - [23/Mar/2025:02:34:23 +0900] "GET /zerotodeploy/lib/animate/animate.min.css HTTP/1.1" 200 16964
0:0:0:0:0:0:0:1 - - [23/Mar/2025:02:34:23 +0900] "GET /zerotodeploy/lib/owlcarousel/assets/owl.carousel.min.css HTTP/1.1" 200 2941
0:0:0:0:0:0:0:1 - - [23/Mar/2025:02:34:23 +0900] "GET /zerotodeploy/css/style.css HTTP/1.1" 200 8596
0:0:0:0:0:0:0:1 - - [23/Mar/2025:02:34:23 +0900] "GET /zerotodeploy/lib/wow/wow.js HTTP/1.1" 200 17059
0:0:0:0:0:0:0:1 - - [23/Mar/2025:02:34:23 +0900] "GET /zerotodeploy/lib/easing/easing.min.js HTTP/1.1" 200 2303
127.0.0.1 - - [23/Mar/2025:02:34:23 +0900] "GET /zerotodeploy/css/bootstrap.min.css HTTP/1.1" 200 164340
0:0:0:0:0:0:0:1 - - [23/Mar/2025:02:34:23 +0900] "GET /zerotodeploy/lib/waypoints/waypoints.min.js HTTP/1.1" 200 9034
0:0:0:0:0:0:0:1 - - [23/Mar/2025:02:34:23 +0900] "GET /zerotodeploy/js/main.js HTTP/1.1" 200 1803
0:0:0:0:0:0:0:1 - - [23/Mar/2025:02:34:23 +0900] "GET /zerotodeploy/lib/owlcarousel/owl.carousel.min.js HTTP/1.1" 200 42772
0:0:0:0:0:0:0:1 - - [23/Mar/2025:02:34:24 +0900] "GET /zerotodeploy/signUp HTTP/1.1" 500 13831
0:0:0:0:0:0:0:1 - - [23/Mar/2025:02:36:39 +0900] "GET /zerotodeploy/login HTTP/1.1" 200 7124
0:0:0:0:0:0:0:1 - - [23/Mar/2025:02:36:39 +0900] "GET /zerotodeploy/lib/animate/animate.min.css HTTP/1.1" 200 16964
0:0:0:0:0:0:0:1 - - [23/Mar/2025:02:36:39 +0900] "GET /zerotodeploy/lib/owlcarousel/assets/owl.carousel.min.css HTTP/1.1" 200 2941
0:0:0:0:0:0:0:1 - - [23/Mar/2025:02:36:39 +0900] "GET /zerotodeploy/lib/easing/easing.min.js HTTP/1.1" 200 2303
0:0:0:0:0:0:0:1 - - [23/Mar/2025:02:36:39 +0900] "GET /zerotodeploy/lib/wow/wow.js HTTP/1.1" 200 17059
0:0:0:0:0:0:0:1 - - [23/Mar/2025:02:36:39 +0900] "GET /zerotodeploy/css/style.css HTTP/1.1" 200 8596
0:0:0:0:0:0:0:1 - - [23/Mar/2025:02:36:39 +0900] "GET /zerotodeploy/css/bootstrap.min.css HTTP/1.1" 200 164340
0:0:0:0:0:0:0:1 - - [23/Mar/2025:02:36:39 +0900] "GET /zerotodeploy/lib/waypoints/waypoints.min.js HTTP/1.1" 200 9034
0:0:0:0:0:0:0:1 - - [23/Mar/2025:02:36:39 +0900] "GET /zerotodeploy/lib/owlcarousel/owl.carousel.min.js HTTP/1.1" 200 42772
0:0:0:0:0:0:0:1 - - [23/Mar/2025:02:36:39 +0900] "GET /zerotodeploy/js/main.js HTTP/1.1" 200 1803
0:0:0:0:0:0:0:1 - - [23/Mar/2025:02:36:41 +0900] "GET /zerotodeploy/signUp HTTP/1.1" 500 13831
0:0:0:0:0:0:0:1 - - [23/Mar/2025:02:38:37 +0900] "GET /zerotodeploy/signUp HTTP/1.1" 500 13831
0:0:0:0:0:0:0:1 - - [23/Mar/2025:02:38:39 +0900] "GET /zerotodeploy/ HTTP/1.1" 200 7872
0:0:0:0:0:0:0:1 - - [23/Mar/2025:02:38:39 +0900] "GET /zerotodeploy/lib/animate/animate.min.css HTTP/1.1" 200 16964
0:0:0:0:0:0:0:1 - - [23/Mar/2025:02:38:39 +0900] "GET /zerotodeploy/lib/owlcarousel/assets/owl.carousel.min.css HTTP/1.1" 200 2941
0:0:0:0:0:0:0:1 - - [23/Mar/2025:02:38:39 +0900] "GET /zerotodeploy/css/bootstrap.min.css HTTP/1.1" 200 164340
0:0:0:0:0:0:0:1 - - [23/Mar/2025:02:38:39 +0900] "GET /zerotodeploy/css/style.css HTTP/1.1" 200 8596
0:0:0:0:0:0:0:1 - - [23/Mar/2025:02:38:39 +0900] "GET /zerotodeploy/lib/wow/wow.js HTTP/1.1" 200 17059
0:0:0:0:0:0:0:1 - - [23/Mar/2025:02:38:39 +0900] "GET /zerotodeploy/lib/waypoints/waypoints.min.js HTTP/1.1" 200 9034
0:0:0:0:0:0:0:1 - - [23/Mar/2025:02:38:39 +0900] "GET /zerotodeploy/lib/easing/easing.min.js HTTP/1.1" 200 2303
0:0:0:0:0:0:0:1 - - [23/Mar/2025:02:38:39 +0900] "GET /zerotodeploy/js/main.js HTTP/1.1" 200 1803
0:0:0:0:0:0:0:1 - - [23/Mar/2025:02:38:39 +0900] "GET /zerotodeploy/lib/owlcarousel/owl.carousel.min.js HTTP/1.1" 200 42772
0:0:0:0:0:0:0:1 - - [23/Mar/2025:02:38:41 +0900] "GET /zerotodeploy/login HTTP/1.1" 200 7124
0:0:0:0:0:0:0:1 - - [23/Mar/2025:02:38:41 +0900] "GET /zerotodeploy/lib/animate/animate.min.css HTTP/1.1" 200 16964
0:0:0:0:0:0:0:1 - - [23/Mar/2025:02:38:41 +0900] "GET /zerotodeploy/lib/owlcarousel/assets/owl.carousel.min.css HTTP/1.1" 200 2941
0:0:0:0:0:0:0:1 - - [23/Mar/2025:02:38:41 +0900] "GET /zerotodeploy/css/bootstrap.min.css HTTP/1.1" 200 164340
0:0:0:0:0:0:0:1 - - [23/Mar/2025:02:38:41 +0900] "GET /zerotodeploy/css/style.css HTTP/1.1" 200 8596
0:0:0:0:0:0:0:1 - - [23/Mar/2025:02:38:41 +0900] "GET /zerotodeploy/lib/waypoints/waypoints.min.js HTTP/1.1" 200 9034
0:0:0:0:0:0:0:1 - - [23/Mar/2025:02:38:41 +0900] "GET /zerotodeploy/lib/wow/wow.js HTTP/1.1" 200 17059
0:0:0:0:0:0:0:1 - - [23/Mar/2025:02:38:41 +0900] "GET /zerotodeploy/lib/easing/easing.min.js HTTP/1.1" 200 2303
0:0:0:0:0:0:0:1 - - [23/Mar/2025:02:38:41 +0900] "GET /zerotodeploy/lib/owlcarousel/owl.carousel.min.js HTTP/1.1" 200 42772
0:0:0:0:0:0:0:1 - - [23/Mar/2025:02:38:41 +0900] "GET /zerotodeploy/js/main.js HTTP/1.1" 200 1803
0:0:0:0:0:0:0:1 - - [23/Mar/2025:02:38:43 +0900] "GET /zerotodeploy/signUp HTTP/1.1" 500 13831
