0:0:0:0:0:0:0:1 - - [18/Feb/2025:21:32:15 +0900] "GET /zerotodeploy/ HTTP/1.1" 200 7874
0:0:0:0:0:0:0:1 - - [18/Feb/2025:21:32:15 +0900] "GET /zerotodeploy/lib/owlcarousel/assets/owl.carousel.min.css HTTP/1.1" 302 -
0:0:0:0:0:0:0:1 - - [18/Feb/2025:21:32:15 +0900] "GET /zerotodeploy/lib/wow/wow.js HTTP/1.1" 302 -
0:0:0:0:0:0:0:1 - - [18/Feb/2025:21:32:15 +0900] "GET /zerotodeploy/lib/easing/easing.min.js HTTP/1.1" 302 -
0:0:0:0:0:0:0:1 - - [18/Feb/2025:21:32:15 +0900] "GET /zerotodeploy/lib/animate/animate.min.css HTTP/1.1" 302 -
0:0:0:0:0:0:0:1 - - [18/Feb/2025:21:32:15 +0900] "GET /zerotodeploy/lib/owlcarousel/owl.carousel.min.js HTTP/1.1" 302 -
0:0:0:0:0:0:0:1 - - [18/Feb/2025:21:32:15 +0900] "GET /zerotodeploy/lib/waypoints/waypoints.min.js HTTP/1.1" 302 -
0:0:0:0:0:0:0:1 - - [18/Feb/2025:21:32:16 +0900] "GET /zerotodeploy/js/main.js HTTP/1.1" 200 1803
0:0:0:0:0:0:0:1 - - [18/Feb/2025:21:32:16 +0900] "GET /zerotodeploy/css/style.css HTTP/1.1" 200 8596
0:0:0:0:0:0:0:1 - - [18/Feb/2025:21:32:16 +0900] "GET /zerotodeploy/css/bootstrap.min.css HTTP/1.1" 200 164340
0:0:0:0:0:0:0:1 - - [18/Feb/2025:21:32:16 +0900] "GET /zerotodeploy/login.html HTTP/1.1" 302 -
0:0:0:0:0:0:0:1 - - [18/Feb/2025:21:32:16 +0900] "GET /zerotodeploy/login.html HTTP/1.1" 302 -
0:0:0:0:0:0:0:1 - - [18/Feb/2025:21:32:16 +0900] "GET /zerotodeploy/login.html HTTP/1.1" 302 -
0:0:0:0:0:0:0:1 - - [18/Feb/2025:21:32:16 +0900] "GET /zerotodeploy/login.html HTTP/1.1" 302 -
0:0:0:0:0:0:0:1 - - [18/Feb/2025:21:32:16 +0900] "GET /zerotodeploy/login.html HTTP/1.1" 302 -
0:0:0:0:0:0:0:1 - - [18/Feb/2025:21:32:16 +0900] "GET /zerotodeploy/login.html HTTP/1.1" 302 -
0:0:0:0:0:0:0:1 - - [18/Feb/2025:21:32:16 +0900] "GET /zerotodeploy/login.html HTTP/1.1" 302 -
0:0:0:0:0:0:0:1 - - [18/Feb/2025:21:32:16 +0900] "GET /zerotodeploy/login.html HTTP/1.1" 302 -
0:0:0:0:0:0:0:1 - - [18/Feb/2025:21:32:16 +0900] "GET /zerotodeploy/login.html HTTP/1.1" 302 -
0:0:0:0:0:0:0:1 - - [18/Feb/2025:21:32:16 +0900] "GET /zerotodeploy/login.html HTTP/1.1" 302 -
0:0:0:0:0:0:0:1 - - [18/Feb/2025:21:32:16 +0900] "GET /zerotodeploy/login.html HTTP/1.1" 302 -
0:0:0:0:0:0:0:1 - - [18/Feb/2025:21:32:16 +0900] "GET /zerotodeploy/login.html HTTP/1.1" 302 -
0:0:0:0:0:0:0:1 - - [18/Feb/2025:21:32:16 +0900] "GET /zerotodeploy/login.html HTTP/1.1" 302 -
0:0:0:0:0:0:0:1 - - [18/Feb/2025:21:32:16 +0900] "GET /zerotodeploy/login.html HTTP/1.1" 302 -
0:0:0:0:0:0:0:1 - - [18/Feb/2025:21:32:16 +0900] "GET /zerotodeploy/login.html HTTP/1.1" 302 -
0:0:0:0:0:0:0:1 - - [18/Feb/2025:21:32:16 +0900] "GET /zerotodeploy/login.html HTTP/1.1" 302 -
0:0:0:0:0:0:0:1 - - [18/Feb/2025:21:32:16 +0900] "GET /zerotodeploy/login.html HTTP/1.1" 302 -
0:0:0:0:0:0:0:1 - - [18/Feb/2025:21:32:16 +0900] "GET /zerotodeploy/login.html HTTP/1.1" 302 -
0:0:0:0:0:0:0:1 - - [18/Feb/2025:21:32:16 +0900] "GET /zerotodeploy/login.html HTTP/1.1" 302 -
0:0:0:0:0:0:0:1 - - [18/Feb/2025:21:32:16 +0900] "GET /zerotodeploy/login.html HTTP/1.1" 302 -
0:0:0:0:0:0:0:1 - - [18/Feb/2025:21:32:16 +0900] "GET /zerotodeploy/login.html HTTP/1.1" 302 -
0:0:0:0:0:0:0:1 - - [18/Feb/2025:21:32:16 +0900] "GET /zerotodeploy/login.html HTTP/1.1" 302 -
0:0:0:0:0:0:0:1 - - [18/Feb/2025:21:32:16 +0900] "GET /zerotodeploy/login.html HTTP/1.1" 302 -
0:0:0:0:0:0:0:1 - - [18/Feb/2025:21:32:16 +0900] "GET /zerotodeploy/login.html HTTP/1.1" 302 -
0:0:0:0:0:0:0:1 - - [18/Feb/2025:21:32:16 +0900] "GET /zerotodeploy/login.html HTTP/1.1" 302 -
0:0:0:0:0:0:0:1 - - [18/Feb/2025:21:32:16 +0900] "GET /zerotodeploy/login.html HTTP/1.1" 302 -
0:0:0:0:0:0:0:1 - - [18/Feb/2025:21:32:16 +0900] "GET /zerotodeploy/login.html HTTP/1.1" 302 -
0:0:0:0:0:0:0:1 - - [18/Feb/2025:21:32:16 +0900] "GET /zerotodeploy/login.html HTTP/1.1" 302 -
0:0:0:0:0:0:0:1 - - [18/Feb/2025:21:32:16 +0900] "GET /zerotodeploy/login.html HTTP/1.1" 302 -
0:0:0:0:0:0:0:1 - - [18/Feb/2025:21:32:16 +0900] "GET /zerotodeploy/login.html HTTP/1.1" 302 -
0:0:0:0:0:0:0:1 - - [18/Feb/2025:21:32:16 +0900] "GET /zerotodeploy/login.html HTTP/1.1" 302 -
0:0:0:0:0:0:0:1 - - [18/Feb/2025:21:32:16 +0900] "GET /zerotodeploy/login.html HTTP/1.1" 302 -
0:0:0:0:0:0:0:1 - - [18/Feb/2025:21:32:16 +0900] "GET /zerotodeploy/login.html HTTP/1.1" 302 -
0:0:0:0:0:0:0:1 - - [18/Feb/2025:21:32:16 +0900] "GET /zerotodeploy/login.html HTTP/1.1" 302 -
0:0:0:0:0:0:0:1 - - [18/Feb/2025:21:32:16 +0900] "GET /zerotodeploy/login.html HTTP/1.1" 302 -
0:0:0:0:0:0:0:1 - - [18/Feb/2025:21:32:16 +0900] "GET /zerotodeploy/login.html HTTP/1.1" 302 -
0:0:0:0:0:0:0:1 - - [18/Feb/2025:21:32:16 +0900] "GET /zerotodeploy/login.html HTTP/1.1" 302 -
0:0:0:0:0:0:0:1 - - [18/Feb/2025:21:32:16 +0900] "GET /zerotodeploy/login.html HTTP/1.1" 302 -
0:0:0:0:0:0:0:1 - - [18/Feb/2025:21:32:16 +0900] "GET /zerotodeploy/login.html HTTP/1.1" 302 -
0:0:0:0:0:0:0:1 - - [18/Feb/2025:21:32:16 +0900] "GET /zerotodeploy/login.html HTTP/1.1" 302 -
0:0:0:0:0:0:0:1 - - [18/Feb/2025:21:32:16 +0900] "GET /zerotodeploy/login.html HTTP/1.1" 302 -
0:0:0:0:0:0:0:1 - - [18/Feb/2025:21:32:16 +0900] "GET /zerotodeploy/login.html HTTP/1.1" 302 -
0:0:0:0:0:0:0:1 - - [18/Feb/2025:21:32:16 +0900] "GET /zerotodeploy/login.html HTTP/1.1" 302 -
0:0:0:0:0:0:0:1 - - [18/Feb/2025:21:32:16 +0900] "GET /zerotodeploy/login.html HTTP/1.1" 302 -
0:0:0:0:0:0:0:1 - - [18/Feb/2025:21:32:16 +0900] "GET /zerotodeploy/login.html HTTP/1.1" 302 -
0:0:0:0:0:0:0:1 - - [18/Feb/2025:21:32:16 +0900] "GET /zerotodeploy/login.html HTTP/1.1" 302 -
0:0:0:0:0:0:0:1 - - [18/Feb/2025:21:32:16 +0900] "GET /zerotodeploy/login.html HTTP/1.1" 302 -
0:0:0:0:0:0:0:1 - - [18/Feb/2025:21:32:16 +0900] "GET /zerotodeploy/login.html HTTP/1.1" 302 -
0:0:0:0:0:0:0:1 - - [18/Feb/2025:21:32:16 +0900] "GET /zerotodeploy/login.html HTTP/1.1" 302 -
0:0:0:0:0:0:0:1 - - [18/Feb/2025:21:32:16 +0900] "GET /zerotodeploy/login.html HTTP/1.1" 302 -
0:0:0:0:0:0:0:1 - - [18/Feb/2025:21:32:16 +0900] "GET /zerotodeploy/login.html HTTP/1.1" 302 -
0:0:0:0:0:0:0:1 - - [18/Feb/2025:21:32:16 +0900] "GET /zerotodeploy/login.html HTTP/1.1" 302 -
0:0:0:0:0:0:0:1 - - [18/Feb/2025:21:32:16 +0900] "GET /zerotodeploy/login.html HTTP/1.1" 302 -
0:0:0:0:0:0:0:1 - - [18/Feb/2025:21:32:16 +0900] "GET /zerotodeploy/login.html HTTP/1.1" 302 -
0:0:0:0:0:0:0:1 - - [18/Feb/2025:21:32:16 +0900] "GET /zerotodeploy/login.html HTTP/1.1" 302 -
0:0:0:0:0:0:0:1 - - [18/Feb/2025:21:32:16 +0900] "GET /zerotodeploy/login.html HTTP/1.1" 302 -
0:0:0:0:0:0:0:1 - - [18/Feb/2025:21:32:16 +0900] "GET /zerotodeploy/login.html HTTP/1.1" 302 -
0:0:0:0:0:0:0:1 - - [18/Feb/2025:21:32:16 +0900] "GET /zerotodeploy/login.html HTTP/1.1" 302 -
0:0:0:0:0:0:0:1 - - [18/Feb/2025:21:32:16 +0900] "GET /zerotodeploy/login.html HTTP/1.1" 302 -
0:0:0:0:0:0:0:1 - - [18/Feb/2025:21:32:16 +0900] "GET /zerotodeploy/login.html HTTP/1.1" 302 -
0:0:0:0:0:0:0:1 - - [18/Feb/2025:21:32:16 +0900] "GET /zerotodeploy/login.html HTTP/1.1" 302 -
0:0:0:0:0:0:0:1 - - [18/Feb/2025:21:32:16 +0900] "GET /zerotodeploy/login.html HTTP/1.1" 302 -
0:0:0:0:0:0:0:1 - - [18/Feb/2025:21:32:16 +0900] "GET /zerotodeploy/login.html HTTP/1.1" 302 -
0:0:0:0:0:0:0:1 - - [18/Feb/2025:21:32:16 +0900] "GET /zerotodeploy/login.html HTTP/1.1" 302 -
0:0:0:0:0:0:0:1 - - [18/Feb/2025:21:32:16 +0900] "GET /zerotodeploy/login.html HTTP/1.1" 302 -
0:0:0:0:0:0:0:1 - - [18/Feb/2025:21:32:16 +0900] "GET /zerotodeploy/login.html HTTP/1.1" 302 -
0:0:0:0:0:0:0:1 - - [18/Feb/2025:21:32:16 +0900] "GET /zerotodeploy/login.html HTTP/1.1" 302 -
0:0:0:0:0:0:0:1 - - [18/Feb/2025:21:32:16 +0900] "GET /zerotodeploy/login.html HTTP/1.1" 302 -
0:0:0:0:0:0:0:1 - - [18/Feb/2025:21:32:16 +0900] "GET /zerotodeploy/login.html HTTP/1.1" 302 -
0:0:0:0:0:0:0:1 - - [18/Feb/2025:21:32:16 +0900] "GET /zerotodeploy/login.html HTTP/1.1" 302 -
0:0:0:0:0:0:0:1 - - [18/Feb/2025:21:32:16 +0900] "GET /zerotodeploy/login.html HTTP/1.1" 302 -
0:0:0:0:0:0:0:1 - - [18/Feb/2025:21:32:16 +0900] "GET /zerotodeploy/login.html HTTP/1.1" 302 -
0:0:0:0:0:0:0:1 - - [18/Feb/2025:21:32:16 +0900] "GET /zerotodeploy/login.html HTTP/1.1" 302 -
0:0:0:0:0:0:0:1 - - [18/Feb/2025:21:32:16 +0900] "GET /zerotodeploy/login.html HTTP/1.1" 302 -
0:0:0:0:0:0:0:1 - - [18/Feb/2025:21:32:16 +0900] "GET /zerotodeploy/login.html HTTP/1.1" 302 -
0:0:0:0:0:0:0:1 - - [18/Feb/2025:21:32:16 +0900] "GET /zerotodeploy/login.html HTTP/1.1" 302 -
0:0:0:0:0:0:0:1 - - [18/Feb/2025:21:32:16 +0900] "GET /zerotodeploy/login.html HTTP/1.1" 302 -
0:0:0:0:0:0:0:1 - - [18/Feb/2025:21:32:16 +0900] "GET /zerotodeploy/login.html HTTP/1.1" 302 -
0:0:0:0:0:0:0:1 - - [18/Feb/2025:21:32:16 +0900] "GET /zerotodeploy/login.html HTTP/1.1" 302 -
0:0:0:0:0:0:0:1 - - [18/Feb/2025:21:32:16 +0900] "GET /zerotodeploy/login.html HTTP/1.1" 302 -
0:0:0:0:0:0:0:1 - - [18/Feb/2025:21:32:16 +0900] "GET /zerotodeploy/login.html HTTP/1.1" 302 -
0:0:0:0:0:0:0:1 - - [18/Feb/2025:21:32:16 +0900] "GET /zerotodeploy/login.html HTTP/1.1" 302 -
0:0:0:0:0:0:0:1 - - [18/Feb/2025:21:32:16 +0900] "GET /zerotodeploy/login.html HTTP/1.1" 302 -
0:0:0:0:0:0:0:1 - - [18/Feb/2025:21:32:16 +0900] "GET /zerotodeploy/login.html HTTP/1.1" 302 -
0:0:0:0:0:0:0:1 - - [18/Feb/2025:21:32:16 +0900] "GET /zerotodeploy/login.html HTTP/1.1" 302 -
0:0:0:0:0:0:0:1 - - [18/Feb/2025:21:32:16 +0900] "GET /zerotodeploy/login.html HTTP/1.1" 302 -
0:0:0:0:0:0:0:1 - - [18/Feb/2025:21:32:16 +0900] "GET /zerotodeploy/login.html HTTP/1.1" 302 -
0:0:0:0:0:0:0:1 - - [18/Feb/2025:21:32:16 +0900] "GET /zerotodeploy/login.html HTTP/1.1" 302 -
0:0:0:0:0:0:0:1 - - [18/Feb/2025:21:32:16 +0900] "GET /zerotodeploy/login.html HTTP/1.1" 302 -
0:0:0:0:0:0:0:1 - - [18/Feb/2025:21:32:16 +0900] "GET /zerotodeploy/login.html HTTP/1.1" 302 -
0:0:0:0:0:0:0:1 - - [18/Feb/2025:21:32:16 +0900] "GET /zerotodeploy/login.html HTTP/1.1" 302 -
0:0:0:0:0:0:0:1 - - [18/Feb/2025:21:32:16 +0900] "GET /zerotodeploy/login.html HTTP/1.1" 302 -
0:0:0:0:0:0:0:1 - - [18/Feb/2025:21:32:16 +0900] "GET /zerotodeploy/login.html HTTP/1.1" 302 -
0:0:0:0:0:0:0:1 - - [18/Feb/2025:21:32:16 +0900] "GET /zerotodeploy/login.html HTTP/1.1" 302 -
0:0:0:0:0:0:0:1 - - [18/Feb/2025:21:32:16 +0900] "GET /zerotodeploy/login.html HTTP/1.1" 302 -
0:0:0:0:0:0:0:1 - - [18/Feb/2025:21:32:16 +0900] "GET /zerotodeploy/login.html HTTP/1.1" 302 -
0:0:0:0:0:0:0:1 - - [18/Feb/2025:21:32:16 +0900] "GET /zerotodeploy/login.html HTTP/1.1" 302 -
0:0:0:0:0:0:0:1 - - [18/Feb/2025:21:32:16 +0900] "GET /zerotodeploy/login.html HTTP/1.1" 302 -
0:0:0:0:0:0:0:1 - - [18/Feb/2025:21:32:16 +0900] "GET /zerotodeploy/login.html HTTP/1.1" 302 -
0:0:0:0:0:0:0:1 - - [18/Feb/2025:21:32:16 +0900] "GET /zerotodeploy/login.html HTTP/1.1" 302 -
0:0:0:0:0:0:0:1 - - [18/Feb/2025:21:32:16 +0900] "GET /zerotodeploy/login.html HTTP/1.1" 302 -
0:0:0:0:0:0:0:1 - - [18/Feb/2025:21:32:16 +0900] "GET /zerotodeploy/login.html HTTP/1.1" 302 -
0:0:0:0:0:0:0:1 - - [18/Feb/2025:21:32:16 +0900] "GET /zerotodeploy/login.html HTTP/1.1" 302 -
0:0:0:0:0:0:0:1 - - [18/Feb/2025:21:32:16 +0900] "GET /zerotodeploy/login.html HTTP/1.1" 302 -
0:0:0:0:0:0:0:1 - - [18/Feb/2025:21:32:16 +0900] "GET /zerotodeploy/login.html HTTP/1.1" 302 -
0:0:0:0:0:0:0:1 - - [18/Feb/2025:21:32:16 +0900] "GET /zerotodeploy/login.html HTTP/1.1" 302 -
0:0:0:0:0:0:0:1 - - [18/Feb/2025:21:32:16 +0900] "GET /zerotodeploy/login.html HTTP/1.1" 302 -
0:0:0:0:0:0:0:1 - - [18/Feb/2025:21:32:16 +0900] "GET /zerotodeploy/login.html HTTP/1.1" 302 -
0:0:0:0:0:0:0:1 - - [18/Feb/2025:21:32:16 +0900] "GET /zerotodeploy/login.html HTTP/1.1" 302 -
0:0:0:0:0:0:0:1 - - [18/Feb/2025:21:32:16 +0900] "GET /zerotodeploy/login.html HTTP/1.1" 302 -
0:0:0:0:0:0:0:1 - - [18/Feb/2025:21:32:16 +0900] "GET /zerotodeploy/login.html HTTP/1.1" 302 -
0:0:0:0:0:0:0:1 - - [18/Feb/2025:21:32:16 +0900] "GET /zerotodeploy/login.html HTTP/1.1" 302 -
0:0:0:0:0:0:0:1 - - [18/Feb/2025:21:32:16 +0900] "GET /zerotodeploy/login.html HTTP/1.1" 302 -
0:0:0:0:0:0:0:1 - - [18/Feb/2025:21:32:16 +0900] "GET /zerotodeploy/login.html HTTP/1.1" 302 -
0:0:0:0:0:0:0:1 - - [18/Feb/2025:21:32:16 +0900] "GET /zerotodeploy/login.html HTTP/1.1" 302 -
0:0:0:0:0:0:0:1 - - [18/Feb/2025:21:32:16 +0900] "GET /zerotodeploy/login.html HTTP/1.1" 302 -
0:0:0:0:0:0:0:1 - - [18/Feb/2025:21:32:16 +0900] "GET /zerotodeploy/login.html HTTP/1.1" 302 -
0:0:0:0:0:0:0:1 - - [18/Feb/2025:21:32:16 +0900] "GET /zerotodeploy/login.html HTTP/1.1" 302 -
0:0:0:0:0:0:0:1 - - [18/Feb/2025:21:32:16 +0900] "GET /zerotodeploy/login.html HTTP/1.1" 302 -
0:0:0:0:0:0:0:1 - - [18/Feb/2025:21:32:16 +0900] "GET /zerotodeploy/login.html HTTP/1.1" 302 -
0:0:0:0:0:0:0:1 - - [18/Feb/2025:21:32:16 +0900] "GET /zerotodeploy/img/favicon.ico HTTP/1.1" 302 -
0:0:0:0:0:0:0:1 - - [18/Feb/2025:21:32:16 +0900] "GET /zerotodeploy/login.html HTTP/1.1" 302 -
0:0:0:0:0:0:0:1 - - [18/Feb/2025:21:32:16 +0900] "GET /zerotodeploy/login.html HTTP/1.1" 302 -
0:0:0:0:0:0:0:1 - - [18/Feb/2025:21:32:16 +0900] "GET /zerotodeploy/login.html HTTP/1.1" 302 -
0:0:0:0:0:0:0:1 - - [18/Feb/2025:21:32:16 +0900] "GET /zerotodeploy/login.html HTTP/1.1" 302 -
0:0:0:0:0:0:0:1 - - [18/Feb/2025:21:32:16 +0900] "GET /zerotodeploy/login.html HTTP/1.1" 302 -
0:0:0:0:0:0:0:1 - - [18/Feb/2025:21:32:16 +0900] "GET /zerotodeploy/login.html HTTP/1.1" 302 -
0:0:0:0:0:0:0:1 - - [18/Feb/2025:21:32:16 +0900] "GET /zerotodeploy/login.html HTTP/1.1" 302 -
0:0:0:0:0:0:0:1 - - [18/Feb/2025:21:32:16 +0900] "GET /zerotodeploy/login.html HTTP/1.1" 302 -
0:0:0:0:0:0:0:1 - - [18/Feb/2025:21:32:16 +0900] "GET /zerotodeploy/login.html HTTP/1.1" 302 -
0:0:0:0:0:0:0:1 - - [18/Feb/2025:21:32:16 +0900] "GET /zerotodeploy/login.html HTTP/1.1" 302 -
0:0:0:0:0:0:0:1 - - [18/Feb/2025:21:32:16 +0900] "GET /zerotodeploy/login.html HTTP/1.1" 302 -
0:0:0:0:0:0:0:1 - - [18/Feb/2025:21:32:16 +0900] "GET /zerotodeploy/login.html HTTP/1.1" 302 -
0:0:0:0:0:0:0:1 - - [18/Feb/2025:21:32:16 +0900] "GET /zerotodeploy/login.html HTTP/1.1" 302 -
0:0:0:0:0:0:0:1 - - [18/Feb/2025:21:32:16 +0900] "GET /zerotodeploy/login.html HTTP/1.1" 302 -
0:0:0:0:0:0:0:1 - - [18/Feb/2025:21:32:16 +0900] "GET /zerotodeploy/login.html HTTP/1.1" 302 -
0:0:0:0:0:0:0:1 - - [18/Feb/2025:21:32:16 +0900] "GET /zerotodeploy/login.html HTTP/1.1" 302 -
0:0:0:0:0:0:0:1 - - [18/Feb/2025:21:32:16 +0900] "GET /zerotodeploy/login.html HTTP/1.1" 302 -
0:0:0:0:0:0:0:1 - - [18/Feb/2025:21:32:16 +0900] "GET /zerotodeploy/login.html HTTP/1.1" 302 -
0:0:0:0:0:0:0:1 - - [18/Feb/2025:21:32:16 +0900] "GET /zerotodeploy/login.html HTTP/1.1" 302 -
0:0:0:0:0:0:0:1 - - [18/Feb/2025:21:32:16 +0900] "GET /zerotodeploy/login.html HTTP/1.1" 302 -
0:0:0:0:0:0:0:1 - - [18/Feb/2025:21:32:17 +0900] "GET /zerotodeploy/login HTTP/1.1" 302 -
0:0:0:0:0:0:0:1 - - [18/Feb/2025:21:32:17 +0900] "GET /zerotodeploy/login.html HTTP/1.1" 302 -
0:0:0:0:0:0:0:1 - - [18/Feb/2025:21:32:17 +0900] "GET /zerotodeploy/login.html HTTP/1.1" 302 -
0:0:0:0:0:0:0:1 - - [18/Feb/2025:21:32:17 +0900] "GET /zerotodeploy/login.html HTTP/1.1" 302 -
0:0:0:0:0:0:0:1 - - [18/Feb/2025:21:32:17 +0900] "GET /zerotodeploy/login.html HTTP/1.1" 302 -
0:0:0:0:0:0:0:1 - - [18/Feb/2025:21:32:17 +0900] "GET /zerotodeploy/login.html HTTP/1.1" 302 -
0:0:0:0:0:0:0:1 - - [18/Feb/2025:21:32:17 +0900] "GET /zerotodeploy/login.html HTTP/1.1" 302 -
0:0:0:0:0:0:0:1 - - [18/Feb/2025:21:32:17 +0900] "GET /zerotodeploy/login.html HTTP/1.1" 302 -
0:0:0:0:0:0:0:1 - - [18/Feb/2025:21:32:17 +0900] "GET /zerotodeploy/login.html HTTP/1.1" 302 -
0:0:0:0:0:0:0:1 - - [18/Feb/2025:21:32:17 +0900] "GET /zerotodeploy/login.html HTTP/1.1" 302 -
0:0:0:0:0:0:0:1 - - [18/Feb/2025:21:32:17 +0900] "GET /zerotodeploy/login.html HTTP/1.1" 302 -
0:0:0:0:0:0:0:1 - - [18/Feb/2025:21:32:17 +0900] "GET /zerotodeploy/login.html HTTP/1.1" 302 -
0:0:0:0:0:0:0:1 - - [18/Feb/2025:21:32:17 +0900] "GET /zerotodeploy/login.html HTTP/1.1" 302 -
0:0:0:0:0:0:0:1 - - [18/Feb/2025:21:32:17 +0900] "GET /zerotodeploy/login.html HTTP/1.1" 302 -
0:0:0:0:0:0:0:1 - - [18/Feb/2025:21:32:17 +0900] "GET /zerotodeploy/login.html HTTP/1.1" 302 -
0:0:0:0:0:0:0:1 - - [18/Feb/2025:21:32:17 +0900] "GET /zerotodeploy/login.html HTTP/1.1" 302 -
0:0:0:0:0:0:0:1 - - [18/Feb/2025:21:32:17 +0900] "GET /zerotodeploy/login.html HTTP/1.1" 302 -
0:0:0:0:0:0:0:1 - - [18/Feb/2025:21:32:17 +0900] "GET /zerotodeploy/login.html HTTP/1.1" 302 -
0:0:0:0:0:0:0:1 - - [18/Feb/2025:21:32:17 +0900] "GET /zerotodeploy/login.html HTTP/1.1" 302 -
0:0:0:0:0:0:0:1 - - [18/Feb/2025:21:32:17 +0900] "GET /zerotodeploy/login.html HTTP/1.1" 302 -
0:0:0:0:0:0:0:1 - - [18/Feb/2025:21:32:18 +0900] "GET /zerotodeploy/login.html HTTP/1.1" 302 -
0:0:0:0:0:0:0:1 - - [18/Feb/2025:21:32:18 +0900] "GET /zerotodeploy/login.html HTTP/1.1" 302 -
0:0:0:0:0:0:0:1 - - [18/Feb/2025:21:32:18 +0900] "GET /zerotodeploy/login.html HTTP/1.1" 302 -
0:0:0:0:0:0:0:1 - - [18/Feb/2025:21:32:18 +0900] "GET /zerotodeploy/login.html HTTP/1.1" 302 -
0:0:0:0:0:0:0:1 - - [18/Feb/2025:21:32:18 +0900] "GET /zerotodeploy/login.html HTTP/1.1" 302 -
0:0:0:0:0:0:0:1 - - [18/Feb/2025:21:32:18 +0900] "GET /zerotodeploy/login.html HTTP/1.1" 302 -
0:0:0:0:0:0:0:1 - - [18/Feb/2025:21:32:18 +0900] "GET /zerotodeploy/login.html HTTP/1.1" 302 -
0:0:0:0:0:0:0:1 - - [18/Feb/2025:21:32:18 +0900] "GET /zerotodeploy/login.html HTTP/1.1" 302 -
0:0:0:0:0:0:0:1 - - [18/Feb/2025:21:32:18 +0900] "GET /zerotodeploy/login.html HTTP/1.1" 302 -
0:0:0:0:0:0:0:1 - - [18/Feb/2025:21:32:18 +0900] "GET /zerotodeploy/login.html HTTP/1.1" 302 -
0:0:0:0:0:0:0:1 - - [18/Feb/2025:21:32:18 +0900] "GET /zerotodeploy/img/favicon.ico HTTP/1.1" 302 -
0:0:0:0:0:0:0:1 - - [18/Feb/2025:21:32:18 +0900] "GET /zerotodeploy/login.html HTTP/1.1" 302 -
0:0:0:0:0:0:0:1 - - [18/Feb/2025:21:32:18 +0900] "GET /zerotodeploy/login.html HTTP/1.1" 302 -
0:0:0:0:0:0:0:1 - - [18/Feb/2025:21:32:18 +0900] "GET /zerotodeploy/login.html HTTP/1.1" 302 -
0:0:0:0:0:0:0:1 - - [18/Feb/2025:21:32:18 +0900] "GET /zerotodeploy/login.html HTTP/1.1" 302 -
0:0:0:0:0:0:0:1 - - [18/Feb/2025:21:32:18 +0900] "GET /zerotodeploy/login.html HTTP/1.1" 302 -
0:0:0:0:0:0:0:1 - - [18/Feb/2025:21:32:18 +0900] "GET /zerotodeploy/login.html HTTP/1.1" 302 -
0:0:0:0:0:0:0:1 - - [18/Feb/2025:21:32:18 +0900] "GET /zerotodeploy/login.html HTTP/1.1" 302 -
0:0:0:0:0:0:0:1 - - [18/Feb/2025:21:32:18 +0900] "GET /zerotodeploy/login.html HTTP/1.1" 302 -
0:0:0:0:0:0:0:1 - - [18/Feb/2025:21:32:18 +0900] "GET /zerotodeploy/login.html HTTP/1.1" 302 -
0:0:0:0:0:0:0:1 - - [18/Feb/2025:21:32:18 +0900] "GET /zerotodeploy/login.html HTTP/1.1" 302 -
0:0:0:0:0:0:0:1 - - [18/Feb/2025:21:32:18 +0900] "GET /zerotodeploy/login.html HTTP/1.1" 302 -
0:0:0:0:0:0:0:1 - - [18/Feb/2025:21:32:18 +0900] "GET /zerotodeploy/login.html HTTP/1.1" 302 -
0:0:0:0:0:0:0:1 - - [18/Feb/2025:21:32:18 +0900] "GET /zerotodeploy/login.html HTTP/1.1" 302 -
0:0:0:0:0:0:0:1 - - [18/Feb/2025:21:32:18 +0900] "GET /zerotodeploy/login.html HTTP/1.1" 302 -
0:0:0:0:0:0:0:1 - - [18/Feb/2025:21:32:18 +0900] "GET /zerotodeploy/login.html HTTP/1.1" 302 -
0:0:0:0:0:0:0:1 - - [18/Feb/2025:21:32:18 +0900] "GET /zerotodeploy/login.html HTTP/1.1" 302 -
0:0:0:0:0:0:0:1 - - [18/Feb/2025:21:32:18 +0900] "GET /zerotodeploy/login.html HTTP/1.1" 302 -
0:0:0:0:0:0:0:1 - - [18/Feb/2025:21:32:18 +0900] "GET /zerotodeploy/login.html HTTP/1.1" 302 -
0:0:0:0:0:0:0:1 - - [18/Feb/2025:21:32:18 +0900] "GET /zerotodeploy/login.html HTTP/1.1" 302 -
0:0:0:0:0:0:0:1 - - [18/Feb/2025:21:32:18 +0900] "GET /zerotodeploy/login.html HTTP/1.1" 302 -
