0:0:0:0:0:0:0:1 - - [02/Feb/2025:20:57:49 +0900] "GET /zerotodeploy/ HTTP/1.1" 302 -
0:0:0:0:0:0:0:1 - - [02/Feb/2025:20:57:49 +0900] "GET /zerotodeploy/login HTTP/1.1" 200 1129
0:0:0:0:0:0:0:1 - - [02/Feb/2025:20:57:49 +0900] "GET /zerotodeploy/default-ui.css HTTP/1.1" 200 3065
0:0:0:0:0:0:0:1 - - [02/Feb/2025:20:57:49 +0900] "GET /favicon.ico HTTP/1.1" 404 683
0:0:0:0:0:0:0:1 - - [02/Feb/2025:20:57:58 +0900] "GET /zerotodeploy/ HTTP/1.1" 302 -
0:0:0:0:0:0:0:1 - - [02/Feb/2025:20:57:58 +0900] "GET /zerotodeploy/login HTTP/1.1" 200 1129
0:0:0:0:0:0:0:1 - - [02/Feb/2025:20:57:58 +0900] "GET /zerotodeploy/default-ui.css HTTP/1.1" 200 3065
0:0:0:0:0:0:0:1 - - [02/Feb/2025:20:58:10 +0900] "GET /zerotodeploy/write HTTP/1.1" 302 -
0:0:0:0:0:0:0:1 - - [02/Feb/2025:20:58:10 +0900] "GET /zerotodeploy/login HTTP/1.1" 200 1129
0:0:0:0:0:0:0:1 - - [02/Feb/2025:20:58:10 +0900] "GET /zerotodeploy/default-ui.css HTTP/1.1" 200 3065
0:0:0:0:0:0:0:1 - - [02/Feb/2025:20:58:14 +0900] "POST /zerotodeploy/login HTTP/1.1" 302 -
0:0:0:0:0:0:0:1 - - [02/Feb/2025:20:58:14 +0900] "GET /zerotodeploy/login?error HTTP/1.1" 200 1295
0:0:0:0:0:0:0:1 - - [02/Feb/2025:20:58:14 +0900] "GET /zerotodeploy/default-ui.css HTTP/1.1" 200 3065
0:0:0:0:0:0:0:1 - - [02/Feb/2025:20:58:27 +0900] "GET /zerotodeploy/login HTTP/1.1" 200 1129
0:0:0:0:0:0:0:1 - - [02/Feb/2025:20:58:27 +0900] "GET /zerotodeploy/default-ui.css HTTP/1.1" 200 3065
0:0:0:0:0:0:0:1 - - [02/Feb/2025:21:05:56 +0900] "GET /zerotodeploy/login HTTP/1.1" 200 1129
0:0:0:0:0:0:0:1 - - [02/Feb/2025:21:05:56 +0900] "GET /zerotodeploy/default-ui.css HTTP/1.1" 200 3065
0:0:0:0:0:0:0:1 - - [02/Feb/2025:21:05:58 +0900] "GET /zerotodeploy/ HTTP/1.1" 302 -
0:0:0:0:0:0:0:1 - - [02/Feb/2025:21:05:58 +0900] "GET /zerotodeploy/login HTTP/1.1" 200 1129
0:0:0:0:0:0:0:1 - - [02/Feb/2025:21:05:58 +0900] "GET /zerotodeploy/default-ui.css HTTP/1.1" 200 3065
0:0:0:0:0:0:0:1 - - [02/Feb/2025:21:06:42 +0900] "GET /zerotodeploy/ HTTP/1.1" 302 -
0:0:0:0:0:0:0:1 - - [02/Feb/2025:21:06:42 +0900] "GET /zerotodeploy/login HTTP/1.1" 200 1129
0:0:0:0:0:0:0:1 - - [02/Feb/2025:21:06:42 +0900] "GET /zerotodeploy/default-ui.css HTTP/1.1" 200 3065
0:0:0:0:0:0:0:1 - - [02/Feb/2025:21:07:11 +0900] "GET /zerotodeploy/login HTTP/1.1" 200 1129
0:0:0:0:0:0:0:1 - - [02/Feb/2025:21:07:11 +0900] "GET /zerotodeploy/default-ui.css HTTP/1.1" 200 3065
0:0:0:0:0:0:0:1 - - [02/Feb/2025:21:07:12 +0900] "GET /zerotodeploy/login HTTP/1.1" 200 1129
0:0:0:0:0:0:0:1 - - [02/Feb/2025:21:07:12 +0900] "GET /zerotodeploy/default-ui.css HTTP/1.1" 200 3065
0:0:0:0:0:0:0:1 - - [02/Feb/2025:21:07:12 +0900] "GET /zerotodeploy/login HTTP/1.1" 200 1129
0:0:0:0:0:0:0:1 - - [02/Feb/2025:21:07:12 +0900] "GET /zerotodeploy/default-ui.css HTTP/1.1" 200 3065
0:0:0:0:0:0:0:1 - - [02/Feb/2025:21:07:12 +0900] "GET /zerotodeploy/login HTTP/1.1" 200 1129
0:0:0:0:0:0:0:1 - - [02/Feb/2025:21:07:12 +0900] "GET /zerotodeploy/default-ui.css HTTP/1.1" 200 3065
0:0:0:0:0:0:0:1 - - [02/Feb/2025:21:07:12 +0900] "GET /zerotodeploy/login HTTP/1.1" 200 1129
0:0:0:0:0:0:0:1 - - [02/Feb/2025:21:07:12 +0900] "GET /zerotodeploy/default-ui.css HTTP/1.1" 200 3065
0:0:0:0:0:0:0:1 - - [02/Feb/2025:21:07:12 +0900] "GET /zerotodeploy/login HTTP/1.1" 200 1129
0:0:0:0:0:0:0:1 - - [02/Feb/2025:21:07:12 +0900] "GET /zerotodeploy/default-ui.css HTTP/1.1" 200 3065
0:0:0:0:0:0:0:1 - - [02/Feb/2025:21:07:13 +0900] "GET /zerotodeploy/login HTTP/1.1" 200 1129
0:0:0:0:0:0:0:1 - - [02/Feb/2025:21:07:13 +0900] "GET /zerotodeploy/default-ui.css HTTP/1.1" 200 3065
0:0:0:0:0:0:0:1 - - [02/Feb/2025:21:07:13 +0900] "GET /zerotodeploy/login HTTP/1.1" 200 1129
0:0:0:0:0:0:0:1 - - [02/Feb/2025:21:07:13 +0900] "GET /zerotodeploy/default-ui.css HTTP/1.1" 200 3065
0:0:0:0:0:0:0:1 - - [02/Feb/2025:21:07:13 +0900] "GET /zerotodeploy/login HTTP/1.1" 200 1129
0:0:0:0:0:0:0:1 - - [02/Feb/2025:21:07:13 +0900] "GET /zerotodeploy/default-ui.css HTTP/1.1" 200 3065
0:0:0:0:0:0:0:1 - - [02/Feb/2025:21:07:13 +0900] "GET /zerotodeploy/login HTTP/1.1" 200 1129
0:0:0:0:0:0:0:1 - - [02/Feb/2025:21:07:13 +0900] "GET /zerotodeploy/default-ui.css HTTP/1.1" 200 3065
0:0:0:0:0:0:0:1 - - [02/Feb/2025:21:07:13 +0900] "GET /zerotodeploy/login HTTP/1.1" 200 1129
0:0:0:0:0:0:0:1 - - [02/Feb/2025:21:07:13 +0900] "GET /zerotodeploy/default-ui.css HTTP/1.1" 200 3065
0:0:0:0:0:0:0:1 - - [02/Feb/2025:21:07:13 +0900] "GET /zerotodeploy/login HTTP/1.1" 200 1129
0:0:0:0:0:0:0:1 - - [02/Feb/2025:21:07:13 +0900] "GET /zerotodeploy/default-ui.css HTTP/1.1" 200 3065
0:0:0:0:0:0:0:1 - - [02/Feb/2025:21:07:14 +0900] "GET /zerotodeploy/login HTTP/1.1" 200 1129
0:0:0:0:0:0:0:1 - - [02/Feb/2025:21:07:14 +0900] "GET /zerotodeploy/default-ui.css HTTP/1.1" 200 3065
0:0:0:0:0:0:0:1 - - [02/Feb/2025:21:07:14 +0900] "GET /zerotodeploy/login HTTP/1.1" 200 1129
0:0:0:0:0:0:0:1 - - [02/Feb/2025:21:07:14 +0900] "GET /zerotodeploy/default-ui.css HTTP/1.1" 200 3065
0:0:0:0:0:0:0:1 - - [02/Feb/2025:21:07:16 +0900] "GET /zerotodeploy/default-ui.css HTTP/1.1" 200 3065
0:0:0:0:0:0:0:1 - - [02/Feb/2025:21:07:22 +0900] "GET /zerotodeploy/login HTTP/1.1" 200 1129
0:0:0:0:0:0:0:1 - - [02/Feb/2025:21:07:23 +0900] "GET /zerotodeploy/default-ui.css HTTP/1.1" 200 3065
0:0:0:0:0:0:0:1 - - [02/Feb/2025:21:07:23 +0900] "GET /favicon.ico HTTP/1.1" 404 683
0:0:0:0:0:0:0:1 - - [02/Feb/2025:21:07:27 +0900] "GET / HTTP/1.1" 404 683
0:0:0:0:0:0:0:1 - - [02/Feb/2025:21:07:32 +0900] "GET /zerotodeploy/ HTTP/1.1" 302 -
0:0:0:0:0:0:0:1 - - [02/Feb/2025:21:07:32 +0900] "GET /zerotodeploy/login HTTP/1.1" 200 1129
0:0:0:0:0:0:0:1 - - [02/Feb/2025:21:07:32 +0900] "GET /zerotodeploy/default-ui.css HTTP/1.1" 200 3065
0:0:0:0:0:0:0:1 - - [02/Feb/2025:21:07:38 +0900] "POST /zerotodeploy/login HTTP/1.1" 302 -
0:0:0:0:0:0:0:1 - - [02/Feb/2025:21:07:38 +0900] "GET /zerotodeploy/login?error HTTP/1.1" 200 1295
0:0:0:0:0:0:0:1 - - [02/Feb/2025:21:07:38 +0900] "GET /zerotodeploy/default-ui.css HTTP/1.1" 200 3065
0:0:0:0:0:0:0:1 - - [02/Feb/2025:21:08:21 +0900] "GET /zerotodeploy/login?error HTTP/1.1" 200 1199
0:0:0:0:0:0:0:1 - - [02/Feb/2025:21:08:21 +0900] "GET /zerotodeploy/default-ui.css HTTP/1.1" 200 3065
0:0:0:0:0:0:0:1 - - [02/Feb/2025:21:08:21 +0900] "GET /zerotodeploy/login?error HTTP/1.1" 200 1199
0:0:0:0:0:0:0:1 - - [02/Feb/2025:21:08:21 +0900] "GET /zerotodeploy/default-ui.css HTTP/1.1" 200 3065
0:0:0:0:0:0:0:1 - - [02/Feb/2025:21:08:22 +0900] "GET /zerotodeploy/login?error HTTP/1.1" 200 1199
0:0:0:0:0:0:0:1 - - [02/Feb/2025:21:08:22 +0900] "GET /zerotodeploy/default-ui.css HTTP/1.1" 200 3065
0:0:0:0:0:0:0:1 - - [02/Feb/2025:21:08:22 +0900] "GET /zerotodeploy/login?error HTTP/1.1" 200 1199
0:0:0:0:0:0:0:1 - - [02/Feb/2025:21:08:22 +0900] "GET /zerotodeploy/default-ui.css HTTP/1.1" 200 3065
0:0:0:0:0:0:0:1 - - [02/Feb/2025:21:08:22 +0900] "GET /zerotodeploy/login?error HTTP/1.1" 200 1199
0:0:0:0:0:0:0:1 - - [02/Feb/2025:21:08:23 +0900] "GET /zerotodeploy/default-ui.css HTTP/1.1" 200 3065
0:0:0:0:0:0:0:1 - - [02/Feb/2025:21:08:23 +0900] "GET /zerotodeploy/login?error HTTP/1.1" 200 1199
0:0:0:0:0:0:0:1 - - [02/Feb/2025:21:08:23 +0900] "GET /zerotodeploy/default-ui.css HTTP/1.1" 200 3065
0:0:0:0:0:0:0:1 - - [02/Feb/2025:21:08:26 +0900] "GET /zerotodeploy HTTP/1.1" 302 -
0:0:0:0:0:0:0:1 - - [02/Feb/2025:21:08:26 +0900] "GET /zerotodeploy/ HTTP/1.1" 302 -
0:0:0:0:0:0:0:1 - - [02/Feb/2025:21:08:26 +0900] "GET /zerotodeploy/login HTTP/1.1" 200 1129
0:0:0:0:0:0:0:1 - - [02/Feb/2025:21:08:26 +0900] "GET /zerotodeploy/default-ui.css HTTP/1.1" 200 3065
0:0:0:0:0:0:0:1 - - [02/Feb/2025:21:08:27 +0900] "GET /zerotodeploy/login HTTP/1.1" 200 1129
0:0:0:0:0:0:0:1 - - [02/Feb/2025:21:08:27 +0900] "GET /zerotodeploy/default-ui.css HTTP/1.1" 200 3065
0:0:0:0:0:0:0:1 - - [02/Feb/2025:21:09:48 +0900] "GET /zerotodeploy/ HTTP/1.1" 200 7874
0:0:0:0:0:0:0:1 - - [02/Feb/2025:21:09:48 +0900] "GET /zerotodeploy/lib/easing/easing.min.js HTTP/1.1" 200 2303
0:0:0:0:0:0:0:1 - - [02/Feb/2025:21:09:48 +0900] "GET /zerotodeploy/lib/wow/wow.js HTTP/1.1" 200 17059
0:0:0:0:0:0:0:1 - - [02/Feb/2025:21:09:48 +0900] "GET /zerotodeploy/css/style.css HTTP/1.1" 200 8596
0:0:0:0:0:0:0:1 - - [02/Feb/2025:21:09:48 +0900] "GET /zerotodeploy/lib/owlcarousel/assets/owl.carousel.min.css HTTP/1.1" 200 2941
0:0:0:0:0:0:0:1 - - [02/Feb/2025:21:09:48 +0900] "GET /zerotodeploy/lib/animate/animate.min.css HTTP/1.1" 200 16964
0:0:0:0:0:0:0:1 - - [02/Feb/2025:21:09:48 +0900] "GET /zerotodeploy/css/bootstrap.min.css HTTP/1.1" 200 164340
0:0:0:0:0:0:0:1 - - [02/Feb/2025:21:09:48 +0900] "GET /zerotodeploy/lib/waypoints/waypoints.min.js HTTP/1.1" 200 9034
0:0:0:0:0:0:0:1 - - [02/Feb/2025:21:09:48 +0900] "GET /zerotodeploy/js/main.js HTTP/1.1" 200 1803
0:0:0:0:0:0:0:1 - - [02/Feb/2025:21:09:48 +0900] "GET /zerotodeploy/lib/owlcarousel/owl.carousel.min.js HTTP/1.1" 200 42772
0:0:0:0:0:0:0:1 - - [02/Feb/2025:21:09:48 +0900] "GET /zerotodeploy/img/favicon.ico HTTP/1.1" 404 4386
0:0:0:0:0:0:0:1 - - [02/Feb/2025:21:09:52 +0900] "GET /zerotodeploy HTTP/1.1" 302 -
0:0:0:0:0:0:0:1 - - [02/Feb/2025:21:09:52 +0900] "GET /zerotodeploy/ HTTP/1.1" 200 7874
0:0:0:0:0:0:0:1 - - [02/Feb/2025:21:09:52 +0900] "GET /zerotodeploy/lib/animate/animate.min.css HTTP/1.1" 200 16964
0:0:0:0:0:0:0:1 - - [02/Feb/2025:21:09:52 +0900] "GET /zerotodeploy/lib/owlcarousel/assets/owl.carousel.min.css HTTP/1.1" 200 2941
0:0:0:0:0:0:0:1 - - [02/Feb/2025:21:09:52 +0900] "GET /zerotodeploy/css/bootstrap.min.css HTTP/1.1" 200 164340
0:0:0:0:0:0:0:1 - - [02/Feb/2025:21:09:52 +0900] "GET /zerotodeploy/css/style.css HTTP/1.1" 200 8596
0:0:0:0:0:0:0:1 - - [02/Feb/2025:21:09:52 +0900] "GET /zerotodeploy/lib/wow/wow.js HTTP/1.1" 200 17059
0:0:0:0:0:0:0:1 - - [02/Feb/2025:21:09:52 +0900] "GET /zerotodeploy/lib/easing/easing.min.js HTTP/1.1" 200 2303
0:0:0:0:0:0:0:1 - - [02/Feb/2025:21:09:52 +0900] "GET /zerotodeploy/lib/waypoints/waypoints.min.js HTTP/1.1" 200 9034
0:0:0:0:0:0:0:1 - - [02/Feb/2025:21:09:52 +0900] "GET /zerotodeploy/lib/owlcarousel/owl.carousel.min.js HTTP/1.1" 200 42772
0:0:0:0:0:0:0:1 - - [02/Feb/2025:21:09:52 +0900] "GET /zerotodeploy/js/main.js HTTP/1.1" 200 1803
0:0:0:0:0:0:0:1 - - [02/Feb/2025:21:09:53 +0900] "GET / HTTP/1.1" 404 683
0:0:0:0:0:0:0:1 - - [02/Feb/2025:21:09:53 +0900] "GET /login HTTP/1.1" 404 683
0:0:0:0:0:0:0:1 - - [02/Feb/2025:21:09:54 +0900] "GET /login HTTP/1.1" 404 683
0:0:0:0:0:0:0:1 - - [02/Feb/2025:21:09:55 +0900] "GET / HTTP/1.1" 404 683
0:0:0:0:0:0:0:1 - - [02/Feb/2025:21:09:56 +0900] "GET /zerotodeploy HTTP/1.1" 302 -
0:0:0:0:0:0:0:1 - - [02/Feb/2025:21:09:56 +0900] "GET /zerotodeploy/ HTTP/1.1" 200 7874
0:0:0:0:0:0:0:1 - - [02/Feb/2025:21:09:56 +0900] "GET /zerotodeploy/lib/owlcarousel/assets/owl.carousel.min.css HTTP/1.1" 200 2941
0:0:0:0:0:0:0:1 - - [02/Feb/2025:21:09:56 +0900] "GET /zerotodeploy/lib/animate/animate.min.css HTTP/1.1" 200 16964
0:0:0:0:0:0:0:1 - - [02/Feb/2025:21:09:56 +0900] "GET /zerotodeploy/css/bootstrap.min.css HTTP/1.1" 200 164340
0:0:0:0:0:0:0:1 - - [02/Feb/2025:21:09:56 +0900] "GET /zerotodeploy/css/style.css HTTP/1.1" 200 8596
0:0:0:0:0:0:0:1 - - [02/Feb/2025:21:09:56 +0900] "GET /zerotodeploy/lib/wow/wow.js HTTP/1.1" 200 17059
0:0:0:0:0:0:0:1 - - [02/Feb/2025:21:09:56 +0900] "GET /zerotodeploy/lib/easing/easing.min.js HTTP/1.1" 200 2303
0:0:0:0:0:0:0:1 - - [02/Feb/2025:21:09:56 +0900] "GET /zerotodeploy/lib/waypoints/waypoints.min.js HTTP/1.1" 200 9034
0:0:0:0:0:0:0:1 - - [02/Feb/2025:21:09:56 +0900] "GET /zerotodeploy/lib/owlcarousel/owl.carousel.min.js HTTP/1.1" 200 42772
0:0:0:0:0:0:0:1 - - [02/Feb/2025:21:09:56 +0900] "GET /zerotodeploy/js/main.js HTTP/1.1" 200 1803
0:0:0:0:0:0:0:1 - - [02/Feb/2025:21:09:58 +0900] "GET /zerotodeploy/login HTTP/1.1" 200 7124
0:0:0:0:0:0:0:1 - - [02/Feb/2025:21:09:58 +0900] "GET /zerotodeploy/lib/animate/animate.min.css HTTP/1.1" 200 16964
0:0:0:0:0:0:0:1 - - [02/Feb/2025:21:09:58 +0900] "GET /zerotodeploy/lib/owlcarousel/assets/owl.carousel.min.css HTTP/1.1" 200 2941
0:0:0:0:0:0:0:1 - - [02/Feb/2025:21:09:58 +0900] "GET /zerotodeploy/css/bootstrap.min.css HTTP/1.1" 200 164340
0:0:0:0:0:0:0:1 - - [02/Feb/2025:21:09:58 +0900] "GET /zerotodeploy/lib/waypoints/waypoints.min.js HTTP/1.1" 200 9034
0:0:0:0:0:0:0:1 - - [02/Feb/2025:21:09:58 +0900] "GET /zerotodeploy/css/style.css HTTP/1.1" 200 8596
0:0:0:0:0:0:0:1 - - [02/Feb/2025:21:09:58 +0900] "GET /zerotodeploy/lib/owlcarousel/owl.carousel.min.js HTTP/1.1" 200 42772
0:0:0:0:0:0:0:1 - - [02/Feb/2025:21:09:58 +0900] "GET /zerotodeploy/lib/easing/easing.min.js HTTP/1.1" 200 2303
0:0:0:0:0:0:0:1 - - [02/Feb/2025:21:09:58 +0900] "GET /zerotodeploy/lib/wow/wow.js HTTP/1.1" 200 17059
0:0:0:0:0:0:0:1 - - [02/Feb/2025:21:09:58 +0900] "GET /zerotodeploy/js/main.js HTTP/1.1" 200 1803
0:0:0:0:0:0:0:1 - - [02/Feb/2025:21:56:19 +0900] "GET /zerotodeploy/ HTTP/1.1" 200 7874
0:0:0:0:0:0:0:1 - - [02/Feb/2025:21:56:19 +0900] "GET /zerotodeploy/lib/animate/animate.min.css HTTP/1.1" 200 16964
0:0:0:0:0:0:0:1 - - [02/Feb/2025:21:56:19 +0900] "GET /zerotodeploy/lib/owlcarousel/assets/owl.carousel.min.css HTTP/1.1" 200 2941
0:0:0:0:0:0:0:1 - - [02/Feb/2025:21:56:19 +0900] "GET /zerotodeploy/css/style.css HTTP/1.1" 200 8596
0:0:0:0:0:0:0:1 - - [02/Feb/2025:21:56:19 +0900] "GET /zerotodeploy/lib/easing/easing.min.js HTTP/1.1" 200 2303
0:0:0:0:0:0:0:1 - - [02/Feb/2025:21:56:19 +0900] "GET /zerotodeploy/lib/wow/wow.js HTTP/1.1" 200 17059
0:0:0:0:0:0:0:1 - - [02/Feb/2025:21:56:19 +0900] "GET /zerotodeploy/css/bootstrap.min.css HTTP/1.1" 200 164340
0:0:0:0:0:0:0:1 - - [02/Feb/2025:21:56:19 +0900] "GET /zerotodeploy/lib/waypoints/waypoints.min.js HTTP/1.1" 200 9034
0:0:0:0:0:0:0:1 - - [02/Feb/2025:21:56:19 +0900] "GET /zerotodeploy/lib/owlcarousel/owl.carousel.min.js HTTP/1.1" 200 42772
0:0:0:0:0:0:0:1 - - [02/Feb/2025:21:56:19 +0900] "GET /zerotodeploy/js/main.js HTTP/1.1" 200 1803
