0:0:0:0:0:0:0:1 - - [14/Jan/2025:21:24:12 +0900] "GET / HTTP/1.1" 200 7869
0:0:0:0:0:0:0:1 - - [14/Jan/2025:21:24:12 +0900] "GET /lib/easing/easing.min.js HTTP/1.1" 200 2303
0:0:0:0:0:0:0:1 - - [14/Jan/2025:21:24:12 +0900] "GET /css/style.css HTTP/1.1" 200 8596
0:0:0:0:0:0:0:1 - - [14/Jan/2025:21:24:12 +0900] "GET /lib/wow/wow.js HTTP/1.1" 200 17059
0:0:0:0:0:0:0:1 - - [14/Jan/2025:21:24:12 +0900] "GET /js/main.js HTTP/1.1" 200 1803
0:0:0:0:0:0:0:1 - - [14/Jan/2025:21:24:12 +0900] "GET /lib/owlcarousel/assets/owl.carousel.min.css HTTP/1.1" 200 2941
0:0:0:0:0:0:0:1 - - [14/Jan/2025:21:24:12 +0900] "GET /lib/animate/animate.min.css HTTP/1.1" 200 16964
0:0:0:0:0:0:0:1 - - [14/Jan/2025:21:24:12 +0900] "GET /lib/waypoints/waypoints.min.js HTTP/1.1" 200 9034
0:0:0:0:0:0:0:1 - - [14/Jan/2025:21:24:12 +0900] "GET /css/bootstrap.min.css HTTP/1.1" 200 164340
0:0:0:0:0:0:0:1 - - [14/Jan/2025:21:24:12 +0900] "GET /lib/owlcarousel/owl.carousel.min.js HTTP/1.1" 200 42772
0:0:0:0:0:0:0:1 - - [14/Jan/2025:21:24:12 +0900] "GET /img/favicon.ico HTTP/1.1" 404 4372
0:0:0:0:0:0:0:1 - - [14/Jan/2025:21:24:14 +0900] "GET /login HTTP/1.1" 200 8370
0:0:0:0:0:0:0:1 - - [14/Jan/2025:21:24:14 +0900] "GET /css/style.css HTTP/1.1" 200 8596
0:0:0:0:0:0:0:1 - - [14/Jan/2025:21:24:14 +0900] "GET /lib/owlcarousel/assets/owl.carousel.min.css HTTP/1.1" 200 2941
0:0:0:0:0:0:0:1 - - [14/Jan/2025:21:24:14 +0900] "GET /lib/wow/wow.js HTTP/1.1" 200 17059
0:0:0:0:0:0:0:1 - - [14/Jan/2025:21:24:14 +0900] "GET /lib/easing/easing.min.js HTTP/1.1" 200 2303
0:0:0:0:0:0:0:1 - - [14/Jan/2025:21:24:14 +0900] "GET /lib/animate/animate.min.css HTTP/1.1" 200 16964
0:0:0:0:0:0:0:1 - - [14/Jan/2025:21:24:14 +0900] "GET /css/bootstrap.min.css HTTP/1.1" 200 164340
0:0:0:0:0:0:0:1 - - [14/Jan/2025:21:24:14 +0900] "GET /lib/waypoints/waypoints.min.js HTTP/1.1" 200 9034
0:0:0:0:0:0:0:1 - - [14/Jan/2025:21:24:14 +0900] "GET /js/main.js HTTP/1.1" 200 1803
0:0:0:0:0:0:0:1 - - [14/Jan/2025:21:24:14 +0900] "GET /lib/owlcarousel/owl.carousel.min.js HTTP/1.1" 200 42772
0:0:0:0:0:0:0:1 - - [14/Jan/2025:21:26:38 +0900] "GET /springboot HTTP/1.1" 200 5905
0:0:0:0:0:0:0:1 - - [14/Jan/2025:21:26:38 +0900] "GET /lib/animate/animate.min.css HTTP/1.1" 200 16964
0:0:0:0:0:0:0:1 - - [14/Jan/2025:21:26:38 +0900] "GET /lib/owlcarousel/assets/owl.carousel.min.css HTTP/1.1" 200 2941
0:0:0:0:0:0:0:1 - - [14/Jan/2025:21:26:38 +0900] "GET /css/bootstrap.min.css HTTP/1.1" 200 164340
0:0:0:0:0:0:0:1 - - [14/Jan/2025:21:26:38 +0900] "GET /lib/wow/wow.js HTTP/1.1" 200 17059
0:0:0:0:0:0:0:1 - - [14/Jan/2025:21:26:38 +0900] "GET /lib/waypoints/waypoints.min.js HTTP/1.1" 200 9034
0:0:0:0:0:0:0:1 - - [14/Jan/2025:21:26:38 +0900] "GET /lib/easing/easing.min.js HTTP/1.1" 200 2303
0:0:0:0:0:0:0:1 - - [14/Jan/2025:21:26:38 +0900] "GET /css/style.css HTTP/1.1" 200 8596
0:0:0:0:0:0:0:1 - - [14/Jan/2025:21:26:38 +0900] "GET /lib/owlcarousel/owl.carousel.min.js HTTP/1.1" 200 42772
0:0:0:0:0:0:0:1 - - [14/Jan/2025:21:26:38 +0900] "GET /js/main.js HTTP/1.1" 200 1803
0:0:0:0:0:0:0:1 - - [14/Jan/2025:21:44:42 +0900] "GET /springboot HTTP/1.1" 200 5905
0:0:0:0:0:0:0:1 - - [14/Jan/2025:21:44:42 +0900] "GET /lib/animate/animate.min.css HTTP/1.1" 200 16964
0:0:0:0:0:0:0:1 - - [14/Jan/2025:21:44:42 +0900] "GET /lib/owlcarousel/assets/owl.carousel.min.css HTTP/1.1" 200 2941
0:0:0:0:0:0:0:1 - - [14/Jan/2025:21:44:42 +0900] "GET /lib/easing/easing.min.js HTTP/1.1" 200 2303
0:0:0:0:0:0:0:1 - - [14/Jan/2025:21:44:42 +0900] "GET /css/style.css HTTP/1.1" 200 8596
0:0:0:0:0:0:0:1 - - [14/Jan/2025:21:44:42 +0900] "GET /lib/wow/wow.js HTTP/1.1" 200 17059
0:0:0:0:0:0:0:1 - - [14/Jan/2025:21:44:42 +0900] "GET /lib/waypoints/waypoints.min.js HTTP/1.1" 200 9034
0:0:0:0:0:0:0:1 - - [14/Jan/2025:21:44:42 +0900] "GET /css/bootstrap.min.css HTTP/1.1" 200 164340
0:0:0:0:0:0:0:1 - - [14/Jan/2025:21:44:42 +0900] "GET /js/main.js HTTP/1.1" 200 1803
0:0:0:0:0:0:0:1 - - [14/Jan/2025:21:44:42 +0900] "GET /lib/owlcarousel/owl.carousel.min.js HTTP/1.1" 200 42772
0:0:0:0:0:0:0:1 - - [14/Jan/2025:21:44:43 +0900] "GET /index HTTP/1.1" 404 4407
0:0:0:0:0:0:0:1 - - [14/Jan/2025:21:44:43 +0900] "GET /favicon.ico HTTP/1.1" 404 4360
0:0:0:0:0:0:0:1 - - [14/Jan/2025:21:44:45 +0900] "GET /index HTTP/1.1" 404 4407
0:0:0:0:0:0:0:1 - - [14/Jan/2025:21:44:48 +0900] "GET /index HTTP/1.1" 404 4407
0:0:0:0:0:0:0:1 - - [14/Jan/2025:21:44:48 +0900] "GET /index HTTP/1.1" 404 4407
0:0:0:0:0:0:0:1 - - [14/Jan/2025:21:44:49 +0900] "GET /index HTTP/1.1" 404 4407
0:0:0:0:0:0:0:1 - - [14/Jan/2025:21:44:49 +0900] "GET /index HTTP/1.1" 404 4407
0:0:0:0:0:0:0:1 - - [14/Jan/2025:21:44:50 +0900] "GET / HTTP/1.1" 200 7869
0:0:0:0:0:0:0:1 - - [14/Jan/2025:21:44:50 +0900] "GET /lib/owlcarousel/assets/owl.carousel.min.css HTTP/1.1" 200 2941
0:0:0:0:0:0:0:1 - - [14/Jan/2025:21:44:50 +0900] "GET /lib/animate/animate.min.css HTTP/1.1" 200 16964
0:0:0:0:0:0:0:1 - - [14/Jan/2025:21:44:50 +0900] "GET /css/bootstrap.min.css HTTP/1.1" 200 164340
0:0:0:0:0:0:0:1 - - [14/Jan/2025:21:44:50 +0900] "GET /css/style.css HTTP/1.1" 200 8596
0:0:0:0:0:0:0:1 - - [14/Jan/2025:21:44:50 +0900] "GET /lib/wow/wow.js HTTP/1.1" 200 17059
0:0:0:0:0:0:0:1 - - [14/Jan/2025:21:44:50 +0900] "GET /lib/waypoints/waypoints.min.js HTTP/1.1" 200 9034
0:0:0:0:0:0:0:1 - - [14/Jan/2025:21:44:50 +0900] "GET /lib/easing/easing.min.js HTTP/1.1" 200 2303
0:0:0:0:0:0:0:1 - - [14/Jan/2025:21:44:50 +0900] "GET /lib/owlcarousel/owl.carousel.min.js HTTP/1.1" 200 42772
0:0:0:0:0:0:0:1 - - [14/Jan/2025:21:44:50 +0900] "GET /js/main.js HTTP/1.1" 200 1803
0:0:0:0:0:0:0:1 - - [14/Jan/2025:21:44:52 +0900] "GET /login HTTP/1.1" 200 8372
0:0:0:0:0:0:0:1 - - [14/Jan/2025:21:44:52 +0900] "GET /lib/animate/animate.min.css HTTP/1.1" 200 16964
0:0:0:0:0:0:0:1 - - [14/Jan/2025:21:44:52 +0900] "GET /lib/wow/wow.js HTTP/1.1" 200 17059
0:0:0:0:0:0:0:1 - - [14/Jan/2025:21:44:52 +0900] "GET /lib/easing/easing.min.js HTTP/1.1" 200 2303
0:0:0:0:0:0:0:1 - - [14/Jan/2025:21:44:52 +0900] "GET /lib/owlcarousel/assets/owl.carousel.min.css HTTP/1.1" 200 2941
0:0:0:0:0:0:0:1 - - [14/Jan/2025:21:44:52 +0900] "GET /css/style.css HTTP/1.1" 200 8596
0:0:0:0:0:0:0:1 - - [14/Jan/2025:21:44:52 +0900] "GET /css/bootstrap.min.css HTTP/1.1" 200 164340
0:0:0:0:0:0:0:1 - - [14/Jan/2025:21:44:52 +0900] "GET /lib/waypoints/waypoints.min.js HTTP/1.1" 200 9034
0:0:0:0:0:0:0:1 - - [14/Jan/2025:21:44:52 +0900] "GET /js/main.js HTTP/1.1" 200 1803
0:0:0:0:0:0:0:1 - - [14/Jan/2025:21:44:52 +0900] "GET /lib/owlcarousel/owl.carousel.min.js HTTP/1.1" 200 42772
0:0:0:0:0:0:0:1 - - [14/Jan/2025:21:45:42 +0900] "GET /login HTTP/1.1" 200 8372
0:0:0:0:0:0:0:1 - - [14/Jan/2025:21:45:42 +0900] "GET /lib/animate/animate.min.css HTTP/1.1" 200 16964
0:0:0:0:0:0:0:1 - - [14/Jan/2025:21:45:42 +0900] "GET /lib/owlcarousel/assets/owl.carousel.min.css HTTP/1.1" 200 2941
0:0:0:0:0:0:0:1 - - [14/Jan/2025:21:45:42 +0900] "GET /lib/easing/easing.min.js HTTP/1.1" 200 2303
0:0:0:0:0:0:0:1 - - [14/Jan/2025:21:45:42 +0900] "GET /css/bootstrap.min.css HTTP/1.1" 200 164340
0:0:0:0:0:0:0:1 - - [14/Jan/2025:21:45:42 +0900] "GET /lib/wow/wow.js HTTP/1.1" 200 17059
0:0:0:0:0:0:0:1 - - [14/Jan/2025:21:45:42 +0900] "GET /lib/waypoints/waypoints.min.js HTTP/1.1" 200 9034
0:0:0:0:0:0:0:1 - - [14/Jan/2025:21:45:42 +0900] "GET /css/style.css HTTP/1.1" 200 8596
0:0:0:0:0:0:0:1 - - [14/Jan/2025:21:45:42 +0900] "GET /lib/owlcarousel/owl.carousel.min.js HTTP/1.1" 200 42772
0:0:0:0:0:0:0:1 - - [14/Jan/2025:21:45:42 +0900] "GET /js/main.js HTTP/1.1" 200 1803
0:0:0:0:0:0:0:1 - - [14/Jan/2025:21:45:46 +0900] "GET /login HTTP/1.1" 200 8377
0:0:0:0:0:0:0:1 - - [14/Jan/2025:21:45:46 +0900] "GET /lib/animate/animate.min.css HTTP/1.1" 200 16964
0:0:0:0:0:0:0:1 - - [14/Jan/2025:21:45:46 +0900] "GET /lib/owlcarousel/assets/owl.carousel.min.css HTTP/1.1" 200 2941
0:0:0:0:0:0:0:1 - - [14/Jan/2025:21:45:46 +0900] "GET /lib/waypoints/waypoints.min.js HTTP/1.1" 200 9034
0:0:0:0:0:0:0:1 - - [14/Jan/2025:21:45:46 +0900] "GET /lib/easing/easing.min.js HTTP/1.1" 200 2303
0:0:0:0:0:0:0:1 - - [14/Jan/2025:21:45:46 +0900] "GET /css/style.css HTTP/1.1" 200 8596
0:0:0:0:0:0:0:1 - - [14/Jan/2025:21:45:46 +0900] "GET /lib/wow/wow.js HTTP/1.1" 200 17059
0:0:0:0:0:0:0:1 - - [14/Jan/2025:21:45:46 +0900] "GET /css/bootstrap.min.css HTTP/1.1" 200 164340
0:0:0:0:0:0:0:1 - - [14/Jan/2025:21:45:46 +0900] "GET /lib/owlcarousel/owl.carousel.min.js HTTP/1.1" 200 42772
0:0:0:0:0:0:0:1 - - [14/Jan/2025:21:45:46 +0900] "GET /js/main.js HTTP/1.1" 200 1803
0:0:0:0:0:0:0:1 - - [14/Jan/2025:21:45:46 +0900] "GET /login HTTP/1.1" 200 8377
0:0:0:0:0:0:0:1 - - [14/Jan/2025:21:45:46 +0900] "GET /lib/animate/animate.min.css HTTP/1.1" 200 16964
0:0:0:0:0:0:0:1 - - [14/Jan/2025:21:45:46 +0900] "GET /lib/owlcarousel/assets/owl.carousel.min.css HTTP/1.1" 200 2941
0:0:0:0:0:0:0:1 - - [14/Jan/2025:21:45:46 +0900] "GET /lib/wow/wow.js HTTP/1.1" 200 17059
0:0:0:0:0:0:0:1 - - [14/Jan/2025:21:45:46 +0900] "GET /lib/easing/easing.min.js HTTP/1.1" 200 2303
0:0:0:0:0:0:0:1 - - [14/Jan/2025:21:45:46 +0900] "GET /css/style.css HTTP/1.1" 200 8596
0:0:0:0:0:0:0:1 - - [14/Jan/2025:21:45:46 +0900] "GET /lib/waypoints/waypoints.min.js HTTP/1.1" 200 9034
0:0:0:0:0:0:0:1 - - [14/Jan/2025:21:45:46 +0900] "GET /css/bootstrap.min.css HTTP/1.1" 200 164340
0:0:0:0:0:0:0:1 - - [14/Jan/2025:21:45:46 +0900] "GET /js/main.js HTTP/1.1" 200 1803
0:0:0:0:0:0:0:1 - - [14/Jan/2025:21:45:46 +0900] "GET /lib/owlcarousel/owl.carousel.min.js HTTP/1.1" 200 42772
0:0:0:0:0:0:0:1 - - [14/Jan/2025:21:45:48 +0900] "GET /signUp HTTP/1.1" 404 4409
0:0:0:0:0:0:0:1 - - [14/Jan/2025:21:48:22 +0900] "GET /login HTTP/1.1" 200 8377
0:0:0:0:0:0:0:1 - - [14/Jan/2025:21:48:22 +0900] "GET /lib/animate/animate.min.css HTTP/1.1" 200 16964
0:0:0:0:0:0:0:1 - - [14/Jan/2025:21:48:22 +0900] "GET /lib/owlcarousel/assets/owl.carousel.min.css HTTP/1.1" 200 2941
0:0:0:0:0:0:0:1 - - [14/Jan/2025:21:48:22 +0900] "GET /css/bootstrap.min.css HTTP/1.1" 200 164340
0:0:0:0:0:0:0:1 - - [14/Jan/2025:21:48:22 +0900] "GET /css/style.css HTTP/1.1" 200 8596
0:0:0:0:0:0:0:1 - - [14/Jan/2025:21:48:30 +0900] "GET /login HTTP/1.1" 200 8377
0:0:0:0:0:0:0:1 - - [14/Jan/2025:21:48:30 +0900] "GET /lib/animate/animate.min.css HTTP/1.1" 200 16964
0:0:0:0:0:0:0:1 - - [14/Jan/2025:21:48:30 +0900] "GET /lib/owlcarousel/assets/owl.carousel.min.css HTTP/1.1" 200 2941
0:0:0:0:0:0:0:1 - - [14/Jan/2025:21:48:30 +0900] "GET /css/style.css HTTP/1.1" 200 8596
0:0:0:0:0:0:0:1 - - [14/Jan/2025:21:48:30 +0900] "GET /lib/wow/wow.js HTTP/1.1" 200 17059
0:0:0:0:0:0:0:1 - - [14/Jan/2025:21:48:30 +0900] "GET /lib/waypoints/waypoints.min.js HTTP/1.1" 200 9034
0:0:0:0:0:0:0:1 - - [14/Jan/2025:21:48:30 +0900] "GET /lib/easing/easing.min.js HTTP/1.1" 200 2303
0:0:0:0:0:0:0:1 - - [14/Jan/2025:21:48:30 +0900] "GET /css/bootstrap.min.css HTTP/1.1" 200 164340
0:0:0:0:0:0:0:1 - - [14/Jan/2025:21:48:30 +0900] "GET /lib/owlcarousel/owl.carousel.min.js HTTP/1.1" 200 42772
0:0:0:0:0:0:0:1 - - [14/Jan/2025:21:48:30 +0900] "GET /js/main.js HTTP/1.1" 200 1803
0:0:0:0:0:0:0:1 - - [14/Jan/2025:21:48:32 +0900] "GET /signUp HTTP/1.1" 200 5949
0:0:0:0:0:0:0:1 - - [14/Jan/2025:21:48:32 +0900] "GET /lib/animate/animate.min.css HTTP/1.1" 200 16964
0:0:0:0:0:0:0:1 - - [14/Jan/2025:21:48:32 +0900] "GET /lib/wow/wow.js HTTP/1.1" 200 17059
0:0:0:0:0:0:0:1 - - [14/Jan/2025:21:48:32 +0900] "GET /css/style.css HTTP/1.1" 200 8596
0:0:0:0:0:0:0:1 - - [14/Jan/2025:21:48:32 +0900] "GET /lib/owlcarousel/assets/owl.carousel.min.css HTTP/1.1" 200 2941
0:0:0:0:0:0:0:1 - - [14/Jan/2025:21:48:32 +0900] "GET /lib/easing/easing.min.js HTTP/1.1" 200 2303
0:0:0:0:0:0:0:1 - - [14/Jan/2025:21:48:32 +0900] "GET /css/bootstrap.min.css HTTP/1.1" 200 164340
0:0:0:0:0:0:0:1 - - [14/Jan/2025:21:48:32 +0900] "GET /lib/waypoints/waypoints.min.js HTTP/1.1" 200 9034
0:0:0:0:0:0:0:1 - - [14/Jan/2025:21:48:32 +0900] "GET /js/main.js HTTP/1.1" 200 1803
0:0:0:0:0:0:0:1 - - [14/Jan/2025:21:48:32 +0900] "GET /lib/owlcarousel/owl.carousel.min.js HTTP/1.1" 200 42772
0:0:0:0:0:0:0:1 - - [14/Jan/2025:21:52:24 +0900] "GET /index HTTP/1.1" 404 4407
0:0:0:0:0:0:0:1 - - [14/Jan/2025:21:52:26 +0900] "GET /index HTTP/1.1" 404 4407
0:0:0:0:0:0:0:1 - - [14/Jan/2025:21:53:44 +0900] "GET /index HTTP/1.1" 200 7869
0:0:0:0:0:0:0:1 - - [14/Jan/2025:21:53:44 +0900] "GET /lib/animate/animate.min.css HTTP/1.1" 200 16964
0:0:0:0:0:0:0:1 - - [14/Jan/2025:21:53:44 +0900] "GET /lib/owlcarousel/assets/owl.carousel.min.css HTTP/1.1" 200 2941
0:0:0:0:0:0:0:1 - - [14/Jan/2025:21:53:44 +0900] "GET /css/bootstrap.min.css HTTP/1.1" 200 164340
0:0:0:0:0:0:0:1 - - [14/Jan/2025:21:53:44 +0900] "GET /lib/wow/wow.js HTTP/1.1" 200 17059
0:0:0:0:0:0:0:1 - - [14/Jan/2025:21:53:44 +0900] "GET /css/style.css HTTP/1.1" 200 8596
0:0:0:0:0:0:0:1 - - [14/Jan/2025:21:53:44 +0900] "GET /js/main.js HTTP/1.1" 200 1803
0:0:0:0:0:0:0:1 - - [14/Jan/2025:21:53:44 +0900] "GET /lib/easing/easing.min.js HTTP/1.1" 200 2303
0:0:0:0:0:0:0:1 - - [14/Jan/2025:21:53:44 +0900] "GET /lib/waypoints/waypoints.min.js HTTP/1.1" 200 9034
0:0:0:0:0:0:0:1 - - [14/Jan/2025:21:53:44 +0900] "GET /lib/owlcarousel/owl.carousel.min.js HTTP/1.1" 200 42772
0:0:0:0:0:0:0:1 - - [14/Jan/2025:21:53:46 +0900] "GET /about HTTP/1.1" 200 7962
0:0:0:0:0:0:0:1 - - [14/Jan/2025:21:53:46 +0900] "GET /lib/animate/animate.min.css HTTP/1.1" 200 16964
0:0:0:0:0:0:0:1 - - [14/Jan/2025:21:53:46 +0900] "GET /lib/owlcarousel/assets/owl.carousel.min.css HTTP/1.1" 200 2941
0:0:0:0:0:0:0:1 - - [14/Jan/2025:21:53:46 +0900] "GET /lib/wow/wow.js HTTP/1.1" 200 17059
0:0:0:0:0:0:0:1 - - [14/Jan/2025:21:53:46 +0900] "GET /css/style.css HTTP/1.1" 200 8596
0:0:0:0:0:0:0:1 - - [14/Jan/2025:21:53:46 +0900] "GET /css/bootstrap.min.css HTTP/1.1" 200 164340
0:0:0:0:0:0:0:1 - - [14/Jan/2025:21:53:46 +0900] "GET /lib/easing/easing.min.js HTTP/1.1" 200 2303
0:0:0:0:0:0:0:1 - - [14/Jan/2025:21:53:46 +0900] "GET /lib/waypoints/waypoints.min.js HTTP/1.1" 200 9034
0:0:0:0:0:0:0:1 - - [14/Jan/2025:21:53:46 +0900] "GET /lib/owlcarousel/owl.carousel.min.js HTTP/1.1" 200 42772
0:0:0:0:0:0:0:1 - - [14/Jan/2025:21:53:46 +0900] "GET /js/main.js HTTP/1.1" 200 1803
0:0:0:0:0:0:0:1 - - [14/Jan/2025:21:53:46 +0900] "GET /img/carousel-1.jpg HTTP/1.1" 404 4381
0:0:0:0:0:0:0:1 - - [14/Jan/2025:21:53:47 +0900] "GET /history HTTP/1.1" 200 5508
0:0:0:0:0:0:0:1 - - [14/Jan/2025:21:53:47 +0900] "GET /lib/animate/animate.min.css HTTP/1.1" 200 16964
0:0:0:0:0:0:0:1 - - [14/Jan/2025:21:53:47 +0900] "GET /lib/owlcarousel/assets/owl.carousel.min.css HTTP/1.1" 200 2941
0:0:0:0:0:0:0:1 - - [14/Jan/2025:21:53:47 +0900] "GET /lib/easing/easing.min.js HTTP/1.1" 200 2303
0:0:0:0:0:0:0:1 - - [14/Jan/2025:21:53:47 +0900] "GET /css/style.css HTTP/1.1" 200 8596
0:0:0:0:0:0:0:1 - - [14/Jan/2025:21:53:47 +0900] "GET /lib/wow/wow.js HTTP/1.1" 200 17059
0:0:0:0:0:0:0:1 - - [14/Jan/2025:21:53:47 +0900] "GET /css/bootstrap.min.css HTTP/1.1" 200 164340
0:0:0:0:0:0:0:1 - - [14/Jan/2025:21:53:47 +0900] "GET /lib/waypoints/waypoints.min.js HTTP/1.1" 200 9034
0:0:0:0:0:0:0:1 - - [14/Jan/2025:21:53:47 +0900] "GET /lib/owlcarousel/owl.carousel.min.js HTTP/1.1" 200 42772
0:0:0:0:0:0:0:1 - - [14/Jan/2025:21:53:47 +0900] "GET /js/main.js HTTP/1.1" 200 1803
0:0:0:0:0:0:0:1 - - [14/Jan/2025:21:53:48 +0900] "GET /springboot HTTP/1.1" 200 5905
0:0:0:0:0:0:0:1 - - [14/Jan/2025:21:53:48 +0900] "GET /lib/animate/animate.min.css HTTP/1.1" 200 16964
0:0:0:0:0:0:0:1 - - [14/Jan/2025:21:53:48 +0900] "GET /lib/owlcarousel/assets/owl.carousel.min.css HTTP/1.1" 200 2941
0:0:0:0:0:0:0:1 - - [14/Jan/2025:21:53:48 +0900] "GET /css/style.css HTTP/1.1" 200 8596
0:0:0:0:0:0:0:1 - - [14/Jan/2025:21:53:48 +0900] "GET /lib/waypoints/waypoints.min.js HTTP/1.1" 200 9034
0:0:0:0:0:0:0:1 - - [14/Jan/2025:21:53:48 +0900] "GET /lib/easing/easing.min.js HTTP/1.1" 200 2303
0:0:0:0:0:0:0:1 - - [14/Jan/2025:21:53:48 +0900] "GET /css/bootstrap.min.css HTTP/1.1" 200 164340
0:0:0:0:0:0:0:1 - - [14/Jan/2025:21:53:48 +0900] "GET /lib/wow/wow.js HTTP/1.1" 200 17059
0:0:0:0:0:0:0:1 - - [14/Jan/2025:21:53:48 +0900] "GET /js/main.js HTTP/1.1" 200 1803
0:0:0:0:0:0:0:1 - - [14/Jan/2025:21:53:48 +0900] "GET /lib/owlcarousel/owl.carousel.min.js HTTP/1.1" 200 42772
0:0:0:0:0:0:0:1 - - [14/Jan/2025:21:53:50 +0900] "GET /html HTTP/1.1" 200 5905
0:0:0:0:0:0:0:1 - - [14/Jan/2025:21:53:50 +0900] "GET /lib/animate/animate.min.css HTTP/1.1" 200 16964
0:0:0:0:0:0:0:1 - - [14/Jan/2025:21:53:50 +0900] "GET /lib/owlcarousel/assets/owl.carousel.min.css HTTP/1.1" 200 2941
0:0:0:0:0:0:0:1 - - [14/Jan/2025:21:53:50 +0900] "GET /css/style.css HTTP/1.1" 200 8596
0:0:0:0:0:0:0:1 - - [14/Jan/2025:21:53:50 +0900] "GET /lib/waypoints/waypoints.min.js HTTP/1.1" 200 9034
0:0:0:0:0:0:0:1 - - [14/Jan/2025:21:53:50 +0900] "GET /lib/wow/wow.js HTTP/1.1" 200 17059
0:0:0:0:0:0:0:1 - - [14/Jan/2025:21:53:50 +0900] "GET /lib/easing/easing.min.js HTTP/1.1" 200 2303
0:0:0:0:0:0:0:1 - - [14/Jan/2025:21:53:50 +0900] "GET /css/bootstrap.min.css HTTP/1.1" 200 164340
0:0:0:0:0:0:0:1 - - [14/Jan/2025:21:53:50 +0900] "GET /js/main.js HTTP/1.1" 200 1803
0:0:0:0:0:0:0:1 - - [14/Jan/2025:21:53:50 +0900] "GET /lib/owlcarousel/owl.carousel.min.js HTTP/1.1" 200 42772
0:0:0:0:0:0:0:1 - - [14/Jan/2025:21:53:51 +0900] "GET /html HTTP/1.1" 200 5905
0:0:0:0:0:0:0:1 - - [14/Jan/2025:21:53:51 +0900] "GET /lib/animate/animate.min.css HTTP/1.1" 200 16964
0:0:0:0:0:0:0:1 - - [14/Jan/2025:21:53:51 +0900] "GET /lib/owlcarousel/assets/owl.carousel.min.css HTTP/1.1" 200 2941
0:0:0:0:0:0:0:1 - - [14/Jan/2025:21:53:51 +0900] "GET /css/style.css HTTP/1.1" 200 8596
0:0:0:0:0:0:0:1 - - [14/Jan/2025:21:53:51 +0900] "GET /lib/wow/wow.js HTTP/1.1" 200 17059
0:0:0:0:0:0:0:1 - - [14/Jan/2025:21:53:51 +0900] "GET /lib/easing/easing.min.js HTTP/1.1" 200 2303
0:0:0:0:0:0:0:1 - - [14/Jan/2025:21:53:51 +0900] "GET /css/bootstrap.min.css HTTP/1.1" 200 164340
0:0:0:0:0:0:0:1 - - [14/Jan/2025:21:53:51 +0900] "GET /lib/waypoints/waypoints.min.js HTTP/1.1" 200 9034
0:0:0:0:0:0:0:1 - - [14/Jan/2025:21:53:51 +0900] "GET /lib/owlcarousel/owl.carousel.min.js HTTP/1.1" 200 42772
0:0:0:0:0:0:0:1 - - [14/Jan/2025:21:53:51 +0900] "GET /js/main.js HTTP/1.1" 200 1803
0:0:0:0:0:0:0:1 - - [14/Jan/2025:21:53:52 +0900] "GET /index HTTP/1.1" 200 7869
0:0:0:0:0:0:0:1 - - [14/Jan/2025:21:53:52 +0900] "GET /lib/animate/animate.min.css HTTP/1.1" 200 16964
0:0:0:0:0:0:0:1 - - [14/Jan/2025:21:53:52 +0900] "GET /lib/owlcarousel/assets/owl.carousel.min.css HTTP/1.1" 200 2941
0:0:0:0:0:0:0:1 - - [14/Jan/2025:21:53:52 +0900] "GET /css/style.css HTTP/1.1" 200 8596
0:0:0:0:0:0:0:1 - - [14/Jan/2025:21:53:52 +0900] "GET /lib/easing/easing.min.js HTTP/1.1" 200 2303
0:0:0:0:0:0:0:1 - - [14/Jan/2025:21:53:52 +0900] "GET /css/bootstrap.min.css HTTP/1.1" 200 164340
0:0:0:0:0:0:0:1 - - [14/Jan/2025:21:53:52 +0900] "GET /lib/waypoints/waypoints.min.js HTTP/1.1" 200 9034
0:0:0:0:0:0:0:1 - - [14/Jan/2025:21:53:52 +0900] "GET /lib/wow/wow.js HTTP/1.1" 200 17059
0:0:0:0:0:0:0:1 - - [14/Jan/2025:21:53:52 +0900] "GET /lib/owlcarousel/owl.carousel.min.js HTTP/1.1" 200 42772
0:0:0:0:0:0:0:1 - - [14/Jan/2025:21:53:52 +0900] "GET /js/main.js HTTP/1.1" 200 1803
0:0:0:0:0:0:0:1 - - [14/Jan/2025:21:53:53 +0900] "GET /login HTTP/1.1" 200 8371
0:0:0:0:0:0:0:1 - - [14/Jan/2025:21:53:53 +0900] "GET /lib/animate/animate.min.css HTTP/1.1" 200 16964
0:0:0:0:0:0:0:1 - - [14/Jan/2025:21:53:53 +0900] "GET /lib/easing/easing.min.js HTTP/1.1" 200 2303
0:0:0:0:0:0:0:1 - - [14/Jan/2025:21:53:53 +0900] "GET /css/style.css HTTP/1.1" 200 8596
0:0:0:0:0:0:0:1 - - [14/Jan/2025:21:53:53 +0900] "GET /lib/owlcarousel/assets/owl.carousel.min.css HTTP/1.1" 200 2941
0:0:0:0:0:0:0:1 - - [14/Jan/2025:21:53:53 +0900] "GET /lib/wow/wow.js HTTP/1.1" 200 17059
0:0:0:0:0:0:0:1 - - [14/Jan/2025:21:53:53 +0900] "GET /lib/waypoints/waypoints.min.js HTTP/1.1" 200 9034
0:0:0:0:0:0:0:1 - - [14/Jan/2025:21:53:53 +0900] "GET /css/bootstrap.min.css HTTP/1.1" 200 164340
0:0:0:0:0:0:0:1 - - [14/Jan/2025:21:53:53 +0900] "GET /js/main.js HTTP/1.1" 200 1803
0:0:0:0:0:0:0:1 - - [14/Jan/2025:21:53:53 +0900] "GET /lib/owlcarousel/owl.carousel.min.js HTTP/1.1" 200 42772
0:0:0:0:0:0:0:1 - - [14/Jan/2025:21:55:11 +0900] "GET /l HTTP/1.1" 404 683
0:0:0:0:0:0:0:1 - - [14/Jan/2025:21:55:13 +0900] "GET / HTTP/1.1" 404 683
0:0:0:0:0:0:0:1 - - [14/Jan/2025:21:55:13 +0900] "GET / HTTP/1.1" 404 683
0:0:0:0:0:0:0:1 - - [14/Jan/2025:21:55:15 +0900] "GET / HTTP/1.1" 404 683
0:0:0:0:0:0:0:1 - - [14/Jan/2025:21:55:15 +0900] "GET / HTTP/1.1" 404 683
0:0:0:0:0:0:0:1 - - [14/Jan/2025:21:55:15 +0900] "GET / HTTP/1.1" 404 683
0:0:0:0:0:0:0:1 - - [14/Jan/2025:21:55:16 +0900] "GET / HTTP/1.1" 404 683
0:0:0:0:0:0:0:1 - - [14/Jan/2025:21:55:16 +0900] "GET / HTTP/1.1" 404 683
0:0:0:0:0:0:0:1 - - [14/Jan/2025:21:55:21 +0900] "GET /zerotodeploy HTTP/1.1" 404 683
0:0:0:0:0:0:0:1 - - [14/Jan/2025:21:55:25 +0900] "GET /zerotodeploy HTTP/1.1" 404 683
0:0:0:0:0:0:0:1 - - [14/Jan/2025:21:55:25 +0900] "GET /zerotodeploy HTTP/1.1" 404 683
0:0:0:0:0:0:0:1 - - [14/Jan/2025:21:55:25 +0900] "GET /zerotodeploy HTTP/1.1" 404 683
0:0:0:0:0:0:0:1 - - [14/Jan/2025:21:55:25 +0900] "GET /zerotodeploy HTTP/1.1" 404 683
0:0:0:0:0:0:0:1 - - [14/Jan/2025:21:55:25 +0900] "GET /zerotodeploy HTTP/1.1" 404 683
0:0:0:0:0:0:0:1 - - [14/Jan/2025:21:55:26 +0900] "GET /zerotodeploy HTTP/1.1" 404 683
0:0:0:0:0:0:0:1 - - [14/Jan/2025:21:55:26 +0900] "GET /zerotodeploy HTTP/1.1" 404 683
0:0:0:0:0:0:0:1 - - [14/Jan/2025:21:55:26 +0900] "GET /zerotodeploy HTTP/1.1" 404 683
0:0:0:0:0:0:0:1 - - [14/Jan/2025:21:58:34 +0900] "GET /zerotodeploy HTTP/1.1" 404 683
0:0:0:0:0:0:0:1 - - [14/Jan/2025:21:58:35 +0900] "GET /zerotodeploy HTTP/1.1" 404 683
0:0:0:0:0:0:0:1 - - [14/Jan/2025:21:58:47 +0900] "GET /zerotodeploy HTTP/1.1" 404 683
0:0:0:0:0:0:0:1 - - [14/Jan/2025:21:58:48 +0900] "GET /zerotodeploy HTTP/1.1" 404 683
0:0:0:0:0:0:0:1 - - [14/Jan/2025:21:58:57 +0900] "GET /zerotodeploy HTTP/1.1" 404 683
0:0:0:0:0:0:0:1 - - [14/Jan/2025:21:58:58 +0900] "GET /zerotodeploy HTTP/1.1" 404 683
0:0:0:0:0:0:0:1 - - [14/Jan/2025:21:58:58 +0900] "GET /zerotodeploy HTTP/1.1" 404 683
0:0:0:0:0:0:0:1 - - [14/Jan/2025:21:58:58 +0900] "GET /zerotodeploy HTTP/1.1" 404 683
0:0:0:0:0:0:0:1 - - [14/Jan/2025:21:58:58 +0900] "GET /zerotodeploy HTTP/1.1" 404 683
0:0:0:0:0:0:0:1 - - [14/Jan/2025:21:58:59 +0900] "GET /zerotodeploy HTTP/1.1" 404 683
0:0:0:0:0:0:0:1 - - [14/Jan/2025:22:00:06 +0900] "GET /zerotodeploy HTTP/1.1" 302 -
0:0:0:0:0:0:0:1 - - [14/Jan/2025:22:00:06 +0900] "GET /zerotodeploy/ HTTP/1.1" 200 7869
0:0:0:0:0:0:0:1 - - [14/Jan/2025:22:00:06 +0900] "GET /zerotodeploy/lib/animate/animate.min.css HTTP/1.1" 200 16964
0:0:0:0:0:0:0:1 - - [14/Jan/2025:22:00:06 +0900] "GET /zerotodeploy/css/style.css HTTP/1.1" 200 8596
0:0:0:0:0:0:0:1 - - [14/Jan/2025:22:00:06 +0900] "GET /zerotodeploy/lib/owlcarousel/assets/owl.carousel.min.css HTTP/1.1" 200 2941
0:0:0:0:0:0:0:1 - - [14/Jan/2025:22:00:06 +0900] "GET /zerotodeploy/css/bootstrap.min.css HTTP/1.1" 200 164340
0:0:0:0:0:0:0:1 - - [14/Jan/2025:22:00:06 +0900] "GET /zerotodeploy/lib/easing/easing.min.js HTTP/1.1" 200 2303
0:0:0:0:0:0:0:1 - - [14/Jan/2025:22:00:06 +0900] "GET /zerotodeploy/lib/wow/wow.js HTTP/1.1" 200 17059
0:0:0:0:0:0:0:1 - - [14/Jan/2025:22:00:06 +0900] "GET /zerotodeploy/js/main.js HTTP/1.1" 200 1803
0:0:0:0:0:0:0:1 - - [14/Jan/2025:22:00:06 +0900] "GET /zerotodeploy/lib/waypoints/waypoints.min.js HTTP/1.1" 200 9034
0:0:0:0:0:0:0:1 - - [14/Jan/2025:22:00:06 +0900] "GET /zerotodeploy/lib/owlcarousel/owl.carousel.min.js HTTP/1.1" 200 42772
0:0:0:0:0:0:0:1 - - [14/Jan/2025:22:00:06 +0900] "GET /zerotodeploy/img/favicon.ico HTTP/1.1" 404 4385
0:0:0:0:0:0:0:1 - - [14/Jan/2025:22:00:59 +0900] "GET /zerotodeploy/ HTTP/1.1" 200 7869
0:0:0:0:0:0:0:1 - - [14/Jan/2025:22:00:59 +0900] "GET /zerotodeploy/css/style.css HTTP/1.1" 200 8596
0:0:0:0:0:0:0:1 - - [14/Jan/2025:22:00:59 +0900] "GET /zerotodeploy/lib/easing/easing.min.js HTTP/1.1" 200 2303
0:0:0:0:0:0:0:1 - - [14/Jan/2025:22:00:59 +0900] "GET /zerotodeploy/lib/animate/animate.min.css HTTP/1.1" 200 16964
0:0:0:0:0:0:0:1 - - [14/Jan/2025:22:00:59 +0900] "GET /zerotodeploy/lib/owlcarousel/assets/owl.carousel.min.css HTTP/1.1" 200 2941
0:0:0:0:0:0:0:1 - - [14/Jan/2025:22:00:59 +0900] "GET /zerotodeploy/lib/wow/wow.js HTTP/1.1" 200 17059
0:0:0:0:0:0:0:1 - - [14/Jan/2025:22:00:59 +0900] "GET /zerotodeploy/css/bootstrap.min.css HTTP/1.1" 200 164340
0:0:0:0:0:0:0:1 - - [14/Jan/2025:22:00:59 +0900] "GET /zerotodeploy/lib/waypoints/waypoints.min.js HTTP/1.1" 200 9034
0:0:0:0:0:0:0:1 - - [14/Jan/2025:22:00:59 +0900] "GET /zerotodeploy/js/main.js HTTP/1.1" 200 1803
0:0:0:0:0:0:0:1 - - [14/Jan/2025:22:00:59 +0900] "GET /zerotodeploy/lib/owlcarousel/owl.carousel.min.js HTTP/1.1" 200 42772
0:0:0:0:0:0:0:1 - - [14/Jan/2025:22:01:01 +0900] "GET /zerotodeploy HTTP/1.1" 302 -
0:0:0:0:0:0:0:1 - - [14/Jan/2025:22:01:01 +0900] "GET /zerotodeploy/ HTTP/1.1" 200 7869
0:0:0:0:0:0:0:1 - - [14/Jan/2025:22:01:01 +0900] "GET /zerotodeploy/lib/animate/animate.min.css HTTP/1.1" 200 16964
0:0:0:0:0:0:0:1 - - [14/Jan/2025:22:01:01 +0900] "GET /zerotodeploy/lib/owlcarousel/assets/owl.carousel.min.css HTTP/1.1" 200 2941
0:0:0:0:0:0:0:1 - - [14/Jan/2025:22:01:01 +0900] "GET /zerotodeploy/css/style.css HTTP/1.1" 200 8596
0:0:0:0:0:0:0:1 - - [14/Jan/2025:22:01:01 +0900] "GET /zerotodeploy/lib/easing/easing.min.js HTTP/1.1" 200 2303
0:0:0:0:0:0:0:1 - - [14/Jan/2025:22:01:01 +0900] "GET /zerotodeploy/lib/wow/wow.js HTTP/1.1" 200 17059
0:0:0:0:0:0:0:1 - - [14/Jan/2025:22:01:01 +0900] "GET /zerotodeploy/css/bootstrap.min.css HTTP/1.1" 200 164340
0:0:0:0:0:0:0:1 - - [14/Jan/2025:22:01:01 +0900] "GET /zerotodeploy/lib/waypoints/waypoints.min.js HTTP/1.1" 200 9034
0:0:0:0:0:0:0:1 - - [14/Jan/2025:22:01:01 +0900] "GET /zerotodeploy/lib/owlcarousel/owl.carousel.min.js HTTP/1.1" 200 42772
0:0:0:0:0:0:0:1 - - [14/Jan/2025:22:01:01 +0900] "GET /zerotodeploy/js/main.js HTTP/1.1" 200 1803
0:0:0:0:0:0:0:1 - - [14/Jan/2025:22:01:02 +0900] "GET /zerotodeploy/index HTTP/1.1" 404 4407
0:0:0:0:0:0:0:1 - - [14/Jan/2025:22:01:04 +0900] "GET /zerotodeploy/index HTTP/1.1" 404 4407
0:0:0:0:0:0:0:1 - - [14/Jan/2025:22:31:53 +0900] "GET /zerotodeploy/ HTTP/1.1" 200 7869
0:0:0:0:0:0:0:1 - - [14/Jan/2025:22:31:53 +0900] "GET /zerotodeploy/lib/animate/animate.min.css HTTP/1.1" 200 16964
0:0:0:0:0:0:0:1 - - [14/Jan/2025:22:31:53 +0900] "GET /zerotodeploy/lib/owlcarousel/assets/owl.carousel.min.css HTTP/1.1" 200 2941
0:0:0:0:0:0:0:1 - - [14/Jan/2025:22:31:53 +0900] "GET /zerotodeploy/lib/wow/wow.js HTTP/1.1" 200 17059
0:0:0:0:0:0:0:1 - - [14/Jan/2025:22:31:53 +0900] "GET /zerotodeploy/css/style.css HTTP/1.1" 200 8596
0:0:0:0:0:0:0:1 - - [14/Jan/2025:22:31:53 +0900] "GET /zerotodeploy/lib/easing/easing.min.js HTTP/1.1" 200 2303
0:0:0:0:0:0:0:1 - - [14/Jan/2025:22:31:53 +0900] "GET /zerotodeploy/lib/waypoints/waypoints.min.js HTTP/1.1" 200 9034
0:0:0:0:0:0:0:1 - - [14/Jan/2025:22:31:53 +0900] "GET /zerotodeploy/css/bootstrap.min.css HTTP/1.1" 200 164340
0:0:0:0:0:0:0:1 - - [14/Jan/2025:22:31:53 +0900] "GET /zerotodeploy/lib/owlcarousel/owl.carousel.min.js HTTP/1.1" 200 42772
0:0:0:0:0:0:0:1 - - [14/Jan/2025:22:31:53 +0900] "GET /zerotodeploy/js/main.js HTTP/1.1" 200 1803
