0:0:0:0:0:0:0:1 - - [24/Feb/2025:19:50:54 +0900] "GET /zerotodeploy/ HTTP/1.1" 200 7874
0:0:0:0:0:0:0:1 - - [24/Feb/2025:19:50:54 +0900] "GET /zerotodeploy/lib/easing/easing.min.js HTTP/1.1" 200 2303
0:0:0:0:0:0:0:1 - - [24/Feb/2025:19:50:54 +0900] "GET /zerotodeploy/css/style.css HTTP/1.1" 200 8596
0:0:0:0:0:0:0:1 - - [24/Feb/2025:19:50:54 +0900] "GET /zerotodeploy/lib/owlcarousel/assets/owl.carousel.min.css HTTP/1.1" 200 2941
0:0:0:0:0:0:0:1 - - [24/Feb/2025:19:50:54 +0900] "GET /zerotodeploy/lib/animate/animate.min.css HTTP/1.1" 200 16964
0:0:0:0:0:0:0:1 - - [24/Feb/2025:19:50:54 +0900] "GET /zerotodeploy/lib/wow/wow.js HTTP/1.1" 200 17059
0:0:0:0:0:0:0:1 - - [24/Feb/2025:19:50:54 +0900] "GET /zerotodeploy/css/bootstrap.min.css HTTP/1.1" 200 164340
0:0:0:0:0:0:0:1 - - [24/Feb/2025:19:50:54 +0900] "GET /zerotodeploy/js/main.js HTTP/1.1" 200 1803
0:0:0:0:0:0:0:1 - - [24/Feb/2025:19:50:54 +0900] "GET /zerotodeploy/lib/owlcarousel/owl.carousel.min.js HTTP/1.1" 200 42772
0:0:0:0:0:0:0:1 - - [24/Feb/2025:19:50:54 +0900] "GET /zerotodeploy/lib/waypoints/waypoints.min.js HTTP/1.1" 200 9034
0:0:0:0:0:0:0:1 - - [24/Feb/2025:19:50:54 +0900] "GET /zerotodeploy/img/favicon.ico HTTP/1.1" 404 9873
0:0:0:0:0:0:0:1 - - [24/Feb/2025:19:50:55 +0900] "GET /zerotodeploy/login HTTP/1.1" 200 7124
0:0:0:0:0:0:0:1 - - [24/Feb/2025:19:50:55 +0900] "GET /zerotodeploy/lib/animate/animate.min.css HTTP/1.1" 200 16964
0:0:0:0:0:0:0:1 - - [24/Feb/2025:19:50:55 +0900] "GET /zerotodeploy/lib/owlcarousel/assets/owl.carousel.min.css HTTP/1.1" 200 2941
0:0:0:0:0:0:0:1 - - [24/Feb/2025:19:50:55 +0900] "GET /zerotodeploy/lib/wow/wow.js HTTP/1.1" 200 17059
0:0:0:0:0:0:0:1 - - [24/Feb/2025:19:50:55 +0900] "GET /zerotodeploy/lib/easing/easing.min.js HTTP/1.1" 200 2303
0:0:0:0:0:0:0:1 - - [24/Feb/2025:19:50:55 +0900] "GET /zerotodeploy/css/style.css HTTP/1.1" 200 8596
0:0:0:0:0:0:0:1 - - [24/Feb/2025:19:50:55 +0900] "GET /zerotodeploy/css/bootstrap.min.css HTTP/1.1" 200 164340
0:0:0:0:0:0:0:1 - - [24/Feb/2025:19:50:55 +0900] "GET /zerotodeploy/lib/waypoints/waypoints.min.js HTTP/1.1" 200 9034
0:0:0:0:0:0:0:1 - - [24/Feb/2025:19:50:55 +0900] "GET /zerotodeploy/lib/owlcarousel/owl.carousel.min.js HTTP/1.1" 200 42772
0:0:0:0:0:0:0:1 - - [24/Feb/2025:19:50:55 +0900] "GET /zerotodeploy/js/main.js HTTP/1.1" 200 1803
0:0:0:0:0:0:0:1 - - [24/Feb/2025:19:50:57 +0900] "GET /zerotodeploy/signUp HTTP/1.1" 200 7605
0:0:0:0:0:0:0:1 - - [24/Feb/2025:19:50:57 +0900] "GET /zerotodeploy/lib/animate/animate.min.css HTTP/1.1" 200 16964
0:0:0:0:0:0:0:1 - - [24/Feb/2025:19:50:57 +0900] "GET /zerotodeploy/lib/owlcarousel/assets/owl.carousel.min.css HTTP/1.1" 200 2941
0:0:0:0:0:0:0:1 - - [24/Feb/2025:19:50:57 +0900] "GET /zerotodeploy/lib/wow/wow.js HTTP/1.1" 200 17059
0:0:0:0:0:0:0:1 - - [24/Feb/2025:19:50:57 +0900] "GET /zerotodeploy/lib/easing/easing.min.js HTTP/1.1" 200 2303
0:0:0:0:0:0:0:1 - - [24/Feb/2025:19:50:57 +0900] "GET /zerotodeploy/css/style.css HTTP/1.1" 200 8596
0:0:0:0:0:0:0:1 - - [24/Feb/2025:19:50:57 +0900] "GET /zerotodeploy/css/bootstrap.min.css HTTP/1.1" 200 164340
0:0:0:0:0:0:0:1 - - [24/Feb/2025:19:50:57 +0900] "GET /zerotodeploy/lib/waypoints/waypoints.min.js HTTP/1.1" 200 9034
0:0:0:0:0:0:0:1 - - [24/Feb/2025:19:50:57 +0900] "GET /zerotodeploy/lib/owlcarousel/owl.carousel.min.js HTTP/1.1" 200 42772
0:0:0:0:0:0:0:1 - - [24/Feb/2025:19:50:57 +0900] "GET /zerotodeploy/js/main.js HTTP/1.1" 200 1803
0:0:0:0:0:0:0:1 - - [24/Feb/2025:19:51:17 +0900] "POST /zerotodeploy/signUp HTTP/1.1" 405 10471
0:0:0:0:0:0:0:1 - - [24/Feb/2025:19:51:17 +0900] "GET /favicon.ico HTTP/1.1" 404 683
0:0:0:0:0:0:0:1 - - [24/Feb/2025:22:24:13 +0900] "GET /zerotodeploy/ HTTP/1.1" 200 7874
0:0:0:0:0:0:0:1 - - [24/Feb/2025:22:24:13 +0900] "GET /zerotodeploy/css/bootstrap.min.css HTTP/1.1" 200 164340
0:0:0:0:0:0:0:1 - - [24/Feb/2025:22:24:13 +0900] "GET /zerotodeploy/css/style.css HTTP/1.1" 200 8596
0:0:0:0:0:0:0:1 - - [24/Feb/2025:22:24:13 +0900] "GET /zerotodeploy/lib/wow/wow.js HTTP/1.1" 302 -
0:0:0:0:0:0:0:1 - - [24/Feb/2025:22:24:13 +0900] "GET /zerotodeploy/lib/owlcarousel/assets/owl.carousel.min.css HTTP/1.1" 302 -
0:0:0:0:0:0:0:1 - - [24/Feb/2025:22:24:13 +0900] "GET /zerotodeploy/lib/animate/animate.min.css HTTP/1.1" 302 -
0:0:0:0:0:0:0:1 - - [24/Feb/2025:22:24:13 +0900] "GET /zerotodeploy/login HTTP/1.1" 200 7124
0:0:0:0:0:0:0:1 - - [24/Feb/2025:22:24:13 +0900] "GET /zerotodeploy/lib/easing/easing.min.js HTTP/1.1" 302 -
0:0:0:0:0:0:0:1 - - [24/Feb/2025:22:24:13 +0900] "GET /zerotodeploy/login HTTP/1.1" 200 7124
0:0:0:0:0:0:0:1 - - [24/Feb/2025:22:24:13 +0900] "GET /zerotodeploy/lib/waypoints/waypoints.min.js HTTP/1.1" 302 -
0:0:0:0:0:0:0:1 - - [24/Feb/2025:22:24:13 +0900] "GET /zerotodeploy/login HTTP/1.1" 200 7124
0:0:0:0:0:0:0:1 - - [24/Feb/2025:22:24:13 +0900] "GET /zerotodeploy/lib/owlcarousel/owl.carousel.min.js HTTP/1.1" 302 -
0:0:0:0:0:0:0:1 - - [24/Feb/2025:22:24:13 +0900] "GET /zerotodeploy/login HTTP/1.1" 200 7124
0:0:0:0:0:0:0:1 - - [24/Feb/2025:22:24:13 +0900] "GET /zerotodeploy/js/main.js HTTP/1.1" 200 1803
0:0:0:0:0:0:0:1 - - [24/Feb/2025:22:24:13 +0900] "GET /zerotodeploy/login HTTP/1.1" 200 7124
0:0:0:0:0:0:0:1 - - [24/Feb/2025:22:24:13 +0900] "GET /zerotodeploy/login HTTP/1.1" 200 7124
0:0:0:0:0:0:0:1 - - [24/Feb/2025:22:24:13 +0900] "GET /zerotodeploy/img/favicon.ico HTTP/1.1" 302 -
0:0:0:0:0:0:0:1 - - [24/Feb/2025:22:24:13 +0900] "GET /zerotodeploy/login HTTP/1.1" 200 7124
0:0:0:0:0:0:0:1 - - [24/Feb/2025:22:24:17 +0900] "GET /zerotodeploy/login HTTP/1.1" 200 7124
0:0:0:0:0:0:0:1 - - [24/Feb/2025:22:24:17 +0900] "GET /zerotodeploy/lib/animate/animate.min.css HTTP/1.1" 302 -
0:0:0:0:0:0:0:1 - - [24/Feb/2025:22:24:17 +0900] "GET /zerotodeploy/lib/owlcarousel/assets/owl.carousel.min.css HTTP/1.1" 302 -
0:0:0:0:0:0:0:1 - - [24/Feb/2025:22:24:17 +0900] "GET /zerotodeploy/lib/easing/easing.min.js HTTP/1.1" 302 -
0:0:0:0:0:0:0:1 - - [24/Feb/2025:22:24:17 +0900] "GET /zerotodeploy/lib/wow/wow.js HTTP/1.1" 302 -
0:0:0:0:0:0:0:1 - - [24/Feb/2025:22:24:17 +0900] "GET /zerotodeploy/lib/waypoints/waypoints.min.js HTTP/1.1" 302 -
0:0:0:0:0:0:0:1 - - [24/Feb/2025:22:24:17 +0900] "GET /zerotodeploy/css/bootstrap.min.css HTTP/1.1" 200 164340
0:0:0:0:0:0:0:1 - - [24/Feb/2025:22:24:17 +0900] "GET /zerotodeploy/css/style.css HTTP/1.1" 200 8596
0:0:0:0:0:0:0:1 - - [24/Feb/2025:22:24:17 +0900] "GET /zerotodeploy/lib/owlcarousel/owl.carousel.min.js HTTP/1.1" 302 -
0:0:0:0:0:0:0:1 - - [24/Feb/2025:22:24:17 +0900] "GET /zerotodeploy/js/main.js HTTP/1.1" 200 1803
0:0:0:0:0:0:0:1 - - [24/Feb/2025:22:24:17 +0900] "GET /zerotodeploy/login HTTP/1.1" 200 7124
0:0:0:0:0:0:0:1 - - [24/Feb/2025:22:24:17 +0900] "GET /zerotodeploy/login HTTP/1.1" 200 7124
0:0:0:0:0:0:0:1 - - [24/Feb/2025:22:24:17 +0900] "GET /zerotodeploy/login HTTP/1.1" 200 7124
0:0:0:0:0:0:0:1 - - [24/Feb/2025:22:24:17 +0900] "GET /zerotodeploy/login HTTP/1.1" 200 7124
0:0:0:0:0:0:0:1 - - [24/Feb/2025:22:24:17 +0900] "GET /zerotodeploy/login HTTP/1.1" 200 7124
0:0:0:0:0:0:0:1 - - [24/Feb/2025:22:24:17 +0900] "GET /zerotodeploy/login HTTP/1.1" 200 7124
0:0:0:0:0:0:0:1 - - [24/Feb/2025:22:24:17 +0900] "GET /zerotodeploy/img/favicon.ico HTTP/1.1" 302 -
0:0:0:0:0:0:0:1 - - [24/Feb/2025:22:24:17 +0900] "GET /zerotodeploy/login HTTP/1.1" 200 7124
0:0:0:0:0:0:0:1 - - [24/Feb/2025:22:24:19 +0900] "GET /zerotodeploy/signUp HTTP/1.1" 302 -
0:0:0:0:0:0:0:1 - - [24/Feb/2025:22:24:19 +0900] "GET /zerotodeploy/login HTTP/1.1" 200 7124
0:0:0:0:0:0:0:1 - - [24/Feb/2025:22:24:19 +0900] "GET /zerotodeploy/lib/animate/animate.min.css HTTP/1.1" 302 -
0:0:0:0:0:0:0:1 - - [24/Feb/2025:22:24:19 +0900] "GET /zerotodeploy/lib/easing/easing.min.js HTTP/1.1" 302 -
0:0:0:0:0:0:0:1 - - [24/Feb/2025:22:24:19 +0900] "GET /zerotodeploy/lib/owlcarousel/assets/owl.carousel.min.css HTTP/1.1" 302 -
0:0:0:0:0:0:0:1 - - [24/Feb/2025:22:24:19 +0900] "GET /zerotodeploy/lib/wow/wow.js HTTP/1.1" 302 -
0:0:0:0:0:0:0:1 - - [24/Feb/2025:22:24:19 +0900] "GET /zerotodeploy/css/style.css HTTP/1.1" 200 8596
0:0:0:0:0:0:0:1 - - [24/Feb/2025:22:24:19 +0900] "GET /zerotodeploy/css/bootstrap.min.css HTTP/1.1" 200 164340
0:0:0:0:0:0:0:1 - - [24/Feb/2025:22:24:19 +0900] "GET /zerotodeploy/lib/waypoints/waypoints.min.js HTTP/1.1" 302 -
0:0:0:0:0:0:0:1 - - [24/Feb/2025:22:24:19 +0900] "GET /zerotodeploy/lib/owlcarousel/owl.carousel.min.js HTTP/1.1" 302 -
0:0:0:0:0:0:0:1 - - [24/Feb/2025:22:24:19 +0900] "GET /zerotodeploy/js/main.js HTTP/1.1" 200 1803
0:0:0:0:0:0:0:1 - - [24/Feb/2025:22:24:19 +0900] "GET /zerotodeploy/login HTTP/1.1" 200 7124
0:0:0:0:0:0:0:1 - - [24/Feb/2025:22:24:19 +0900] "GET /zerotodeploy/login HTTP/1.1" 200 7124
0:0:0:0:0:0:0:1 - - [24/Feb/2025:22:24:19 +0900] "GET /zerotodeploy/login HTTP/1.1" 200 7124
0:0:0:0:0:0:0:1 - - [24/Feb/2025:22:24:19 +0900] "GET /zerotodeploy/login HTTP/1.1" 200 7124
0:0:0:0:0:0:0:1 - - [24/Feb/2025:22:24:19 +0900] "GET /zerotodeploy/login HTTP/1.1" 200 7124
0:0:0:0:0:0:0:1 - - [24/Feb/2025:22:24:19 +0900] "GET /zerotodeploy/login HTTP/1.1" 200 7124
0:0:0:0:0:0:0:1 - - [24/Feb/2025:22:24:19 +0900] "GET /zerotodeploy/img/favicon.ico HTTP/1.1" 302 -
0:0:0:0:0:0:0:1 - - [24/Feb/2025:22:24:19 +0900] "GET /zerotodeploy/login HTTP/1.1" 200 7124
0:0:0:0:0:0:0:1 - - [24/Feb/2025:22:24:22 +0900] "GET /zerotodeploy/signUp HTTP/1.1" 302 -
0:0:0:0:0:0:0:1 - - [24/Feb/2025:22:24:22 +0900] "GET /zerotodeploy/login HTTP/1.1" 200 7124
0:0:0:0:0:0:0:1 - - [24/Feb/2025:22:24:22 +0900] "GET /zerotodeploy/lib/animate/animate.min.css HTTP/1.1" 302 -
0:0:0:0:0:0:0:1 - - [24/Feb/2025:22:24:22 +0900] "GET /zerotodeploy/lib/easing/easing.min.js HTTP/1.1" 302 -
0:0:0:0:0:0:0:1 - - [24/Feb/2025:22:24:22 +0900] "GET /zerotodeploy/lib/owlcarousel/assets/owl.carousel.min.css HTTP/1.1" 302 -
0:0:0:0:0:0:0:1 - - [24/Feb/2025:22:24:22 +0900] "GET /zerotodeploy/lib/wow/wow.js HTTP/1.1" 302 -
0:0:0:0:0:0:0:1 - - [24/Feb/2025:22:24:22 +0900] "GET /zerotodeploy/css/style.css HTTP/1.1" 200 8596
0:0:0:0:0:0:0:1 - - [24/Feb/2025:22:24:22 +0900] "GET /zerotodeploy/css/bootstrap.min.css HTTP/1.1" 200 164340
0:0:0:0:0:0:0:1 - - [24/Feb/2025:22:24:22 +0900] "GET /zerotodeploy/lib/waypoints/waypoints.min.js HTTP/1.1" 302 -
0:0:0:0:0:0:0:1 - - [24/Feb/2025:22:24:22 +0900] "GET /zerotodeploy/lib/owlcarousel/owl.carousel.min.js HTTP/1.1" 302 -
0:0:0:0:0:0:0:1 - - [24/Feb/2025:22:24:22 +0900] "GET /zerotodeploy/js/main.js HTTP/1.1" 200 1803
0:0:0:0:0:0:0:1 - - [24/Feb/2025:22:24:22 +0900] "GET /zerotodeploy/login HTTP/1.1" 200 7124
0:0:0:0:0:0:0:1 - - [24/Feb/2025:22:24:22 +0900] "GET /zerotodeploy/login HTTP/1.1" 200 7124
0:0:0:0:0:0:0:1 - - [24/Feb/2025:22:24:22 +0900] "GET /zerotodeploy/login HTTP/1.1" 200 7124
0:0:0:0:0:0:0:1 - - [24/Feb/2025:22:24:22 +0900] "GET /zerotodeploy/login HTTP/1.1" 200 7124
0:0:0:0:0:0:0:1 - - [24/Feb/2025:22:24:22 +0900] "GET /zerotodeploy/login HTTP/1.1" 200 7124
0:0:0:0:0:0:0:1 - - [24/Feb/2025:22:24:22 +0900] "GET /zerotodeploy/login HTTP/1.1" 200 7124
0:0:0:0:0:0:0:1 - - [24/Feb/2025:22:24:22 +0900] "GET /zerotodeploy/img/favicon.ico HTTP/1.1" 302 -
0:0:0:0:0:0:0:1 - - [24/Feb/2025:22:24:22 +0900] "GET /zerotodeploy/login HTTP/1.1" 200 7124
0:0:0:0:0:0:0:1 - - [24/Feb/2025:22:24:24 +0900] "GET /zerotodeploy/signUp HTTP/1.1" 302 -
0:0:0:0:0:0:0:1 - - [24/Feb/2025:22:24:24 +0900] "GET /zerotodeploy/login HTTP/1.1" 200 7124
0:0:0:0:0:0:0:1 - - [24/Feb/2025:22:24:24 +0900] "GET /zerotodeploy/lib/animate/animate.min.css HTTP/1.1" 302 -
0:0:0:0:0:0:0:1 - - [24/Feb/2025:22:24:24 +0900] "GET /zerotodeploy/lib/easing/easing.min.js HTTP/1.1" 302 -
0:0:0:0:0:0:0:1 - - [24/Feb/2025:22:24:24 +0900] "GET /zerotodeploy/lib/wow/wow.js HTTP/1.1" 302 -
0:0:0:0:0:0:0:1 - - [24/Feb/2025:22:24:24 +0900] "GET /zerotodeploy/lib/owlcarousel/assets/owl.carousel.min.css HTTP/1.1" 302 -
0:0:0:0:0:0:0:1 - - [24/Feb/2025:22:24:24 +0900] "GET /zerotodeploy/css/style.css HTTP/1.1" 200 8596
0:0:0:0:0:0:0:1 - - [24/Feb/2025:22:24:24 +0900] "GET /zerotodeploy/css/bootstrap.min.css HTTP/1.1" 200 164340
0:0:0:0:0:0:0:1 - - [24/Feb/2025:22:24:24 +0900] "GET /zerotodeploy/lib/waypoints/waypoints.min.js HTTP/1.1" 302 -
0:0:0:0:0:0:0:1 - - [24/Feb/2025:22:24:24 +0900] "GET /zerotodeploy/lib/owlcarousel/owl.carousel.min.js HTTP/1.1" 302 -
0:0:0:0:0:0:0:1 - - [24/Feb/2025:22:24:24 +0900] "GET /zerotodeploy/js/main.js HTTP/1.1" 200 1803
0:0:0:0:0:0:0:1 - - [24/Feb/2025:22:24:24 +0900] "GET /zerotodeploy/login HTTP/1.1" 200 7124
0:0:0:0:0:0:0:1 - - [24/Feb/2025:22:24:24 +0900] "GET /zerotodeploy/login HTTP/1.1" 200 7124
0:0:0:0:0:0:0:1 - - [24/Feb/2025:22:24:24 +0900] "GET /zerotodeploy/login HTTP/1.1" 200 7124
0:0:0:0:0:0:0:1 - - [24/Feb/2025:22:24:24 +0900] "GET /zerotodeploy/login HTTP/1.1" 200 7124
0:0:0:0:0:0:0:1 - - [24/Feb/2025:22:24:24 +0900] "GET /zerotodeploy/login HTTP/1.1" 200 7124
0:0:0:0:0:0:0:1 - - [24/Feb/2025:22:24:24 +0900] "GET /zerotodeploy/login HTTP/1.1" 200 7124
0:0:0:0:0:0:0:1 - - [24/Feb/2025:22:24:24 +0900] "GET /zerotodeploy/img/favicon.ico HTTP/1.1" 302 -
0:0:0:0:0:0:0:1 - - [24/Feb/2025:22:24:24 +0900] "GET /zerotodeploy/login HTTP/1.1" 200 7124
0:0:0:0:0:0:0:1 - - [24/Feb/2025:22:24:25 +0900] "GET /zerotodeploy/signUp HTTP/1.1" 302 -
0:0:0:0:0:0:0:1 - - [24/Feb/2025:22:24:25 +0900] "GET /zerotodeploy/login HTTP/1.1" 200 7124
0:0:0:0:0:0:0:1 - - [24/Feb/2025:22:24:25 +0900] "GET /zerotodeploy/lib/animate/animate.min.css HTTP/1.1" 302 -
0:0:0:0:0:0:0:1 - - [24/Feb/2025:22:24:25 +0900] "GET /zerotodeploy/lib/owlcarousel/assets/owl.carousel.min.css HTTP/1.1" 302 -
0:0:0:0:0:0:0:1 - - [24/Feb/2025:22:24:25 +0900] "GET /zerotodeploy/lib/wow/wow.js HTTP/1.1" 302 -
0:0:0:0:0:0:0:1 - - [24/Feb/2025:22:24:25 +0900] "GET /zerotodeploy/lib/easing/easing.min.js HTTP/1.1" 302 -
0:0:0:0:0:0:0:1 - - [24/Feb/2025:22:24:25 +0900] "GET /zerotodeploy/css/style.css HTTP/1.1" 200 8596
0:0:0:0:0:0:0:1 - - [24/Feb/2025:22:24:25 +0900] "GET /zerotodeploy/css/bootstrap.min.css HTTP/1.1" 200 164340
0:0:0:0:0:0:0:1 - - [24/Feb/2025:22:24:25 +0900] "GET /zerotodeploy/lib/owlcarousel/owl.carousel.min.js HTTP/1.1" 302 -
0:0:0:0:0:0:0:1 - - [24/Feb/2025:22:24:25 +0900] "GET /zerotodeploy/lib/waypoints/waypoints.min.js HTTP/1.1" 302 -
0:0:0:0:0:0:0:1 - - [24/Feb/2025:22:24:25 +0900] "GET /zerotodeploy/js/main.js HTTP/1.1" 200 1803
0:0:0:0:0:0:0:1 - - [24/Feb/2025:22:24:25 +0900] "GET /zerotodeploy/login HTTP/1.1" 200 7124
0:0:0:0:0:0:0:1 - - [24/Feb/2025:22:24:25 +0900] "GET /zerotodeploy/login HTTP/1.1" 200 7124
0:0:0:0:0:0:0:1 - - [24/Feb/2025:22:24:25 +0900] "GET /zerotodeploy/login HTTP/1.1" 200 7124
0:0:0:0:0:0:0:1 - - [24/Feb/2025:22:24:25 +0900] "GET /zerotodeploy/login HTTP/1.1" 200 7124
0:0:0:0:0:0:0:1 - - [24/Feb/2025:22:24:25 +0900] "GET /zerotodeploy/login HTTP/1.1" 200 7124
0:0:0:0:0:0:0:1 - - [24/Feb/2025:22:24:25 +0900] "GET /zerotodeploy/login HTTP/1.1" 200 7124
0:0:0:0:0:0:0:1 - - [24/Feb/2025:22:24:25 +0900] "GET /zerotodeploy/img/favicon.ico HTTP/1.1" 302 -
0:0:0:0:0:0:0:1 - - [24/Feb/2025:22:24:25 +0900] "GET /zerotodeploy/login HTTP/1.1" 200 7124
0:0:0:0:0:0:0:1 - - [24/Feb/2025:22:24:25 +0900] "GET /zerotodeploy/signUp HTTP/1.1" 302 -
0:0:0:0:0:0:0:1 - - [24/Feb/2025:22:24:25 +0900] "GET /zerotodeploy/login HTTP/1.1" 200 7124
0:0:0:0:0:0:0:1 - - [24/Feb/2025:22:24:25 +0900] "GET /zerotodeploy/lib/animate/animate.min.css HTTP/1.1" 302 -
0:0:0:0:0:0:0:1 - - [24/Feb/2025:22:24:25 +0900] "GET /zerotodeploy/lib/easing/easing.min.js HTTP/1.1" 302 -
0:0:0:0:0:0:0:1 - - [24/Feb/2025:22:24:25 +0900] "GET /zerotodeploy/lib/owlcarousel/assets/owl.carousel.min.css HTTP/1.1" 302 -
0:0:0:0:0:0:0:1 - - [24/Feb/2025:22:24:25 +0900] "GET /zerotodeploy/lib/wow/wow.js HTTP/1.1" 302 -
0:0:0:0:0:0:0:1 - - [24/Feb/2025:22:24:25 +0900] "GET /zerotodeploy/css/style.css HTTP/1.1" 200 8596
0:0:0:0:0:0:0:1 - - [24/Feb/2025:22:24:25 +0900] "GET /zerotodeploy/css/bootstrap.min.css HTTP/1.1" 200 164340
0:0:0:0:0:0:0:1 - - [24/Feb/2025:22:24:25 +0900] "GET /zerotodeploy/lib/waypoints/waypoints.min.js HTTP/1.1" 302 -
0:0:0:0:0:0:0:1 - - [24/Feb/2025:22:24:25 +0900] "GET /zerotodeploy/lib/owlcarousel/owl.carousel.min.js HTTP/1.1" 302 -
0:0:0:0:0:0:0:1 - - [24/Feb/2025:22:24:25 +0900] "GET /zerotodeploy/js/main.js HTTP/1.1" 200 1803
0:0:0:0:0:0:0:1 - - [24/Feb/2025:22:24:25 +0900] "GET /zerotodeploy/login HTTP/1.1" 200 7124
0:0:0:0:0:0:0:1 - - [24/Feb/2025:22:24:25 +0900] "GET /zerotodeploy/login HTTP/1.1" 200 7124
0:0:0:0:0:0:0:1 - - [24/Feb/2025:22:24:25 +0900] "GET /zerotodeploy/login HTTP/1.1" 200 7124
0:0:0:0:0:0:0:1 - - [24/Feb/2025:22:24:25 +0900] "GET /zerotodeploy/login HTTP/1.1" 200 7124
0:0:0:0:0:0:0:1 - - [24/Feb/2025:22:24:25 +0900] "GET /zerotodeploy/login HTTP/1.1" 200 7124
0:0:0:0:0:0:0:1 - - [24/Feb/2025:22:24:25 +0900] "GET /zerotodeploy/login HTTP/1.1" 200 7124
0:0:0:0:0:0:0:1 - - [24/Feb/2025:22:24:25 +0900] "GET /zerotodeploy/img/favicon.ico HTTP/1.1" 302 -
0:0:0:0:0:0:0:1 - - [24/Feb/2025:22:24:25 +0900] "GET /zerotodeploy/login HTTP/1.1" 200 7124
0:0:0:0:0:0:0:1 - - [24/Feb/2025:22:24:26 +0900] "GET /zerotodeploy/signUp HTTP/1.1" 302 -
0:0:0:0:0:0:0:1 - - [24/Feb/2025:22:24:26 +0900] "GET /zerotodeploy/login HTTP/1.1" 200 7124
0:0:0:0:0:0:0:1 - - [24/Feb/2025:22:24:26 +0900] "GET /zerotodeploy/lib/animate/animate.min.css HTTP/1.1" 302 -
0:0:0:0:0:0:0:1 - - [24/Feb/2025:22:24:26 +0900] "GET /zerotodeploy/lib/owlcarousel/assets/owl.carousel.min.css HTTP/1.1" 302 -
0:0:0:0:0:0:0:1 - - [24/Feb/2025:22:24:26 +0900] "GET /zerotodeploy/lib/easing/easing.min.js HTTP/1.1" 302 -
0:0:0:0:0:0:0:1 - - [24/Feb/2025:22:24:26 +0900] "GET /zerotodeploy/lib/wow/wow.js HTTP/1.1" 302 -
0:0:0:0:0:0:0:1 - - [24/Feb/2025:22:24:26 +0900] "GET /zerotodeploy/css/style.css HTTP/1.1" 200 8596
0:0:0:0:0:0:0:1 - - [24/Feb/2025:22:24:26 +0900] "GET /zerotodeploy/css/bootstrap.min.css HTTP/1.1" 200 164340
0:0:0:0:0:0:0:1 - - [24/Feb/2025:22:24:26 +0900] "GET /zerotodeploy/lib/owlcarousel/owl.carousel.min.js HTTP/1.1" 302 -
0:0:0:0:0:0:0:1 - - [24/Feb/2025:22:24:26 +0900] "GET /zerotodeploy/lib/waypoints/waypoints.min.js HTTP/1.1" 302 -
0:0:0:0:0:0:0:1 - - [24/Feb/2025:22:24:26 +0900] "GET /zerotodeploy/js/main.js HTTP/1.1" 200 1803
0:0:0:0:0:0:0:1 - - [24/Feb/2025:22:24:26 +0900] "GET /zerotodeploy/login HTTP/1.1" 200 7124
0:0:0:0:0:0:0:1 - - [24/Feb/2025:22:24:26 +0900] "GET /zerotodeploy/login HTTP/1.1" 200 7124
0:0:0:0:0:0:0:1 - - [24/Feb/2025:22:24:26 +0900] "GET /zerotodeploy/login HTTP/1.1" 200 7124
0:0:0:0:0:0:0:1 - - [24/Feb/2025:22:24:26 +0900] "GET /zerotodeploy/login HTTP/1.1" 200 7124
0:0:0:0:0:0:0:1 - - [24/Feb/2025:22:24:26 +0900] "GET /zerotodeploy/login HTTP/1.1" 200 7124
0:0:0:0:0:0:0:1 - - [24/Feb/2025:22:24:26 +0900] "GET /zerotodeploy/login HTTP/1.1" 200 7124
0:0:0:0:0:0:0:1 - - [24/Feb/2025:22:24:26 +0900] "GET /zerotodeploy/img/favicon.ico HTTP/1.1" 302 -
0:0:0:0:0:0:0:1 - - [24/Feb/2025:22:24:26 +0900] "GET /zerotodeploy/login HTTP/1.1" 200 7124
0:0:0:0:0:0:0:1 - - [24/Feb/2025:22:25:53 +0900] "GET /zerotodeploy/login HTTP/1.1" 200 7124
0:0:0:0:0:0:0:1 - - [24/Feb/2025:22:25:53 +0900] "GET /zerotodeploy/lib/animate/animate.min.css HTTP/1.1" 200 16964
0:0:0:0:0:0:0:1 - - [24/Feb/2025:22:25:53 +0900] "GET /zerotodeploy/lib/owlcarousel/assets/owl.carousel.min.css HTTP/1.1" 200 2941
0:0:0:0:0:0:0:1 - - [24/Feb/2025:22:25:53 +0900] "GET /zerotodeploy/css/style.css HTTP/1.1" 200 8596
0:0:0:0:0:0:0:1 - - [24/Feb/2025:22:25:53 +0900] "GET /zerotodeploy/lib/easing/easing.min.js HTTP/1.1" 200 2303
0:0:0:0:0:0:0:1 - - [24/Feb/2025:22:25:53 +0900] "GET /zerotodeploy/css/bootstrap.min.css HTTP/1.1" 200 164340
0:0:0:0:0:0:0:1 - - [24/Feb/2025:22:25:53 +0900] "GET /zerotodeploy/lib/wow/wow.js HTTP/1.1" 200 17059
0:0:0:0:0:0:0:1 - - [24/Feb/2025:22:25:53 +0900] "GET /zerotodeploy/lib/waypoints/waypoints.min.js HTTP/1.1" 200 9034
0:0:0:0:0:0:0:1 - - [24/Feb/2025:22:25:53 +0900] "GET /zerotodeploy/lib/owlcarousel/owl.carousel.min.js HTTP/1.1" 200 42772
0:0:0:0:0:0:0:1 - - [24/Feb/2025:22:25:53 +0900] "GET /zerotodeploy/js/main.js HTTP/1.1" 200 1803
0:0:0:0:0:0:0:1 - - [24/Feb/2025:22:25:53 +0900] "GET /zerotodeploy/img/favicon.ico HTTP/1.1" 404 9873
0:0:0:0:0:0:0:1 - - [24/Feb/2025:22:25:54 +0900] "GET /zerotodeploy/login HTTP/1.1" 200 7124
0:0:0:0:0:0:0:1 - - [24/Feb/2025:22:25:54 +0900] "GET /zerotodeploy/lib/animate/animate.min.css HTTP/1.1" 200 16964
0:0:0:0:0:0:0:1 - - [24/Feb/2025:22:25:54 +0900] "GET /zerotodeploy/lib/owlcarousel/assets/owl.carousel.min.css HTTP/1.1" 200 2941
0:0:0:0:0:0:0:1 - - [24/Feb/2025:22:25:54 +0900] "GET /zerotodeploy/lib/wow/wow.js HTTP/1.1" 200 17059
0:0:0:0:0:0:0:1 - - [24/Feb/2025:22:25:54 +0900] "GET /zerotodeploy/lib/easing/easing.min.js HTTP/1.1" 200 2303
0:0:0:0:0:0:0:1 - - [24/Feb/2025:22:25:54 +0900] "GET /zerotodeploy/css/bootstrap.min.css HTTP/1.1" 200 164340
0:0:0:0:0:0:0:1 - - [24/Feb/2025:22:25:54 +0900] "GET /zerotodeploy/css/style.css HTTP/1.1" 200 8596
0:0:0:0:0:0:0:1 - - [24/Feb/2025:22:25:54 +0900] "GET /zerotodeploy/lib/waypoints/waypoints.min.js HTTP/1.1" 200 9034
0:0:0:0:0:0:0:1 - - [24/Feb/2025:22:25:54 +0900] "GET /zerotodeploy/lib/owlcarousel/owl.carousel.min.js HTTP/1.1" 200 42772
0:0:0:0:0:0:0:1 - - [24/Feb/2025:22:25:54 +0900] "GET /zerotodeploy/js/main.js HTTP/1.1" 200 1803
0:0:0:0:0:0:0:1 - - [24/Feb/2025:22:25:56 +0900] "GET /zerotodeploy/ HTTP/1.1" 200 7874
0:0:0:0:0:0:0:1 - - [24/Feb/2025:22:25:56 +0900] "GET /zerotodeploy/lib/animate/animate.min.css HTTP/1.1" 200 16964
0:0:0:0:0:0:0:1 - - [24/Feb/2025:22:25:56 +0900] "GET /zerotodeploy/lib/wow/wow.js HTTP/1.1" 200 17059
0:0:0:0:0:0:0:1 - - [24/Feb/2025:22:25:56 +0900] "GET /zerotodeploy/lib/easing/easing.min.js HTTP/1.1" 200 2303
0:0:0:0:0:0:0:1 - - [24/Feb/2025:22:25:56 +0900] "GET /zerotodeploy/lib/owlcarousel/assets/owl.carousel.min.css HTTP/1.1" 200 2941
0:0:0:0:0:0:0:1 - - [24/Feb/2025:22:25:56 +0900] "GET /zerotodeploy/css/style.css HTTP/1.1" 200 8596
0:0:0:0:0:0:0:1 - - [24/Feb/2025:22:25:56 +0900] "GET /zerotodeploy/lib/waypoints/waypoints.min.js HTTP/1.1" 200 9034
0:0:0:0:0:0:0:1 - - [24/Feb/2025:22:25:56 +0900] "GET /zerotodeploy/css/bootstrap.min.css HTTP/1.1" 200 164340
0:0:0:0:0:0:0:1 - - [24/Feb/2025:22:25:56 +0900] "GET /zerotodeploy/lib/owlcarousel/owl.carousel.min.js HTTP/1.1" 200 42772
0:0:0:0:0:0:0:1 - - [24/Feb/2025:22:25:56 +0900] "GET /zerotodeploy/js/main.js HTTP/1.1" 200 1803
0:0:0:0:0:0:0:1 - - [24/Feb/2025:22:25:57 +0900] "GET /zerotodeploy/login HTTP/1.1" 200 7124
0:0:0:0:0:0:0:1 - - [24/Feb/2025:22:25:57 +0900] "GET /zerotodeploy/lib/animate/animate.min.css HTTP/1.1" 200 16964
0:0:0:0:0:0:0:1 - - [24/Feb/2025:22:25:57 +0900] "GET /zerotodeploy/lib/owlcarousel/assets/owl.carousel.min.css HTTP/1.1" 200 2941
0:0:0:0:0:0:0:1 - - [24/Feb/2025:22:25:57 +0900] "GET /zerotodeploy/css/style.css HTTP/1.1" 200 8596
0:0:0:0:0:0:0:1 - - [24/Feb/2025:22:25:57 +0900] "GET /zerotodeploy/lib/wow/wow.js HTTP/1.1" 200 17059
0:0:0:0:0:0:0:1 - - [24/Feb/2025:22:25:57 +0900] "GET /zerotodeploy/lib/easing/easing.min.js HTTP/1.1" 200 2303
0:0:0:0:0:0:0:1 - - [24/Feb/2025:22:25:57 +0900] "GET /zerotodeploy/css/bootstrap.min.css HTTP/1.1" 200 164340
0:0:0:0:0:0:0:1 - - [24/Feb/2025:22:25:57 +0900] "GET /zerotodeploy/lib/waypoints/waypoints.min.js HTTP/1.1" 200 9034
0:0:0:0:0:0:0:1 - - [24/Feb/2025:22:25:57 +0900] "GET /zerotodeploy/js/main.js HTTP/1.1" 200 1803
0:0:0:0:0:0:0:1 - - [24/Feb/2025:22:25:57 +0900] "GET /zerotodeploy/lib/owlcarousel/owl.carousel.min.js HTTP/1.1" 200 42772
0:0:0:0:0:0:0:1 - - [24/Feb/2025:22:25:59 +0900] "GET /zerotodeploy/signUp HTTP/1.1" 200 7605
0:0:0:0:0:0:0:1 - - [24/Feb/2025:22:25:59 +0900] "GET /zerotodeploy/lib/animate/animate.min.css HTTP/1.1" 200 16964
0:0:0:0:0:0:0:1 - - [24/Feb/2025:22:25:59 +0900] "GET /zerotodeploy/lib/owlcarousel/assets/owl.carousel.min.css HTTP/1.1" 200 2941
0:0:0:0:0:0:0:1 - - [24/Feb/2025:22:25:59 +0900] "GET /zerotodeploy/lib/wow/wow.js HTTP/1.1" 200 17059
0:0:0:0:0:0:0:1 - - [24/Feb/2025:22:25:59 +0900] "GET /zerotodeploy/css/style.css HTTP/1.1" 200 8596
0:0:0:0:0:0:0:1 - - [24/Feb/2025:22:25:59 +0900] "GET /zerotodeploy/lib/easing/easing.min.js HTTP/1.1" 200 2303
0:0:0:0:0:0:0:1 - - [24/Feb/2025:22:25:59 +0900] "GET /zerotodeploy/css/bootstrap.min.css HTTP/1.1" 200 164340
0:0:0:0:0:0:0:1 - - [24/Feb/2025:22:25:59 +0900] "GET /zerotodeploy/lib/waypoints/waypoints.min.js HTTP/1.1" 200 9034
0:0:0:0:0:0:0:1 - - [24/Feb/2025:22:25:59 +0900] "GET /zerotodeploy/js/main.js HTTP/1.1" 200 1803
0:0:0:0:0:0:0:1 - - [24/Feb/2025:22:25:59 +0900] "GET /zerotodeploy/lib/owlcarousel/owl.carousel.min.js HTTP/1.1" 200 42772
0:0:0:0:0:0:0:1 - - [24/Feb/2025:22:26:08 +0900] "POST /zerotodeploy/signUp HTTP/1.1" 405 10471
0:0:0:0:0:0:0:1 - - [24/Feb/2025:22:26:08 +0900] "GET /favicon.ico HTTP/1.1" 404 683
0:0:0:0:0:0:0:1 - - [24/Feb/2025:22:28:34 +0900] "GET /zerotodeploy/signUp HTTP/1.1" 200 7605
0:0:0:0:0:0:0:1 - - [24/Feb/2025:22:28:34 +0900] "GET /zerotodeploy/lib/animate/animate.min.css HTTP/1.1" 200 16964
0:0:0:0:0:0:0:1 - - [24/Feb/2025:22:28:34 +0900] "GET /zerotodeploy/lib/owlcarousel/assets/owl.carousel.min.css HTTP/1.1" 200 2941
0:0:0:0:0:0:0:1 - - [24/Feb/2025:22:28:34 +0900] "GET /zerotodeploy/css/style.css HTTP/1.1" 200 8596
0:0:0:0:0:0:0:1 - - [24/Feb/2025:22:28:34 +0900] "GET /zerotodeploy/lib/wow/wow.js HTTP/1.1" 200 17059
0:0:0:0:0:0:0:1 - - [24/Feb/2025:22:28:34 +0900] "GET /zerotodeploy/lib/waypoints/waypoints.min.js HTTP/1.1" 200 9034
0:0:0:0:0:0:0:1 - - [24/Feb/2025:22:28:34 +0900] "GET /zerotodeploy/lib/easing/easing.min.js HTTP/1.1" 200 2303
0:0:0:0:0:0:0:1 - - [24/Feb/2025:22:28:34 +0900] "GET /zerotodeploy/lib/owlcarousel/owl.carousel.min.js HTTP/1.1" 200 42772
0:0:0:0:0:0:0:1 - - [24/Feb/2025:22:28:34 +0900] "GET /zerotodeploy/css/bootstrap.min.css HTTP/1.1" 200 164340
0:0:0:0:0:0:0:1 - - [24/Feb/2025:22:28:34 +0900] "GET /zerotodeploy/js/main.js HTTP/1.1" 200 1803
0:0:0:0:0:0:0:1 - - [24/Feb/2025:22:28:54 +0900] "POST /zerotodeploy/signUp HTTP/1.1" 405 10471
0:0:0:0:0:0:0:1 - - [24/Feb/2025:22:29:42 +0900] "GET /zerotodeploy/signUp HTTP/1.1" 200 7605
0:0:0:0:0:0:0:1 - - [24/Feb/2025:22:29:42 +0900] "GET /zerotodeploy/lib/animate/animate.min.css HTTP/1.1" 200 16964
0:0:0:0:0:0:0:1 - - [24/Feb/2025:22:29:42 +0900] "GET /zerotodeploy/lib/owlcarousel/assets/owl.carousel.min.css HTTP/1.1" 200 2941
0:0:0:0:0:0:0:1 - - [24/Feb/2025:22:29:42 +0900] "GET /zerotodeploy/lib/easing/easing.min.js HTTP/1.1" 200 2303
0:0:0:0:0:0:0:1 - - [24/Feb/2025:22:29:42 +0900] "GET /zerotodeploy/lib/wow/wow.js HTTP/1.1" 200 17059
0:0:0:0:0:0:0:1 - - [24/Feb/2025:22:29:42 +0900] "GET /zerotodeploy/lib/waypoints/waypoints.min.js HTTP/1.1" 200 9034
0:0:0:0:0:0:0:1 - - [24/Feb/2025:22:29:42 +0900] "GET /zerotodeploy/css/style.css HTTP/1.1" 200 8596
0:0:0:0:0:0:0:1 - - [24/Feb/2025:22:29:42 +0900] "GET /zerotodeploy/lib/owlcarousel/owl.carousel.min.js HTTP/1.1" 200 42772
0:0:0:0:0:0:0:1 - - [24/Feb/2025:22:29:42 +0900] "GET /zerotodeploy/css/bootstrap.min.css HTTP/1.1" 200 164340
0:0:0:0:0:0:0:1 - - [24/Feb/2025:22:29:42 +0900] "GET /zerotodeploy/js/main.js HTTP/1.1" 200 1803
0:0:0:0:0:0:0:1 - - [24/Feb/2025:22:29:44 +0900] "GET /zerotodeploy/login HTTP/1.1" 200 7124
0:0:0:0:0:0:0:1 - - [24/Feb/2025:22:29:44 +0900] "GET /zerotodeploy/lib/animate/animate.min.css HTTP/1.1" 200 16964
0:0:0:0:0:0:0:1 - - [24/Feb/2025:22:29:44 +0900] "GET /zerotodeploy/css/style.css HTTP/1.1" 200 8596
0:0:0:0:0:0:0:1 - - [24/Feb/2025:22:29:44 +0900] "GET /zerotodeploy/lib/owlcarousel/assets/owl.carousel.min.css HTTP/1.1" 200 2941
0:0:0:0:0:0:0:1 - - [24/Feb/2025:22:29:44 +0900] "GET /zerotodeploy/lib/easing/easing.min.js HTTP/1.1" 200 2303
0:0:0:0:0:0:0:1 - - [24/Feb/2025:22:29:44 +0900] "GET /zerotodeploy/lib/wow/wow.js HTTP/1.1" 200 17059
0:0:0:0:0:0:0:1 - - [24/Feb/2025:22:29:44 +0900] "GET /zerotodeploy/lib/waypoints/waypoints.min.js HTTP/1.1" 200 9034
0:0:0:0:0:0:0:1 - - [24/Feb/2025:22:29:44 +0900] "GET /zerotodeploy/css/bootstrap.min.css HTTP/1.1" 200 164340
0:0:0:0:0:0:0:1 - - [24/Feb/2025:22:29:44 +0900] "GET /zerotodeploy/js/main.js HTTP/1.1" 200 1803
0:0:0:0:0:0:0:1 - - [24/Feb/2025:22:29:44 +0900] "GET /zerotodeploy/lib/owlcarousel/owl.carousel.min.js HTTP/1.1" 200 42772
0:0:0:0:0:0:0:1 - - [24/Feb/2025:22:29:51 +0900] "GET /zerotodeploy/signUp HTTP/1.1" 200 7605
0:0:0:0:0:0:0:1 - - [24/Feb/2025:22:29:51 +0900] "GET /zerotodeploy/lib/animate/animate.min.css HTTP/1.1" 200 16964
0:0:0:0:0:0:0:1 - - [24/Feb/2025:22:29:51 +0900] "GET /zerotodeploy/css/style.css HTTP/1.1" 200 8596
0:0:0:0:0:0:0:1 - - [24/Feb/2025:22:29:51 +0900] "GET /zerotodeploy/lib/owlcarousel/assets/owl.carousel.min.css HTTP/1.1" 200 2941
0:0:0:0:0:0:0:1 - - [24/Feb/2025:22:29:51 +0900] "GET /zerotodeploy/lib/wow/wow.js HTTP/1.1" 200 17059
0:0:0:0:0:0:0:1 - - [24/Feb/2025:22:29:51 +0900] "GET /zerotodeploy/lib/easing/easing.min.js HTTP/1.1" 200 2303
0:0:0:0:0:0:0:1 - - [24/Feb/2025:22:29:51 +0900] "GET /zerotodeploy/css/bootstrap.min.css HTTP/1.1" 200 164340
0:0:0:0:0:0:0:1 - - [24/Feb/2025:22:29:51 +0900] "GET /zerotodeploy/lib/waypoints/waypoints.min.js HTTP/1.1" 200 9034
0:0:0:0:0:0:0:1 - - [24/Feb/2025:22:29:51 +0900] "GET /zerotodeploy/js/main.js HTTP/1.1" 200 1803
0:0:0:0:0:0:0:1 - - [24/Feb/2025:22:29:51 +0900] "GET /zerotodeploy/lib/owlcarousel/owl.carousel.min.js HTTP/1.1" 200 42772
0:0:0:0:0:0:0:1 - - [24/Feb/2025:22:31:07 +0900] "GET /zerotodeploy/ HTTP/1.1" 200 7874
0:0:0:0:0:0:0:1 - - [24/Feb/2025:22:31:07 +0900] "GET /zerotodeploy/lib/animate/animate.min.css HTTP/1.1" 302 -
0:0:0:0:0:0:0:1 - - [24/Feb/2025:22:31:07 +0900] "GET /zerotodeploy/lib/owlcarousel/assets/owl.carousel.min.css HTTP/1.1" 302 -
0:0:0:0:0:0:0:1 - - [24/Feb/2025:22:31:07 +0900] "GET /zerotodeploy/css/bootstrap.min.css HTTP/1.1" 200 164340
0:0:0:0:0:0:0:1 - - [24/Feb/2025:22:31:07 +0900] "GET /zerotodeploy/css/style.css HTTP/1.1" 200 8596
0:0:0:0:0:0:0:1 - - [24/Feb/2025:22:31:07 +0900] "GET /zerotodeploy/login HTTP/1.1" 200 7124
0:0:0:0:0:0:0:1 - - [24/Feb/2025:22:31:07 +0900] "GET /zerotodeploy/login HTTP/1.1" 200 7124
0:0:0:0:0:0:0:1 - - [24/Feb/2025:22:31:07 +0900] "GET /zerotodeploy/lib/easing/easing.min.js HTTP/1.1" 302 -
0:0:0:0:0:0:0:1 - - [24/Feb/2025:22:31:07 +0900] "GET /zerotodeploy/lib/wow/wow.js HTTP/1.1" 302 -
0:0:0:0:0:0:0:1 - - [24/Feb/2025:22:31:07 +0900] "GET /zerotodeploy/lib/waypoints/waypoints.min.js HTTP/1.1" 302 -
0:0:0:0:0:0:0:1 - - [24/Feb/2025:22:31:07 +0900] "GET /zerotodeploy/login HTTP/1.1" 200 7124
0:0:0:0:0:0:0:1 - - [24/Feb/2025:22:31:07 +0900] "GET /zerotodeploy/login HTTP/1.1" 200 7124
0:0:0:0:0:0:0:1 - - [24/Feb/2025:22:31:07 +0900] "GET /zerotodeploy/lib/owlcarousel/owl.carousel.min.js HTTP/1.1" 302 -
0:0:0:0:0:0:0:1 - - [24/Feb/2025:22:31:07 +0900] "GET /zerotodeploy/login HTTP/1.1" 200 7124
0:0:0:0:0:0:0:1 - - [24/Feb/2025:22:31:07 +0900] "GET /zerotodeploy/js/main.js HTTP/1.1" 200 1803
0:0:0:0:0:0:0:1 - - [24/Feb/2025:22:31:07 +0900] "GET /zerotodeploy/login HTTP/1.1" 200 7124
0:0:0:0:0:0:0:1 - - [24/Feb/2025:22:31:08 +0900] "GET /zerotodeploy/ HTTP/1.1" 200 7874
0:0:0:0:0:0:0:1 - - [24/Feb/2025:22:31:08 +0900] "GET /zerotodeploy/lib/animate/animate.min.css HTTP/1.1" 302 -
0:0:0:0:0:0:0:1 - - [24/Feb/2025:22:31:08 +0900] "GET /zerotodeploy/lib/owlcarousel/assets/owl.carousel.min.css HTTP/1.1" 302 -
0:0:0:0:0:0:0:1 - - [24/Feb/2025:22:31:08 +0900] "GET /zerotodeploy/lib/wow/wow.js HTTP/1.1" 302 -
0:0:0:0:0:0:0:1 - - [24/Feb/2025:22:31:08 +0900] "GET /zerotodeploy/lib/waypoints/waypoints.min.js HTTP/1.1" 302 -
0:0:0:0:0:0:0:1 - - [24/Feb/2025:22:31:08 +0900] "GET /zerotodeploy/lib/easing/easing.min.js HTTP/1.1" 302 -
0:0:0:0:0:0:0:1 - - [24/Feb/2025:22:31:08 +0900] "GET /zerotodeploy/css/bootstrap.min.css HTTP/1.1" 200 164340
0:0:0:0:0:0:0:1 - - [24/Feb/2025:22:31:08 +0900] "GET /zerotodeploy/css/style.css HTTP/1.1" 200 8596
0:0:0:0:0:0:0:1 - - [24/Feb/2025:22:31:08 +0900] "GET /zerotodeploy/lib/owlcarousel/owl.carousel.min.js HTTP/1.1" 302 -
0:0:0:0:0:0:0:1 - - [24/Feb/2025:22:31:08 +0900] "GET /zerotodeploy/login HTTP/1.1" 200 7124
0:0:0:0:0:0:0:1 - - [24/Feb/2025:22:31:08 +0900] "GET /zerotodeploy/js/main.js HTTP/1.1" 200 1803
0:0:0:0:0:0:0:1 - - [24/Feb/2025:22:31:08 +0900] "GET /zerotodeploy/login HTTP/1.1" 200 7124
0:0:0:0:0:0:0:1 - - [24/Feb/2025:22:31:08 +0900] "GET /zerotodeploy/login HTTP/1.1" 200 7124
0:0:0:0:0:0:0:1 - - [24/Feb/2025:22:31:08 +0900] "GET /zerotodeploy/login HTTP/1.1" 200 7124
0:0:0:0:0:0:0:1 - - [24/Feb/2025:22:31:08 +0900] "GET /zerotodeploy/login HTTP/1.1" 200 7124
0:0:0:0:0:0:0:1 - - [24/Feb/2025:22:31:08 +0900] "GET /zerotodeploy/login HTTP/1.1" 200 7124
0:0:0:0:0:0:0:1 - - [24/Feb/2025:22:31:08 +0900] "GET /zerotodeploy/ HTTP/1.1" 200 7874
0:0:0:0:0:0:0:1 - - [24/Feb/2025:22:31:08 +0900] "GET /zerotodeploy/lib/animate/animate.min.css HTTP/1.1" 302 -
0:0:0:0:0:0:0:1 - - [24/Feb/2025:22:31:08 +0900] "GET /zerotodeploy/lib/owlcarousel/assets/owl.carousel.min.css HTTP/1.1" 302 -
0:0:0:0:0:0:0:1 - - [24/Feb/2025:22:31:08 +0900] "GET /zerotodeploy/lib/easing/easing.min.js HTTP/1.1" 302 -
0:0:0:0:0:0:0:1 - - [24/Feb/2025:22:31:08 +0900] "GET /zerotodeploy/lib/wow/wow.js HTTP/1.1" 302 -
0:0:0:0:0:0:0:1 - - [24/Feb/2025:22:31:08 +0900] "GET /zerotodeploy/css/style.css HTTP/1.1" 200 8596
0:0:0:0:0:0:0:1 - - [24/Feb/2025:22:31:08 +0900] "GET /zerotodeploy/css/bootstrap.min.css HTTP/1.1" 200 164340
0:0:0:0:0:0:0:1 - - [24/Feb/2025:22:31:08 +0900] "GET /zerotodeploy/lib/owlcarousel/owl.carousel.min.js HTTP/1.1" 302 -
0:0:0:0:0:0:0:1 - - [24/Feb/2025:22:31:08 +0900] "GET /zerotodeploy/lib/waypoints/waypoints.min.js HTTP/1.1" 302 -
0:0:0:0:0:0:0:1 - - [24/Feb/2025:22:31:08 +0900] "GET /zerotodeploy/js/main.js HTTP/1.1" 200 1803
0:0:0:0:0:0:0:1 - - [24/Feb/2025:22:31:08 +0900] "GET /zerotodeploy/login HTTP/1.1" 200 7124
0:0:0:0:0:0:0:1 - - [24/Feb/2025:22:31:08 +0900] "GET /zerotodeploy/login HTTP/1.1" 200 7124
0:0:0:0:0:0:0:1 - - [24/Feb/2025:22:31:08 +0900] "GET /zerotodeploy/login HTTP/1.1" 200 7124
0:0:0:0:0:0:0:1 - - [24/Feb/2025:22:31:08 +0900] "GET /zerotodeploy/login HTTP/1.1" 200 7124
0:0:0:0:0:0:0:1 - - [24/Feb/2025:22:31:08 +0900] "GET /zerotodeploy/login HTTP/1.1" 200 7124
0:0:0:0:0:0:0:1 - - [24/Feb/2025:22:31:08 +0900] "GET /zerotodeploy/login HTTP/1.1" 200 7124
0:0:0:0:0:0:0:1 - - [24/Feb/2025:22:31:08 +0900] "GET /zerotodeploy/ HTTP/1.1" 200 7874
0:0:0:0:0:0:0:1 - - [24/Feb/2025:22:31:08 +0900] "GET /zerotodeploy/lib/animate/animate.min.css HTTP/1.1" 302 -
0:0:0:0:0:0:0:1 - - [24/Feb/2025:22:31:08 +0900] "GET /zerotodeploy/lib/wow/wow.js HTTP/1.1" 302 -
0:0:0:0:0:0:0:1 - - [24/Feb/2025:22:31:08 +0900] "GET /zerotodeploy/lib/owlcarousel/assets/owl.carousel.min.css HTTP/1.1" 302 -
0:0:0:0:0:0:0:1 - - [24/Feb/2025:22:31:08 +0900] "GET /zerotodeploy/lib/easing/easing.min.js HTTP/1.1" 302 -
0:0:0:0:0:0:0:1 - - [24/Feb/2025:22:31:08 +0900] "GET /zerotodeploy/css/style.css HTTP/1.1" 200 8596
0:0:0:0:0:0:0:1 - - [24/Feb/2025:22:31:08 +0900] "GET /zerotodeploy/css/bootstrap.min.css HTTP/1.1" 200 164340
0:0:0:0:0:0:0:1 - - [24/Feb/2025:22:31:08 +0900] "GET /zerotodeploy/lib/owlcarousel/owl.carousel.min.js HTTP/1.1" 302 -
0:0:0:0:0:0:0:1 - - [24/Feb/2025:22:31:08 +0900] "GET /zerotodeploy/lib/waypoints/waypoints.min.js HTTP/1.1" 302 -
0:0:0:0:0:0:0:1 - - [24/Feb/2025:22:31:08 +0900] "GET /zerotodeploy/js/main.js HTTP/1.1" 200 1803
0:0:0:0:0:0:0:1 - - [24/Feb/2025:22:31:08 +0900] "GET /zerotodeploy/login HTTP/1.1" 200 7124
0:0:0:0:0:0:0:1 - - [24/Feb/2025:22:31:08 +0900] "GET /zerotodeploy/login HTTP/1.1" 200 7124
0:0:0:0:0:0:0:1 - - [24/Feb/2025:22:31:08 +0900] "GET /zerotodeploy/login HTTP/1.1" 200 7124
0:0:0:0:0:0:0:1 - - [24/Feb/2025:22:31:08 +0900] "GET /zerotodeploy/login HTTP/1.1" 200 7124
0:0:0:0:0:0:0:1 - - [24/Feb/2025:22:31:08 +0900] "GET /zerotodeploy/login HTTP/1.1" 200 7124
0:0:0:0:0:0:0:1 - - [24/Feb/2025:22:31:08 +0900] "GET /zerotodeploy/login HTTP/1.1" 200 7124
0:0:0:0:0:0:0:1 - - [24/Feb/2025:22:31:08 +0900] "GET /zerotodeploy/ HTTP/1.1" 200 7874
0:0:0:0:0:0:0:1 - - [24/Feb/2025:22:31:08 +0900] "GET /zerotodeploy/lib/animate/animate.min.css HTTP/1.1" 302 -
0:0:0:0:0:0:0:1 - - [24/Feb/2025:22:31:08 +0900] "GET /zerotodeploy/lib/owlcarousel/assets/owl.carousel.min.css HTTP/1.1" 302 -
0:0:0:0:0:0:0:1 - - [24/Feb/2025:22:31:08 +0900] "GET /zerotodeploy/lib/wow/wow.js HTTP/1.1" 302 -
0:0:0:0:0:0:0:1 - - [24/Feb/2025:22:31:08 +0900] "GET /zerotodeploy/lib/easing/easing.min.js HTTP/1.1" 302 -
0:0:0:0:0:0:0:1 - - [24/Feb/2025:22:31:08 +0900] "GET /zerotodeploy/css/style.css HTTP/1.1" 200 8596
0:0:0:0:0:0:0:1 - - [24/Feb/2025:22:31:08 +0900] "GET /zerotodeploy/css/bootstrap.min.css HTTP/1.1" 200 164340
0:0:0:0:0:0:0:1 - - [24/Feb/2025:22:31:08 +0900] "GET /zerotodeploy/lib/waypoints/waypoints.min.js HTTP/1.1" 302 -
0:0:0:0:0:0:0:1 - - [24/Feb/2025:22:31:08 +0900] "GET /zerotodeploy/lib/owlcarousel/owl.carousel.min.js HTTP/1.1" 302 -
0:0:0:0:0:0:0:1 - - [24/Feb/2025:22:31:08 +0900] "GET /zerotodeploy/js/main.js HTTP/1.1" 200 1803
0:0:0:0:0:0:0:1 - - [24/Feb/2025:22:31:08 +0900] "GET /zerotodeploy/login HTTP/1.1" 200 7124
0:0:0:0:0:0:0:1 - - [24/Feb/2025:22:31:08 +0900] "GET /zerotodeploy/login HTTP/1.1" 200 7124
0:0:0:0:0:0:0:1 - - [24/Feb/2025:22:31:08 +0900] "GET /zerotodeploy/login HTTP/1.1" 200 7124
0:0:0:0:0:0:0:1 - - [24/Feb/2025:22:31:08 +0900] "GET /zerotodeploy/login HTTP/1.1" 200 7124
0:0:0:0:0:0:0:1 - - [24/Feb/2025:22:31:08 +0900] "GET /zerotodeploy/login HTTP/1.1" 200 7124
0:0:0:0:0:0:0:1 - - [24/Feb/2025:22:31:08 +0900] "GET /zerotodeploy/login HTTP/1.1" 200 7124
0:0:0:0:0:0:0:1 - - [24/Feb/2025:22:31:09 +0900] "GET /zerotodeploy/login HTTP/1.1" 200 7124
0:0:0:0:0:0:0:1 - - [24/Feb/2025:22:31:09 +0900] "GET /zerotodeploy/lib/animate/animate.min.css HTTP/1.1" 302 -
0:0:0:0:0:0:0:1 - - [24/Feb/2025:22:31:09 +0900] "GET /zerotodeploy/lib/owlcarousel/assets/owl.carousel.min.css HTTP/1.1" 302 -
0:0:0:0:0:0:0:1 - - [24/Feb/2025:22:31:09 +0900] "GET /zerotodeploy/lib/easing/easing.min.js HTTP/1.1" 302 -
0:0:0:0:0:0:0:1 - - [24/Feb/2025:22:31:09 +0900] "GET /zerotodeploy/lib/wow/wow.js HTTP/1.1" 302 -
0:0:0:0:0:0:0:1 - - [24/Feb/2025:22:31:09 +0900] "GET /zerotodeploy/css/style.css HTTP/1.1" 200 8596
0:0:0:0:0:0:0:1 - - [24/Feb/2025:22:31:09 +0900] "GET /zerotodeploy/css/bootstrap.min.css HTTP/1.1" 200 164340
0:0:0:0:0:0:0:1 - - [24/Feb/2025:22:31:09 +0900] "GET /zerotodeploy/lib/owlcarousel/owl.carousel.min.js HTTP/1.1" 302 -
0:0:0:0:0:0:0:1 - - [24/Feb/2025:22:31:09 +0900] "GET /zerotodeploy/lib/waypoints/waypoints.min.js HTTP/1.1" 302 -
0:0:0:0:0:0:0:1 - - [24/Feb/2025:22:31:09 +0900] "GET /zerotodeploy/js/main.js HTTP/1.1" 200 1803
0:0:0:0:0:0:0:1 - - [24/Feb/2025:22:31:09 +0900] "GET /zerotodeploy/login HTTP/1.1" 200 7124
0:0:0:0:0:0:0:1 - - [24/Feb/2025:22:31:09 +0900] "GET /zerotodeploy/login HTTP/1.1" 200 7124
0:0:0:0:0:0:0:1 - - [24/Feb/2025:22:31:09 +0900] "GET /zerotodeploy/login HTTP/1.1" 200 7124
0:0:0:0:0:0:0:1 - - [24/Feb/2025:22:31:09 +0900] "GET /zerotodeploy/login HTTP/1.1" 200 7124
0:0:0:0:0:0:0:1 - - [24/Feb/2025:22:31:09 +0900] "GET /zerotodeploy/login HTTP/1.1" 200 7124
0:0:0:0:0:0:0:1 - - [24/Feb/2025:22:31:09 +0900] "GET /zerotodeploy/login HTTP/1.1" 200 7124
0:0:0:0:0:0:0:1 - - [24/Feb/2025:22:31:10 +0900] "GET /zerotodeploy/signUp HTTP/1.1" 302 -
0:0:0:0:0:0:0:1 - - [24/Feb/2025:22:31:10 +0900] "GET /zerotodeploy/login HTTP/1.1" 200 7124
0:0:0:0:0:0:0:1 - - [24/Feb/2025:22:31:10 +0900] "GET /zerotodeploy/lib/animate/animate.min.css HTTP/1.1" 302 -
0:0:0:0:0:0:0:1 - - [24/Feb/2025:22:31:10 +0900] "GET /zerotodeploy/lib/easing/easing.min.js HTTP/1.1" 302 -
0:0:0:0:0:0:0:1 - - [24/Feb/2025:22:31:10 +0900] "GET /zerotodeploy/lib/owlcarousel/assets/owl.carousel.min.css HTTP/1.1" 302 -
0:0:0:0:0:0:0:1 - - [24/Feb/2025:22:31:10 +0900] "GET /zerotodeploy/lib/wow/wow.js HTTP/1.1" 302 -
0:0:0:0:0:0:0:1 - - [24/Feb/2025:22:31:10 +0900] "GET /zerotodeploy/css/style.css HTTP/1.1" 200 8596
0:0:0:0:0:0:0:1 - - [24/Feb/2025:22:31:10 +0900] "GET /zerotodeploy/css/bootstrap.min.css HTTP/1.1" 200 164340
0:0:0:0:0:0:0:1 - - [24/Feb/2025:22:31:10 +0900] "GET /zerotodeploy/lib/waypoints/waypoints.min.js HTTP/1.1" 302 -
0:0:0:0:0:0:0:1 - - [24/Feb/2025:22:31:10 +0900] "GET /zerotodeploy/lib/owlcarousel/owl.carousel.min.js HTTP/1.1" 302 -
0:0:0:0:0:0:0:1 - - [24/Feb/2025:22:31:10 +0900] "GET /zerotodeploy/js/main.js HTTP/1.1" 200 1803
0:0:0:0:0:0:0:1 - - [24/Feb/2025:22:31:10 +0900] "GET /zerotodeploy/login HTTP/1.1" 200 7124
0:0:0:0:0:0:0:1 - - [24/Feb/2025:22:31:10 +0900] "GET /zerotodeploy/login HTTP/1.1" 200 7124
0:0:0:0:0:0:0:1 - - [24/Feb/2025:22:31:10 +0900] "GET /zerotodeploy/login HTTP/1.1" 200 7124
0:0:0:0:0:0:0:1 - - [24/Feb/2025:22:31:10 +0900] "GET /zerotodeploy/login HTTP/1.1" 200 7124
0:0:0:0:0:0:0:1 - - [24/Feb/2025:22:31:10 +0900] "GET /zerotodeploy/login HTTP/1.1" 200 7124
0:0:0:0:0:0:0:1 - - [24/Feb/2025:22:31:10 +0900] "GET /zerotodeploy/login HTTP/1.1" 200 7124
0:0:0:0:0:0:0:1 - - [24/Feb/2025:22:31:12 +0900] "GET /zerotodeploy/signUp HTTP/1.1" 302 -
0:0:0:0:0:0:0:1 - - [24/Feb/2025:22:31:12 +0900] "GET /zerotodeploy/login HTTP/1.1" 200 7124
0:0:0:0:0:0:0:1 - - [24/Feb/2025:22:31:12 +0900] "GET /zerotodeploy/lib/animate/animate.min.css HTTP/1.1" 302 -
0:0:0:0:0:0:0:1 - - [24/Feb/2025:22:31:12 +0900] "GET /zerotodeploy/lib/owlcarousel/assets/owl.carousel.min.css HTTP/1.1" 302 -
0:0:0:0:0:0:0:1 - - [24/Feb/2025:22:31:12 +0900] "GET /zerotodeploy/lib/wow/wow.js HTTP/1.1" 302 -
0:0:0:0:0:0:0:1 - - [24/Feb/2025:22:31:12 +0900] "GET /zerotodeploy/lib/easing/easing.min.js HTTP/1.1" 302 -
0:0:0:0:0:0:0:1 - - [24/Feb/2025:22:31:12 +0900] "GET /zerotodeploy/css/style.css HTTP/1.1" 200 8596
0:0:0:0:0:0:0:1 - - [24/Feb/2025:22:31:12 +0900] "GET /zerotodeploy/css/bootstrap.min.css HTTP/1.1" 200 164340
0:0:0:0:0:0:0:1 - - [24/Feb/2025:22:31:12 +0900] "GET /zerotodeploy/lib/waypoints/waypoints.min.js HTTP/1.1" 302 -
0:0:0:0:0:0:0:1 - - [24/Feb/2025:22:31:12 +0900] "GET /zerotodeploy/lib/owlcarousel/owl.carousel.min.js HTTP/1.1" 302 -
0:0:0:0:0:0:0:1 - - [24/Feb/2025:22:31:12 +0900] "GET /zerotodeploy/js/main.js HTTP/1.1" 200 1803
0:0:0:0:0:0:0:1 - - [24/Feb/2025:22:31:12 +0900] "GET /zerotodeploy/login HTTP/1.1" 200 7124
0:0:0:0:0:0:0:1 - - [24/Feb/2025:22:31:12 +0900] "GET /zerotodeploy/login HTTP/1.1" 200 7124
0:0:0:0:0:0:0:1 - - [24/Feb/2025:22:31:12 +0900] "GET /zerotodeploy/login HTTP/1.1" 200 7124
0:0:0:0:0:0:0:1 - - [24/Feb/2025:22:31:12 +0900] "GET /zerotodeploy/login HTTP/1.1" 200 7124
0:0:0:0:0:0:0:1 - - [24/Feb/2025:22:31:12 +0900] "GET /zerotodeploy/login HTTP/1.1" 200 7124
0:0:0:0:0:0:0:1 - - [24/Feb/2025:22:31:12 +0900] "GET /zerotodeploy/login HTTP/1.1" 200 7124
0:0:0:0:0:0:0:1 - - [24/Feb/2025:22:31:14 +0900] "GET /zerotodeploy/login HTTP/1.1" 200 7124
0:0:0:0:0:0:0:1 - - [24/Feb/2025:22:31:14 +0900] "GET /zerotodeploy/lib/animate/animate.min.css HTTP/1.1" 302 -
0:0:0:0:0:0:0:1 - - [24/Feb/2025:22:31:14 +0900] "GET /zerotodeploy/lib/owlcarousel/assets/owl.carousel.min.css HTTP/1.1" 302 -
0:0:0:0:0:0:0:1 - - [24/Feb/2025:22:31:14 +0900] "GET /zerotodeploy/lib/easing/easing.min.js HTTP/1.1" 302 -
0:0:0:0:0:0:0:1 - - [24/Feb/2025:22:31:14 +0900] "GET /zerotodeploy/lib/wow/wow.js HTTP/1.1" 302 -
0:0:0:0:0:0:0:1 - - [24/Feb/2025:22:31:14 +0900] "GET /zerotodeploy/css/style.css HTTP/1.1" 200 8596
0:0:0:0:0:0:0:1 - - [24/Feb/2025:22:31:14 +0900] "GET /zerotodeploy/css/bootstrap.min.css HTTP/1.1" 200 164340
0:0:0:0:0:0:0:1 - - [24/Feb/2025:22:31:14 +0900] "GET /zerotodeploy/lib/waypoints/waypoints.min.js HTTP/1.1" 302 -
0:0:0:0:0:0:0:1 - - [24/Feb/2025:22:31:14 +0900] "GET /zerotodeploy/lib/owlcarousel/owl.carousel.min.js HTTP/1.1" 302 -
0:0:0:0:0:0:0:1 - - [24/Feb/2025:22:31:14 +0900] "GET /zerotodeploy/js/main.js HTTP/1.1" 200 1803
0:0:0:0:0:0:0:1 - - [24/Feb/2025:22:31:14 +0900] "GET /zerotodeploy/login HTTP/1.1" 200 7124
0:0:0:0:0:0:0:1 - - [24/Feb/2025:22:31:14 +0900] "GET /zerotodeploy/login HTTP/1.1" 200 7124
0:0:0:0:0:0:0:1 - - [24/Feb/2025:22:31:14 +0900] "GET /zerotodeploy/login HTTP/1.1" 200 7124
0:0:0:0:0:0:0:1 - - [24/Feb/2025:22:31:14 +0900] "GET /zerotodeploy/login HTTP/1.1" 200 7124
0:0:0:0:0:0:0:1 - - [24/Feb/2025:22:31:14 +0900] "GET /zerotodeploy/login HTTP/1.1" 200 7124
0:0:0:0:0:0:0:1 - - [24/Feb/2025:22:31:14 +0900] "GET /zerotodeploy/login HTTP/1.1" 200 7124
0:0:0:0:0:0:0:1 - - [24/Feb/2025:22:31:14 +0900] "GET /zerotodeploy/login HTTP/1.1" 200 7124
0:0:0:0:0:0:0:1 - - [24/Feb/2025:22:31:14 +0900] "GET /zerotodeploy/lib/animate/animate.min.css HTTP/1.1" 302 -
0:0:0:0:0:0:0:1 - - [24/Feb/2025:22:31:14 +0900] "GET /zerotodeploy/lib/owlcarousel/assets/owl.carousel.min.css HTTP/1.1" 302 -
0:0:0:0:0:0:0:1 - - [24/Feb/2025:22:31:14 +0900] "GET /zerotodeploy/lib/wow/wow.js HTTP/1.1" 302 -
0:0:0:0:0:0:0:1 - - [24/Feb/2025:22:31:14 +0900] "GET /zerotodeploy/lib/easing/easing.min.js HTTP/1.1" 302 -
0:0:0:0:0:0:0:1 - - [24/Feb/2025:22:31:14 +0900] "GET /zerotodeploy/css/style.css HTTP/1.1" 200 8596
0:0:0:0:0:0:0:1 - - [24/Feb/2025:22:31:14 +0900] "GET /zerotodeploy/css/bootstrap.min.css HTTP/1.1" 200 164340
0:0:0:0:0:0:0:1 - - [24/Feb/2025:22:31:14 +0900] "GET /zerotodeploy/lib/waypoints/waypoints.min.js HTTP/1.1" 302 -
0:0:0:0:0:0:0:1 - - [24/Feb/2025:22:31:14 +0900] "GET /zerotodeploy/lib/owlcarousel/owl.carousel.min.js HTTP/1.1" 302 -
0:0:0:0:0:0:0:1 - - [24/Feb/2025:22:31:14 +0900] "GET /zerotodeploy/js/main.js HTTP/1.1" 200 1803
0:0:0:0:0:0:0:1 - - [24/Feb/2025:22:31:14 +0900] "GET /zerotodeploy/login HTTP/1.1" 200 7124
0:0:0:0:0:0:0:1 - - [24/Feb/2025:22:31:14 +0900] "GET /zerotodeploy/login HTTP/1.1" 200 7124
0:0:0:0:0:0:0:1 - - [24/Feb/2025:22:31:14 +0900] "GET /zerotodeploy/login HTTP/1.1" 200 7124
0:0:0:0:0:0:0:1 - - [24/Feb/2025:22:31:14 +0900] "GET /zerotodeploy/login HTTP/1.1" 200 7124
0:0:0:0:0:0:0:1 - - [24/Feb/2025:22:31:14 +0900] "GET /zerotodeploy/login HTTP/1.1" 200 7124
0:0:0:0:0:0:0:1 - - [24/Feb/2025:22:31:14 +0900] "GET /zerotodeploy/login HTTP/1.1" 200 7124
0:0:0:0:0:0:0:1 - - [24/Feb/2025:22:31:15 +0900] "GET /zerotodeploy/login HTTP/1.1" 200 7124
0:0:0:0:0:0:0:1 - - [24/Feb/2025:22:31:15 +0900] "GET /zerotodeploy/lib/animate/animate.min.css HTTP/1.1" 302 -
0:0:0:0:0:0:0:1 - - [24/Feb/2025:22:31:15 +0900] "GET /zerotodeploy/lib/owlcarousel/assets/owl.carousel.min.css HTTP/1.1" 302 -
0:0:0:0:0:0:0:1 - - [24/Feb/2025:22:31:15 +0900] "GET /zerotodeploy/lib/easing/easing.min.js HTTP/1.1" 302 -
0:0:0:0:0:0:0:1 - - [24/Feb/2025:22:31:15 +0900] "GET /zerotodeploy/lib/wow/wow.js HTTP/1.1" 302 -
0:0:0:0:0:0:0:1 - - [24/Feb/2025:22:31:15 +0900] "GET /zerotodeploy/css/style.css HTTP/1.1" 200 8596
0:0:0:0:0:0:0:1 - - [24/Feb/2025:22:31:15 +0900] "GET /zerotodeploy/css/bootstrap.min.css HTTP/1.1" 200 164340
0:0:0:0:0:0:0:1 - - [24/Feb/2025:22:31:15 +0900] "GET /zerotodeploy/lib/waypoints/waypoints.min.js HTTP/1.1" 302 -
0:0:0:0:0:0:0:1 - - [24/Feb/2025:22:31:15 +0900] "GET /zerotodeploy/lib/owlcarousel/owl.carousel.min.js HTTP/1.1" 302 -
0:0:0:0:0:0:0:1 - - [24/Feb/2025:22:31:15 +0900] "GET /zerotodeploy/js/main.js HTTP/1.1" 200 1803
0:0:0:0:0:0:0:1 - - [24/Feb/2025:22:31:15 +0900] "GET /zerotodeploy/login HTTP/1.1" 200 7124
0:0:0:0:0:0:0:1 - - [24/Feb/2025:22:31:15 +0900] "GET /zerotodeploy/login HTTP/1.1" 200 7124
0:0:0:0:0:0:0:1 - - [24/Feb/2025:22:31:15 +0900] "GET /zerotodeploy/login HTTP/1.1" 200 7124
0:0:0:0:0:0:0:1 - - [24/Feb/2025:22:31:15 +0900] "GET /zerotodeploy/login HTTP/1.1" 200 7124
0:0:0:0:0:0:0:1 - - [24/Feb/2025:22:31:15 +0900] "GET /zerotodeploy/login HTTP/1.1" 200 7124
0:0:0:0:0:0:0:1 - - [24/Feb/2025:22:31:15 +0900] "GET /zerotodeploy/login HTTP/1.1" 200 7124
0:0:0:0:0:0:0:1 - - [24/Feb/2025:22:31:16 +0900] "GET /zerotodeploy/login HTTP/1.1" 200 7124
0:0:0:0:0:0:0:1 - - [24/Feb/2025:22:31:16 +0900] "GET /zerotodeploy/lib/animate/animate.min.css HTTP/1.1" 302 -
0:0:0:0:0:0:0:1 - - [24/Feb/2025:22:31:16 +0900] "GET /zerotodeploy/lib/easing/easing.min.js HTTP/1.1" 302 -
0:0:0:0:0:0:0:1 - - [24/Feb/2025:22:31:16 +0900] "GET /zerotodeploy/lib/owlcarousel/assets/owl.carousel.min.css HTTP/1.1" 302 -
0:0:0:0:0:0:0:1 - - [24/Feb/2025:22:31:16 +0900] "GET /zerotodeploy/lib/wow/wow.js HTTP/1.1" 302 -
0:0:0:0:0:0:0:1 - - [24/Feb/2025:22:31:16 +0900] "GET /zerotodeploy/css/style.css HTTP/1.1" 200 8596
0:0:0:0:0:0:0:1 - - [24/Feb/2025:22:31:16 +0900] "GET /zerotodeploy/css/bootstrap.min.css HTTP/1.1" 200 164340
0:0:0:0:0:0:0:1 - - [24/Feb/2025:22:31:16 +0900] "GET /zerotodeploy/lib/owlcarousel/owl.carousel.min.js HTTP/1.1" 302 -
0:0:0:0:0:0:0:1 - - [24/Feb/2025:22:31:16 +0900] "GET /zerotodeploy/lib/waypoints/waypoints.min.js HTTP/1.1" 302 -
0:0:0:0:0:0:0:1 - - [24/Feb/2025:22:31:16 +0900] "GET /zerotodeploy/js/main.js HTTP/1.1" 200 1803
0:0:0:0:0:0:0:1 - - [24/Feb/2025:22:31:16 +0900] "GET /zerotodeploy/login HTTP/1.1" 200 7124
0:0:0:0:0:0:0:1 - - [24/Feb/2025:22:31:16 +0900] "GET /zerotodeploy/login HTTP/1.1" 200 7124
0:0:0:0:0:0:0:1 - - [24/Feb/2025:22:31:16 +0900] "GET /zerotodeploy/login HTTP/1.1" 200 7124
0:0:0:0:0:0:0:1 - - [24/Feb/2025:22:31:16 +0900] "GET /zerotodeploy/login HTTP/1.1" 200 7124
0:0:0:0:0:0:0:1 - - [24/Feb/2025:22:31:16 +0900] "GET /zerotodeploy/login HTTP/1.1" 200 7124
0:0:0:0:0:0:0:1 - - [24/Feb/2025:22:31:16 +0900] "GET /zerotodeploy/login HTTP/1.1" 200 7124
0:0:0:0:0:0:0:1 - - [24/Feb/2025:22:31:17 +0900] "GET /zerotodeploy/signUp HTTP/1.1" 302 -
0:0:0:0:0:0:0:1 - - [24/Feb/2025:22:31:17 +0900] "GET /zerotodeploy/login HTTP/1.1" 200 7124
0:0:0:0:0:0:0:1 - - [24/Feb/2025:22:31:17 +0900] "GET /zerotodeploy/lib/animate/animate.min.css HTTP/1.1" 302 -
0:0:0:0:0:0:0:1 - - [24/Feb/2025:22:31:17 +0900] "GET /zerotodeploy/lib/owlcarousel/assets/owl.carousel.min.css HTTP/1.1" 302 -
0:0:0:0:0:0:0:1 - - [24/Feb/2025:22:31:17 +0900] "GET /zerotodeploy/lib/wow/wow.js HTTP/1.1" 302 -
0:0:0:0:0:0:0:1 - - [24/Feb/2025:22:31:17 +0900] "GET /zerotodeploy/lib/waypoints/waypoints.min.js HTTP/1.1" 302 -
0:0:0:0:0:0:0:1 - - [24/Feb/2025:22:31:17 +0900] "GET /zerotodeploy/lib/easing/easing.min.js HTTP/1.1" 302 -
0:0:0:0:0:0:0:1 - - [24/Feb/2025:22:31:17 +0900] "GET /zerotodeploy/css/style.css HTTP/1.1" 200 8596
0:0:0:0:0:0:0:1 - - [24/Feb/2025:22:31:17 +0900] "GET /zerotodeploy/css/bootstrap.min.css HTTP/1.1" 200 164340
0:0:0:0:0:0:0:1 - - [24/Feb/2025:22:31:17 +0900] "GET /zerotodeploy/lib/owlcarousel/owl.carousel.min.js HTTP/1.1" 302 -
0:0:0:0:0:0:0:1 - - [24/Feb/2025:22:31:17 +0900] "GET /zerotodeploy/js/main.js HTTP/1.1" 200 1803
0:0:0:0:0:0:0:1 - - [24/Feb/2025:22:31:17 +0900] "GET /zerotodeploy/login HTTP/1.1" 200 7124
0:0:0:0:0:0:0:1 - - [24/Feb/2025:22:31:17 +0900] "GET /zerotodeploy/login HTTP/1.1" 200 7124
0:0:0:0:0:0:0:1 - - [24/Feb/2025:22:31:17 +0900] "GET /zerotodeploy/login HTTP/1.1" 200 7124
0:0:0:0:0:0:0:1 - - [24/Feb/2025:22:31:17 +0900] "GET /zerotodeploy/login HTTP/1.1" 200 7124
0:0:0:0:0:0:0:1 - - [24/Feb/2025:22:31:17 +0900] "GET /zerotodeploy/login HTTP/1.1" 200 7124
0:0:0:0:0:0:0:1 - - [24/Feb/2025:22:31:17 +0900] "GET /zerotodeploy/login HTTP/1.1" 200 7124
0:0:0:0:0:0:0:1 - - [24/Feb/2025:22:31:21 +0900] "POST /zerotodeploy/login HTTP/1.1" 302 -
0:0:0:0:0:0:0:1 - - [24/Feb/2025:22:31:21 +0900] "GET /zerotodeploy/login?error HTTP/1.1" 200 7124
0:0:0:0:0:0:0:1 - - [24/Feb/2025:22:31:21 +0900] "GET /zerotodeploy/lib/animate/animate.min.css HTTP/1.1" 302 -
0:0:0:0:0:0:0:1 - - [24/Feb/2025:22:31:21 +0900] "GET /zerotodeploy/lib/owlcarousel/assets/owl.carousel.min.css HTTP/1.1" 302 -
0:0:0:0:0:0:0:1 - - [24/Feb/2025:22:31:21 +0900] "GET /zerotodeploy/lib/wow/wow.js HTTP/1.1" 302 -
0:0:0:0:0:0:0:1 - - [24/Feb/2025:22:31:21 +0900] "GET /zerotodeploy/lib/waypoints/waypoints.min.js HTTP/1.1" 302 -
0:0:0:0:0:0:0:1 - - [24/Feb/2025:22:31:21 +0900] "GET /zerotodeploy/lib/easing/easing.min.js HTTP/1.1" 302 -
0:0:0:0:0:0:0:1 - - [24/Feb/2025:22:31:21 +0900] "GET /zerotodeploy/css/style.css HTTP/1.1" 200 8596
0:0:0:0:0:0:0:1 - - [24/Feb/2025:22:31:21 +0900] "GET /zerotodeploy/css/bootstrap.min.css HTTP/1.1" 200 164340
0:0:0:0:0:0:0:1 - - [24/Feb/2025:22:31:21 +0900] "GET /zerotodeploy/lib/owlcarousel/owl.carousel.min.js HTTP/1.1" 302 -
0:0:0:0:0:0:0:1 - - [24/Feb/2025:22:31:21 +0900] "GET /zerotodeploy/login HTTP/1.1" 200 7124
0:0:0:0:0:0:0:1 - - [24/Feb/2025:22:31:21 +0900] "GET /zerotodeploy/js/main.js HTTP/1.1" 200 1803
0:0:0:0:0:0:0:1 - - [24/Feb/2025:22:31:21 +0900] "GET /zerotodeploy/login HTTP/1.1" 200 7124
0:0:0:0:0:0:0:1 - - [24/Feb/2025:22:31:21 +0900] "GET /zerotodeploy/login HTTP/1.1" 200 7124
0:0:0:0:0:0:0:1 - - [24/Feb/2025:22:31:21 +0900] "GET /zerotodeploy/login HTTP/1.1" 200 7124
0:0:0:0:0:0:0:1 - - [24/Feb/2025:22:31:21 +0900] "GET /zerotodeploy/login HTTP/1.1" 200 7124
0:0:0:0:0:0:0:1 - - [24/Feb/2025:22:31:21 +0900] "GET /zerotodeploy/login HTTP/1.1" 200 7124
0:0:0:0:0:0:0:1 - - [24/Feb/2025:22:31:23 +0900] "GET /zerotodeploy/login HTTP/1.1" 200 7124
0:0:0:0:0:0:0:1 - - [24/Feb/2025:22:31:23 +0900] "GET /zerotodeploy/lib/animate/animate.min.css HTTP/1.1" 302 -
0:0:0:0:0:0:0:1 - - [24/Feb/2025:22:31:23 +0900] "GET /zerotodeploy/lib/wow/wow.js HTTP/1.1" 302 -
0:0:0:0:0:0:0:1 - - [24/Feb/2025:22:31:23 +0900] "GET /zerotodeploy/lib/owlcarousel/assets/owl.carousel.min.css HTTP/1.1" 302 -
0:0:0:0:0:0:0:1 - - [24/Feb/2025:22:31:23 +0900] "GET /zerotodeploy/lib/easing/easing.min.js HTTP/1.1" 302 -
0:0:0:0:0:0:0:1 - - [24/Feb/2025:22:31:23 +0900] "GET /zerotodeploy/lib/waypoints/waypoints.min.js HTTP/1.1" 302 -
0:0:0:0:0:0:0:1 - - [24/Feb/2025:22:31:23 +0900] "GET /zerotodeploy/css/style.css HTTP/1.1" 200 8596
0:0:0:0:0:0:0:1 - - [24/Feb/2025:22:31:23 +0900] "GET /zerotodeploy/css/bootstrap.min.css HTTP/1.1" 200 164340
0:0:0:0:0:0:0:1 - - [24/Feb/2025:22:31:23 +0900] "GET /zerotodeploy/lib/owlcarousel/owl.carousel.min.js HTTP/1.1" 302 -
0:0:0:0:0:0:0:1 - - [24/Feb/2025:22:31:23 +0900] "GET /zerotodeploy/js/main.js HTTP/1.1" 200 1803
0:0:0:0:0:0:0:1 - - [24/Feb/2025:22:31:23 +0900] "GET /zerotodeploy/login HTTP/1.1" 200 7124
0:0:0:0:0:0:0:1 - - [24/Feb/2025:22:31:23 +0900] "GET /zerotodeploy/login HTTP/1.1" 200 7124
0:0:0:0:0:0:0:1 - - [24/Feb/2025:22:31:23 +0900] "GET /zerotodeploy/login HTTP/1.1" 200 7124
0:0:0:0:0:0:0:1 - - [24/Feb/2025:22:31:23 +0900] "GET /zerotodeploy/login HTTP/1.1" 200 7124
0:0:0:0:0:0:0:1 - - [24/Feb/2025:22:31:23 +0900] "GET /zerotodeploy/login HTTP/1.1" 200 7124
0:0:0:0:0:0:0:1 - - [24/Feb/2025:22:31:23 +0900] "GET /zerotodeploy/login HTTP/1.1" 200 7124
0:0:0:0:0:0:0:1 - - [24/Feb/2025:22:33:28 +0900] "GET / HTTP/1.1" 404 683
0:0:0:0:0:0:0:1 - - [24/Feb/2025:22:33:29 +0900] "GET / HTTP/1.1" 404 683
0:0:0:0:0:0:0:1 - - [24/Feb/2025:22:33:29 +0900] "GET / HTTP/1.1" 404 683
0:0:0:0:0:0:0:1 - - [24/Feb/2025:22:33:29 +0900] "GET / HTTP/1.1" 404 683
0:0:0:0:0:0:0:1 - - [24/Feb/2025:22:33:29 +0900] "GET / HTTP/1.1" 404 683
0:0:0:0:0:0:0:1 - - [24/Feb/2025:22:33:30 +0900] "GET / HTTP/1.1" 404 683
0:0:0:0:0:0:0:1 - - [24/Feb/2025:22:33:31 +0900] "GET /zerotodeploy/ HTTP/1.1" 200 7874
0:0:0:0:0:0:0:1 - - [24/Feb/2025:22:33:31 +0900] "GET /zerotodeploy/lib/animate/animate.min.css HTTP/1.1" 302 -
0:0:0:0:0:0:0:1 - - [24/Feb/2025:22:33:31 +0900] "GET /zerotodeploy/lib/owlcarousel/assets/owl.carousel.min.css HTTP/1.1" 302 -
0:0:0:0:0:0:0:1 - - [24/Feb/2025:22:33:31 +0900] "GET /zerotodeploy/lib/easing/easing.min.js HTTP/1.1" 302 -
0:0:0:0:0:0:0:1 - - [24/Feb/2025:22:33:31 +0900] "GET /zerotodeploy/lib/wow/wow.js HTTP/1.1" 302 -
0:0:0:0:0:0:0:1 - - [24/Feb/2025:22:33:31 +0900] "GET /zerotodeploy/css/style.css HTTP/1.1" 200 8596
0:0:0:0:0:0:0:1 - - [24/Feb/2025:22:33:31 +0900] "GET /zerotodeploy/css/bootstrap.min.css HTTP/1.1" 200 164340
0:0:0:0:0:0:0:1 - - [24/Feb/2025:22:33:31 +0900] "GET /zerotodeploy/lib/owlcarousel/owl.carousel.min.js HTTP/1.1" 302 -
0:0:0:0:0:0:0:1 - - [24/Feb/2025:22:33:31 +0900] "GET /zerotodeploy/lib/waypoints/waypoints.min.js HTTP/1.1" 302 -
0:0:0:0:0:0:0:1 - - [24/Feb/2025:22:33:31 +0900] "GET /zerotodeploy/js/main.js HTTP/1.1" 200 1803
0:0:0:0:0:0:0:1 - - [24/Feb/2025:22:33:31 +0900] "GET /zerotodeploy/login HTTP/1.1" 200 7124
0:0:0:0:0:0:0:1 - - [24/Feb/2025:22:33:31 +0900] "GET /zerotodeploy/login HTTP/1.1" 200 7124
0:0:0:0:0:0:0:1 - - [24/Feb/2025:22:33:31 +0900] "GET /zerotodeploy/login HTTP/1.1" 200 7124
0:0:0:0:0:0:0:1 - - [24/Feb/2025:22:33:31 +0900] "GET /zerotodeploy/login HTTP/1.1" 200 7124
0:0:0:0:0:0:0:1 - - [24/Feb/2025:22:33:31 +0900] "GET /zerotodeploy/login HTTP/1.1" 200 7124
0:0:0:0:0:0:0:1 - - [24/Feb/2025:22:33:31 +0900] "GET /zerotodeploy/login HTTP/1.1" 200 7124
0:0:0:0:0:0:0:1 - - [24/Feb/2025:22:33:32 +0900] "GET /zerotodeploy/ HTTP/1.1" 200 7874
0:0:0:0:0:0:0:1 - - [24/Feb/2025:22:33:32 +0900] "GET /zerotodeploy/lib/animate/animate.min.css HTTP/1.1" 302 -
0:0:0:0:0:0:0:1 - - [24/Feb/2025:22:33:32 +0900] "GET /zerotodeploy/lib/owlcarousel/assets/owl.carousel.min.css HTTP/1.1" 302 -
0:0:0:0:0:0:0:1 - - [24/Feb/2025:22:33:32 +0900] "GET /zerotodeploy/lib/wow/wow.js HTTP/1.1" 302 -
0:0:0:0:0:0:0:1 - - [24/Feb/2025:22:33:32 +0900] "GET /zerotodeploy/lib/easing/easing.min.js HTTP/1.1" 302 -
0:0:0:0:0:0:0:1 - - [24/Feb/2025:22:33:32 +0900] "GET /zerotodeploy/css/style.css HTTP/1.1" 200 8596
0:0:0:0:0:0:0:1 - - [24/Feb/2025:22:33:32 +0900] "GET /zerotodeploy/css/bootstrap.min.css HTTP/1.1" 200 164340
0:0:0:0:0:0:0:1 - - [24/Feb/2025:22:33:32 +0900] "GET /zerotodeploy/lib/waypoints/waypoints.min.js HTTP/1.1" 302 -
0:0:0:0:0:0:0:1 - - [24/Feb/2025:22:33:32 +0900] "GET /zerotodeploy/lib/owlcarousel/owl.carousel.min.js HTTP/1.1" 302 -
0:0:0:0:0:0:0:1 - - [24/Feb/2025:22:33:32 +0900] "GET /zerotodeploy/js/main.js HTTP/1.1" 200 1803
0:0:0:0:0:0:0:1 - - [24/Feb/2025:22:33:32 +0900] "GET /zerotodeploy/login HTTP/1.1" 200 7124
0:0:0:0:0:0:0:1 - - [24/Feb/2025:22:33:32 +0900] "GET /zerotodeploy/login HTTP/1.1" 200 7124
0:0:0:0:0:0:0:1 - - [24/Feb/2025:22:33:32 +0900] "GET /zerotodeploy/login HTTP/1.1" 200 7124
0:0:0:0:0:0:0:1 - - [24/Feb/2025:22:33:32 +0900] "GET /zerotodeploy/login HTTP/1.1" 200 7124
0:0:0:0:0:0:0:1 - - [24/Feb/2025:22:33:32 +0900] "GET /zerotodeploy/login HTTP/1.1" 200 7124
0:0:0:0:0:0:0:1 - - [24/Feb/2025:22:33:32 +0900] "GET /zerotodeploy/login HTTP/1.1" 200 7124
0:0:0:0:0:0:0:1 - - [24/Feb/2025:22:33:33 +0900] "GET /zerotodeploy/ HTTP/1.1" 200 7874
0:0:0:0:0:0:0:1 - - [24/Feb/2025:22:33:33 +0900] "GET /zerotodeploy/lib/animate/animate.min.css HTTP/1.1" 302 -
0:0:0:0:0:0:0:1 - - [24/Feb/2025:22:33:33 +0900] "GET /zerotodeploy/lib/wow/wow.js HTTP/1.1" 302 -
0:0:0:0:0:0:0:1 - - [24/Feb/2025:22:33:33 +0900] "GET /zerotodeploy/lib/owlcarousel/assets/owl.carousel.min.css HTTP/1.1" 302 -
0:0:0:0:0:0:0:1 - - [24/Feb/2025:22:33:33 +0900] "GET /zerotodeploy/lib/easing/easing.min.js HTTP/1.1" 302 -
0:0:0:0:0:0:0:1 - - [24/Feb/2025:22:33:33 +0900] "GET /zerotodeploy/lib/waypoints/waypoints.min.js HTTP/1.1" 302 -
0:0:0:0:0:0:0:1 - - [24/Feb/2025:22:33:33 +0900] "GET /zerotodeploy/css/style.css HTTP/1.1" 200 8596
0:0:0:0:0:0:0:1 - - [24/Feb/2025:22:33:33 +0900] "GET /zerotodeploy/css/bootstrap.min.css HTTP/1.1" 200 164340
0:0:0:0:0:0:0:1 - - [24/Feb/2025:22:33:33 +0900] "GET /zerotodeploy/lib/owlcarousel/owl.carousel.min.js HTTP/1.1" 302 -
0:0:0:0:0:0:0:1 - - [24/Feb/2025:22:33:33 +0900] "GET /zerotodeploy/js/main.js HTTP/1.1" 200 1803
0:0:0:0:0:0:0:1 - - [24/Feb/2025:22:33:33 +0900] "GET /zerotodeploy/login HTTP/1.1" 200 7124
0:0:0:0:0:0:0:1 - - [24/Feb/2025:22:33:33 +0900] "GET /zerotodeploy/login HTTP/1.1" 200 7124
0:0:0:0:0:0:0:1 - - [24/Feb/2025:22:33:33 +0900] "GET /zerotodeploy/login HTTP/1.1" 200 7124
0:0:0:0:0:0:0:1 - - [24/Feb/2025:22:33:33 +0900] "GET /zerotodeploy/login HTTP/1.1" 200 7124
0:0:0:0:0:0:0:1 - - [24/Feb/2025:22:33:33 +0900] "GET /zerotodeploy/login HTTP/1.1" 200 7124
0:0:0:0:0:0:0:1 - - [24/Feb/2025:22:33:33 +0900] "GET /zerotodeploy/login HTTP/1.1" 200 7124
0:0:0:0:0:0:0:1 - - [24/Feb/2025:22:33:33 +0900] "GET /zerotodeploy/ HTTP/1.1" 200 7874
0:0:0:0:0:0:0:1 - - [24/Feb/2025:22:33:33 +0900] "GET /zerotodeploy/lib/animate/animate.min.css HTTP/1.1" 302 -
0:0:0:0:0:0:0:1 - - [24/Feb/2025:22:33:33 +0900] "GET /zerotodeploy/lib/owlcarousel/assets/owl.carousel.min.css HTTP/1.1" 302 -
0:0:0:0:0:0:0:1 - - [24/Feb/2025:22:33:33 +0900] "GET /zerotodeploy/lib/easing/easing.min.js HTTP/1.1" 302 -
0:0:0:0:0:0:0:1 - - [24/Feb/2025:22:33:33 +0900] "GET /zerotodeploy/lib/wow/wow.js HTTP/1.1" 302 -
0:0:0:0:0:0:0:1 - - [24/Feb/2025:22:33:33 +0900] "GET /zerotodeploy/css/style.css HTTP/1.1" 200 8596
0:0:0:0:0:0:0:1 - - [24/Feb/2025:22:33:33 +0900] "GET /zerotodeploy/css/bootstrap.min.css HTTP/1.1" 200 164340
0:0:0:0:0:0:0:1 - - [24/Feb/2025:22:33:33 +0900] "GET /zerotodeploy/lib/waypoints/waypoints.min.js HTTP/1.1" 302 -
0:0:0:0:0:0:0:1 - - [24/Feb/2025:22:33:33 +0900] "GET /zerotodeploy/lib/owlcarousel/owl.carousel.min.js HTTP/1.1" 302 -
0:0:0:0:0:0:0:1 - - [24/Feb/2025:22:33:33 +0900] "GET /zerotodeploy/js/main.js HTTP/1.1" 200 1803
0:0:0:0:0:0:0:1 - - [24/Feb/2025:22:33:33 +0900] "GET /zerotodeploy/login HTTP/1.1" 200 7124
0:0:0:0:0:0:0:1 - - [24/Feb/2025:22:33:33 +0900] "GET /zerotodeploy/login HTTP/1.1" 200 7124
0:0:0:0:0:0:0:1 - - [24/Feb/2025:22:33:33 +0900] "GET /zerotodeploy/login HTTP/1.1" 200 7124
0:0:0:0:0:0:0:1 - - [24/Feb/2025:22:33:33 +0900] "GET /zerotodeploy/login HTTP/1.1" 200 7124
0:0:0:0:0:0:0:1 - - [24/Feb/2025:22:33:33 +0900] "GET /zerotodeploy/login HTTP/1.1" 200 7124
0:0:0:0:0:0:0:1 - - [24/Feb/2025:22:33:33 +0900] "GET /zerotodeploy/login HTTP/1.1" 200 7124
0:0:0:0:0:0:0:1 - - [24/Feb/2025:22:33:33 +0900] "GET /zerotodeploy/ HTTP/1.1" 200 7874
0:0:0:0:0:0:0:1 - - [24/Feb/2025:22:33:33 +0900] "GET /zerotodeploy/lib/animate/animate.min.css HTTP/1.1" 302 -
0:0:0:0:0:0:0:1 - - [24/Feb/2025:22:33:33 +0900] "GET /zerotodeploy/lib/owlcarousel/assets/owl.carousel.min.css HTTP/1.1" 302 -
0:0:0:0:0:0:0:1 - - [24/Feb/2025:22:33:33 +0900] "GET /zerotodeploy/lib/easing/easing.min.js HTTP/1.1" 302 -
0:0:0:0:0:0:0:1 - - [24/Feb/2025:22:33:33 +0900] "GET /zerotodeploy/lib/wow/wow.js HTTP/1.1" 302 -
0:0:0:0:0:0:0:1 - - [24/Feb/2025:22:33:33 +0900] "GET /zerotodeploy/css/style.css HTTP/1.1" 200 8596
0:0:0:0:0:0:0:1 - - [24/Feb/2025:22:33:33 +0900] "GET /zerotodeploy/css/bootstrap.min.css HTTP/1.1" 200 164340
0:0:0:0:0:0:0:1 - - [24/Feb/2025:22:33:33 +0900] "GET /zerotodeploy/lib/waypoints/waypoints.min.js HTTP/1.1" 302 -
0:0:0:0:0:0:0:1 - - [24/Feb/2025:22:33:33 +0900] "GET /zerotodeploy/lib/owlcarousel/owl.carousel.min.js HTTP/1.1" 302 -
0:0:0:0:0:0:0:1 - - [24/Feb/2025:22:33:33 +0900] "GET /zerotodeploy/js/main.js HTTP/1.1" 200 1803
0:0:0:0:0:0:0:1 - - [24/Feb/2025:22:33:33 +0900] "GET /zerotodeploy/login HTTP/1.1" 200 7124
0:0:0:0:0:0:0:1 - - [24/Feb/2025:22:33:33 +0900] "GET /zerotodeploy/login HTTP/1.1" 200 7124
0:0:0:0:0:0:0:1 - - [24/Feb/2025:22:33:33 +0900] "GET /zerotodeploy/login HTTP/1.1" 200 7124
0:0:0:0:0:0:0:1 - - [24/Feb/2025:22:33:33 +0900] "GET /zerotodeploy/login HTTP/1.1" 200 7124
0:0:0:0:0:0:0:1 - - [24/Feb/2025:22:33:33 +0900] "GET /zerotodeploy/login HTTP/1.1" 200 7124
0:0:0:0:0:0:0:1 - - [24/Feb/2025:22:33:33 +0900] "GET /zerotodeploy/login HTTP/1.1" 200 7124
0:0:0:0:0:0:0:1 - - [24/Feb/2025:22:33:34 +0900] "GET /zerotodeploy/login HTTP/1.1" 200 7124
0:0:0:0:0:0:0:1 - - [24/Feb/2025:22:33:34 +0900] "GET /zerotodeploy/lib/animate/animate.min.css HTTP/1.1" 302 -
0:0:0:0:0:0:0:1 - - [24/Feb/2025:22:33:34 +0900] "GET /zerotodeploy/lib/wow/wow.js HTTP/1.1" 302 -
0:0:0:0:0:0:0:1 - - [24/Feb/2025:22:33:34 +0900] "GET /zerotodeploy/lib/owlcarousel/assets/owl.carousel.min.css HTTP/1.1" 302 -
0:0:0:0:0:0:0:1 - - [24/Feb/2025:22:33:34 +0900] "GET /zerotodeploy/lib/easing/easing.min.js HTTP/1.1" 302 -
0:0:0:0:0:0:0:1 - - [24/Feb/2025:22:33:34 +0900] "GET /zerotodeploy/lib/waypoints/waypoints.min.js HTTP/1.1" 302 -
0:0:0:0:0:0:0:1 - - [24/Feb/2025:22:33:34 +0900] "GET /zerotodeploy/css/style.css HTTP/1.1" 200 8596
0:0:0:0:0:0:0:1 - - [24/Feb/2025:22:33:34 +0900] "GET /zerotodeploy/css/bootstrap.min.css HTTP/1.1" 200 164340
0:0:0:0:0:0:0:1 - - [24/Feb/2025:22:33:34 +0900] "GET /zerotodeploy/lib/owlcarousel/owl.carousel.min.js HTTP/1.1" 302 -
0:0:0:0:0:0:0:1 - - [24/Feb/2025:22:33:34 +0900] "GET /zerotodeploy/login HTTP/1.1" 200 7124
0:0:0:0:0:0:0:1 - - [24/Feb/2025:22:33:34 +0900] "GET /zerotodeploy/js/main.js HTTP/1.1" 200 1803
0:0:0:0:0:0:0:1 - - [24/Feb/2025:22:33:34 +0900] "GET /zerotodeploy/login HTTP/1.1" 200 7124
0:0:0:0:0:0:0:1 - - [24/Feb/2025:22:33:34 +0900] "GET /zerotodeploy/login HTTP/1.1" 200 7124
0:0:0:0:0:0:0:1 - - [24/Feb/2025:22:33:34 +0900] "GET /zerotodeploy/login HTTP/1.1" 200 7124
0:0:0:0:0:0:0:1 - - [24/Feb/2025:22:33:34 +0900] "GET /zerotodeploy/login HTTP/1.1" 200 7124
0:0:0:0:0:0:0:1 - - [24/Feb/2025:22:33:34 +0900] "GET /zerotodeploy/login HTTP/1.1" 200 7124
0:0:0:0:0:0:0:1 - - [24/Feb/2025:22:33:35 +0900] "GET /zerotodeploy/signUp HTTP/1.1" 302 -
0:0:0:0:0:0:0:1 - - [24/Feb/2025:22:33:35 +0900] "GET /zerotodeploy/login HTTP/1.1" 200 7124
0:0:0:0:0:0:0:1 - - [24/Feb/2025:22:33:35 +0900] "GET /zerotodeploy/lib/animate/animate.min.css HTTP/1.1" 302 -
0:0:0:0:0:0:0:1 - - [24/Feb/2025:22:33:35 +0900] "GET /zerotodeploy/lib/owlcarousel/assets/owl.carousel.min.css HTTP/1.1" 302 -
0:0:0:0:0:0:0:1 - - [24/Feb/2025:22:33:35 +0900] "GET /zerotodeploy/lib/wow/wow.js HTTP/1.1" 302 -
0:0:0:0:0:0:0:1 - - [24/Feb/2025:22:33:35 +0900] "GET /zerotodeploy/lib/easing/easing.min.js HTTP/1.1" 302 -
0:0:0:0:0:0:0:1 - - [24/Feb/2025:22:33:35 +0900] "GET /zerotodeploy/css/style.css HTTP/1.1" 200 8596
0:0:0:0:0:0:0:1 - - [24/Feb/2025:22:33:35 +0900] "GET /zerotodeploy/css/bootstrap.min.css HTTP/1.1" 200 164340
0:0:0:0:0:0:0:1 - - [24/Feb/2025:22:33:35 +0900] "GET /zerotodeploy/lib/waypoints/waypoints.min.js HTTP/1.1" 302 -
0:0:0:0:0:0:0:1 - - [24/Feb/2025:22:33:35 +0900] "GET /zerotodeploy/lib/owlcarousel/owl.carousel.min.js HTTP/1.1" 302 -
0:0:0:0:0:0:0:1 - - [24/Feb/2025:22:33:35 +0900] "GET /zerotodeploy/js/main.js HTTP/1.1" 200 1803
0:0:0:0:0:0:0:1 - - [24/Feb/2025:22:33:35 +0900] "GET /zerotodeploy/login HTTP/1.1" 200 7124
0:0:0:0:0:0:0:1 - - [24/Feb/2025:22:33:35 +0900] "GET /zerotodeploy/login HTTP/1.1" 200 7124
0:0:0:0:0:0:0:1 - - [24/Feb/2025:22:33:35 +0900] "GET /zerotodeploy/login HTTP/1.1" 200 7124
0:0:0:0:0:0:0:1 - - [24/Feb/2025:22:33:35 +0900] "GET /zerotodeploy/login HTTP/1.1" 200 7124
0:0:0:0:0:0:0:1 - - [24/Feb/2025:22:33:35 +0900] "GET /zerotodeploy/login HTTP/1.1" 200 7124
0:0:0:0:0:0:0:1 - - [24/Feb/2025:22:33:35 +0900] "GET /zerotodeploy/login HTTP/1.1" 200 7124
0:0:0:0:0:0:0:1 - - [24/Feb/2025:22:33:36 +0900] "GET /zerotodeploy/signUp HTTP/1.1" 302 -
0:0:0:0:0:0:0:1 - - [24/Feb/2025:22:33:36 +0900] "GET /zerotodeploy/login HTTP/1.1" 200 7124
0:0:0:0:0:0:0:1 - - [24/Feb/2025:22:33:36 +0900] "GET /zerotodeploy/lib/animate/animate.min.css HTTP/1.1" 302 -
0:0:0:0:0:0:0:1 - - [24/Feb/2025:22:33:36 +0900] "GET /zerotodeploy/lib/owlcarousel/assets/owl.carousel.min.css HTTP/1.1" 302 -
0:0:0:0:0:0:0:1 - - [24/Feb/2025:22:33:36 +0900] "GET /zerotodeploy/lib/wow/wow.js HTTP/1.1" 302 -
0:0:0:0:0:0:0:1 - - [24/Feb/2025:22:33:36 +0900] "GET /zerotodeploy/lib/easing/easing.min.js HTTP/1.1" 302 -
0:0:0:0:0:0:0:1 - - [24/Feb/2025:22:33:36 +0900] "GET /zerotodeploy/css/style.css HTTP/1.1" 200 8596
0:0:0:0:0:0:0:1 - - [24/Feb/2025:22:33:36 +0900] "GET /zerotodeploy/css/bootstrap.min.css HTTP/1.1" 200 164340
0:0:0:0:0:0:0:1 - - [24/Feb/2025:22:33:36 +0900] "GET /zerotodeploy/lib/owlcarousel/owl.carousel.min.js HTTP/1.1" 302 -
0:0:0:0:0:0:0:1 - - [24/Feb/2025:22:33:36 +0900] "GET /zerotodeploy/lib/waypoints/waypoints.min.js HTTP/1.1" 302 -
0:0:0:0:0:0:0:1 - - [24/Feb/2025:22:33:36 +0900] "GET /zerotodeploy/js/main.js HTTP/1.1" 200 1803
0:0:0:0:0:0:0:1 - - [24/Feb/2025:22:33:36 +0900] "GET /zerotodeploy/login HTTP/1.1" 200 7124
0:0:0:0:0:0:0:1 - - [24/Feb/2025:22:33:36 +0900] "GET /zerotodeploy/login HTTP/1.1" 200 7124
0:0:0:0:0:0:0:1 - - [24/Feb/2025:22:33:36 +0900] "GET /zerotodeploy/login HTTP/1.1" 200 7124
0:0:0:0:0:0:0:1 - - [24/Feb/2025:22:33:36 +0900] "GET /zerotodeploy/login HTTP/1.1" 200 7124
0:0:0:0:0:0:0:1 - - [24/Feb/2025:22:33:36 +0900] "GET /zerotodeploy/login HTTP/1.1" 200 7124
0:0:0:0:0:0:0:1 - - [24/Feb/2025:22:33:36 +0900] "GET /zerotodeploy/login HTTP/1.1" 200 7124
0:0:0:0:0:0:0:1 - - [24/Feb/2025:22:33:37 +0900] "GET /zerotodeploy/signUp HTTP/1.1" 302 -
0:0:0:0:0:0:0:1 - - [24/Feb/2025:22:33:37 +0900] "GET /zerotodeploy/login HTTP/1.1" 200 7124
0:0:0:0:0:0:0:1 - - [24/Feb/2025:22:33:37 +0900] "GET /zerotodeploy/lib/animate/animate.min.css HTTP/1.1" 302 -
0:0:0:0:0:0:0:1 - - [24/Feb/2025:22:33:37 +0900] "GET /zerotodeploy/lib/owlcarousel/assets/owl.carousel.min.css HTTP/1.1" 302 -
0:0:0:0:0:0:0:1 - - [24/Feb/2025:22:33:37 +0900] "GET /zerotodeploy/lib/wow/wow.js HTTP/1.1" 302 -
0:0:0:0:0:0:0:1 - - [24/Feb/2025:22:33:37 +0900] "GET /zerotodeploy/lib/easing/easing.min.js HTTP/1.1" 302 -
0:0:0:0:0:0:0:1 - - [24/Feb/2025:22:33:37 +0900] "GET /zerotodeploy/css/style.css HTTP/1.1" 200 8596
0:0:0:0:0:0:0:1 - - [24/Feb/2025:22:33:37 +0900] "GET /zerotodeploy/css/bootstrap.min.css HTTP/1.1" 200 164340
0:0:0:0:0:0:0:1 - - [24/Feb/2025:22:33:37 +0900] "GET /zerotodeploy/lib/owlcarousel/owl.carousel.min.js HTTP/1.1" 302 -
0:0:0:0:0:0:0:1 - - [24/Feb/2025:22:33:37 +0900] "GET /zerotodeploy/lib/waypoints/waypoints.min.js HTTP/1.1" 302 -
0:0:0:0:0:0:0:1 - - [24/Feb/2025:22:33:37 +0900] "GET /zerotodeploy/js/main.js HTTP/1.1" 200 1803
0:0:0:0:0:0:0:1 - - [24/Feb/2025:22:33:37 +0900] "GET /zerotodeploy/login HTTP/1.1" 200 7124
0:0:0:0:0:0:0:1 - - [24/Feb/2025:22:33:37 +0900] "GET /zerotodeploy/login HTTP/1.1" 200 7124
0:0:0:0:0:0:0:1 - - [24/Feb/2025:22:33:37 +0900] "GET /zerotodeploy/login HTTP/1.1" 200 7124
0:0:0:0:0:0:0:1 - - [24/Feb/2025:22:33:37 +0900] "GET /zerotodeploy/login HTTP/1.1" 200 7124
0:0:0:0:0:0:0:1 - - [24/Feb/2025:22:33:37 +0900] "GET /zerotodeploy/login HTTP/1.1" 200 7124
0:0:0:0:0:0:0:1 - - [24/Feb/2025:22:33:37 +0900] "GET /zerotodeploy/login HTTP/1.1" 200 7124
0:0:0:0:0:0:0:1 - - [24/Feb/2025:22:33:42 +0900] "GET /zerotodeploy/login HTTP/1.1" 200 7124
0:0:0:0:0:0:0:1 - - [24/Feb/2025:22:33:42 +0900] "GET /zerotodeploy/lib/animate/animate.min.css HTTP/1.1" 302 -
0:0:0:0:0:0:0:1 - - [24/Feb/2025:22:33:42 +0900] "GET /zerotodeploy/lib/owlcarousel/assets/owl.carousel.min.css HTTP/1.1" 302 -
0:0:0:0:0:0:0:1 - - [24/Feb/2025:22:33:42 +0900] "GET /zerotodeploy/lib/easing/easing.min.js HTTP/1.1" 302 -
0:0:0:0:0:0:0:1 - - [24/Feb/2025:22:33:42 +0900] "GET /zerotodeploy/lib/wow/wow.js HTTP/1.1" 302 -
0:0:0:0:0:0:0:1 - - [24/Feb/2025:22:33:42 +0900] "GET /zerotodeploy/css/style.css HTTP/1.1" 200 8596
0:0:0:0:0:0:0:1 - - [24/Feb/2025:22:33:42 +0900] "GET /zerotodeploy/css/bootstrap.min.css HTTP/1.1" 200 164340
0:0:0:0:0:0:0:1 - - [24/Feb/2025:22:33:42 +0900] "GET /zerotodeploy/lib/owlcarousel/owl.carousel.min.js HTTP/1.1" 302 -
0:0:0:0:0:0:0:1 - - [24/Feb/2025:22:33:42 +0900] "GET /zerotodeploy/lib/waypoints/waypoints.min.js HTTP/1.1" 302 -
0:0:0:0:0:0:0:1 - - [24/Feb/2025:22:33:42 +0900] "GET /zerotodeploy/js/main.js HTTP/1.1" 200 1803
0:0:0:0:0:0:0:1 - - [24/Feb/2025:22:33:42 +0900] "GET /zerotodeploy/login HTTP/1.1" 200 7124
0:0:0:0:0:0:0:1 - - [24/Feb/2025:22:33:42 +0900] "GET /zerotodeploy/login HTTP/1.1" 200 7124
0:0:0:0:0:0:0:1 - - [24/Feb/2025:22:33:42 +0900] "GET /zerotodeploy/login HTTP/1.1" 200 7124
0:0:0:0:0:0:0:1 - - [24/Feb/2025:22:33:42 +0900] "GET /zerotodeploy/login HTTP/1.1" 200 7124
0:0:0:0:0:0:0:1 - - [24/Feb/2025:22:33:42 +0900] "GET /zerotodeploy/login HTTP/1.1" 200 7124
0:0:0:0:0:0:0:1 - - [24/Feb/2025:22:33:42 +0900] "GET /zerotodeploy/login HTTP/1.1" 200 7124
0:0:0:0:0:0:0:1 - - [24/Feb/2025:22:33:42 +0900] "GET /zerotodeploy/login HTTP/1.1" 200 7124
0:0:0:0:0:0:0:1 - - [24/Feb/2025:22:33:42 +0900] "GET /zerotodeploy/lib/animate/animate.min.css HTTP/1.1" 302 -
0:0:0:0:0:0:0:1 - - [24/Feb/2025:22:33:42 +0900] "GET /zerotodeploy/lib/owlcarousel/assets/owl.carousel.min.css HTTP/1.1" 302 -
0:0:0:0:0:0:0:1 - - [24/Feb/2025:22:33:42 +0900] "GET /zerotodeploy/lib/waypoints/waypoints.min.js HTTP/1.1" 302 -
0:0:0:0:0:0:0:1 - - [24/Feb/2025:22:33:42 +0900] "GET /zerotodeploy/lib/wow/wow.js HTTP/1.1" 302 -
0:0:0:0:0:0:0:1 - - [24/Feb/2025:22:33:42 +0900] "GET /zerotodeploy/lib/easing/easing.min.js HTTP/1.1" 302 -
0:0:0:0:0:0:0:1 - - [24/Feb/2025:22:33:42 +0900] "GET /zerotodeploy/css/style.css HTTP/1.1" 200 8596
0:0:0:0:0:0:0:1 - - [24/Feb/2025:22:33:42 +0900] "GET /zerotodeploy/css/bootstrap.min.css HTTP/1.1" 200 164340
0:0:0:0:0:0:0:1 - - [24/Feb/2025:22:33:42 +0900] "GET /zerotodeploy/lib/owlcarousel/owl.carousel.min.js HTTP/1.1" 302 -
0:0:0:0:0:0:0:1 - - [24/Feb/2025:22:33:42 +0900] "GET /zerotodeploy/login HTTP/1.1" 200 7124
0:0:0:0:0:0:0:1 - - [24/Feb/2025:22:33:42 +0900] "GET /zerotodeploy/js/main.js HTTP/1.1" 200 1803
0:0:0:0:0:0:0:1 - - [24/Feb/2025:22:33:42 +0900] "GET /zerotodeploy/login HTTP/1.1" 200 7124
0:0:0:0:0:0:0:1 - - [24/Feb/2025:22:33:42 +0900] "GET /zerotodeploy/login HTTP/1.1" 200 7124
0:0:0:0:0:0:0:1 - - [24/Feb/2025:22:33:42 +0900] "GET /zerotodeploy/login HTTP/1.1" 200 7124
0:0:0:0:0:0:0:1 - - [24/Feb/2025:22:33:42 +0900] "GET /zerotodeploy/login HTTP/1.1" 200 7124
0:0:0:0:0:0:0:1 - - [24/Feb/2025:22:33:42 +0900] "GET /zerotodeploy/login HTTP/1.1" 200 7124
0:0:0:0:0:0:0:1 - - [24/Feb/2025:22:33:43 +0900] "GET /zerotodeploy/login HTTP/1.1" 200 7124
0:0:0:0:0:0:0:1 - - [24/Feb/2025:22:33:43 +0900] "GET /zerotodeploy/lib/animate/animate.min.css HTTP/1.1" 302 -
0:0:0:0:0:0:0:1 - - [24/Feb/2025:22:33:43 +0900] "GET /zerotodeploy/lib/wow/wow.js HTTP/1.1" 302 -
0:0:0:0:0:0:0:1 - - [24/Feb/2025:22:33:43 +0900] "GET /zerotodeploy/lib/owlcarousel/assets/owl.carousel.min.css HTTP/1.1" 302 -
0:0:0:0:0:0:0:1 - - [24/Feb/2025:22:33:43 +0900] "GET /zerotodeploy/lib/easing/easing.min.js HTTP/1.1" 302 -
0:0:0:0:0:0:0:1 - - [24/Feb/2025:22:33:43 +0900] "GET /zerotodeploy/css/style.css HTTP/1.1" 200 8596
0:0:0:0:0:0:0:1 - - [24/Feb/2025:22:33:43 +0900] "GET /zerotodeploy/css/bootstrap.min.css HTTP/1.1" 200 164340
0:0:0:0:0:0:0:1 - - [24/Feb/2025:22:33:43 +0900] "GET /zerotodeploy/lib/owlcarousel/owl.carousel.min.js HTTP/1.1" 302 -
0:0:0:0:0:0:0:1 - - [24/Feb/2025:22:33:43 +0900] "GET /zerotodeploy/lib/waypoints/waypoints.min.js HTTP/1.1" 302 -
0:0:0:0:0:0:0:1 - - [24/Feb/2025:22:33:43 +0900] "GET /zerotodeploy/js/main.js HTTP/1.1" 200 1803
0:0:0:0:0:0:0:1 - - [24/Feb/2025:22:33:43 +0900] "GET /zerotodeploy/login HTTP/1.1" 200 7124
0:0:0:0:0:0:0:1 - - [24/Feb/2025:22:33:43 +0900] "GET /zerotodeploy/login HTTP/1.1" 200 7124
0:0:0:0:0:0:0:1 - - [24/Feb/2025:22:33:43 +0900] "GET /zerotodeploy/login HTTP/1.1" 200 7124
0:0:0:0:0:0:0:1 - - [24/Feb/2025:22:33:43 +0900] "GET /zerotodeploy/login HTTP/1.1" 200 7124
0:0:0:0:0:0:0:1 - - [24/Feb/2025:22:33:43 +0900] "GET /zerotodeploy/login HTTP/1.1" 200 7124
0:0:0:0:0:0:0:1 - - [24/Feb/2025:22:33:43 +0900] "GET /zerotodeploy/login HTTP/1.1" 200 7124
