0:0:0:0:0:0:0:1 - - [23/Feb/2025:12:12:18 +0900] "GET /zerotodeploy/ HTTP/1.1" 200 7874
0:0:0:0:0:0:0:1 - - [23/Feb/2025:12:12:18 +0900] "GET /zerotodeploy/lib/owlcarousel/assets/owl.carousel.min.css HTTP/1.1" 302 -
0:0:0:0:0:0:0:1 - - [23/Feb/2025:12:12:18 +0900] "GET /zerotodeploy/lib/wow/wow.js HTTP/1.1" 302 -
0:0:0:0:0:0:0:1 - - [23/Feb/2025:12:12:18 +0900] "GET /zerotodeploy/lib/animate/animate.min.css HTTP/1.1" 302 -
0:0:0:0:0:0:0:1 - - [23/Feb/2025:12:12:18 +0900] "GET /zerotodeploy/lib/easing/easing.min.js HTTP/1.1" 302 -
0:0:0:0:0:0:0:1 - - [23/Feb/2025:12:12:18 +0900] "GET /zerotodeploy/lib/waypoints/waypoints.min.js HTTP/1.1" 302 -
0:0:0:0:0:0:0:1 - - [23/Feb/2025:12:12:18 +0900] "GET /zerotodeploy/lib/owlcarousel/owl.carousel.min.js HTTP/1.1" 302 -
0:0:0:0:0:0:0:1 - - [23/Feb/2025:12:12:18 +0900] "GET /zerotodeploy/js/main.js HTTP/1.1" 200 1803
0:0:0:0:0:0:0:1 - - [23/Feb/2025:12:12:18 +0900] "GET /zerotodeploy/css/style.css HTTP/1.1" 200 8596
0:0:0:0:0:0:0:1 - - [23/Feb/2025:12:12:18 +0900] "GET /zerotodeploy/css/bootstrap.min.css HTTP/1.1" 200 164340
0:0:0:0:0:0:0:1 - - [23/Feb/2025:12:12:19 +0900] "GET /zerotodeploy/login.html HTTP/1.1" 302 -
0:0:0:0:0:0:0:1 - - [23/Feb/2025:12:12:19 +0900] "GET /zerotodeploy/login.html HTTP/1.1" 302 -
0:0:0:0:0:0:0:1 - - [23/Feb/2025:12:12:19 +0900] "GET /zerotodeploy/login.html HTTP/1.1" 302 -
0:0:0:0:0:0:0:1 - - [23/Feb/2025:12:12:19 +0900] "GET /zerotodeploy/login.html HTTP/1.1" 302 -
0:0:0:0:0:0:0:1 - - [23/Feb/2025:12:12:19 +0900] "GET /zerotodeploy/login.html HTTP/1.1" 302 -
0:0:0:0:0:0:0:1 - - [23/Feb/2025:12:12:19 +0900] "GET /zerotodeploy/login.html HTTP/1.1" 302 -
0:0:0:0:0:0:0:1 - - [23/Feb/2025:12:12:19 +0900] "GET /zerotodeploy/login.html HTTP/1.1" 302 -
0:0:0:0:0:0:0:1 - - [23/Feb/2025:12:12:19 +0900] "GET /zerotodeploy/login.html HTTP/1.1" 302 -
0:0:0:0:0:0:0:1 - - [23/Feb/2025:12:12:19 +0900] "GET /zerotodeploy/login.html HTTP/1.1" 302 -
0:0:0:0:0:0:0:1 - - [23/Feb/2025:12:12:19 +0900] "GET /zerotodeploy/login.html HTTP/1.1" 302 -
0:0:0:0:0:0:0:1 - - [23/Feb/2025:12:12:19 +0900] "GET /zerotodeploy/login.html HTTP/1.1" 302 -
0:0:0:0:0:0:0:1 - - [23/Feb/2025:12:12:19 +0900] "GET /zerotodeploy/login.html HTTP/1.1" 302 -
0:0:0:0:0:0:0:1 - - [23/Feb/2025:12:12:19 +0900] "GET /zerotodeploy/login.html HTTP/1.1" 302 -
0:0:0:0:0:0:0:1 - - [23/Feb/2025:12:12:19 +0900] "GET /zerotodeploy/login.html HTTP/1.1" 302 -
0:0:0:0:0:0:0:1 - - [23/Feb/2025:12:12:19 +0900] "GET /zerotodeploy/login.html HTTP/1.1" 302 -
0:0:0:0:0:0:0:1 - - [23/Feb/2025:12:12:19 +0900] "GET /zerotodeploy/login.html HTTP/1.1" 302 -
0:0:0:0:0:0:0:1 - - [23/Feb/2025:12:12:19 +0900] "GET /zerotodeploy/login.html HTTP/1.1" 302 -
0:0:0:0:0:0:0:1 - - [23/Feb/2025:12:12:19 +0900] "GET /zerotodeploy/login.html HTTP/1.1" 302 -
0:0:0:0:0:0:0:1 - - [23/Feb/2025:12:12:19 +0900] "GET /zerotodeploy/login.html HTTP/1.1" 302 -
0:0:0:0:0:0:0:1 - - [23/Feb/2025:12:12:19 +0900] "GET /zerotodeploy/login.html HTTP/1.1" 302 -
0:0:0:0:0:0:0:1 - - [23/Feb/2025:12:12:19 +0900] "GET /zerotodeploy/login.html HTTP/1.1" 302 -
0:0:0:0:0:0:0:1 - - [23/Feb/2025:12:12:19 +0900] "GET /zerotodeploy/login.html HTTP/1.1" 302 -
0:0:0:0:0:0:0:1 - - [23/Feb/2025:12:12:19 +0900] "GET /zerotodeploy/login.html HTTP/1.1" 302 -
0:0:0:0:0:0:0:1 - - [23/Feb/2025:12:12:19 +0900] "GET /zerotodeploy/login.html HTTP/1.1" 302 -
0:0:0:0:0:0:0:1 - - [23/Feb/2025:12:12:19 +0900] "GET /zerotodeploy/login.html HTTP/1.1" 302 -
0:0:0:0:0:0:0:1 - - [23/Feb/2025:12:12:19 +0900] "GET /zerotodeploy/login.html HTTP/1.1" 302 -
0:0:0:0:0:0:0:1 - - [23/Feb/2025:12:12:19 +0900] "GET /zerotodeploy/login.html HTTP/1.1" 302 -
0:0:0:0:0:0:0:1 - - [23/Feb/2025:12:12:19 +0900] "GET /zerotodeploy/login.html HTTP/1.1" 302 -
0:0:0:0:0:0:0:1 - - [23/Feb/2025:12:12:19 +0900] "GET /zerotodeploy/login.html HTTP/1.1" 302 -
0:0:0:0:0:0:0:1 - - [23/Feb/2025:12:12:19 +0900] "GET /zerotodeploy/login.html HTTP/1.1" 302 -
0:0:0:0:0:0:0:1 - - [23/Feb/2025:12:12:19 +0900] "GET /zerotodeploy/login.html HTTP/1.1" 302 -
0:0:0:0:0:0:0:1 - - [23/Feb/2025:12:12:19 +0900] "GET /zerotodeploy/login.html HTTP/1.1" 302 -
0:0:0:0:0:0:0:1 - - [23/Feb/2025:12:12:19 +0900] "GET /zerotodeploy/login.html HTTP/1.1" 302 -
0:0:0:0:0:0:0:1 - - [23/Feb/2025:12:12:19 +0900] "GET /zerotodeploy/login.html HTTP/1.1" 302 -
0:0:0:0:0:0:0:1 - - [23/Feb/2025:12:12:19 +0900] "GET /zerotodeploy/login.html HTTP/1.1" 302 -
0:0:0:0:0:0:0:1 - - [23/Feb/2025:12:12:19 +0900] "GET /zerotodeploy/login.html HTTP/1.1" 302 -
0:0:0:0:0:0:0:1 - - [23/Feb/2025:12:12:19 +0900] "GET /zerotodeploy/login.html HTTP/1.1" 302 -
0:0:0:0:0:0:0:1 - - [23/Feb/2025:12:12:19 +0900] "GET /zerotodeploy/login.html HTTP/1.1" 302 -
0:0:0:0:0:0:0:1 - - [23/Feb/2025:12:12:19 +0900] "GET /zerotodeploy/login.html HTTP/1.1" 302 -
0:0:0:0:0:0:0:1 - - [23/Feb/2025:12:12:19 +0900] "GET /zerotodeploy/login.html HTTP/1.1" 302 -
0:0:0:0:0:0:0:1 - - [23/Feb/2025:12:12:19 +0900] "GET /zerotodeploy/login.html HTTP/1.1" 302 -
0:0:0:0:0:0:0:1 - - [23/Feb/2025:12:12:19 +0900] "GET /zerotodeploy/login.html HTTP/1.1" 302 -
0:0:0:0:0:0:0:1 - - [23/Feb/2025:12:12:19 +0900] "GET /zerotodeploy/login.html HTTP/1.1" 302 -
0:0:0:0:0:0:0:1 - - [23/Feb/2025:12:12:19 +0900] "GET /zerotodeploy/login.html HTTP/1.1" 302 -
0:0:0:0:0:0:0:1 - - [23/Feb/2025:12:12:19 +0900] "GET /zerotodeploy/login.html HTTP/1.1" 302 -
0:0:0:0:0:0:0:1 - - [23/Feb/2025:12:12:19 +0900] "GET /zerotodeploy/login.html HTTP/1.1" 302 -
0:0:0:0:0:0:0:1 - - [23/Feb/2025:12:12:19 +0900] "GET /zerotodeploy/login.html HTTP/1.1" 302 -
0:0:0:0:0:0:0:1 - - [23/Feb/2025:12:12:19 +0900] "GET /zerotodeploy/login.html HTTP/1.1" 302 -
0:0:0:0:0:0:0:1 - - [23/Feb/2025:12:12:19 +0900] "GET /zerotodeploy/login.html HTTP/1.1" 302 -
0:0:0:0:0:0:0:1 - - [23/Feb/2025:12:12:19 +0900] "GET /zerotodeploy/login.html HTTP/1.1" 302 -
0:0:0:0:0:0:0:1 - - [23/Feb/2025:12:12:19 +0900] "GET /zerotodeploy/login.html HTTP/1.1" 302 -
0:0:0:0:0:0:0:1 - - [23/Feb/2025:12:12:19 +0900] "GET /zerotodeploy/login.html HTTP/1.1" 302 -
0:0:0:0:0:0:0:1 - - [23/Feb/2025:12:12:19 +0900] "GET /zerotodeploy/login.html HTTP/1.1" 302 -
0:0:0:0:0:0:0:1 - - [23/Feb/2025:12:12:19 +0900] "GET /zerotodeploy/login.html HTTP/1.1" 302 -
0:0:0:0:0:0:0:1 - - [23/Feb/2025:12:12:19 +0900] "GET /zerotodeploy/login.html HTTP/1.1" 302 -
0:0:0:0:0:0:0:1 - - [23/Feb/2025:12:12:19 +0900] "GET /zerotodeploy/login.html HTTP/1.1" 302 -
0:0:0:0:0:0:0:1 - - [23/Feb/2025:12:12:19 +0900] "GET /zerotodeploy/login.html HTTP/1.1" 302 -
0:0:0:0:0:0:0:1 - - [23/Feb/2025:12:12:19 +0900] "GET /zerotodeploy/login.html HTTP/1.1" 302 -
0:0:0:0:0:0:0:1 - - [23/Feb/2025:12:12:19 +0900] "GET /zerotodeploy/login.html HTTP/1.1" 302 -
0:0:0:0:0:0:0:1 - - [23/Feb/2025:12:12:19 +0900] "GET /zerotodeploy/login.html HTTP/1.1" 302 -
0:0:0:0:0:0:0:1 - - [23/Feb/2025:12:12:19 +0900] "GET /zerotodeploy/login.html HTTP/1.1" 302 -
0:0:0:0:0:0:0:1 - - [23/Feb/2025:12:12:19 +0900] "GET /zerotodeploy/login.html HTTP/1.1" 302 -
0:0:0:0:0:0:0:1 - - [23/Feb/2025:12:12:19 +0900] "GET /zerotodeploy/login.html HTTP/1.1" 302 -
0:0:0:0:0:0:0:1 - - [23/Feb/2025:12:12:19 +0900] "GET /zerotodeploy/login.html HTTP/1.1" 302 -
0:0:0:0:0:0:0:1 - - [23/Feb/2025:12:12:19 +0900] "GET /zerotodeploy/login.html HTTP/1.1" 302 -
0:0:0:0:0:0:0:1 - - [23/Feb/2025:12:12:19 +0900] "GET /zerotodeploy/login.html HTTP/1.1" 302 -
0:0:0:0:0:0:0:1 - - [23/Feb/2025:12:12:19 +0900] "GET /zerotodeploy/login.html HTTP/1.1" 302 -
0:0:0:0:0:0:0:1 - - [23/Feb/2025:12:12:19 +0900] "GET /zerotodeploy/login.html HTTP/1.1" 302 -
0:0:0:0:0:0:0:1 - - [23/Feb/2025:12:12:19 +0900] "GET /zerotodeploy/login.html HTTP/1.1" 302 -
0:0:0:0:0:0:0:1 - - [23/Feb/2025:12:12:19 +0900] "GET /zerotodeploy/login.html HTTP/1.1" 302 -
0:0:0:0:0:0:0:1 - - [23/Feb/2025:12:12:19 +0900] "GET /zerotodeploy/login.html HTTP/1.1" 302 -
0:0:0:0:0:0:0:1 - - [23/Feb/2025:12:12:19 +0900] "GET /zerotodeploy/login.html HTTP/1.1" 302 -
0:0:0:0:0:0:0:1 - - [23/Feb/2025:12:12:19 +0900] "GET /zerotodeploy/login.html HTTP/1.1" 302 -
0:0:0:0:0:0:0:1 - - [23/Feb/2025:12:12:19 +0900] "GET /zerotodeploy/login.html HTTP/1.1" 302 -
0:0:0:0:0:0:0:1 - - [23/Feb/2025:12:12:19 +0900] "GET /zerotodeploy/login.html HTTP/1.1" 302 -
0:0:0:0:0:0:0:1 - - [23/Feb/2025:12:12:19 +0900] "GET /zerotodeploy/login.html HTTP/1.1" 302 -
0:0:0:0:0:0:0:1 - - [23/Feb/2025:12:12:19 +0900] "GET /zerotodeploy/login.html HTTP/1.1" 302 -
0:0:0:0:0:0:0:1 - - [23/Feb/2025:12:12:19 +0900] "GET /zerotodeploy/login.html HTTP/1.1" 302 -
0:0:0:0:0:0:0:1 - - [23/Feb/2025:12:12:19 +0900] "GET /zerotodeploy/login.html HTTP/1.1" 302 -
0:0:0:0:0:0:0:1 - - [23/Feb/2025:12:12:19 +0900] "GET /zerotodeploy/login.html HTTP/1.1" 302 -
0:0:0:0:0:0:0:1 - - [23/Feb/2025:12:12:19 +0900] "GET /zerotodeploy/login.html HTTP/1.1" 302 -
0:0:0:0:0:0:0:1 - - [23/Feb/2025:12:12:19 +0900] "GET /zerotodeploy/login.html HTTP/1.1" 302 -
0:0:0:0:0:0:0:1 - - [23/Feb/2025:12:12:19 +0900] "GET /zerotodeploy/login.html HTTP/1.1" 302 -
0:0:0:0:0:0:0:1 - - [23/Feb/2025:12:12:19 +0900] "GET /zerotodeploy/login.html HTTP/1.1" 302 -
0:0:0:0:0:0:0:1 - - [23/Feb/2025:12:12:19 +0900] "GET /zerotodeploy/login.html HTTP/1.1" 302 -
0:0:0:0:0:0:0:1 - - [23/Feb/2025:12:12:19 +0900] "GET /zerotodeploy/login.html HTTP/1.1" 302 -
0:0:0:0:0:0:0:1 - - [23/Feb/2025:12:12:19 +0900] "GET /zerotodeploy/login.html HTTP/1.1" 302 -
0:0:0:0:0:0:0:1 - - [23/Feb/2025:12:12:19 +0900] "GET /zerotodeploy/login.html HTTP/1.1" 302 -
0:0:0:0:0:0:0:1 - - [23/Feb/2025:12:12:19 +0900] "GET /zerotodeploy/login.html HTTP/1.1" 302 -
0:0:0:0:0:0:0:1 - - [23/Feb/2025:12:12:19 +0900] "GET /zerotodeploy/login.html HTTP/1.1" 302 -
0:0:0:0:0:0:0:1 - - [23/Feb/2025:12:12:19 +0900] "GET /zerotodeploy/login.html HTTP/1.1" 302 -
0:0:0:0:0:0:0:1 - - [23/Feb/2025:12:12:19 +0900] "GET /zerotodeploy/login.html HTTP/1.1" 302 -
0:0:0:0:0:0:0:1 - - [23/Feb/2025:12:12:19 +0900] "GET /zerotodeploy/login.html HTTP/1.1" 302 -
0:0:0:0:0:0:0:1 - - [23/Feb/2025:12:12:19 +0900] "GET /zerotodeploy/login.html HTTP/1.1" 302 -
0:0:0:0:0:0:0:1 - - [23/Feb/2025:12:12:19 +0900] "GET /zerotodeploy/login.html HTTP/1.1" 302 -
0:0:0:0:0:0:0:1 - - [23/Feb/2025:12:12:19 +0900] "GET /zerotodeploy/login.html HTTP/1.1" 302 -
0:0:0:0:0:0:0:1 - - [23/Feb/2025:12:12:19 +0900] "GET /zerotodeploy/login.html HTTP/1.1" 302 -
0:0:0:0:0:0:0:1 - - [23/Feb/2025:12:12:19 +0900] "GET /zerotodeploy/login.html HTTP/1.1" 302 -
0:0:0:0:0:0:0:1 - - [23/Feb/2025:12:12:19 +0900] "GET /zerotodeploy/login.html HTTP/1.1" 302 -
0:0:0:0:0:0:0:1 - - [23/Feb/2025:12:12:19 +0900] "GET /zerotodeploy/login.html HTTP/1.1" 302 -
0:0:0:0:0:0:0:1 - - [23/Feb/2025:12:12:19 +0900] "GET /zerotodeploy/login.html HTTP/1.1" 302 -
0:0:0:0:0:0:0:1 - - [23/Feb/2025:12:12:19 +0900] "GET /zerotodeploy/login.html HTTP/1.1" 302 -
0:0:0:0:0:0:0:1 - - [23/Feb/2025:12:12:19 +0900] "GET /zerotodeploy/login.html HTTP/1.1" 302 -
0:0:0:0:0:0:0:1 - - [23/Feb/2025:12:12:19 +0900] "GET /zerotodeploy/login.html HTTP/1.1" 302 -
0:0:0:0:0:0:0:1 - - [23/Feb/2025:12:12:19 +0900] "GET /zerotodeploy/login.html HTTP/1.1" 302 -
0:0:0:0:0:0:0:1 - - [23/Feb/2025:12:12:19 +0900] "GET /zerotodeploy/login.html HTTP/1.1" 302 -
0:0:0:0:0:0:0:1 - - [23/Feb/2025:12:12:19 +0900] "GET /zerotodeploy/login.html HTTP/1.1" 302 -
0:0:0:0:0:0:0:1 - - [23/Feb/2025:12:12:19 +0900] "GET /zerotodeploy/login.html HTTP/1.1" 302 -
0:0:0:0:0:0:0:1 - - [23/Feb/2025:12:12:19 +0900] "GET /zerotodeploy/login.html HTTP/1.1" 302 -
0:0:0:0:0:0:0:1 - - [23/Feb/2025:12:12:19 +0900] "GET /zerotodeploy/login.html HTTP/1.1" 302 -
0:0:0:0:0:0:0:1 - - [23/Feb/2025:12:12:19 +0900] "GET /zerotodeploy/login.html HTTP/1.1" 302 -
0:0:0:0:0:0:0:1 - - [23/Feb/2025:12:12:19 +0900] "GET /zerotodeploy/login.html HTTP/1.1" 302 -
0:0:0:0:0:0:0:1 - - [23/Feb/2025:12:12:19 +0900] "GET /zerotodeploy/login.html HTTP/1.1" 302 -
0:0:0:0:0:0:0:1 - - [23/Feb/2025:12:12:19 +0900] "GET /zerotodeploy/login.html HTTP/1.1" 302 -
0:0:0:0:0:0:0:1 - - [23/Feb/2025:12:12:19 +0900] "GET /zerotodeploy/login.html HTTP/1.1" 302 -
0:0:0:0:0:0:0:1 - - [23/Feb/2025:12:12:19 +0900] "GET /zerotodeploy/login.html HTTP/1.1" 302 -
0:0:0:0:0:0:0:1 - - [23/Feb/2025:12:12:19 +0900] "GET /zerotodeploy/login.html HTTP/1.1" 302 -
0:0:0:0:0:0:0:1 - - [23/Feb/2025:12:12:19 +0900] "GET /zerotodeploy/login.html HTTP/1.1" 302 -
0:0:0:0:0:0:0:1 - - [23/Feb/2025:12:12:19 +0900] "GET /zerotodeploy/login.html HTTP/1.1" 302 -
0:0:0:0:0:0:0:1 - - [23/Feb/2025:12:12:19 +0900] "GET /zerotodeploy/login.html HTTP/1.1" 302 -
0:0:0:0:0:0:0:1 - - [23/Feb/2025:12:12:19 +0900] "GET /zerotodeploy/img/favicon.ico HTTP/1.1" 302 -
0:0:0:0:0:0:0:1 - - [23/Feb/2025:12:12:19 +0900] "GET /zerotodeploy/login.html HTTP/1.1" 302 -
0:0:0:0:0:0:0:1 - - [23/Feb/2025:12:12:19 +0900] "GET /zerotodeploy/login.html HTTP/1.1" 302 -
0:0:0:0:0:0:0:1 - - [23/Feb/2025:12:12:19 +0900] "GET /zerotodeploy/login.html HTTP/1.1" 302 -
0:0:0:0:0:0:0:1 - - [23/Feb/2025:12:12:19 +0900] "GET /zerotodeploy/login.html HTTP/1.1" 302 -
0:0:0:0:0:0:0:1 - - [23/Feb/2025:12:12:19 +0900] "GET /zerotodeploy/login.html HTTP/1.1" 302 -
0:0:0:0:0:0:0:1 - - [23/Feb/2025:12:12:19 +0900] "GET /zerotodeploy/login.html HTTP/1.1" 302 -
0:0:0:0:0:0:0:1 - - [23/Feb/2025:12:12:19 +0900] "GET /zerotodeploy/login.html HTTP/1.1" 302 -
0:0:0:0:0:0:0:1 - - [23/Feb/2025:12:12:19 +0900] "GET /zerotodeploy/login.html HTTP/1.1" 302 -
0:0:0:0:0:0:0:1 - - [23/Feb/2025:12:12:19 +0900] "GET /zerotodeploy/login.html HTTP/1.1" 302 -
0:0:0:0:0:0:0:1 - - [23/Feb/2025:12:12:19 +0900] "GET /zerotodeploy/login.html HTTP/1.1" 302 -
0:0:0:0:0:0:0:1 - - [23/Feb/2025:12:12:19 +0900] "GET /zerotodeploy/login.html HTTP/1.1" 302 -
0:0:0:0:0:0:0:1 - - [23/Feb/2025:12:12:19 +0900] "GET /zerotodeploy/login.html HTTP/1.1" 302 -
0:0:0:0:0:0:0:1 - - [23/Feb/2025:12:12:19 +0900] "GET /zerotodeploy/login.html HTTP/1.1" 302 -
0:0:0:0:0:0:0:1 - - [23/Feb/2025:12:12:19 +0900] "GET /zerotodeploy/login.html HTTP/1.1" 302 -
0:0:0:0:0:0:0:1 - - [23/Feb/2025:12:12:19 +0900] "GET /zerotodeploy/login.html HTTP/1.1" 302 -
0:0:0:0:0:0:0:1 - - [23/Feb/2025:12:12:19 +0900] "GET /zerotodeploy/login.html HTTP/1.1" 302 -
0:0:0:0:0:0:0:1 - - [23/Feb/2025:12:12:19 +0900] "GET /zerotodeploy/login.html HTTP/1.1" 302 -
0:0:0:0:0:0:0:1 - - [23/Feb/2025:12:12:19 +0900] "GET /zerotodeploy/login.html HTTP/1.1" 302 -
0:0:0:0:0:0:0:1 - - [23/Feb/2025:12:12:19 +0900] "GET /zerotodeploy/login.html HTTP/1.1" 302 -
0:0:0:0:0:0:0:1 - - [23/Feb/2025:12:12:19 +0900] "GET /zerotodeploy/login.html HTTP/1.1" 302 -
0:0:0:0:0:0:0:1 - - [23/Feb/2025:12:13:40 +0900] "GET /zerotodeploy/login HTTP/1.1" 302 -
0:0:0:0:0:0:0:1 - - [23/Feb/2025:12:13:40 +0900] "GET /zerotodeploy/login.html HTTP/1.1" 302 -
0:0:0:0:0:0:0:1 - - [23/Feb/2025:12:13:40 +0900] "GET /zerotodeploy/login.html HTTP/1.1" 302 -
0:0:0:0:0:0:0:1 - - [23/Feb/2025:12:13:40 +0900] "GET /zerotodeploy/login.html HTTP/1.1" 302 -
0:0:0:0:0:0:0:1 - - [23/Feb/2025:12:13:40 +0900] "GET /zerotodeploy/login.html HTTP/1.1" 302 -
0:0:0:0:0:0:0:1 - - [23/Feb/2025:12:13:40 +0900] "GET /zerotodeploy/login.html HTTP/1.1" 302 -
0:0:0:0:0:0:0:1 - - [23/Feb/2025:12:13:40 +0900] "GET /zerotodeploy/login.html HTTP/1.1" 302 -
0:0:0:0:0:0:0:1 - - [23/Feb/2025:12:13:40 +0900] "GET /zerotodeploy/login.html HTTP/1.1" 302 -
0:0:0:0:0:0:0:1 - - [23/Feb/2025:12:13:40 +0900] "GET /zerotodeploy/login.html HTTP/1.1" 302 -
0:0:0:0:0:0:0:1 - - [23/Feb/2025:12:13:40 +0900] "GET /zerotodeploy/login.html HTTP/1.1" 302 -
0:0:0:0:0:0:0:1 - - [23/Feb/2025:12:13:40 +0900] "GET /zerotodeploy/login.html HTTP/1.1" 302 -
0:0:0:0:0:0:0:1 - - [23/Feb/2025:12:13:40 +0900] "GET /zerotodeploy/login.html HTTP/1.1" 302 -
0:0:0:0:0:0:0:1 - - [23/Feb/2025:12:13:40 +0900] "GET /zerotodeploy/login.html HTTP/1.1" 302 -
0:0:0:0:0:0:0:1 - - [23/Feb/2025:12:13:40 +0900] "GET /zerotodeploy/login.html HTTP/1.1" 302 -
0:0:0:0:0:0:0:1 - - [23/Feb/2025:12:13:40 +0900] "GET /zerotodeploy/login.html HTTP/1.1" 302 -
0:0:0:0:0:0:0:1 - - [23/Feb/2025:12:13:40 +0900] "GET /zerotodeploy/login.html HTTP/1.1" 302 -
0:0:0:0:0:0:0:1 - - [23/Feb/2025:12:13:40 +0900] "GET /zerotodeploy/login.html HTTP/1.1" 302 -
0:0:0:0:0:0:0:1 - - [23/Feb/2025:12:13:40 +0900] "GET /zerotodeploy/login.html HTTP/1.1" 302 -
0:0:0:0:0:0:0:1 - - [23/Feb/2025:12:13:40 +0900] "GET /zerotodeploy/login.html HTTP/1.1" 302 -
0:0:0:0:0:0:0:1 - - [23/Feb/2025:12:13:40 +0900] "GET /zerotodeploy/login.html HTTP/1.1" 302 -
0:0:0:0:0:0:0:1 - - [23/Feb/2025:12:13:41 +0900] "GET /zerotodeploy/login.html HTTP/1.1" 302 -
0:0:0:0:0:0:0:1 - - [23/Feb/2025:12:13:41 +0900] "GET /zerotodeploy/login.html HTTP/1.1" 302 -
0:0:0:0:0:0:0:1 - - [23/Feb/2025:12:13:41 +0900] "GET /zerotodeploy/login.html HTTP/1.1" 302 -
0:0:0:0:0:0:0:1 - - [23/Feb/2025:12:13:41 +0900] "GET /zerotodeploy/login.html HTTP/1.1" 302 -
0:0:0:0:0:0:0:1 - - [23/Feb/2025:12:13:41 +0900] "GET /zerotodeploy/login.html HTTP/1.1" 302 -
0:0:0:0:0:0:0:1 - - [23/Feb/2025:12:13:41 +0900] "GET /zerotodeploy/login.html HTTP/1.1" 302 -
0:0:0:0:0:0:0:1 - - [23/Feb/2025:12:13:41 +0900] "GET /zerotodeploy/login.html HTTP/1.1" 302 -
0:0:0:0:0:0:0:1 - - [23/Feb/2025:12:13:41 +0900] "GET /zerotodeploy/login.html HTTP/1.1" 302 -
0:0:0:0:0:0:0:1 - - [23/Feb/2025:12:13:41 +0900] "GET /zerotodeploy/login.html HTTP/1.1" 302 -
0:0:0:0:0:0:0:1 - - [23/Feb/2025:12:13:41 +0900] "GET /zerotodeploy/login.html HTTP/1.1" 302 -
0:0:0:0:0:0:0:1 - - [23/Feb/2025:12:13:41 +0900] "GET /zerotodeploy/login.html HTTP/1.1" 302 -
0:0:0:0:0:0:0:1 - - [23/Feb/2025:12:13:41 +0900] "GET /zerotodeploy/login.html HTTP/1.1" 302 -
0:0:0:0:0:0:0:1 - - [23/Feb/2025:12:13:41 +0900] "GET /zerotodeploy/login.html HTTP/1.1" 302 -
0:0:0:0:0:0:0:1 - - [23/Feb/2025:12:13:41 +0900] "GET /zerotodeploy/login.html HTTP/1.1" 302 -
0:0:0:0:0:0:0:1 - - [23/Feb/2025:12:13:41 +0900] "GET /zerotodeploy/login.html HTTP/1.1" 302 -
0:0:0:0:0:0:0:1 - - [23/Feb/2025:12:13:41 +0900] "GET /zerotodeploy/login.html HTTP/1.1" 302 -
0:0:0:0:0:0:0:1 - - [23/Feb/2025:12:13:41 +0900] "GET /zerotodeploy/login.html HTTP/1.1" 302 -
0:0:0:0:0:0:0:1 - - [23/Feb/2025:12:13:41 +0900] "GET /zerotodeploy/login.html HTTP/1.1" 302 -
0:0:0:0:0:0:0:1 - - [23/Feb/2025:12:13:41 +0900] "GET /zerotodeploy/login.html HTTP/1.1" 302 -
0:0:0:0:0:0:0:1 - - [23/Feb/2025:12:13:41 +0900] "GET /zerotodeploy/login.html HTTP/1.1" 302 -
0:0:0:0:0:0:0:1 - - [23/Feb/2025:12:13:43 +0900] "GET /zerotodeploy/img/favicon.ico HTTP/1.1" 302 -
0:0:0:0:0:0:0:1 - - [23/Feb/2025:12:13:43 +0900] "GET /zerotodeploy/login.html HTTP/1.1" 302 -
0:0:0:0:0:0:0:1 - - [23/Feb/2025:12:13:43 +0900] "GET /zerotodeploy/login.html HTTP/1.1" 302 -
0:0:0:0:0:0:0:1 - - [23/Feb/2025:12:13:43 +0900] "GET /zerotodeploy/login.html HTTP/1.1" 302 -
0:0:0:0:0:0:0:1 - - [23/Feb/2025:12:13:43 +0900] "GET /zerotodeploy/login.html HTTP/1.1" 302 -
0:0:0:0:0:0:0:1 - - [23/Feb/2025:12:13:43 +0900] "GET /zerotodeploy/login.html HTTP/1.1" 302 -
0:0:0:0:0:0:0:1 - - [23/Feb/2025:12:13:43 +0900] "GET /zerotodeploy/login.html HTTP/1.1" 302 -
0:0:0:0:0:0:0:1 - - [23/Feb/2025:12:13:43 +0900] "GET /zerotodeploy/login.html HTTP/1.1" 302 -
0:0:0:0:0:0:0:1 - - [23/Feb/2025:12:13:43 +0900] "GET /zerotodeploy/login.html HTTP/1.1" 302 -
0:0:0:0:0:0:0:1 - - [23/Feb/2025:12:13:43 +0900] "GET /zerotodeploy/login.html HTTP/1.1" 302 -
0:0:0:0:0:0:0:1 - - [23/Feb/2025:12:13:43 +0900] "GET /zerotodeploy/login.html HTTP/1.1" 302 -
0:0:0:0:0:0:0:1 - - [23/Feb/2025:12:13:43 +0900] "GET /zerotodeploy/login.html HTTP/1.1" 302 -
0:0:0:0:0:0:0:1 - - [23/Feb/2025:12:13:43 +0900] "GET /zerotodeploy/login.html HTTP/1.1" 302 -
0:0:0:0:0:0:0:1 - - [23/Feb/2025:12:13:43 +0900] "GET /zerotodeploy/login.html HTTP/1.1" 302 -
0:0:0:0:0:0:0:1 - - [23/Feb/2025:12:13:43 +0900] "GET /zerotodeploy/login.html HTTP/1.1" 302 -
0:0:0:0:0:0:0:1 - - [23/Feb/2025:12:13:43 +0900] "GET /zerotodeploy/login.html HTTP/1.1" 302 -
0:0:0:0:0:0:0:1 - - [23/Feb/2025:12:13:43 +0900] "GET /zerotodeploy/login.html HTTP/1.1" 302 -
0:0:0:0:0:0:0:1 - - [23/Feb/2025:12:13:43 +0900] "GET /zerotodeploy/login.html HTTP/1.1" 302 -
0:0:0:0:0:0:0:1 - - [23/Feb/2025:12:13:43 +0900] "GET /zerotodeploy/login.html HTTP/1.1" 302 -
0:0:0:0:0:0:0:1 - - [23/Feb/2025:12:13:43 +0900] "GET /zerotodeploy/login.html HTTP/1.1" 302 -
0:0:0:0:0:0:0:1 - - [23/Feb/2025:12:13:43 +0900] "GET /zerotodeploy/login.html HTTP/1.1" 302 -
0:0:0:0:0:0:0:1 - - [23/Feb/2025:12:46:41 +0900] "GET /zerotodeploy/about HTTP/1.1" 302 -
0:0:0:0:0:0:0:1 - - [23/Feb/2025:12:46:41 +0900] "GET /zerotodeploy/login.html HTTP/1.1" 302 -
0:0:0:0:0:0:0:1 - - [23/Feb/2025:12:46:41 +0900] "GET /zerotodeploy/login.html HTTP/1.1" 302 -
0:0:0:0:0:0:0:1 - - [23/Feb/2025:12:46:41 +0900] "GET /zerotodeploy/login.html HTTP/1.1" 302 -
0:0:0:0:0:0:0:1 - - [23/Feb/2025:12:46:41 +0900] "GET /zerotodeploy/login.html HTTP/1.1" 302 -
0:0:0:0:0:0:0:1 - - [23/Feb/2025:12:46:41 +0900] "GET /zerotodeploy/login.html HTTP/1.1" 302 -
0:0:0:0:0:0:0:1 - - [23/Feb/2025:12:46:41 +0900] "GET /zerotodeploy/login.html HTTP/1.1" 302 -
0:0:0:0:0:0:0:1 - - [23/Feb/2025:12:46:41 +0900] "GET /zerotodeploy/login.html HTTP/1.1" 302 -
0:0:0:0:0:0:0:1 - - [23/Feb/2025:12:46:41 +0900] "GET /zerotodeploy/login.html HTTP/1.1" 302 -
0:0:0:0:0:0:0:1 - - [23/Feb/2025:12:46:41 +0900] "GET /zerotodeploy/login.html HTTP/1.1" 302 -
0:0:0:0:0:0:0:1 - - [23/Feb/2025:12:46:41 +0900] "GET /zerotodeploy/login.html HTTP/1.1" 302 -
0:0:0:0:0:0:0:1 - - [23/Feb/2025:12:46:41 +0900] "GET /zerotodeploy/login.html HTTP/1.1" 302 -
0:0:0:0:0:0:0:1 - - [23/Feb/2025:12:46:41 +0900] "GET /zerotodeploy/login.html HTTP/1.1" 302 -
0:0:0:0:0:0:0:1 - - [23/Feb/2025:12:46:41 +0900] "GET /zerotodeploy/login.html HTTP/1.1" 302 -
0:0:0:0:0:0:0:1 - - [23/Feb/2025:12:46:41 +0900] "GET /zerotodeploy/login.html HTTP/1.1" 302 -
0:0:0:0:0:0:0:1 - - [23/Feb/2025:12:46:41 +0900] "GET /zerotodeploy/login.html HTTP/1.1" 302 -
0:0:0:0:0:0:0:1 - - [23/Feb/2025:12:46:41 +0900] "GET /zerotodeploy/login.html HTTP/1.1" 302 -
0:0:0:0:0:0:0:1 - - [23/Feb/2025:12:46:41 +0900] "GET /zerotodeploy/login.html HTTP/1.1" 302 -
0:0:0:0:0:0:0:1 - - [23/Feb/2025:12:46:41 +0900] "GET /zerotodeploy/login.html HTTP/1.1" 302 -
0:0:0:0:0:0:0:1 - - [23/Feb/2025:12:46:41 +0900] "GET /zerotodeploy/login.html HTTP/1.1" 302 -
0:0:0:0:0:0:0:1 - - [23/Feb/2025:12:46:42 +0900] "GET /zerotodeploy/login.html HTTP/1.1" 302 -
0:0:0:0:0:0:0:1 - - [23/Feb/2025:12:46:42 +0900] "GET /zerotodeploy/login.html HTTP/1.1" 302 -
0:0:0:0:0:0:0:1 - - [23/Feb/2025:12:46:42 +0900] "GET /zerotodeploy/login.html HTTP/1.1" 302 -
0:0:0:0:0:0:0:1 - - [23/Feb/2025:12:46:42 +0900] "GET /zerotodeploy/login.html HTTP/1.1" 302 -
0:0:0:0:0:0:0:1 - - [23/Feb/2025:12:46:42 +0900] "GET /zerotodeploy/login.html HTTP/1.1" 302 -
0:0:0:0:0:0:0:1 - - [23/Feb/2025:12:46:42 +0900] "GET /zerotodeploy/login.html HTTP/1.1" 302 -
0:0:0:0:0:0:0:1 - - [23/Feb/2025:12:46:42 +0900] "GET /zerotodeploy/login.html HTTP/1.1" 302 -
0:0:0:0:0:0:0:1 - - [23/Feb/2025:12:46:42 +0900] "GET /zerotodeploy/login.html HTTP/1.1" 302 -
0:0:0:0:0:0:0:1 - - [23/Feb/2025:12:46:42 +0900] "GET /zerotodeploy/login.html HTTP/1.1" 302 -
0:0:0:0:0:0:0:1 - - [23/Feb/2025:12:46:42 +0900] "GET /zerotodeploy/login.html HTTP/1.1" 302 -
0:0:0:0:0:0:0:1 - - [23/Feb/2025:12:46:42 +0900] "GET /zerotodeploy/login.html HTTP/1.1" 302 -
0:0:0:0:0:0:0:1 - - [23/Feb/2025:12:46:42 +0900] "GET /zerotodeploy/login.html HTTP/1.1" 302 -
0:0:0:0:0:0:0:1 - - [23/Feb/2025:12:46:42 +0900] "GET /zerotodeploy/login.html HTTP/1.1" 302 -
0:0:0:0:0:0:0:1 - - [23/Feb/2025:12:46:42 +0900] "GET /zerotodeploy/login.html HTTP/1.1" 302 -
0:0:0:0:0:0:0:1 - - [23/Feb/2025:12:46:42 +0900] "GET /zerotodeploy/login.html HTTP/1.1" 302 -
0:0:0:0:0:0:0:1 - - [23/Feb/2025:12:46:42 +0900] "GET /zerotodeploy/login.html HTTP/1.1" 302 -
0:0:0:0:0:0:0:1 - - [23/Feb/2025:12:46:42 +0900] "GET /zerotodeploy/login.html HTTP/1.1" 302 -
0:0:0:0:0:0:0:1 - - [23/Feb/2025:12:46:42 +0900] "GET /zerotodeploy/login.html HTTP/1.1" 302 -
0:0:0:0:0:0:0:1 - - [23/Feb/2025:12:46:42 +0900] "GET /zerotodeploy/login.html HTTP/1.1" 302 -
0:0:0:0:0:0:0:1 - - [23/Feb/2025:12:46:42 +0900] "GET /zerotodeploy/login.html HTTP/1.1" 302 -
0:0:0:0:0:0:0:1 - - [23/Feb/2025:12:46:42 +0900] "GET /zerotodeploy/img/favicon.ico HTTP/1.1" 302 -
0:0:0:0:0:0:0:1 - - [23/Feb/2025:12:46:42 +0900] "GET /zerotodeploy/login.html HTTP/1.1" 302 -
0:0:0:0:0:0:0:1 - - [23/Feb/2025:12:46:42 +0900] "GET /zerotodeploy/login.html HTTP/1.1" 302 -
0:0:0:0:0:0:0:1 - - [23/Feb/2025:12:46:42 +0900] "GET /zerotodeploy/login.html HTTP/1.1" 302 -
0:0:0:0:0:0:0:1 - - [23/Feb/2025:12:46:42 +0900] "GET /zerotodeploy/login.html HTTP/1.1" 302 -
0:0:0:0:0:0:0:1 - - [23/Feb/2025:12:46:42 +0900] "GET /zerotodeploy/login.html HTTP/1.1" 302 -
0:0:0:0:0:0:0:1 - - [23/Feb/2025:12:46:42 +0900] "GET /zerotodeploy/login.html HTTP/1.1" 302 -
0:0:0:0:0:0:0:1 - - [23/Feb/2025:12:46:42 +0900] "GET /zerotodeploy/login.html HTTP/1.1" 302 -
0:0:0:0:0:0:0:1 - - [23/Feb/2025:12:46:42 +0900] "GET /zerotodeploy/login.html HTTP/1.1" 302 -
0:0:0:0:0:0:0:1 - - [23/Feb/2025:12:46:42 +0900] "GET /zerotodeploy/login.html HTTP/1.1" 302 -
0:0:0:0:0:0:0:1 - - [23/Feb/2025:12:46:42 +0900] "GET /zerotodeploy/login.html HTTP/1.1" 302 -
0:0:0:0:0:0:0:1 - - [23/Feb/2025:12:46:42 +0900] "GET /zerotodeploy/login.html HTTP/1.1" 302 -
0:0:0:0:0:0:0:1 - - [23/Feb/2025:12:46:42 +0900] "GET /zerotodeploy/login.html HTTP/1.1" 302 -
0:0:0:0:0:0:0:1 - - [23/Feb/2025:12:46:42 +0900] "GET /zerotodeploy/login.html HTTP/1.1" 302 -
0:0:0:0:0:0:0:1 - - [23/Feb/2025:12:46:42 +0900] "GET /zerotodeploy/login.html HTTP/1.1" 302 -
0:0:0:0:0:0:0:1 - - [23/Feb/2025:12:46:42 +0900] "GET /zerotodeploy/login.html HTTP/1.1" 302 -
0:0:0:0:0:0:0:1 - - [23/Feb/2025:12:46:42 +0900] "GET /zerotodeploy/login.html HTTP/1.1" 302 -
0:0:0:0:0:0:0:1 - - [23/Feb/2025:12:46:42 +0900] "GET /zerotodeploy/login.html HTTP/1.1" 302 -
0:0:0:0:0:0:0:1 - - [23/Feb/2025:12:46:42 +0900] "GET /zerotodeploy/login.html HTTP/1.1" 302 -
0:0:0:0:0:0:0:1 - - [23/Feb/2025:12:46:42 +0900] "GET /zerotodeploy/login.html HTTP/1.1" 302 -
0:0:0:0:0:0:0:1 - - [23/Feb/2025:12:46:42 +0900] "GET /zerotodeploy/login.html HTTP/1.1" 302 -
0:0:0:0:0:0:0:1 - - [23/Feb/2025:12:46:43 +0900] "GET /zerotodeploy/login.html HTTP/1.1" 302 -
0:0:0:0:0:0:0:1 - - [23/Feb/2025:12:46:43 +0900] "GET /zerotodeploy/login.html HTTP/1.1" 302 -
0:0:0:0:0:0:0:1 - - [23/Feb/2025:12:46:43 +0900] "GET /zerotodeploy/login.html HTTP/1.1" 302 -
0:0:0:0:0:0:0:1 - - [23/Feb/2025:12:46:43 +0900] "GET /zerotodeploy/login.html HTTP/1.1" 302 -
0:0:0:0:0:0:0:1 - - [23/Feb/2025:12:46:43 +0900] "GET /zerotodeploy/login.html HTTP/1.1" 302 -
0:0:0:0:0:0:0:1 - - [23/Feb/2025:12:46:43 +0900] "GET /zerotodeploy/login.html HTTP/1.1" 302 -
0:0:0:0:0:0:0:1 - - [23/Feb/2025:12:46:43 +0900] "GET /zerotodeploy/login.html HTTP/1.1" 302 -
0:0:0:0:0:0:0:1 - - [23/Feb/2025:12:46:43 +0900] "GET /zerotodeploy/login.html HTTP/1.1" 302 -
0:0:0:0:0:0:0:1 - - [23/Feb/2025:12:46:43 +0900] "GET /zerotodeploy/login.html HTTP/1.1" 302 -
0:0:0:0:0:0:0:1 - - [23/Feb/2025:12:46:43 +0900] "GET /zerotodeploy/login.html HTTP/1.1" 302 -
0:0:0:0:0:0:0:1 - - [23/Feb/2025:12:46:43 +0900] "GET /zerotodeploy/login.html HTTP/1.1" 302 -
0:0:0:0:0:0:0:1 - - [23/Feb/2025:12:46:43 +0900] "GET /zerotodeploy/login.html HTTP/1.1" 302 -
0:0:0:0:0:0:0:1 - - [23/Feb/2025:12:46:43 +0900] "GET /zerotodeploy/login.html HTTP/1.1" 302 -
0:0:0:0:0:0:0:1 - - [23/Feb/2025:12:46:43 +0900] "GET /zerotodeploy/login.html HTTP/1.1" 302 -
0:0:0:0:0:0:0:1 - - [23/Feb/2025:12:46:43 +0900] "GET /zerotodeploy/login.html HTTP/1.1" 302 -
0:0:0:0:0:0:0:1 - - [23/Feb/2025:12:46:43 +0900] "GET /zerotodeploy/login.html HTTP/1.1" 302 -
0:0:0:0:0:0:0:1 - - [23/Feb/2025:12:46:43 +0900] "GET /zerotodeploy/login.html HTTP/1.1" 302 -
0:0:0:0:0:0:0:1 - - [23/Feb/2025:12:46:43 +0900] "GET /zerotodeploy/login.html HTTP/1.1" 302 -
0:0:0:0:0:0:0:1 - - [23/Feb/2025:12:46:43 +0900] "GET /zerotodeploy/login.html HTTP/1.1" 302 -
0:0:0:0:0:0:0:1 - - [23/Feb/2025:12:46:43 +0900] "GET /zerotodeploy/login.html HTTP/1.1" 302 -
0:0:0:0:0:0:0:1 - - [23/Feb/2025:12:46:44 +0900] "GET /zerotodeploy/login.html HTTP/1.1" 302 -
0:0:0:0:0:0:0:1 - - [23/Feb/2025:12:46:44 +0900] "GET /zerotodeploy/login.html HTTP/1.1" 302 -
0:0:0:0:0:0:0:1 - - [23/Feb/2025:12:46:44 +0900] "GET /zerotodeploy/login.html HTTP/1.1" 302 -
0:0:0:0:0:0:0:1 - - [23/Feb/2025:12:46:44 +0900] "GET /zerotodeploy/login.html HTTP/1.1" 302 -
0:0:0:0:0:0:0:1 - - [23/Feb/2025:12:46:44 +0900] "GET /zerotodeploy/login.html HTTP/1.1" 302 -
0:0:0:0:0:0:0:1 - - [23/Feb/2025:12:46:44 +0900] "GET /zerotodeploy/login.html HTTP/1.1" 302 -
0:0:0:0:0:0:0:1 - - [23/Feb/2025:12:46:44 +0900] "GET /zerotodeploy/login.html HTTP/1.1" 302 -
0:0:0:0:0:0:0:1 - - [23/Feb/2025:12:46:44 +0900] "GET /zerotodeploy/login.html HTTP/1.1" 302 -
0:0:0:0:0:0:0:1 - - [23/Feb/2025:12:46:44 +0900] "GET /zerotodeploy/login.html HTTP/1.1" 302 -
0:0:0:0:0:0:0:1 - - [23/Feb/2025:12:46:44 +0900] "GET /zerotodeploy/login.html HTTP/1.1" 302 -
0:0:0:0:0:0:0:1 - - [23/Feb/2025:12:46:44 +0900] "GET /zerotodeploy/login.html HTTP/1.1" 302 -
0:0:0:0:0:0:0:1 - - [23/Feb/2025:12:46:44 +0900] "GET /zerotodeploy/login.html HTTP/1.1" 302 -
0:0:0:0:0:0:0:1 - - [23/Feb/2025:12:46:44 +0900] "GET /zerotodeploy/login.html HTTP/1.1" 302 -
0:0:0:0:0:0:0:1 - - [23/Feb/2025:12:46:44 +0900] "GET /zerotodeploy/login.html HTTP/1.1" 302 -
0:0:0:0:0:0:0:1 - - [23/Feb/2025:12:46:44 +0900] "GET /zerotodeploy/login.html HTTP/1.1" 302 -
0:0:0:0:0:0:0:1 - - [23/Feb/2025:12:46:44 +0900] "GET /zerotodeploy/login.html HTTP/1.1" 302 -
0:0:0:0:0:0:0:1 - - [23/Feb/2025:12:46:44 +0900] "GET /zerotodeploy/login.html HTTP/1.1" 302 -
0:0:0:0:0:0:0:1 - - [23/Feb/2025:12:46:44 +0900] "GET /zerotodeploy/login.html HTTP/1.1" 302 -
0:0:0:0:0:0:0:1 - - [23/Feb/2025:12:46:44 +0900] "GET /zerotodeploy/login.html HTTP/1.1" 302 -
0:0:0:0:0:0:0:1 - - [23/Feb/2025:12:46:44 +0900] "GET /zerotodeploy/login.html HTTP/1.1" 302 -
0:0:0:0:0:0:0:1 - - [23/Feb/2025:12:46:45 +0900] "GET /zerotodeploy/login.html HTTP/1.1" 302 -
0:0:0:0:0:0:0:1 - - [23/Feb/2025:12:46:45 +0900] "GET /zerotodeploy/login.html HTTP/1.1" 302 -
0:0:0:0:0:0:0:1 - - [23/Feb/2025:12:46:45 +0900] "GET /zerotodeploy/login.html HTTP/1.1" 302 -
0:0:0:0:0:0:0:1 - - [23/Feb/2025:12:46:45 +0900] "GET /zerotodeploy/login.html HTTP/1.1" 302 -
0:0:0:0:0:0:0:1 - - [23/Feb/2025:12:46:45 +0900] "GET /zerotodeploy/login.html HTTP/1.1" 302 -
0:0:0:0:0:0:0:1 - - [23/Feb/2025:12:46:45 +0900] "GET /zerotodeploy/login.html HTTP/1.1" 302 -
0:0:0:0:0:0:0:1 - - [23/Feb/2025:12:46:45 +0900] "GET /zerotodeploy/login.html HTTP/1.1" 302 -
0:0:0:0:0:0:0:1 - - [23/Feb/2025:12:46:45 +0900] "GET /zerotodeploy/login.html HTTP/1.1" 302 -
0:0:0:0:0:0:0:1 - - [23/Feb/2025:12:46:45 +0900] "GET /zerotodeploy/login.html HTTP/1.1" 302 -
0:0:0:0:0:0:0:1 - - [23/Feb/2025:12:46:45 +0900] "GET /zerotodeploy/login.html HTTP/1.1" 302 -
0:0:0:0:0:0:0:1 - - [23/Feb/2025:12:46:45 +0900] "GET /zerotodeploy/login.html HTTP/1.1" 302 -
0:0:0:0:0:0:0:1 - - [23/Feb/2025:12:46:45 +0900] "GET /zerotodeploy/login.html HTTP/1.1" 302 -
0:0:0:0:0:0:0:1 - - [23/Feb/2025:12:46:45 +0900] "GET /zerotodeploy/login.html HTTP/1.1" 302 -
0:0:0:0:0:0:0:1 - - [23/Feb/2025:12:46:45 +0900] "GET /zerotodeploy/login.html HTTP/1.1" 302 -
0:0:0:0:0:0:0:1 - - [23/Feb/2025:12:46:45 +0900] "GET /zerotodeploy/login.html HTTP/1.1" 302 -
0:0:0:0:0:0:0:1 - - [23/Feb/2025:12:46:45 +0900] "GET /zerotodeploy/login.html HTTP/1.1" 302 -
0:0:0:0:0:0:0:1 - - [23/Feb/2025:12:46:45 +0900] "GET /zerotodeploy/login.html HTTP/1.1" 302 -
0:0:0:0:0:0:0:1 - - [23/Feb/2025:12:46:45 +0900] "GET /zerotodeploy/login.html HTTP/1.1" 302 -
0:0:0:0:0:0:0:1 - - [23/Feb/2025:12:46:45 +0900] "GET /zerotodeploy/login.html HTTP/1.1" 302 -
0:0:0:0:0:0:0:1 - - [23/Feb/2025:12:46:45 +0900] "GET /zerotodeploy/login.html HTTP/1.1" 302 -
0:0:0:0:0:0:0:1 - - [23/Feb/2025:12:46:46 +0900] "GET /zerotodeploy/login.html HTTP/1.1" 302 -
0:0:0:0:0:0:0:1 - - [23/Feb/2025:12:46:46 +0900] "GET /zerotodeploy/login.html HTTP/1.1" 302 -
0:0:0:0:0:0:0:1 - - [23/Feb/2025:12:46:46 +0900] "GET /zerotodeploy/login.html HTTP/1.1" 302 -
0:0:0:0:0:0:0:1 - - [23/Feb/2025:12:46:46 +0900] "GET /zerotodeploy/login.html HTTP/1.1" 302 -
0:0:0:0:0:0:0:1 - - [23/Feb/2025:12:46:46 +0900] "GET /zerotodeploy/login.html HTTP/1.1" 302 -
0:0:0:0:0:0:0:1 - - [23/Feb/2025:12:46:46 +0900] "GET /zerotodeploy/login.html HTTP/1.1" 302 -
0:0:0:0:0:0:0:1 - - [23/Feb/2025:12:46:46 +0900] "GET /zerotodeploy/login.html HTTP/1.1" 302 -
0:0:0:0:0:0:0:1 - - [23/Feb/2025:12:46:46 +0900] "GET /zerotodeploy/login.html HTTP/1.1" 302 -
0:0:0:0:0:0:0:1 - - [23/Feb/2025:12:46:46 +0900] "GET /zerotodeploy/login.html HTTP/1.1" 302 -
0:0:0:0:0:0:0:1 - - [23/Feb/2025:12:46:46 +0900] "GET /zerotodeploy/login.html HTTP/1.1" 302 -
0:0:0:0:0:0:0:1 - - [23/Feb/2025:12:46:46 +0900] "GET /zerotodeploy/login.html HTTP/1.1" 302 -
0:0:0:0:0:0:0:1 - - [23/Feb/2025:12:46:46 +0900] "GET /zerotodeploy/login.html HTTP/1.1" 302 -
0:0:0:0:0:0:0:1 - - [23/Feb/2025:12:46:46 +0900] "GET /zerotodeploy/login.html HTTP/1.1" 302 -
0:0:0:0:0:0:0:1 - - [23/Feb/2025:12:46:46 +0900] "GET /zerotodeploy/login.html HTTP/1.1" 302 -
0:0:0:0:0:0:0:1 - - [23/Feb/2025:12:46:46 +0900] "GET /zerotodeploy/login.html HTTP/1.1" 302 -
0:0:0:0:0:0:0:1 - - [23/Feb/2025:12:46:46 +0900] "GET /zerotodeploy/login.html HTTP/1.1" 302 -
0:0:0:0:0:0:0:1 - - [23/Feb/2025:12:46:46 +0900] "GET /zerotodeploy/login.html HTTP/1.1" 302 -
0:0:0:0:0:0:0:1 - - [23/Feb/2025:12:46:46 +0900] "GET /zerotodeploy/login.html HTTP/1.1" 302 -
0:0:0:0:0:0:0:1 - - [23/Feb/2025:12:46:46 +0900] "GET /zerotodeploy/login.html HTTP/1.1" 302 -
0:0:0:0:0:0:0:1 - - [23/Feb/2025:12:46:46 +0900] "GET /zerotodeploy/login.html HTTP/1.1" 302 -
0:0:0:0:0:0:0:1 - - [23/Feb/2025:12:46:50 +0900] "GET /zerotodeploy/ HTTP/1.1" 200 7874
0:0:0:0:0:0:0:1 - - [23/Feb/2025:12:46:50 +0900] "GET /zerotodeploy/lib/animate/animate.min.css HTTP/1.1" 302 -
0:0:0:0:0:0:0:1 - - [23/Feb/2025:12:46:50 +0900] "GET /zerotodeploy/lib/owlcarousel/assets/owl.carousel.min.css HTTP/1.1" 302 -
0:0:0:0:0:0:0:1 - - [23/Feb/2025:12:46:50 +0900] "GET /zerotodeploy/lib/wow/wow.js HTTP/1.1" 302 -
0:0:0:0:0:0:0:1 - - [23/Feb/2025:12:46:50 +0900] "GET /zerotodeploy/lib/easing/easing.min.js HTTP/1.1" 302 -
0:0:0:0:0:0:0:1 - - [23/Feb/2025:12:46:50 +0900] "GET /zerotodeploy/css/style.css HTTP/1.1" 200 8596
0:0:0:0:0:0:0:1 - - [23/Feb/2025:12:46:50 +0900] "GET /zerotodeploy/css/bootstrap.min.css HTTP/1.1" 200 164340
0:0:0:0:0:0:0:1 - - [23/Feb/2025:12:46:50 +0900] "GET /zerotodeploy/lib/waypoints/waypoints.min.js HTTP/1.1" 302 -
0:0:0:0:0:0:0:1 - - [23/Feb/2025:12:46:50 +0900] "GET /zerotodeploy/lib/owlcarousel/owl.carousel.min.js HTTP/1.1" 302 -
0:0:0:0:0:0:0:1 - - [23/Feb/2025:12:46:50 +0900] "GET /zerotodeploy/login.html HTTP/1.1" 302 -
0:0:0:0:0:0:0:1 - - [23/Feb/2025:12:46:50 +0900] "GET /zerotodeploy/js/main.js HTTP/1.1" 200 1803
0:0:0:0:0:0:0:1 - - [23/Feb/2025:12:46:50 +0900] "GET /zerotodeploy/login.html HTTP/1.1" 302 -
0:0:0:0:0:0:0:1 - - [23/Feb/2025:12:46:50 +0900] "GET /zerotodeploy/login.html HTTP/1.1" 302 -
0:0:0:0:0:0:0:1 - - [23/Feb/2025:12:46:50 +0900] "GET /zerotodeploy/login.html HTTP/1.1" 302 -
0:0:0:0:0:0:0:1 - - [23/Feb/2025:12:46:50 +0900] "GET /zerotodeploy/login.html HTTP/1.1" 302 -
0:0:0:0:0:0:0:1 - - [23/Feb/2025:12:46:50 +0900] "GET /zerotodeploy/login.html HTTP/1.1" 302 -
0:0:0:0:0:0:0:1 - - [23/Feb/2025:12:46:50 +0900] "GET /zerotodeploy/login.html HTTP/1.1" 302 -
0:0:0:0:0:0:0:1 - - [23/Feb/2025:12:46:50 +0900] "GET /zerotodeploy/login.html HTTP/1.1" 302 -
0:0:0:0:0:0:0:1 - - [23/Feb/2025:12:46:50 +0900] "GET /zerotodeploy/login.html HTTP/1.1" 302 -
0:0:0:0:0:0:0:1 - - [23/Feb/2025:12:46:50 +0900] "GET /zerotodeploy/login.html HTTP/1.1" 302 -
0:0:0:0:0:0:0:1 - - [23/Feb/2025:12:46:50 +0900] "GET /zerotodeploy/login.html HTTP/1.1" 302 -
0:0:0:0:0:0:0:1 - - [23/Feb/2025:12:46:50 +0900] "GET /zerotodeploy/login.html HTTP/1.1" 302 -
0:0:0:0:0:0:0:1 - - [23/Feb/2025:12:46:50 +0900] "GET /zerotodeploy/login.html HTTP/1.1" 302 -
0:0:0:0:0:0:0:1 - - [23/Feb/2025:12:46:50 +0900] "GET /zerotodeploy/login.html HTTP/1.1" 302 -
0:0:0:0:0:0:0:1 - - [23/Feb/2025:12:46:50 +0900] "GET /zerotodeploy/login.html HTTP/1.1" 302 -
0:0:0:0:0:0:0:1 - - [23/Feb/2025:12:46:50 +0900] "GET /zerotodeploy/login.html HTTP/1.1" 302 -
0:0:0:0:0:0:0:1 - - [23/Feb/2025:12:46:50 +0900] "GET /zerotodeploy/login.html HTTP/1.1" 302 -
0:0:0:0:0:0:0:1 - - [23/Feb/2025:12:46:50 +0900] "GET /zerotodeploy/login.html HTTP/1.1" 302 -
0:0:0:0:0:0:0:1 - - [23/Feb/2025:12:46:50 +0900] "GET /zerotodeploy/login.html HTTP/1.1" 302 -
0:0:0:0:0:0:0:1 - - [23/Feb/2025:12:46:50 +0900] "GET /zerotodeploy/login.html HTTP/1.1" 302 -
0:0:0:0:0:0:0:1 - - [23/Feb/2025:12:46:50 +0900] "GET /zerotodeploy/login.html HTTP/1.1" 302 -
0:0:0:0:0:0:0:1 - - [23/Feb/2025:12:46:50 +0900] "GET /zerotodeploy/login.html HTTP/1.1" 302 -
0:0:0:0:0:0:0:1 - - [23/Feb/2025:12:46:50 +0900] "GET /zerotodeploy/login.html HTTP/1.1" 302 -
0:0:0:0:0:0:0:1 - - [23/Feb/2025:12:46:50 +0900] "GET /zerotodeploy/login.html HTTP/1.1" 302 -
0:0:0:0:0:0:0:1 - - [23/Feb/2025:12:46:50 +0900] "GET /zerotodeploy/login.html HTTP/1.1" 302 -
0:0:0:0:0:0:0:1 - - [23/Feb/2025:12:46:50 +0900] "GET /zerotodeploy/login.html HTTP/1.1" 302 -
0:0:0:0:0:0:0:1 - - [23/Feb/2025:12:46:50 +0900] "GET /zerotodeploy/login.html HTTP/1.1" 302 -
0:0:0:0:0:0:0:1 - - [23/Feb/2025:12:46:50 +0900] "GET /zerotodeploy/login.html HTTP/1.1" 302 -
0:0:0:0:0:0:0:1 - - [23/Feb/2025:12:46:50 +0900] "GET /zerotodeploy/login.html HTTP/1.1" 302 -
0:0:0:0:0:0:0:1 - - [23/Feb/2025:12:46:50 +0900] "GET /zerotodeploy/login.html HTTP/1.1" 302 -
0:0:0:0:0:0:0:1 - - [23/Feb/2025:12:46:50 +0900] "GET /zerotodeploy/login.html HTTP/1.1" 302 -
0:0:0:0:0:0:0:1 - - [23/Feb/2025:12:46:50 +0900] "GET /zerotodeploy/login.html HTTP/1.1" 302 -
0:0:0:0:0:0:0:1 - - [23/Feb/2025:12:46:50 +0900] "GET /zerotodeploy/login.html HTTP/1.1" 302 -
0:0:0:0:0:0:0:1 - - [23/Feb/2025:12:46:50 +0900] "GET /zerotodeploy/login.html HTTP/1.1" 302 -
0:0:0:0:0:0:0:1 - - [23/Feb/2025:12:46:50 +0900] "GET /zerotodeploy/login.html HTTP/1.1" 302 -
0:0:0:0:0:0:0:1 - - [23/Feb/2025:12:46:50 +0900] "GET /zerotodeploy/login.html HTTP/1.1" 302 -
0:0:0:0:0:0:0:1 - - [23/Feb/2025:12:46:50 +0900] "GET /zerotodeploy/login.html HTTP/1.1" 302 -
0:0:0:0:0:0:0:1 - - [23/Feb/2025:12:46:50 +0900] "GET /zerotodeploy/login.html HTTP/1.1" 302 -
0:0:0:0:0:0:0:1 - - [23/Feb/2025:12:46:50 +0900] "GET /zerotodeploy/login.html HTTP/1.1" 302 -
0:0:0:0:0:0:0:1 - - [23/Feb/2025:12:46:50 +0900] "GET /zerotodeploy/login.html HTTP/1.1" 302 -
0:0:0:0:0:0:0:1 - - [23/Feb/2025:12:46:50 +0900] "GET /zerotodeploy/login.html HTTP/1.1" 302 -
0:0:0:0:0:0:0:1 - - [23/Feb/2025:12:46:50 +0900] "GET /zerotodeploy/login.html HTTP/1.1" 302 -
0:0:0:0:0:0:0:1 - - [23/Feb/2025:12:46:50 +0900] "GET /zerotodeploy/login.html HTTP/1.1" 302 -
0:0:0:0:0:0:0:1 - - [23/Feb/2025:12:46:50 +0900] "GET /zerotodeploy/login.html HTTP/1.1" 302 -
0:0:0:0:0:0:0:1 - - [23/Feb/2025:12:46:50 +0900] "GET /zerotodeploy/login.html HTTP/1.1" 302 -
0:0:0:0:0:0:0:1 - - [23/Feb/2025:12:46:50 +0900] "GET /zerotodeploy/login.html HTTP/1.1" 302 -
0:0:0:0:0:0:0:1 - - [23/Feb/2025:12:46:50 +0900] "GET /zerotodeploy/login.html HTTP/1.1" 302 -
0:0:0:0:0:0:0:1 - - [23/Feb/2025:12:46:50 +0900] "GET /zerotodeploy/login.html HTTP/1.1" 302 -
0:0:0:0:0:0:0:1 - - [23/Feb/2025:12:46:50 +0900] "GET /zerotodeploy/login.html HTTP/1.1" 302 -
0:0:0:0:0:0:0:1 - - [23/Feb/2025:12:46:50 +0900] "GET /zerotodeploy/login.html HTTP/1.1" 302 -
0:0:0:0:0:0:0:1 - - [23/Feb/2025:12:46:50 +0900] "GET /zerotodeploy/login.html HTTP/1.1" 302 -
0:0:0:0:0:0:0:1 - - [23/Feb/2025:12:46:50 +0900] "GET /zerotodeploy/login.html HTTP/1.1" 302 -
0:0:0:0:0:0:0:1 - - [23/Feb/2025:12:46:50 +0900] "GET /zerotodeploy/login.html HTTP/1.1" 302 -
0:0:0:0:0:0:0:1 - - [23/Feb/2025:12:46:50 +0900] "GET /zerotodeploy/login.html HTTP/1.1" 302 -
0:0:0:0:0:0:0:1 - - [23/Feb/2025:12:46:50 +0900] "GET /zerotodeploy/login.html HTTP/1.1" 302 -
0:0:0:0:0:0:0:1 - - [23/Feb/2025:12:46:50 +0900] "GET /zerotodeploy/login.html HTTP/1.1" 302 -
0:0:0:0:0:0:0:1 - - [23/Feb/2025:12:46:50 +0900] "GET /zerotodeploy/login.html HTTP/1.1" 302 -
0:0:0:0:0:0:0:1 - - [23/Feb/2025:12:46:50 +0900] "GET /zerotodeploy/login.html HTTP/1.1" 302 -
0:0:0:0:0:0:0:1 - - [23/Feb/2025:12:46:50 +0900] "GET /zerotodeploy/login.html HTTP/1.1" 302 -
0:0:0:0:0:0:0:1 - - [23/Feb/2025:12:46:50 +0900] "GET /zerotodeploy/login.html HTTP/1.1" 302 -
0:0:0:0:0:0:0:1 - - [23/Feb/2025:12:46:50 +0900] "GET /zerotodeploy/login.html HTTP/1.1" 302 -
0:0:0:0:0:0:0:1 - - [23/Feb/2025:12:46:50 +0900] "GET /zerotodeploy/login.html HTTP/1.1" 302 -
0:0:0:0:0:0:0:1 - - [23/Feb/2025:12:46:50 +0900] "GET /zerotodeploy/login.html HTTP/1.1" 302 -
0:0:0:0:0:0:0:1 - - [23/Feb/2025:12:46:50 +0900] "GET /zerotodeploy/login.html HTTP/1.1" 302 -
0:0:0:0:0:0:0:1 - - [23/Feb/2025:12:46:50 +0900] "GET /zerotodeploy/login.html HTTP/1.1" 302 -
0:0:0:0:0:0:0:1 - - [23/Feb/2025:12:46:50 +0900] "GET /zerotodeploy/login.html HTTP/1.1" 302 -
0:0:0:0:0:0:0:1 - - [23/Feb/2025:12:46:50 +0900] "GET /zerotodeploy/login.html HTTP/1.1" 302 -
0:0:0:0:0:0:0:1 - - [23/Feb/2025:12:46:50 +0900] "GET /zerotodeploy/login.html HTTP/1.1" 302 -
0:0:0:0:0:0:0:1 - - [23/Feb/2025:12:46:50 +0900] "GET /zerotodeploy/login.html HTTP/1.1" 302 -
0:0:0:0:0:0:0:1 - - [23/Feb/2025:12:46:50 +0900] "GET /zerotodeploy/login.html HTTP/1.1" 302 -
0:0:0:0:0:0:0:1 - - [23/Feb/2025:12:46:50 +0900] "GET /zerotodeploy/login.html HTTP/1.1" 302 -
0:0:0:0:0:0:0:1 - - [23/Feb/2025:12:46:50 +0900] "GET /zerotodeploy/login.html HTTP/1.1" 302 -
0:0:0:0:0:0:0:1 - - [23/Feb/2025:12:46:50 +0900] "GET /zerotodeploy/login.html HTTP/1.1" 302 -
0:0:0:0:0:0:0:1 - - [23/Feb/2025:12:46:50 +0900] "GET /zerotodeploy/login.html HTTP/1.1" 302 -
0:0:0:0:0:0:0:1 - - [23/Feb/2025:12:46:50 +0900] "GET /zerotodeploy/login.html HTTP/1.1" 302 -
0:0:0:0:0:0:0:1 - - [23/Feb/2025:12:46:50 +0900] "GET /zerotodeploy/login.html HTTP/1.1" 302 -
0:0:0:0:0:0:0:1 - - [23/Feb/2025:12:46:50 +0900] "GET /zerotodeploy/login.html HTTP/1.1" 302 -
0:0:0:0:0:0:0:1 - - [23/Feb/2025:12:46:50 +0900] "GET /zerotodeploy/login.html HTTP/1.1" 302 -
0:0:0:0:0:0:0:1 - - [23/Feb/2025:12:46:50 +0900] "GET /zerotodeploy/login.html HTTP/1.1" 302 -
0:0:0:0:0:0:0:1 - - [23/Feb/2025:12:46:50 +0900] "GET /zerotodeploy/login.html HTTP/1.1" 302 -
0:0:0:0:0:0:0:1 - - [23/Feb/2025:12:46:50 +0900] "GET /zerotodeploy/login.html HTTP/1.1" 302 -
0:0:0:0:0:0:0:1 - - [23/Feb/2025:12:46:50 +0900] "GET /zerotodeploy/login.html HTTP/1.1" 302 -
0:0:0:0:0:0:0:1 - - [23/Feb/2025:12:46:50 +0900] "GET /zerotodeploy/login.html HTTP/1.1" 302 -
0:0:0:0:0:0:0:1 - - [23/Feb/2025:12:46:50 +0900] "GET /zerotodeploy/login.html HTTP/1.1" 302 -
0:0:0:0:0:0:0:1 - - [23/Feb/2025:12:46:50 +0900] "GET /zerotodeploy/login.html HTTP/1.1" 302 -
0:0:0:0:0:0:0:1 - - [23/Feb/2025:12:46:50 +0900] "GET /zerotodeploy/login.html HTTP/1.1" 302 -
0:0:0:0:0:0:0:1 - - [23/Feb/2025:12:46:50 +0900] "GET /zerotodeploy/login.html HTTP/1.1" 302 -
0:0:0:0:0:0:0:1 - - [23/Feb/2025:12:46:50 +0900] "GET /zerotodeploy/login.html HTTP/1.1" 302 -
0:0:0:0:0:0:0:1 - - [23/Feb/2025:12:46:50 +0900] "GET /zerotodeploy/login.html HTTP/1.1" 302 -
0:0:0:0:0:0:0:1 - - [23/Feb/2025:12:46:50 +0900] "GET /zerotodeploy/login.html HTTP/1.1" 302 -
0:0:0:0:0:0:0:1 - - [23/Feb/2025:12:46:50 +0900] "GET /zerotodeploy/login.html HTTP/1.1" 302 -
0:0:0:0:0:0:0:1 - - [23/Feb/2025:12:46:50 +0900] "GET /zerotodeploy/login.html HTTP/1.1" 302 -
0:0:0:0:0:0:0:1 - - [23/Feb/2025:12:46:50 +0900] "GET /zerotodeploy/login.html HTTP/1.1" 302 -
0:0:0:0:0:0:0:1 - - [23/Feb/2025:12:46:50 +0900] "GET /zerotodeploy/login.html HTTP/1.1" 302 -
0:0:0:0:0:0:0:1 - - [23/Feb/2025:12:46:50 +0900] "GET /zerotodeploy/login.html HTTP/1.1" 302 -
0:0:0:0:0:0:0:1 - - [23/Feb/2025:12:46:50 +0900] "GET /zerotodeploy/login.html HTTP/1.1" 302 -
0:0:0:0:0:0:0:1 - - [23/Feb/2025:12:46:50 +0900] "GET /zerotodeploy/login.html HTTP/1.1" 302 -
0:0:0:0:0:0:0:1 - - [23/Feb/2025:12:46:50 +0900] "GET /zerotodeploy/login.html HTTP/1.1" 302 -
0:0:0:0:0:0:0:1 - - [23/Feb/2025:12:46:50 +0900] "GET /zerotodeploy/login.html HTTP/1.1" 302 -
0:0:0:0:0:0:0:1 - - [23/Feb/2025:12:46:50 +0900] "GET /zerotodeploy/login.html HTTP/1.1" 302 -
0:0:0:0:0:0:0:1 - - [23/Feb/2025:12:46:50 +0900] "GET /zerotodeploy/login.html HTTP/1.1" 302 -
0:0:0:0:0:0:0:1 - - [23/Feb/2025:12:46:50 +0900] "GET /zerotodeploy/login.html HTTP/1.1" 302 -
0:0:0:0:0:0:0:1 - - [23/Feb/2025:12:46:50 +0900] "GET /zerotodeploy/login.html HTTP/1.1" 302 -
0:0:0:0:0:0:0:1 - - [23/Feb/2025:12:46:50 +0900] "GET /zerotodeploy/login.html HTTP/1.1" 302 -
0:0:0:0:0:0:0:1 - - [23/Feb/2025:12:46:50 +0900] "GET /zerotodeploy/login.html HTTP/1.1" 302 -
0:0:0:0:0:0:0:1 - - [23/Feb/2025:12:46:50 +0900] "GET /zerotodeploy/login.html HTTP/1.1" 302 -
0:0:0:0:0:0:0:1 - - [23/Feb/2025:12:46:50 +0900] "GET /zerotodeploy/login.html HTTP/1.1" 302 -
0:0:0:0:0:0:0:1 - - [23/Feb/2025:12:46:50 +0900] "GET /zerotodeploy/login.html HTTP/1.1" 302 -
0:0:0:0:0:0:0:1 - - [23/Feb/2025:12:46:50 +0900] "GET /zerotodeploy/login.html HTTP/1.1" 302 -
0:0:0:0:0:0:0:1 - - [23/Feb/2025:12:46:50 +0900] "GET /zerotodeploy/login.html HTTP/1.1" 302 -
0:0:0:0:0:0:0:1 - - [23/Feb/2025:12:46:50 +0900] "GET /zerotodeploy/login.html HTTP/1.1" 302 -
0:0:0:0:0:0:0:1 - - [23/Feb/2025:12:46:50 +0900] "GET /zerotodeploy/login.html HTTP/1.1" 302 -
0:0:0:0:0:0:0:1 - - [23/Feb/2025:12:46:50 +0900] "GET /zerotodeploy/login.html HTTP/1.1" 302 -
0:0:0:0:0:0:0:1 - - [23/Feb/2025:12:46:50 +0900] "GET /zerotodeploy/login.html HTTP/1.1" 302 -
0:0:0:0:0:0:0:1 - - [23/Feb/2025:12:46:50 +0900] "GET /zerotodeploy/login.html HTTP/1.1" 302 -
0:0:0:0:0:0:0:1 - - [23/Feb/2025:12:46:50 +0900] "GET /zerotodeploy/login.html HTTP/1.1" 302 -
0:0:0:0:0:0:0:1 - - [23/Feb/2025:12:46:50 +0900] "GET /zerotodeploy/login.html HTTP/1.1" 302 -
0:0:0:0:0:0:0:1 - - [23/Feb/2025:12:46:50 +0900] "GET /zerotodeploy/login.html HTTP/1.1" 302 -
0:0:0:0:0:0:0:1 - - [23/Feb/2025:12:46:50 +0900] "GET /zerotodeploy/login.html HTTP/1.1" 302 -
0:0:0:0:0:0:0:1 - - [23/Feb/2025:12:46:50 +0900] "GET /zerotodeploy/login.html HTTP/1.1" 302 -
0:0:0:0:0:0:0:1 - - [23/Feb/2025:12:46:50 +0900] "GET /zerotodeploy/img/favicon.ico HTTP/1.1" 302 -
0:0:0:0:0:0:0:1 - - [23/Feb/2025:12:46:50 +0900] "GET /zerotodeploy/login.html HTTP/1.1" 302 -
0:0:0:0:0:0:0:1 - - [23/Feb/2025:12:46:50 +0900] "GET /zerotodeploy/login.html HTTP/1.1" 302 -
0:0:0:0:0:0:0:1 - - [23/Feb/2025:12:46:50 +0900] "GET /zerotodeploy/login.html HTTP/1.1" 302 -
0:0:0:0:0:0:0:1 - - [23/Feb/2025:12:46:50 +0900] "GET /zerotodeploy/login.html HTTP/1.1" 302 -
0:0:0:0:0:0:0:1 - - [23/Feb/2025:12:46:50 +0900] "GET /zerotodeploy/login.html HTTP/1.1" 302 -
0:0:0:0:0:0:0:1 - - [23/Feb/2025:12:46:50 +0900] "GET /zerotodeploy/login.html HTTP/1.1" 302 -
0:0:0:0:0:0:0:1 - - [23/Feb/2025:12:46:50 +0900] "GET /zerotodeploy/login.html HTTP/1.1" 302 -
0:0:0:0:0:0:0:1 - - [23/Feb/2025:12:46:50 +0900] "GET /zerotodeploy/login.html HTTP/1.1" 302 -
0:0:0:0:0:0:0:1 - - [23/Feb/2025:12:46:50 +0900] "GET /zerotodeploy/login.html HTTP/1.1" 302 -
0:0:0:0:0:0:0:1 - - [23/Feb/2025:12:46:50 +0900] "GET /zerotodeploy/login.html HTTP/1.1" 302 -
0:0:0:0:0:0:0:1 - - [23/Feb/2025:12:46:50 +0900] "GET /zerotodeploy/login.html HTTP/1.1" 302 -
0:0:0:0:0:0:0:1 - - [23/Feb/2025:12:46:50 +0900] "GET /zerotodeploy/login.html HTTP/1.1" 302 -
0:0:0:0:0:0:0:1 - - [23/Feb/2025:12:46:50 +0900] "GET /zerotodeploy/login.html HTTP/1.1" 302 -
0:0:0:0:0:0:0:1 - - [23/Feb/2025:12:46:50 +0900] "GET /zerotodeploy/login.html HTTP/1.1" 302 -
0:0:0:0:0:0:0:1 - - [23/Feb/2025:12:46:50 +0900] "GET /zerotodeploy/login.html HTTP/1.1" 302 -
0:0:0:0:0:0:0:1 - - [23/Feb/2025:12:46:50 +0900] "GET /zerotodeploy/login.html HTTP/1.1" 302 -
0:0:0:0:0:0:0:1 - - [23/Feb/2025:12:46:50 +0900] "GET /zerotodeploy/login.html HTTP/1.1" 302 -
0:0:0:0:0:0:0:1 - - [23/Feb/2025:12:46:50 +0900] "GET /zerotodeploy/login.html HTTP/1.1" 302 -
0:0:0:0:0:0:0:1 - - [23/Feb/2025:12:46:50 +0900] "GET /zerotodeploy/login.html HTTP/1.1" 302 -
0:0:0:0:0:0:0:1 - - [23/Feb/2025:12:46:50 +0900] "GET /zerotodeploy/login.html HTTP/1.1" 302 -
0:0:0:0:0:0:0:1 - - [23/Feb/2025:12:46:51 +0900] "GET /zerotodeploy/java HTTP/1.1" 302 -
0:0:0:0:0:0:0:1 - - [23/Feb/2025:12:46:51 +0900] "GET /zerotodeploy/login.html HTTP/1.1" 302 -
0:0:0:0:0:0:0:1 - - [23/Feb/2025:12:46:51 +0900] "GET /zerotodeploy/login.html HTTP/1.1" 302 -
0:0:0:0:0:0:0:1 - - [23/Feb/2025:12:46:51 +0900] "GET /zerotodeploy/login.html HTTP/1.1" 302 -
0:0:0:0:0:0:0:1 - - [23/Feb/2025:12:46:51 +0900] "GET /zerotodeploy/login.html HTTP/1.1" 302 -
0:0:0:0:0:0:0:1 - - [23/Feb/2025:12:46:51 +0900] "GET /zerotodeploy/login.html HTTP/1.1" 302 -
0:0:0:0:0:0:0:1 - - [23/Feb/2025:12:46:51 +0900] "GET /zerotodeploy/login.html HTTP/1.1" 302 -
0:0:0:0:0:0:0:1 - - [23/Feb/2025:12:46:51 +0900] "GET /zerotodeploy/login.html HTTP/1.1" 302 -
0:0:0:0:0:0:0:1 - - [23/Feb/2025:12:46:51 +0900] "GET /zerotodeploy/login.html HTTP/1.1" 302 -
0:0:0:0:0:0:0:1 - - [23/Feb/2025:12:46:51 +0900] "GET /zerotodeploy/login.html HTTP/1.1" 302 -
0:0:0:0:0:0:0:1 - - [23/Feb/2025:12:46:51 +0900] "GET /zerotodeploy/login.html HTTP/1.1" 302 -
0:0:0:0:0:0:0:1 - - [23/Feb/2025:12:46:51 +0900] "GET /zerotodeploy/login.html HTTP/1.1" 302 -
0:0:0:0:0:0:0:1 - - [23/Feb/2025:12:46:51 +0900] "GET /zerotodeploy/login.html HTTP/1.1" 302 -
0:0:0:0:0:0:0:1 - - [23/Feb/2025:12:46:51 +0900] "GET /zerotodeploy/login.html HTTP/1.1" 302 -
0:0:0:0:0:0:0:1 - - [23/Feb/2025:12:46:51 +0900] "GET /zerotodeploy/login.html HTTP/1.1" 302 -
0:0:0:0:0:0:0:1 - - [23/Feb/2025:12:46:51 +0900] "GET /zerotodeploy/login.html HTTP/1.1" 302 -
0:0:0:0:0:0:0:1 - - [23/Feb/2025:12:46:51 +0900] "GET /zerotodeploy/login.html HTTP/1.1" 302 -
0:0:0:0:0:0:0:1 - - [23/Feb/2025:12:46:51 +0900] "GET /zerotodeploy/login.html HTTP/1.1" 302 -
0:0:0:0:0:0:0:1 - - [23/Feb/2025:12:46:51 +0900] "GET /zerotodeploy/login.html HTTP/1.1" 302 -
0:0:0:0:0:0:0:1 - - [23/Feb/2025:12:46:51 +0900] "GET /zerotodeploy/login.html HTTP/1.1" 302 -
0:0:0:0:0:0:0:1 - - [23/Feb/2025:12:46:52 +0900] "GET /zerotodeploy/login.html HTTP/1.1" 302 -
0:0:0:0:0:0:0:1 - - [23/Feb/2025:12:46:52 +0900] "GET /zerotodeploy/login.html HTTP/1.1" 302 -
0:0:0:0:0:0:0:1 - - [23/Feb/2025:12:46:52 +0900] "GET /zerotodeploy/login.html HTTP/1.1" 302 -
0:0:0:0:0:0:0:1 - - [23/Feb/2025:12:46:52 +0900] "GET /zerotodeploy/login.html HTTP/1.1" 302 -
0:0:0:0:0:0:0:1 - - [23/Feb/2025:12:46:52 +0900] "GET /zerotodeploy/login.html HTTP/1.1" 302 -
0:0:0:0:0:0:0:1 - - [23/Feb/2025:12:46:52 +0900] "GET /zerotodeploy/login.html HTTP/1.1" 302 -
0:0:0:0:0:0:0:1 - - [23/Feb/2025:12:46:52 +0900] "GET /zerotodeploy/login.html HTTP/1.1" 302 -
0:0:0:0:0:0:0:1 - - [23/Feb/2025:12:46:52 +0900] "GET /zerotodeploy/login.html HTTP/1.1" 302 -
0:0:0:0:0:0:0:1 - - [23/Feb/2025:12:46:52 +0900] "GET /zerotodeploy/login.html HTTP/1.1" 302 -
0:0:0:0:0:0:0:1 - - [23/Feb/2025:12:46:52 +0900] "GET /zerotodeploy/login.html HTTP/1.1" 302 -
0:0:0:0:0:0:0:1 - - [23/Feb/2025:12:46:52 +0900] "GET /zerotodeploy/login.html HTTP/1.1" 302 -
0:0:0:0:0:0:0:1 - - [23/Feb/2025:12:46:52 +0900] "GET /zerotodeploy/login.html HTTP/1.1" 302 -
0:0:0:0:0:0:0:1 - - [23/Feb/2025:12:46:52 +0900] "GET /zerotodeploy/login.html HTTP/1.1" 302 -
0:0:0:0:0:0:0:1 - - [23/Feb/2025:12:46:52 +0900] "GET /zerotodeploy/login.html HTTP/1.1" 302 -
0:0:0:0:0:0:0:1 - - [23/Feb/2025:12:46:52 +0900] "GET /zerotodeploy/login.html HTTP/1.1" 302 -
0:0:0:0:0:0:0:1 - - [23/Feb/2025:12:46:52 +0900] "GET /zerotodeploy/login.html HTTP/1.1" 302 -
0:0:0:0:0:0:0:1 - - [23/Feb/2025:12:46:52 +0900] "GET /zerotodeploy/login.html HTTP/1.1" 302 -
0:0:0:0:0:0:0:1 - - [23/Feb/2025:12:46:52 +0900] "GET /zerotodeploy/login.html HTTP/1.1" 302 -
0:0:0:0:0:0:0:1 - - [23/Feb/2025:12:46:52 +0900] "GET /zerotodeploy/login.html HTTP/1.1" 302 -
0:0:0:0:0:0:0:1 - - [23/Feb/2025:12:46:52 +0900] "GET /zerotodeploy/login.html HTTP/1.1" 302 -
0:0:0:0:0:0:0:1 - - [23/Feb/2025:12:51:16 +0900] "GET /zerotodeploy HTTP/1.1" 302 -
0:0:0:0:0:0:0:1 - - [23/Feb/2025:12:51:16 +0900] "GET /zerotodeploy/ HTTP/1.1" 200 7874
0:0:0:0:0:0:0:1 - - [23/Feb/2025:12:51:16 +0900] "GET /zerotodeploy/lib/owlcarousel/assets/owl.carousel.min.css HTTP/1.1" 200 2941
0:0:0:0:0:0:0:1 - - [23/Feb/2025:12:51:16 +0900] "GET /zerotodeploy/lib/wow/wow.js HTTP/1.1" 200 17059
0:0:0:0:0:0:0:1 - - [23/Feb/2025:12:51:16 +0900] "GET /zerotodeploy/lib/animate/animate.min.css HTTP/1.1" 200 16964
0:0:0:0:0:0:0:1 - - [23/Feb/2025:12:51:16 +0900] "GET /zerotodeploy/css/style.css HTTP/1.1" 200 8596
0:0:0:0:0:0:0:1 - - [23/Feb/2025:12:51:16 +0900] "GET /zerotodeploy/lib/easing/easing.min.js HTTP/1.1" 200 2303
0:0:0:0:0:0:0:1 - - [23/Feb/2025:12:51:16 +0900] "GET /zerotodeploy/css/bootstrap.min.css HTTP/1.1" 200 164340
0:0:0:0:0:0:0:1 - - [23/Feb/2025:12:51:16 +0900] "GET /zerotodeploy/js/main.js HTTP/1.1" 200 1803
0:0:0:0:0:0:0:1 - - [23/Feb/2025:12:51:16 +0900] "GET /zerotodeploy/lib/waypoints/waypoints.min.js HTTP/1.1" 200 9034
0:0:0:0:0:0:0:1 - - [23/Feb/2025:12:51:16 +0900] "GET /zerotodeploy/lib/owlcarousel/owl.carousel.min.js HTTP/1.1" 200 42772
0:0:0:0:0:0:0:1 - - [23/Feb/2025:12:51:17 +0900] "GET /zerotodeploy/img/favicon.ico HTTP/1.1" 404 9873
0:0:0:0:0:0:0:1 - - [23/Feb/2025:12:51:17 +0900] "GET /zerotodeploy/login HTTP/1.1" 200 7124
0:0:0:0:0:0:0:1 - - [23/Feb/2025:12:51:18 +0900] "GET /zerotodeploy/lib/animate/animate.min.css HTTP/1.1" 200 16964
0:0:0:0:0:0:0:1 - - [23/Feb/2025:12:51:18 +0900] "GET /zerotodeploy/lib/easing/easing.min.js HTTP/1.1" 200 2303
0:0:0:0:0:0:0:1 - - [23/Feb/2025:12:51:18 +0900] "GET /zerotodeploy/lib/waypoints/waypoints.min.js HTTP/1.1" 200 9034
0:0:0:0:0:0:0:1 - - [23/Feb/2025:12:51:18 +0900] "GET /zerotodeploy/lib/wow/wow.js HTTP/1.1" 200 17059
0:0:0:0:0:0:0:1 - - [23/Feb/2025:12:51:18 +0900] "GET /zerotodeploy/lib/owlcarousel/assets/owl.carousel.min.css HTTP/1.1" 200 2941
0:0:0:0:0:0:0:1 - - [23/Feb/2025:12:51:18 +0900] "GET /zerotodeploy/css/style.css HTTP/1.1" 200 8596
0:0:0:0:0:0:0:1 - - [23/Feb/2025:12:51:18 +0900] "GET /zerotodeploy/css/bootstrap.min.css HTTP/1.1" 200 164340
0:0:0:0:0:0:0:1 - - [23/Feb/2025:12:51:18 +0900] "GET /zerotodeploy/js/main.js HTTP/1.1" 200 1803
0:0:0:0:0:0:0:1 - - [23/Feb/2025:12:51:18 +0900] "GET /zerotodeploy/lib/owlcarousel/owl.carousel.min.js HTTP/1.1" 200 42772
0:0:0:0:0:0:0:1 - - [23/Feb/2025:12:51:21 +0900] "GET /zerotodeploy/springboot HTTP/1.1" 200 5155
0:0:0:0:0:0:0:1 - - [23/Feb/2025:12:51:21 +0900] "GET /zerotodeploy/lib/animate/animate.min.css HTTP/1.1" 200 16964
0:0:0:0:0:0:0:1 - - [23/Feb/2025:12:51:21 +0900] "GET /zerotodeploy/lib/wow/wow.js HTTP/1.1" 200 17059
0:0:0:0:0:0:0:1 - - [23/Feb/2025:12:51:21 +0900] "GET /zerotodeploy/lib/owlcarousel/assets/owl.carousel.min.css HTTP/1.1" 200 2941
0:0:0:0:0:0:0:1 - - [23/Feb/2025:12:51:21 +0900] "GET /zerotodeploy/lib/easing/easing.min.js HTTP/1.1" 200 2303
0:0:0:0:0:0:0:1 - - [23/Feb/2025:12:51:21 +0900] "GET /zerotodeploy/css/style.css HTTP/1.1" 200 8596
0:0:0:0:0:0:0:1 - - [23/Feb/2025:12:51:21 +0900] "GET /zerotodeploy/lib/waypoints/waypoints.min.js HTTP/1.1" 200 9034
0:0:0:0:0:0:0:1 - - [23/Feb/2025:12:51:21 +0900] "GET /zerotodeploy/css/bootstrap.min.css HTTP/1.1" 200 164340
0:0:0:0:0:0:0:1 - - [23/Feb/2025:12:51:21 +0900] "GET /zerotodeploy/js/main.js HTTP/1.1" 200 1803
0:0:0:0:0:0:0:1 - - [23/Feb/2025:12:51:21 +0900] "GET /zerotodeploy/lib/owlcarousel/owl.carousel.min.js HTTP/1.1" 200 42772
0:0:0:0:0:0:0:1 - - [23/Feb/2025:12:51:22 +0900] "GET /zerotodeploy/login HTTP/1.1" 200 7124
0:0:0:0:0:0:0:1 - - [23/Feb/2025:12:51:22 +0900] "GET /zerotodeploy/lib/animate/animate.min.css HTTP/1.1" 200 16964
0:0:0:0:0:0:0:1 - - [23/Feb/2025:12:51:22 +0900] "GET /zerotodeploy/lib/easing/easing.min.js HTTP/1.1" 200 2303
0:0:0:0:0:0:0:1 - - [23/Feb/2025:12:51:22 +0900] "GET /zerotodeploy/lib/waypoints/waypoints.min.js HTTP/1.1" 200 9034
0:0:0:0:0:0:0:1 - - [23/Feb/2025:12:51:22 +0900] "GET /zerotodeploy/css/style.css HTTP/1.1" 200 8596
0:0:0:0:0:0:0:1 - - [23/Feb/2025:12:51:22 +0900] "GET /zerotodeploy/lib/wow/wow.js HTTP/1.1" 200 17059
0:0:0:0:0:0:0:1 - - [23/Feb/2025:12:51:22 +0900] "GET /zerotodeploy/lib/owlcarousel/assets/owl.carousel.min.css HTTP/1.1" 200 2941
0:0:0:0:0:0:0:1 - - [23/Feb/2025:12:51:22 +0900] "GET /zerotodeploy/css/bootstrap.min.css HTTP/1.1" 200 164340
0:0:0:0:0:0:0:1 - - [23/Feb/2025:12:51:22 +0900] "GET /zerotodeploy/js/main.js HTTP/1.1" 200 1803
0:0:0:0:0:0:0:1 - - [23/Feb/2025:12:51:22 +0900] "GET /zerotodeploy/lib/owlcarousel/owl.carousel.min.js HTTP/1.1" 200 42772
