0:0:0:0:0:0:0:1 - - [19/Jan/2025:11:00:55 +0900] "GET / HTTP/1.1" 404 683
0:0:0:0:0:0:0:1 - - [19/Jan/2025:11:00:57 +0900] "GET /zerotodeploy HTTP/1.1" 302 -
0:0:0:0:0:0:0:1 - - [19/Jan/2025:11:00:58 +0900] "GET /zerotodeploy/ HTTP/1.1" 200 7869
0:0:0:0:0:0:0:1 - - [19/Jan/2025:11:00:58 +0900] "GET /zerotodeploy/lib/owlcarousel/assets/owl.carousel.min.css HTTP/1.1" 200 2941
0:0:0:0:0:0:0:1 - - [19/Jan/2025:11:00:58 +0900] "GET /zerotodeploy/lib/animate/animate.min.css HTTP/1.1" 200 16964
0:0:0:0:0:0:0:1 - - [19/Jan/2025:11:00:58 +0900] "GET /zerotodeploy/lib/easing/easing.min.js HTTP/1.1" 200 2303
0:0:0:0:0:0:0:1 - - [19/Jan/2025:11:00:58 +0900] "GET /zerotodeploy/css/style.css HTTP/1.1" 200 8596
0:0:0:0:0:0:0:1 - - [19/Jan/2025:11:00:58 +0900] "GET /zerotodeploy/lib/wow/wow.js HTTP/1.1" 200 17059
0:0:0:0:0:0:0:1 - - [19/Jan/2025:11:00:58 +0900] "GET /zerotodeploy/css/bootstrap.min.css HTTP/1.1" 200 164340
0:0:0:0:0:0:0:1 - - [19/Jan/2025:11:00:58 +0900] "GET /zerotodeploy/js/main.js HTTP/1.1" 200 1803
0:0:0:0:0:0:0:1 - - [19/Jan/2025:11:00:58 +0900] "GET /zerotodeploy/lib/owlcarousel/owl.carousel.min.js HTTP/1.1" 200 42772
0:0:0:0:0:0:0:1 - - [19/Jan/2025:11:00:58 +0900] "GET /zerotodeploy/lib/waypoints/waypoints.min.js HTTP/1.1" 200 9034
0:0:0:0:0:0:0:1 - - [19/Jan/2025:11:00:58 +0900] "GET /zerotodeploy/img/favicon.ico HTTP/1.1" 404 4386
0:0:0:0:0:0:0:1 - - [19/Jan/2025:11:01:04 +0900] "GET /zerotodeploy/about HTTP/1.1" 200 7962
0:0:0:0:0:0:0:1 - - [19/Jan/2025:11:01:04 +0900] "GET /zerotodeploy/lib/animate/animate.min.css HTTP/1.1" 200 16964
0:0:0:0:0:0:0:1 - - [19/Jan/2025:11:01:04 +0900] "GET /zerotodeploy/lib/easing/easing.min.js HTTP/1.1" 200 2303
0:0:0:0:0:0:0:1 - - [19/Jan/2025:11:01:04 +0900] "GET /zerotodeploy/lib/wow/wow.js HTTP/1.1" 200 17059
0:0:0:0:0:0:0:1 - - [19/Jan/2025:11:01:04 +0900] "GET /zerotodeploy/css/style.css HTTP/1.1" 200 8596
0:0:0:0:0:0:0:1 - - [19/Jan/2025:11:01:04 +0900] "GET /zerotodeploy/lib/owlcarousel/assets/owl.carousel.min.css HTTP/1.1" 200 2941
0:0:0:0:0:0:0:1 - - [19/Jan/2025:11:01:04 +0900] "GET /zerotodeploy/css/bootstrap.min.css HTTP/1.1" 200 164340
0:0:0:0:0:0:0:1 - - [19/Jan/2025:11:01:04 +0900] "GET /zerotodeploy/lib/waypoints/waypoints.min.js HTTP/1.1" 200 9034
0:0:0:0:0:0:0:1 - - [19/Jan/2025:11:01:04 +0900] "GET /zerotodeploy/js/main.js HTTP/1.1" 200 1803
0:0:0:0:0:0:0:1 - - [19/Jan/2025:11:01:04 +0900] "GET /zerotodeploy/lib/owlcarousel/owl.carousel.min.js HTTP/1.1" 200 42772
0:0:0:0:0:0:0:1 - - [19/Jan/2025:11:01:04 +0900] "GET /zerotodeploy/img/carousel-1.jpg HTTP/1.1" 404 4395
0:0:0:0:0:0:0:1 - - [19/Jan/2025:11:01:05 +0900] "GET /zerotodeploy/index HTTP/1.1" 404 4408
0:0:0:0:0:0:0:1 - - [19/Jan/2025:11:01:05 +0900] "GET /favicon.ico HTTP/1.1" 404 683
0:0:0:0:0:0:0:1 - - [19/Jan/2025:11:01:07 +0900] "GET /zerotodeploy/index HTTP/1.1" 404 4408
