0:0:0:0:0:0:0:1 - - [26/Feb/2025:20:30:01 +0900] "GET /zerotodeploy/ HTTP/1.1" 200 7874
0:0:0:0:0:0:0:1 - - [26/Feb/2025:20:30:01 +0900] "GET /zerotodeploy/css/style.css HTTP/1.1" 200 8596
0:0:0:0:0:0:0:1 - - [26/Feb/2025:20:30:01 +0900] "GET /zerotodeploy/lib/wow/wow.js HTTP/1.1" 200 17059
0:0:0:0:0:0:0:1 - - [26/Feb/2025:20:30:01 +0900] "GET /zerotodeploy/lib/animate/animate.min.css HTTP/1.1" 200 16964
0:0:0:0:0:0:0:1 - - [26/Feb/2025:20:30:01 +0900] "GET /zerotodeploy/lib/owlcarousel/assets/owl.carousel.min.css HTTP/1.1" 200 2941
0:0:0:0:0:0:0:1 - - [26/Feb/2025:20:30:01 +0900] "GET /zerotodeploy/lib/easing/easing.min.js HTTP/1.1" 200 2303
0:0:0:0:0:0:0:1 - - [26/Feb/2025:20:30:01 +0900] "GET /zerotodeploy/css/bootstrap.min.css HTTP/1.1" 200 164340
0:0:0:0:0:0:0:1 - - [26/Feb/2025:20:30:01 +0900] "GET /zerotodeploy/lib/waypoints/waypoints.min.js HTTP/1.1" 200 9034
0:0:0:0:0:0:0:1 - - [26/Feb/2025:20:30:01 +0900] "GET /zerotodeploy/js/main.js HTTP/1.1" 200 1803
0:0:0:0:0:0:0:1 - - [26/Feb/2025:20:30:01 +0900] "GET /zerotodeploy/lib/owlcarousel/owl.carousel.min.js HTTP/1.1" 200 42772
0:0:0:0:0:0:0:1 - - [26/Feb/2025:20:30:02 +0900] "GET /zerotodeploy/img/favicon.ico HTTP/1.1" 404 9873
0:0:0:0:0:0:0:1 - - [26/Feb/2025:20:33:53 +0900] "GET /zerotodeploy/login HTTP/1.1" 200 7124
0:0:0:0:0:0:0:1 - - [26/Feb/2025:20:33:53 +0900] "GET /zerotodeploy/lib/animate/animate.min.css HTTP/1.1" 200 16964
0:0:0:0:0:0:0:1 - - [26/Feb/2025:20:33:53 +0900] "GET /zerotodeploy/lib/owlcarousel/assets/owl.carousel.min.css HTTP/1.1" 200 2941
0:0:0:0:0:0:0:1 - - [26/Feb/2025:20:33:53 +0900] "GET /zerotodeploy/lib/easing/easing.min.js HTTP/1.1" 200 2303
0:0:0:0:0:0:0:1 - - [26/Feb/2025:20:33:53 +0900] "GET /zerotodeploy/css/style.css HTTP/1.1" 200 8596
0:0:0:0:0:0:0:1 - - [26/Feb/2025:20:33:53 +0900] "GET /zerotodeploy/lib/wow/wow.js HTTP/1.1" 200 17059
0:0:0:0:0:0:0:1 - - [26/Feb/2025:20:33:53 +0900] "GET /zerotodeploy/css/bootstrap.min.css HTTP/1.1" 200 164340
0:0:0:0:0:0:0:1 - - [26/Feb/2025:20:33:53 +0900] "GET /zerotodeploy/lib/waypoints/waypoints.min.js HTTP/1.1" 200 9034
0:0:0:0:0:0:0:1 - - [26/Feb/2025:20:33:53 +0900] "GET /zerotodeploy/lib/owlcarousel/owl.carousel.min.js HTTP/1.1" 200 42772
0:0:0:0:0:0:0:1 - - [26/Feb/2025:20:33:53 +0900] "GET /zerotodeploy/js/main.js HTTP/1.1" 200 1803
0:0:0:0:0:0:0:1 - - [26/Feb/2025:20:33:55 +0900] "GET /zerotodeploy/signUp HTTP/1.1" 200 7641
0:0:0:0:0:0:0:1 - - [26/Feb/2025:20:33:55 +0900] "GET /zerotodeploy/lib/animate/animate.min.css HTTP/1.1" 200 16964
0:0:0:0:0:0:0:1 - - [26/Feb/2025:20:33:55 +0900] "GET /zerotodeploy/lib/owlcarousel/assets/owl.carousel.min.css HTTP/1.1" 200 2941
0:0:0:0:0:0:0:1 - - [26/Feb/2025:20:33:55 +0900] "GET /zerotodeploy/lib/wow/wow.js HTTP/1.1" 200 17059
0:0:0:0:0:0:0:1 - - [26/Feb/2025:20:33:55 +0900] "GET /zerotodeploy/css/style.css HTTP/1.1" 200 8596
0:0:0:0:0:0:0:1 - - [26/Feb/2025:20:33:55 +0900] "GET /zerotodeploy/lib/easing/easing.min.js HTTP/1.1" 200 2303
0:0:0:0:0:0:0:1 - - [26/Feb/2025:20:33:55 +0900] "GET /zerotodeploy/lib/waypoints/waypoints.min.js HTTP/1.1" 200 9034
0:0:0:0:0:0:0:1 - - [26/Feb/2025:20:33:55 +0900] "GET /zerotodeploy/css/bootstrap.min.css HTTP/1.1" 200 164340
0:0:0:0:0:0:0:1 - - [26/Feb/2025:20:33:55 +0900] "GET /zerotodeploy/js/main.js HTTP/1.1" 200 1803
0:0:0:0:0:0:0:1 - - [26/Feb/2025:20:33:55 +0900] "GET /zerotodeploy/lib/owlcarousel/owl.carousel.min.js HTTP/1.1" 200 42772
0:0:0:0:0:0:0:1 - - [26/Feb/2025:20:33:59 +0900] "POST /api/auth/signup HTTP/1.1" 404 683
0:0:0:0:0:0:0:1 - - [26/Feb/2025:20:33:59 +0900] "GET /favicon.ico HTTP/1.1" 404 683
0:0:0:0:0:0:0:1 - - [26/Feb/2025:20:35:59 +0900] "GET /zerotodeploy/login HTTP/1.1" 200 7124
0:0:0:0:0:0:0:1 - - [26/Feb/2025:20:35:59 +0900] "GET /zerotodeploy/lib/animate/animate.min.css HTTP/1.1" 200 16964
0:0:0:0:0:0:0:1 - - [26/Feb/2025:20:35:59 +0900] "GET /zerotodeploy/lib/owlcarousel/assets/owl.carousel.min.css HTTP/1.1" 200 2941
0:0:0:0:0:0:0:1 - - [26/Feb/2025:20:35:59 +0900] "GET /zerotodeploy/css/style.css HTTP/1.1" 200 8596
0:0:0:0:0:0:0:1 - - [26/Feb/2025:20:35:59 +0900] "GET /zerotodeploy/lib/easing/easing.min.js HTTP/1.1" 200 2303
0:0:0:0:0:0:0:1 - - [26/Feb/2025:20:35:59 +0900] "GET /zerotodeploy/lib/wow/wow.js HTTP/1.1" 200 17059
0:0:0:0:0:0:0:1 - - [26/Feb/2025:20:35:59 +0900] "GET /zerotodeploy/lib/waypoints/waypoints.min.js HTTP/1.1" 200 9034
0:0:0:0:0:0:0:1 - - [26/Feb/2025:20:35:59 +0900] "GET /zerotodeploy/css/bootstrap.min.css HTTP/1.1" 200 164340
0:0:0:0:0:0:0:1 - - [26/Feb/2025:20:35:59 +0900] "GET /zerotodeploy/lib/owlcarousel/owl.carousel.min.js HTTP/1.1" 200 42772
0:0:0:0:0:0:0:1 - - [26/Feb/2025:20:35:59 +0900] "GET /zerotodeploy/js/main.js HTTP/1.1" 200 1803
0:0:0:0:0:0:0:1 - - [26/Feb/2025:20:36:05 +0900] "POST /zerotodeploy/login HTTP/1.1" 405 10471
0:0:0:0:0:0:0:1 - - [26/Feb/2025:20:57:27 +0900] "GET /zerotodeploy/ HTTP/1.1" 200 7874
0:0:0:0:0:0:0:1 - - [26/Feb/2025:20:57:27 +0900] "GET /zerotodeploy/lib/animate/animate.min.css HTTP/1.1" 200 16964
0:0:0:0:0:0:0:1 - - [26/Feb/2025:20:57:27 +0900] "GET /zerotodeploy/lib/owlcarousel/assets/owl.carousel.min.css HTTP/1.1" 200 2941
0:0:0:0:0:0:0:1 - - [26/Feb/2025:20:57:27 +0900] "GET /zerotodeploy/css/bootstrap.min.css HTTP/1.1" 200 164340
0:0:0:0:0:0:0:1 - - [26/Feb/2025:20:57:27 +0900] "GET /zerotodeploy/css/style.css HTTP/1.1" 200 8596
0:0:0:0:0:0:0:1 - - [26/Feb/2025:20:57:27 +0900] "GET /zerotodeploy/lib/easing/easing.min.js HTTP/1.1" 200 2303
0:0:0:0:0:0:0:1 - - [26/Feb/2025:20:57:27 +0900] "GET /zerotodeploy/lib/wow/wow.js HTTP/1.1" 200 17059
0:0:0:0:0:0:0:1 - - [26/Feb/2025:20:57:27 +0900] "GET /zerotodeploy/lib/waypoints/waypoints.min.js HTTP/1.1" 200 9034
0:0:0:0:0:0:0:1 - - [26/Feb/2025:20:57:27 +0900] "GET /zerotodeploy/lib/owlcarousel/owl.carousel.min.js HTTP/1.1" 200 42772
0:0:0:0:0:0:0:1 - - [26/Feb/2025:20:57:27 +0900] "GET /zerotodeploy/js/main.js HTTP/1.1" 200 1803
