0:0:0:0:0:0:0:1 - - [02/Apr/2025:08:46:55 +0900] "GET /zerotodeploy/ HTTP/1.1" 200 4020
0:0:0:0:0:0:0:1 - - [02/Apr/2025:08:46:55 +0900] "GET /zerotodeploy/lib/animate/animate.min.css HTTP/1.1" 304 -
0:0:0:0:0:0:0:1 - - [02/Apr/2025:08:46:55 +0900] "GET /zerotodeploy/css/bootstrap.min.css HTTP/1.1" 304 -
0:0:0:0:0:0:0:1 - - [02/Apr/2025:08:46:55 +0900] "GET /zerotodeploy/lib/owlcarousel/assets/owl.carousel.min.css HTTP/1.1" 304 -
0:0:0:0:0:0:0:1 - - [02/Apr/2025:08:46:55 +0900] "GET /zerotodeploy/img/kakao_login/en/kakao_login_medium_narrow.png HTTP/1.1" 304 -
0:0:0:0:0:0:0:1 - - [02/Apr/2025:08:46:55 +0900] "GET /zerotodeploy/lib/wow/wow.js HTTP/1.1" 304 -
0:0:0:0:0:0:0:1 - - [02/Apr/2025:08:46:55 +0900] "GET /zerotodeploy/css/style.css HTTP/1.1" 304 -
0:0:0:0:0:0:0:1 - - [02/Apr/2025:08:46:55 +0900] "GET /zerotodeploy/lib/easing/easing.min.js HTTP/1.1" 304 -
0:0:0:0:0:0:0:1 - - [02/Apr/2025:08:46:55 +0900] "GET /zerotodeploy/js/main.js HTTP/1.1" 304 -
0:0:0:0:0:0:0:1 - - [02/Apr/2025:08:46:55 +0900] "GET /zerotodeploy/lib/owlcarousel/owl.carousel.min.js HTTP/1.1" 304 -
0:0:0:0:0:0:0:1 - - [02/Apr/2025:08:46:55 +0900] "GET /zerotodeploy/lib/waypoints/waypoints.min.js HTTP/1.1" 304 -
0:0:0:0:0:0:0:1 - - [02/Apr/2025:08:46:55 +0900] "GET /zerotodeploy/img/favicon.ico HTTP/1.1" 404 10195
0:0:0:0:0:0:0:1 - - [02/Apr/2025:08:46:59 +0900] "POST /zerotodeploy/login HTTP/1.1" 200 4020
0:0:0:0:0:0:0:1 - - [02/Apr/2025:08:47:05 +0900] "POST /zerotodeploy/login HTTP/1.1" 200 4020
0:0:0:0:0:0:0:1 - - [02/Apr/2025:08:50:51 +0900] "POST /zerotodeploy/login HTTP/1.1" 200 4020
0:0:0:0:0:0:0:1 - - [02/Apr/2025:08:50:53 +0900] "POST /zerotodeploy/login HTTP/1.1" 200 4020
0:0:0:0:0:0:0:1 - - [02/Apr/2025:08:50:55 +0900] "POST /zerotodeploy/login HTTP/1.1" 200 4020
0:0:0:0:0:0:0:1 - - [02/Apr/2025:08:51:02 +0900] "POST /zerotodeploy/login HTTP/1.1" 200 4020
0:0:0:0:0:0:0:1 - - [02/Apr/2025:08:52:57 +0900] "POST /zerotodeploy/login HTTP/1.1" 200 4020
0:0:0:0:0:0:0:1 - - [02/Apr/2025:09:00:24 +0900] "POST /zerotodeploy/login HTTP/1.1" 200 4020
0:0:0:0:0:0:0:1 - - [02/Apr/2025:09:00:24 +0900] "GET /zerotodeploy/lib/animate/animate.min.css HTTP/1.1" 304 -
0:0:0:0:0:0:0:1 - - [02/Apr/2025:09:00:24 +0900] "GET /zerotodeploy/lib/owlcarousel/assets/owl.carousel.min.css HTTP/1.1" 304 -
0:0:0:0:0:0:0:1 - - [02/Apr/2025:09:00:24 +0900] "GET /zerotodeploy/css/bootstrap.min.css HTTP/1.1" 304 -
0:0:0:0:0:0:0:1 - - [02/Apr/2025:09:00:24 +0900] "GET /zerotodeploy/lib/wow/wow.js HTTP/1.1" 304 -
0:0:0:0:0:0:0:1 - - [02/Apr/2025:09:00:24 +0900] "GET /zerotodeploy/img/kakao_login/en/kakao_login_medium_narrow.png HTTP/1.1" 304 -
0:0:0:0:0:0:0:1 - - [02/Apr/2025:09:00:24 +0900] "GET /zerotodeploy/lib/easing/easing.min.js HTTP/1.1" 304 -
0:0:0:0:0:0:0:1 - - [02/Apr/2025:09:00:24 +0900] "GET /zerotodeploy/css/style.css HTTP/1.1" 304 -
0:0:0:0:0:0:0:1 - - [02/Apr/2025:09:00:24 +0900] "GET /zerotodeploy/js/main.js HTTP/1.1" 304 -
0:0:0:0:0:0:0:1 - - [02/Apr/2025:09:00:24 +0900] "GET /zerotodeploy/lib/waypoints/waypoints.min.js HTTP/1.1" 304 -
0:0:0:0:0:0:0:1 - - [02/Apr/2025:09:00:24 +0900] "GET /zerotodeploy/lib/owlcarousel/owl.carousel.min.js HTTP/1.1" 304 -
0:0:0:0:0:0:0:1 - - [02/Apr/2025:09:02:28 +0900] "POST /zerotodeploy/login HTTP/1.1" 200 4020
0:0:0:0:0:0:0:1 - - [02/Apr/2025:09:02:38 +0900] "POST /zerotodeploy/login HTTP/1.1" 200 4020
0:0:0:0:0:0:0:1 - - [02/Apr/2025:09:02:41 +0900] "POST /zerotodeploy/login HTTP/1.1" 200 4020
0:0:0:0:0:0:0:1 - - [02/Apr/2025:09:02:45 +0900] "POST /zerotodeploy/login HTTP/1.1" 200 4020
0:0:0:0:0:0:0:1 - - [02/Apr/2025:09:02:45 +0900] "GET /zerotodeploy/lib/owlcarousel/assets/owl.carousel.min.css HTTP/1.1" 200 2941
0:0:0:0:0:0:0:1 - - [02/Apr/2025:09:02:45 +0900] "GET /zerotodeploy/css/style.css HTTP/1.1" 200 8693
0:0:0:0:0:0:0:1 - - [02/Apr/2025:09:02:45 +0900] "GET /zerotodeploy/css/bootstrap.min.css HTTP/1.1" 200 164340
0:0:0:0:0:0:0:1 - - [02/Apr/2025:09:02:45 +0900] "GET /zerotodeploy/img/kakao_login/en/kakao_login_medium_narrow.png HTTP/1.1" 200 3507
0:0:0:0:0:0:0:1 - - [02/Apr/2025:09:02:45 +0900] "GET /zerotodeploy/lib/animate/animate.min.css HTTP/1.1" 200 16964
0:0:0:0:0:0:0:1 - - [02/Apr/2025:09:02:45 +0900] "GET /zerotodeploy/lib/easing/easing.min.js HTTP/1.1" 200 2303
0:0:0:0:0:0:0:1 - - [02/Apr/2025:09:02:45 +0900] "GET /zerotodeploy/lib/waypoints/waypoints.min.js HTTP/1.1" 200 9034
0:0:0:0:0:0:0:1 - - [02/Apr/2025:09:02:45 +0900] "GET /zerotodeploy/lib/wow/wow.js HTTP/1.1" 200 17059
0:0:0:0:0:0:0:1 - - [02/Apr/2025:09:02:45 +0900] "GET /zerotodeploy/js/main.js HTTP/1.1" 200 1803
0:0:0:0:0:0:0:1 - - [02/Apr/2025:09:02:45 +0900] "GET /zerotodeploy/lib/owlcarousel/owl.carousel.min.js HTTP/1.1" 200 42772
0:0:0:0:0:0:0:1 - - [02/Apr/2025:09:02:45 +0900] "GET /zerotodeploy/img/favicon.ico HTTP/1.1" 404 10195
0:0:0:0:0:0:0:1 - - [02/Apr/2025:09:03:42 +0900] "POST /zerotodeploy/login HTTP/1.1" 200 4020
0:0:0:0:0:0:0:1 - - [02/Apr/2025:09:03:45 +0900] "POST /zerotodeploy/login HTTP/1.1" 200 4020
0:0:0:0:0:0:0:1 - - [02/Apr/2025:09:03:46 +0900] "POST /zerotodeploy/login HTTP/1.1" 200 4020
0:0:0:0:0:0:0:1 - - [02/Apr/2025:09:03:51 +0900] "POST /zerotodeploy/login HTTP/1.1" 200 4020
0:0:0:0:0:0:0:1 - - [02/Apr/2025:09:03:52 +0900] "POST /zerotodeploy/login HTTP/1.1" 200 4020
0:0:0:0:0:0:0:1 - - [02/Apr/2025:09:03:53 +0900] "POST /zerotodeploy/login HTTP/1.1" 200 4020
0:0:0:0:0:0:0:1 - - [02/Apr/2025:09:03:53 +0900] "POST /zerotodeploy/login HTTP/1.1" 200 4020
0:0:0:0:0:0:0:1 - - [02/Apr/2025:09:03:53 +0900] "POST /zerotodeploy/login HTTP/1.1" 200 4020
0:0:0:0:0:0:0:1 - - [02/Apr/2025:09:04:57 +0900] "POST /zerotodeploy/login HTTP/1.1" 200 4034
0:0:0:0:0:0:0:1 - - [02/Apr/2025:09:04:59 +0900] "GET /zerotodeploy/ HTTP/1.1" 200 7872
0:0:0:0:0:0:0:1 - - [02/Apr/2025:09:05:01 +0900] "GET /zerotodeploy/login HTTP/1.1" 405 10781
0:0:0:0:0:0:0:1 - - [02/Apr/2025:09:05:01 +0900] "GET /favicon.ico HTTP/1.1" 404 683
0:0:0:0:0:0:0:1 - - [02/Apr/2025:09:05:15 +0900] "GET /zerotodeploy HTTP/1.1" 302 -
0:0:0:0:0:0:0:1 - - [02/Apr/2025:09:05:15 +0900] "GET /zerotodeploy/ HTTP/1.1" 200 7872
0:0:0:0:0:0:0:1 - - [02/Apr/2025:09:05:17 +0900] "GET /zerotodeploy/ HTTP/1.1" 200 7872
0:0:0:0:0:0:0:1 - - [02/Apr/2025:09:05:17 +0900] "GET /zerotodeploy/ HTTP/1.1" 200 7872
0:0:0:0:0:0:0:1 - - [02/Apr/2025:09:05:17 +0900] "GET /zerotodeploy/ HTTP/1.1" 200 7872
0:0:0:0:0:0:0:1 - - [02/Apr/2025:09:05:18 +0900] "GET /zerotodeploy/ HTTP/1.1" 200 7872
0:0:0:0:0:0:0:1 - - [02/Apr/2025:09:05:18 +0900] "GET /zerotodeploy/ HTTP/1.1" 200 7872
0:0:0:0:0:0:0:1 - - [02/Apr/2025:09:05:19 +0900] "GET /zerotodeploy/login HTTP/1.1" 405 10781
0:0:0:0:0:0:0:1 - - [02/Apr/2025:09:06:11 +0900] "GET /zerotodeploy/ HTTP/1.1" 200 4020
0:0:0:0:0:0:0:1 - - [02/Apr/2025:09:06:17 +0900] "POST /zerotodeploy/login HTTP/1.1" 200 4020
0:0:0:0:0:0:0:1 - - [02/Apr/2025:09:07:02 +0900] "GET /zerotodeploy/login.html HTTP/1.1" 200 4127
0:0:0:0:0:0:0:1 - - [02/Apr/2025:09:07:05 +0900] "POST /zerotodeploy/login HTTP/1.1" 200 4034
0:0:0:0:0:0:0:1 - - [02/Apr/2025:09:07:13 +0900] "POST /zerotodeploy/login HTTP/1.1" 200 4034
0:0:0:0:0:0:0:1 - - [02/Apr/2025:09:07:16 +0900] "POST /zerotodeploy/login HTTP/1.1" 200 4034
0:0:0:0:0:0:0:1 - - [02/Apr/2025:09:10:27 +0900] "POST /zerotodeploy/login HTTP/1.1" 200 4034
0:0:0:0:0:0:0:1 - - [02/Apr/2025:09:10:29 +0900] "POST /zerotodeploy/login HTTP/1.1" 200 4034
0:0:0:0:0:0:0:1 - - [02/Apr/2025:09:10:34 +0900] "GET /zerotodeploy/ HTTP/1.1" 200 7872
0:0:0:0:0:0:0:1 - - [02/Apr/2025:09:10:36 +0900] "GET /zerotodeploy/login HTTP/1.1" 200 4034
0:0:0:0:0:0:0:1 - - [02/Apr/2025:09:10:43 +0900] "POST /zerotodeploy/login HTTP/1.1" 200 4034
0:0:0:0:0:0:0:1 - - [02/Apr/2025:09:13:09 +0900] "POST /zerotodeploy/login HTTP/1.1" 302 -
0:0:0:0:0:0:0:1 - - [02/Apr/2025:09:13:09 +0900] "GET /zerotodeploy/login.html?error HTTP/1.1" 200 4129
0:0:0:0:0:0:0:1 - - [02/Apr/2025:09:13:11 +0900] "GET /zerotodeploy/ HTTP/1.1" 200 7872
0:0:0:0:0:0:0:1 - - [02/Apr/2025:09:13:11 +0900] "GET /zerotodeploy/lib/owlcarousel/assets/owl.carousel.min.css HTTP/1.1" 200 2941
0:0:0:0:0:0:0:1 - - [02/Apr/2025:09:13:11 +0900] "GET /zerotodeploy/lib/animate/animate.min.css HTTP/1.1" 200 16964
0:0:0:0:0:0:0:1 - - [02/Apr/2025:09:13:11 +0900] "GET /zerotodeploy/css/bootstrap.min.css HTTP/1.1" 200 164340
0:0:0:0:0:0:0:1 - - [02/Apr/2025:09:13:11 +0900] "GET /zerotodeploy/css/style.css HTTP/1.1" 200 8693
0:0:0:0:0:0:0:1 - - [02/Apr/2025:09:13:11 +0900] "GET /zerotodeploy/lib/wow/wow.js HTTP/1.1" 200 17059
0:0:0:0:0:0:0:1 - - [02/Apr/2025:09:13:11 +0900] "GET /zerotodeploy/lib/easing/easing.min.js HTTP/1.1" 200 2303
0:0:0:0:0:0:0:1 - - [02/Apr/2025:09:13:11 +0900] "GET /zerotodeploy/lib/waypoints/waypoints.min.js HTTP/1.1" 200 9034
0:0:0:0:0:0:0:1 - - [02/Apr/2025:09:13:11 +0900] "GET /zerotodeploy/lib/owlcarousel/owl.carousel.min.js HTTP/1.1" 200 42772
0:0:0:0:0:0:0:1 - - [02/Apr/2025:09:13:11 +0900] "GET /zerotodeploy/js/main.js HTTP/1.1" 200 1803
0:0:0:0:0:0:0:1 - - [02/Apr/2025:09:13:11 +0900] "GET /zerotodeploy HTTP/1.1" 302 -
0:0:0:0:0:0:0:1 - - [02/Apr/2025:09:13:11 +0900] "GET /zerotodeploy/ HTTP/1.1" 200 7872
0:0:0:0:0:0:0:1 - - [02/Apr/2025:09:13:13 +0900] "GET /zerotodeploy/login HTTP/1.1" 200 4036
0:0:0:0:0:0:0:1 - - [02/Apr/2025:09:13:13 +0900] "GET /zerotodeploy/img/kakao_login/en/kakao_login_medium_narrow.png HTTP/1.1" 200 3507
0:0:0:0:0:0:0:1 - - [02/Apr/2025:09:13:20 +0900] "POST /zerotodeploy/login HTTP/1.1" 302 -
0:0:0:0:0:0:0:1 - - [02/Apr/2025:09:13:20 +0900] "GET /zerotodeploy/login.html?error HTTP/1.1" 304 -
0:0:0:0:0:0:0:1 - - [02/Apr/2025:09:14:44 +0900] "GET /zerotodeploy/login HTTP/1.1" 200 4036
0:0:0:0:0:0:0:1 - - [02/Apr/2025:09:15:32 +0900] "POST /zerotodeploy/login HTTP/1.1" 302 -
0:0:0:0:0:0:0:1 - - [02/Apr/2025:09:15:32 +0900] "GET /zerotodeploy/login.html?error HTTP/1.1" 304 -
0:0:0:0:0:0:0:1 - - [02/Apr/2025:09:15:35 +0900] "POST /zerotodeploy/login HTTP/1.1" 302 -
0:0:0:0:0:0:0:1 - - [02/Apr/2025:09:15:35 +0900] "GET /zerotodeploy/login.html?error HTTP/1.1" 304 -
0:0:0:0:0:0:0:1 - - [02/Apr/2025:09:16:46 +0900] "POST /zerotodeploy/login HTTP/1.1" 302 -
0:0:0:0:0:0:0:1 - - [02/Apr/2025:09:16:46 +0900] "GET /zerotodeploy/login.html?error HTTP/1.1" 304 -
0:0:0:0:0:0:0:1 - - [02/Apr/2025:09:16:48 +0900] "GET /zerotodeploy/signUp.html HTTP/1.1" 200 3570
0:0:0:0:0:0:0:1 - - [02/Apr/2025:09:18:39 +0900] "POST /zerotodeploy/login HTTP/1.1" 302 -
0:0:0:0:0:0:0:1 - - [02/Apr/2025:09:18:39 +0900] "GET /zerotodeploy/login.html?error HTTP/1.1" 200 4279
0:0:0:0:0:0:0:1 - - [02/Apr/2025:09:18:41 +0900] "GET /zerotodeploy/login HTTP/1.1" 200 4043
0:0:0:0:0:0:0:1 - - [02/Apr/2025:09:18:41 +0900] "GET /zerotodeploy/login HTTP/1.1" 200 4043
0:0:0:0:0:0:0:1 - - [02/Apr/2025:09:18:42 +0900] "GET /zerotodeploy/login HTTP/1.1" 200 4043
0:0:0:0:0:0:0:1 - - [02/Apr/2025:09:19:22 +0900] "GET /zerotodeploy/signUp HTTP/1.1" 200 3517
0:0:0:0:0:0:0:1 - - [02/Apr/2025:09:19:43 +0900] "POST /zerotodeploy/join HTTP/1.1" 302 -
0:0:0:0:0:0:0:1 - - [02/Apr/2025:09:19:43 +0900] "GET /zerotodeploy/login HTTP/1.1" 200 4043
0:0:0:0:0:0:0:1 - - [02/Apr/2025:09:19:54 +0900] "POST /zerotodeploy/login HTTP/1.1" 302 -
0:0:0:0:0:0:0:1 - - [02/Apr/2025:09:19:54 +0900] "GET /zerotodeploy/login.html?error HTTP/1.1" 304 -
0:0:0:0:0:0:0:1 - - [02/Apr/2025:09:20:00 +0900] "POST /zerotodeploy/login HTTP/1.1" 302 -
0:0:0:0:0:0:0:1 - - [02/Apr/2025:09:20:00 +0900] "GET /zerotodeploy/login.html?error HTTP/1.1" 304 -
0:0:0:0:0:0:0:1 - - [02/Apr/2025:09:20:32 +0900] "GET /zerotodeploy/signUp HTTP/1.1" 200 3517
0:0:0:0:0:0:0:1 - - [02/Apr/2025:09:20:35 +0900] "GET /zerotodeploy/ HTTP/1.1" 200 7872
0:0:0:0:0:0:0:1 - - [02/Apr/2025:09:20:36 +0900] "GET /zerotodeploy/login HTTP/1.1" 200 4043
0:0:0:0:0:0:0:1 - - [02/Apr/2025:09:20:38 +0900] "GET /zerotodeploy/signUp HTTP/1.1" 200 3517
0:0:0:0:0:0:0:1 - - [02/Apr/2025:09:20:45 +0900] "POST /zerotodeploy/join HTTP/1.1" 302 -
0:0:0:0:0:0:0:1 - - [02/Apr/2025:09:20:45 +0900] "GET /zerotodeploy/login HTTP/1.1" 200 4043
0:0:0:0:0:0:0:1 - - [02/Apr/2025:09:20:50 +0900] "POST /zerotodeploy/login HTTP/1.1" 302 -
0:0:0:0:0:0:0:1 - - [02/Apr/2025:09:20:50 +0900] "GET /zerotodeploy/login.html?error HTTP/1.1" 304 -
0:0:0:0:0:0:0:1 - - [02/Apr/2025:09:25:28 +0900] "GET /zerotodeploy/login.html?error HTTP/1.1" 200 4284
0:0:0:0:0:0:0:1 - - [02/Apr/2025:09:25:30 +0900] "GET /zerotodeploy/ HTTP/1.1" 200 7872
0:0:0:0:0:0:0:1 - - [02/Apr/2025:09:25:30 +0900] "GET /zerotodeploy/lib/owlcarousel/assets/owl.carousel.min.css HTTP/1.1" 200 2941
0:0:0:0:0:0:0:1 - - [02/Apr/2025:09:25:30 +0900] "GET /zerotodeploy/lib/animate/animate.min.css HTTP/1.1" 200 16964
0:0:0:0:0:0:0:1 - - [02/Apr/2025:09:25:30 +0900] "GET /zerotodeploy/css/bootstrap.min.css HTTP/1.1" 200 164340
0:0:0:0:0:0:0:1 - - [02/Apr/2025:09:25:30 +0900] "GET /zerotodeploy/css/style.css HTTP/1.1" 200 8693
0:0:0:0:0:0:0:1 - - [02/Apr/2025:09:25:30 +0900] "GET /zerotodeploy/lib/wow/wow.js HTTP/1.1" 200 17059
0:0:0:0:0:0:0:1 - - [02/Apr/2025:09:25:30 +0900] "GET /zerotodeploy/lib/easing/easing.min.js HTTP/1.1" 200 2303
0:0:0:0:0:0:0:1 - - [02/Apr/2025:09:25:30 +0900] "GET /zerotodeploy/lib/waypoints/waypoints.min.js HTTP/1.1" 200 9034
0:0:0:0:0:0:0:1 - - [02/Apr/2025:09:25:30 +0900] "GET /zerotodeploy/js/main.js HTTP/1.1" 200 1803
0:0:0:0:0:0:0:1 - - [02/Apr/2025:09:25:30 +0900] "GET /zerotodeploy/lib/owlcarousel/owl.carousel.min.js HTTP/1.1" 200 42772
0:0:0:0:0:0:0:1 - - [02/Apr/2025:09:25:31 +0900] "GET /zerotodeploy/ubuntu HTTP/1.1" 200 5159
0:0:0:0:0:0:0:1 - - [02/Apr/2025:09:25:33 +0900] "GET /zerotodeploy/login HTTP/1.1" 200 4048
0:0:0:0:0:0:0:1 - - [02/Apr/2025:09:25:33 +0900] "GET /zerotodeploy/img/kakao_login/en/kakao_login_medium_narrow.png HTTP/1.1" 200 3507
0:0:0:0:0:0:0:1 - - [02/Apr/2025:09:25:39 +0900] "POST /zerotodeploy/login HTTP/1.1" 302 -
0:0:0:0:0:0:0:1 - - [02/Apr/2025:09:25:39 +0900] "GET /zerotodeploy/login.html?error HTTP/1.1" 304 -
0:0:0:0:0:0:0:1 - - [02/Apr/2025:09:50:52 +0900] "GET /zerotodeploy/login HTTP/1.1" 200 4048
0:0:0:0:0:0:0:1 - - [02/Apr/2025:09:50:53 +0900] "GET /zerotodeploy/ HTTP/1.1" 200 7872
0:0:0:0:0:0:0:1 - - [02/Apr/2025:10:05:48 +0900] "GET /zerotodeploy/ HTTP/1.1" 200 7872
0:0:0:0:0:0:0:1 - - [02/Apr/2025:10:05:48 +0900] "GET /zerotodeploy/lib/animate/animate.min.css HTTP/1.1" 304 -
0:0:0:0:0:0:0:1 - - [02/Apr/2025:10:05:48 +0900] "GET /zerotodeploy/lib/owlcarousel/assets/owl.carousel.min.css HTTP/1.1" 304 -
0:0:0:0:0:0:0:1 - - [02/Apr/2025:10:05:48 +0900] "GET /zerotodeploy/css/bootstrap.min.css HTTP/1.1" 304 -
0:0:0:0:0:0:0:1 - - [02/Apr/2025:10:05:48 +0900] "GET /zerotodeploy/lib/wow/wow.js HTTP/1.1" 304 -
0:0:0:0:0:0:0:1 - - [02/Apr/2025:10:05:48 +0900] "GET /zerotodeploy/css/style.css HTTP/1.1" 304 -
0:0:0:0:0:0:0:1 - - [02/Apr/2025:10:05:48 +0900] "GET /zerotodeploy/lib/easing/easing.min.js HTTP/1.1" 304 -
0:0:0:0:0:0:0:1 - - [02/Apr/2025:10:05:48 +0900] "GET /zerotodeploy/lib/owlcarousel/owl.carousel.min.js HTTP/1.1" 304 -
0:0:0:0:0:0:0:1 - - [02/Apr/2025:10:05:48 +0900] "GET /zerotodeploy/lib/waypoints/waypoints.min.js HTTP/1.1" 304 -
0:0:0:0:0:0:0:1 - - [02/Apr/2025:10:05:48 +0900] "GET /zerotodeploy/js/main.js HTTP/1.1" 304 -
0:0:0:0:0:0:0:1 - - [02/Apr/2025:10:05:50 +0900] "GET /zerotodeploy/login HTTP/1.1" 200 4048
0:0:0:0:0:0:0:1 - - [02/Apr/2025:10:05:50 +0900] "GET /zerotodeploy/img/kakao_login/en/kakao_login_medium_narrow.png HTTP/1.1" 304 -
0:0:0:0:0:0:0:1 - - [02/Apr/2025:10:05:56 +0900] "POST /zerotodeploy/login HTTP/1.1" 302 -
0:0:0:0:0:0:0:1 - - [02/Apr/2025:10:05:56 +0900] "GET /zerotodeploy/login.html?error HTTP/1.1" 304 -
0:0:0:0:0:0:0:1 - - [02/Apr/2025:10:17:02 +0900] "POST /zerotodeploy/login HTTP/1.1" 302 -
0:0:0:0:0:0:0:1 - - [02/Apr/2025:10:17:02 +0900] "GET /zerotodeploy/login.html?error HTTP/1.1" 304 -
0:0:0:0:0:0:0:1 - - [02/Apr/2025:10:22:29 +0900] "GET /zerotodeploy/login HTTP/1.1" 200 4048
0:0:0:0:0:0:0:1 - - [02/Apr/2025:10:22:31 +0900] "GET /zerotodeploy/ HTTP/1.1" 200 7872
0:0:0:0:0:0:0:1 - - [02/Apr/2025:10:22:31 +0900] "GET /zerotodeploy/lib/animate/animate.min.css HTTP/1.1" 304 -
0:0:0:0:0:0:0:1 - - [02/Apr/2025:10:22:31 +0900] "GET /zerotodeploy/lib/owlcarousel/assets/owl.carousel.min.css HTTP/1.1" 304 -
0:0:0:0:0:0:0:1 - - [02/Apr/2025:10:22:31 +0900] "GET /zerotodeploy/css/bootstrap.min.css HTTP/1.1" 304 -
0:0:0:0:0:0:0:1 - - [02/Apr/2025:10:22:31 +0900] "GET /zerotodeploy/css/style.css HTTP/1.1" 304 -
0:0:0:0:0:0:0:1 - - [02/Apr/2025:10:22:31 +0900] "GET /zerotodeploy/lib/wow/wow.js HTTP/1.1" 304 -
0:0:0:0:0:0:0:1 - - [02/Apr/2025:10:22:31 +0900] "GET /zerotodeploy/lib/easing/easing.min.js HTTP/1.1" 304 -
0:0:0:0:0:0:0:1 - - [02/Apr/2025:10:22:31 +0900] "GET /zerotodeploy/lib/owlcarousel/owl.carousel.min.js HTTP/1.1" 304 -
0:0:0:0:0:0:0:1 - - [02/Apr/2025:10:22:31 +0900] "GET /zerotodeploy/lib/waypoints/waypoints.min.js HTTP/1.1" 304 -
0:0:0:0:0:0:0:1 - - [02/Apr/2025:10:22:31 +0900] "GET /zerotodeploy/js/main.js HTTP/1.1" 304 -
0:0:0:0:0:0:0:1 - - [02/Apr/2025:10:22:32 +0900] "GET /zerotodeploy/login HTTP/1.1" 200 4048
0:0:0:0:0:0:0:1 - - [02/Apr/2025:10:22:32 +0900] "GET /zerotodeploy/img/kakao_login/en/kakao_login_medium_narrow.png HTTP/1.1" 304 -
0:0:0:0:0:0:0:1 - - [02/Apr/2025:10:22:37 +0900] "POST /zerotodeploy/login HTTP/1.1" 302 -
0:0:0:0:0:0:0:1 - - [02/Apr/2025:10:22:37 +0900] "GET /zerotodeploy/login.html?error HTTP/1.1" 304 -
0:0:0:0:0:0:0:1 - - [02/Apr/2025:10:42:34 +0900] "GET /zerotodeploy/login HTTP/1.1" 200 4048
0:0:0:0:0:0:0:1 - - [02/Apr/2025:10:42:39 +0900] "POST /zerotodeploy/login HTTP/1.1" 302 -
0:0:0:0:0:0:0:1 - - [02/Apr/2025:10:42:39 +0900] "GET /zerotodeploy/login.html?error HTTP/1.1" 304 -
0:0:0:0:0:0:0:1 - - [02/Apr/2025:11:11:17 +0900] "POST /zerotodeploy/login HTTP/1.1" 302 -
0:0:0:0:0:0:0:1 - - [02/Apr/2025:11:11:17 +0900] "GET /zerotodeploy/login.html?error HTTP/1.1" 304 -
0:0:0:0:0:0:0:1 - - [02/Apr/2025:11:11:21 +0900] "GET /zerotodeploy/login HTTP/1.1" 200 4048
0:0:0:0:0:0:0:1 - - [02/Apr/2025:11:11:21 +0900] "GET /zerotodeploy/lib/animate/animate.min.css HTTP/1.1" 304 -
0:0:0:0:0:0:0:1 - - [02/Apr/2025:11:11:21 +0900] "GET /zerotodeploy/lib/owlcarousel/assets/owl.carousel.min.css HTTP/1.1" 304 -
0:0:0:0:0:0:0:1 - - [02/Apr/2025:11:11:21 +0900] "GET /zerotodeploy/css/bootstrap.min.css HTTP/1.1" 304 -
0:0:0:0:0:0:0:1 - - [02/Apr/2025:11:11:21 +0900] "GET /zerotodeploy/css/style.css HTTP/1.1" 304 -
0:0:0:0:0:0:0:1 - - [02/Apr/2025:11:11:21 +0900] "GET /zerotodeploy/lib/wow/wow.js HTTP/1.1" 304 -
0:0:0:0:0:0:0:1 - - [02/Apr/2025:11:11:21 +0900] "GET /zerotodeploy/img/kakao_login/en/kakao_login_medium_narrow.png HTTP/1.1" 304 -
0:0:0:0:0:0:0:1 - - [02/Apr/2025:11:11:21 +0900] "GET /zerotodeploy/lib/waypoints/waypoints.min.js HTTP/1.1" 304 -
0:0:0:0:0:0:0:1 - - [02/Apr/2025:11:11:21 +0900] "GET /zerotodeploy/js/main.js HTTP/1.1" 304 -
0:0:0:0:0:0:0:1 - - [02/Apr/2025:11:11:21 +0900] "GET /zerotodeploy/lib/owlcarousel/owl.carousel.min.js HTTP/1.1" 304 -
0:0:0:0:0:0:0:1 - - [02/Apr/2025:11:11:21 +0900] "GET /zerotodeploy/lib/easing/easing.min.js HTTP/1.1" 304 -
0:0:0:0:0:0:0:1 - - [02/Apr/2025:11:11:22 +0900] "GET /zerotodeploy/login HTTP/1.1" 200 4048
0:0:0:0:0:0:0:1 - - [02/Apr/2025:11:11:28 +0900] "POST /zerotodeploy/login HTTP/1.1" 302 -
0:0:0:0:0:0:0:1 - - [02/Apr/2025:11:11:28 +0900] "GET /zerotodeploy/login.html?error HTTP/1.1" 304 -
0:0:0:0:0:0:0:1 - - [02/Apr/2025:11:13:51 +0900] "GET /zerotodeploy/login HTTP/1.1" 200 4048
0:0:0:0:0:0:0:1 - - [02/Apr/2025:11:13:51 +0900] "GET /zerotodeploy/css/style.css HTTP/1.1" 200 8693
0:0:0:0:0:0:0:1 - - [02/Apr/2025:11:13:51 +0900] "GET /zerotodeploy/lib/animate/animate.min.css HTTP/1.1" 200 16964
0:0:0:0:0:0:0:1 - - [02/Apr/2025:11:13:51 +0900] "GET /zerotodeploy/lib/wow/wow.js HTTP/1.1" 200 17059
0:0:0:0:0:0:0:1 - - [02/Apr/2025:11:13:51 +0900] "GET /zerotodeploy/lib/owlcarousel/assets/owl.carousel.min.css HTTP/1.1" 200 2941
0:0:0:0:0:0:0:1 - - [02/Apr/2025:11:13:51 +0900] "GET /zerotodeploy/img/kakao_login/en/kakao_login_medium_narrow.png HTTP/1.1" 200 3507
0:0:0:0:0:0:0:1 - - [02/Apr/2025:11:13:51 +0900] "GET /zerotodeploy/css/bootstrap.min.css HTTP/1.1" 200 164340
0:0:0:0:0:0:0:1 - - [02/Apr/2025:11:13:51 +0900] "GET /zerotodeploy/js/main.js HTTP/1.1" 200 1803
0:0:0:0:0:0:0:1 - - [02/Apr/2025:11:13:51 +0900] "GET /zerotodeploy/lib/waypoints/waypoints.min.js HTTP/1.1" 200 9034
0:0:0:0:0:0:0:1 - - [02/Apr/2025:11:13:51 +0900] "GET /zerotodeploy/lib/owlcarousel/owl.carousel.min.js HTTP/1.1" 200 42772
0:0:0:0:0:0:0:1 - - [02/Apr/2025:11:13:51 +0900] "GET /zerotodeploy/lib/easing/easing.min.js HTTP/1.1" 200 2303
0:0:0:0:0:0:0:1 - - [02/Apr/2025:11:13:51 +0900] "GET /zerotodeploy/img/favicon.ico HTTP/1.1" 404 10195
0:0:0:0:0:0:0:1 - - [02/Apr/2025:11:13:58 +0900] "POST /zerotodeploy/login HTTP/1.1" 302 -
0:0:0:0:0:0:0:1 - - [02/Apr/2025:11:13:58 +0900] "GET /zerotodeploy/login.html?error HTTP/1.1" 200 4284
0:0:0:0:0:0:0:1 - - [02/Apr/2025:11:16:44 +0900] "GET /zerotodeploy/login.html?error HTTP/1.1" 304 -
0:0:0:0:0:0:0:1 - - [02/Apr/2025:11:16:46 +0900] "GET /zerotodeploy HTTP/1.1" 302 -
0:0:0:0:0:0:0:1 - - [02/Apr/2025:11:16:46 +0900] "GET /zerotodeploy/ HTTP/1.1" 200 7872
0:0:0:0:0:0:0:1 - - [02/Apr/2025:11:16:49 +0900] "GET /zerotodeploy/login HTTP/1.1" 200 4048
0:0:0:0:0:0:0:1 - - [02/Apr/2025:11:16:53 +0900] "POST /zerotodeploy/login HTTP/1.1" 302 -
0:0:0:0:0:0:0:1 - - [02/Apr/2025:11:16:53 +0900] "GET /zerotodeploy/login.html?error HTTP/1.1" 304 -
0:0:0:0:0:0:0:1 - - [02/Apr/2025:11:17:24 +0900] "POST /zerotodeploy/login HTTP/1.1" 302 -
0:0:0:0:0:0:0:1 - - [02/Apr/2025:11:17:24 +0900] "GET /zerotodeploy/login.html?error HTTP/1.1" 304 -
0:0:0:0:0:0:0:1 - - [02/Apr/2025:12:26:14 +0900] "POST /zerotodeploy/login HTTP/1.1" 302 -
0:0:0:0:0:0:0:1 - - [02/Apr/2025:12:26:14 +0900] "GET /zerotodeploy/login.html?error HTTP/1.1" 304 -
0:0:0:0:0:0:0:1 - - [02/Apr/2025:12:26:16 +0900] "GET /zerotodeploy/login HTTP/1.1" 200 4048
0:0:0:0:0:0:0:1 - - [02/Apr/2025:12:26:26 +0900] "POST /zerotodeploy/login HTTP/1.1" 302 -
0:0:0:0:0:0:0:1 - - [02/Apr/2025:12:26:26 +0900] "GET /zerotodeploy/login.html?error HTTP/1.1" 304 -
0:0:0:0:0:0:0:1 - - [02/Apr/2025:12:26:37 +0900] "GET /zerotodeploy/css/style.css HTTP/1.1" 304 -
0:0:0:0:0:0:0:1 - - [02/Apr/2025:12:26:37 +0900] "GET /zerotodeploy/lib/animate/animate.min.css HTTP/1.1" 304 -
0:0:0:0:0:0:0:1 - - [02/Apr/2025:12:26:37 +0900] "GET /zerotodeploy/lib/owlcarousel/assets/owl.carousel.min.css HTTP/1.1" 304 -
0:0:0:0:0:0:0:1 - - [02/Apr/2025:12:26:37 +0900] "GET /zerotodeploy/css/bootstrap.min.css HTTP/1.1" 304 -
0:0:0:0:0:0:0:1 - - [02/Apr/2025:12:31:13 +0900] "GET /zerotodeploy/ HTTP/1.1" 200 7872
0:0:0:0:0:0:0:1 - - [02/Apr/2025:12:31:13 +0900] "GET /zerotodeploy/lib/wow/wow.js HTTP/1.1" 304 -
0:0:0:0:0:0:0:1 - - [02/Apr/2025:12:31:13 +0900] "GET /zerotodeploy/lib/easing/easing.min.js HTTP/1.1" 304 -
0:0:0:0:0:0:0:1 - - [02/Apr/2025:12:31:13 +0900] "GET /zerotodeploy/lib/waypoints/waypoints.min.js HTTP/1.1" 304 -
0:0:0:0:0:0:0:1 - - [02/Apr/2025:12:31:13 +0900] "GET /zerotodeploy/js/main.js HTTP/1.1" 304 -
0:0:0:0:0:0:0:1 - - [02/Apr/2025:12:31:13 +0900] "GET /zerotodeploy/lib/owlcarousel/owl.carousel.min.js HTTP/1.1" 304 -
0:0:0:0:0:0:0:1 - - [02/Apr/2025:19:30:23 +0900] "GET /zerotodeploy/ HTTP/1.1" 200 7872
0:0:0:0:0:0:0:1 - - [02/Apr/2025:19:30:23 +0900] "GET /zerotodeploy/lib/wow/wow.js HTTP/1.1" 304 -
0:0:0:0:0:0:0:1 - - [02/Apr/2025:19:30:23 +0900] "GET /zerotodeploy/lib/easing/easing.min.js HTTP/1.1" 304 -
0:0:0:0:0:0:0:1 - - [02/Apr/2025:19:30:23 +0900] "GET /zerotodeploy/lib/owlcarousel/assets/owl.carousel.min.css HTTP/1.1" 304 -
0:0:0:0:0:0:0:1 - - [02/Apr/2025:19:30:23 +0900] "GET /zerotodeploy/css/bootstrap.min.css HTTP/1.1" 304 -
0:0:0:0:0:0:0:1 - - [02/Apr/2025:19:30:23 +0900] "GET /zerotodeploy/css/style.css HTTP/1.1" 304 -
0:0:0:0:0:0:0:1 - - [02/Apr/2025:19:30:23 +0900] "GET /zerotodeploy/lib/animate/animate.min.css HTTP/1.1" 304 -
0:0:0:0:0:0:0:1 - - [02/Apr/2025:19:30:23 +0900] "GET /zerotodeploy/js/main.js HTTP/1.1" 304 -
0:0:0:0:0:0:0:1 - - [02/Apr/2025:19:30:23 +0900] "GET /zerotodeploy/lib/owlcarousel/owl.carousel.min.js HTTP/1.1" 304 -
0:0:0:0:0:0:0:1 - - [02/Apr/2025:19:30:23 +0900] "GET /zerotodeploy/lib/waypoints/waypoints.min.js HTTP/1.1" 304 -
0:0:0:0:0:0:0:1 - - [02/Apr/2025:19:30:23 +0900] "GET /zerotodeploy/img/favicon.ico HTTP/1.1" 404 10195
0:0:0:0:0:0:0:1 - - [02/Apr/2025:19:31:14 +0900] "GET /zerotodeploy/ HTTP/1.1" 200 7872
0:0:0:0:0:0:0:1 - - [02/Apr/2025:19:31:15 +0900] "GET /zerotodeploy/ HTTP/1.1" 200 7872
0:0:0:0:0:0:0:1 - - [02/Apr/2025:19:31:15 +0900] "GET /zerotodeploy/ HTTP/1.1" 200 7872
0:0:0:0:0:0:0:1 - - [02/Apr/2025:19:31:15 +0900] "GET /zerotodeploy/ HTTP/1.1" 200 7872
0:0:0:0:0:0:0:1 - - [02/Apr/2025:19:31:15 +0900] "GET /zerotodeploy/ HTTP/1.1" 200 7872
0:0:0:0:0:0:0:1 - - [02/Apr/2025:19:31:17 +0900] "GET /zerotodeploy/ HTTP/1.1" 200 7872
0:0:0:0:0:0:0:1 - - [02/Apr/2025:19:31:18 +0900] "GET /zerotodeploy/ HTTP/1.1" 200 7872
127.0.0.1 - - [02/Apr/2025:19:31:20 +0900] "GET /zerotodeploy/ HTTP/1.1" 200 4048
127.0.0.1 - - [02/Apr/2025:19:31:20 +0900] "GET /zerotodeploy/img/kakao_login/en/kakao_login_medium_narrow.png HTTP/1.1" 304 -
0:0:0:0:0:0:0:1 - - [02/Apr/2025:20:18:42 +0900] "GET /zerotodeploy/ HTTP/1.1" 200 4048
0:0:0:0:0:0:0:1 - - [02/Apr/2025:20:18:42 +0900] "GET /zerotodeploy/css/bootstrap.min.css HTTP/1.1" 304 -
0:0:0:0:0:0:0:1 - - [02/Apr/2025:20:18:42 +0900] "GET /zerotodeploy/lib/owlcarousel/assets/owl.carousel.min.css HTTP/1.1" 304 -
0:0:0:0:0:0:0:1 - - [02/Apr/2025:20:18:42 +0900] "GET /zerotodeploy/lib/animate/animate.min.css HTTP/1.1" 304 -
0:0:0:0:0:0:0:1 - - [02/Apr/2025:20:18:42 +0900] "GET /zerotodeploy/lib/wow/wow.js HTTP/1.1" 304 -
0:0:0:0:0:0:0:1 - - [02/Apr/2025:20:18:42 +0900] "GET /zerotodeploy/css/style.css HTTP/1.1" 304 -
0:0:0:0:0:0:0:1 - - [02/Apr/2025:20:18:42 +0900] "GET /zerotodeploy/img/kakao_login/en/kakao_login_medium_narrow.png HTTP/1.1" 304 -
0:0:0:0:0:0:0:1 - - [02/Apr/2025:20:18:42 +0900] "GET /zerotodeploy/js/main.js HTTP/1.1" 304 -
0:0:0:0:0:0:0:1 - - [02/Apr/2025:20:18:42 +0900] "GET /zerotodeploy/lib/owlcarousel/owl.carousel.min.js HTTP/1.1" 304 -
0:0:0:0:0:0:0:1 - - [02/Apr/2025:20:18:42 +0900] "GET /zerotodeploy/lib/easing/easing.min.js HTTP/1.1" 304 -
0:0:0:0:0:0:0:1 - - [02/Apr/2025:20:18:42 +0900] "GET /zerotodeploy/lib/waypoints/waypoints.min.js HTTP/1.1" 304 -
0:0:0:0:0:0:0:1 - - [02/Apr/2025:20:22:20 +0900] "POST /zerotodeploy/login HTTP/1.1" 302 -
0:0:0:0:0:0:0:1 - - [02/Apr/2025:20:22:20 +0900] "GET /zerotodeploy/login.html?error HTTP/1.1" 304 -
0:0:0:0:0:0:0:1 - - [02/Apr/2025:20:25:17 +0900] "GET /zerotodeploy/login.html?error HTTP/1.1" 304 -
0:0:0:0:0:0:0:1 - - [02/Apr/2025:20:25:19 +0900] "GET /zerotodeploy/ HTTP/1.1" 200 4048
0:0:0:0:0:0:0:1 - - [02/Apr/2025:20:25:23 +0900] "POST /zerotodeploy/login HTTP/1.1" 302 -
0:0:0:0:0:0:0:1 - - [02/Apr/2025:20:25:23 +0900] "GET /zerotodeploy/login.html?error HTTP/1.1" 304 -
0:0:0:0:0:0:0:1 - - [02/Apr/2025:21:14:15 +0900] "GET /zerotodeploy/ HTTP/1.1" 200 7872
0:0:0:0:0:0:0:1 - - [02/Apr/2025:21:14:15 +0900] "GET /zerotodeploy/lib/animate/animate.min.css HTTP/1.1" 304 -
0:0:0:0:0:0:0:1 - - [02/Apr/2025:21:14:15 +0900] "GET /zerotodeploy/lib/owlcarousel/assets/owl.carousel.min.css HTTP/1.1" 304 -
0:0:0:0:0:0:0:1 - - [02/Apr/2025:21:14:15 +0900] "GET /zerotodeploy/lib/owlcarousel/owl.carousel.min.js HTTP/1.1" 304 -
0:0:0:0:0:0:0:1 - - [02/Apr/2025:21:14:15 +0900] "GET /zerotodeploy/css/style.css HTTP/1.1" 304 -
127.0.0.1 - - [02/Apr/2025:21:14:15 +0900] "GET /zerotodeploy/lib/easing/easing.min.js HTTP/1.1" 304 -
0:0:0:0:0:0:0:1 - - [02/Apr/2025:21:14:15 +0900] "GET /zerotodeploy/lib/wow/wow.js HTTP/1.1" 304 -
127.0.0.1 - - [02/Apr/2025:21:14:15 +0900] "GET /zerotodeploy/css/bootstrap.min.css HTTP/1.1" 304 -
0:0:0:0:0:0:0:1 - - [02/Apr/2025:21:14:15 +0900] "GET /zerotodeploy/lib/waypoints/waypoints.min.js HTTP/1.1" 304 -
0:0:0:0:0:0:0:1 - - [02/Apr/2025:21:14:15 +0900] "GET /zerotodeploy/js/main.js HTTP/1.1" 304 -
0:0:0:0:0:0:0:1 - - [02/Apr/2025:21:14:16 +0900] "GET /zerotodeploy/ HTTP/1.1" 200 7872
0:0:0:0:0:0:0:1 - - [02/Apr/2025:21:14:17 +0900] "GET /zerotodeploy/login HTTP/1.1" 404 10080
0:0:0:0:0:0:0:1 - - [02/Apr/2025:21:14:17 +0900] "GET /favicon.ico HTTP/1.1" 404 683
0:0:0:0:0:0:0:1 - - [02/Apr/2025:21:19:25 +0900] "GET /zerotodeploy/ HTTP/1.1" 200 7872
0:0:0:0:0:0:0:1 - - [02/Apr/2025:21:19:26 +0900] "GET /zerotodeploy/ HTTP/1.1" 200 7872
0:0:0:0:0:0:0:1 - - [02/Apr/2025:21:19:34 +0900] "GET /zerotodeploy/login HTTP/1.1" 404 10080
0:0:0:0:0:0:0:1 - - [02/Apr/2025:21:19:37 +0900] "GET /zerotodeploy/ HTTP/1.1" 200 7872
0:0:0:0:0:0:0:1 - - [02/Apr/2025:21:19:39 +0900] "GET /zerotodeploy/login HTTP/1.1" 404 10080
0:0:0:0:0:0:0:1 - - [02/Apr/2025:21:20:35 +0900] "GET /zerotodeploy/ HTTP/1.1" 200 7872
0:0:0:0:0:0:0:1 - - [02/Apr/2025:21:20:36 +0900] "GET /zerotodeploy/login HTTP/1.1" 404 10080
0:0:0:0:0:0:0:1 - - [02/Apr/2025:21:22:00 +0900] "GET /zerotodeploy/ HTTP/1.1" 200 7872
0:0:0:0:0:0:0:1 - - [02/Apr/2025:21:22:01 +0900] "GET /zerotodeploy/login HTTP/1.1" 404 10080
0:0:0:0:0:0:0:1 - - [02/Apr/2025:21:22:03 +0900] "GET /zerotodeploy/login HTTP/1.1" 404 10080
0:0:0:0:0:0:0:1 - - [02/Apr/2025:21:22:58 +0900] "GET /zertodeploy HTTP/1.1" 404 683
0:0:0:0:0:0:0:1 - - [02/Apr/2025:21:23:00 +0900] "GET /zertodeploy/ HTTP/1.1" 404 683
0:0:0:0:0:0:0:1 - - [02/Apr/2025:21:23:04 +0900] "GET /zerotodeploy/ HTTP/1.1" 200 7872
0:0:0:0:0:0:0:1 - - [02/Apr/2025:21:23:04 +0900] "GET /zerotodeploy/ HTTP/1.1" 200 7872
0:0:0:0:0:0:0:1 - - [02/Apr/2025:21:23:04 +0900] "GET /zerotodeploy/ HTTP/1.1" 200 7872
0:0:0:0:0:0:0:1 - - [02/Apr/2025:21:23:04 +0900] "GET /zerotodeploy/ HTTP/1.1" 200 7872
0:0:0:0:0:0:0:1 - - [02/Apr/2025:21:23:04 +0900] "GET /zerotodeploy/ HTTP/1.1" 200 7872
0:0:0:0:0:0:0:1 - - [02/Apr/2025:21:23:05 +0900] "GET /zerotodeploy/login HTTP/1.1" 404 10080
0:0:0:0:0:0:0:1 - - [02/Apr/2025:21:24:40 +0900] "GET /zerotodeploy/ HTTP/1.1" 200 7872
0:0:0:0:0:0:0:1 - - [02/Apr/2025:21:24:40 +0900] "GET /zerotodeploy/lib/owlcarousel/assets/owl.carousel.min.css HTTP/1.1" 200 2941
0:0:0:0:0:0:0:1 - - [02/Apr/2025:21:24:40 +0900] "GET /zerotodeploy/lib/easing/easing.min.js HTTP/1.1" 200 2303
0:0:0:0:0:0:0:1 - - [02/Apr/2025:21:24:40 +0900] "GET /zerotodeploy/css/style.css HTTP/1.1" 200 8693
0:0:0:0:0:0:0:1 - - [02/Apr/2025:21:24:40 +0900] "GET /zerotodeploy/lib/animate/animate.min.css HTTP/1.1" 200 16964
0:0:0:0:0:0:0:1 - - [02/Apr/2025:21:24:40 +0900] "GET /zerotodeploy/lib/wow/wow.js HTTP/1.1" 200 17059
0:0:0:0:0:0:0:1 - - [02/Apr/2025:21:24:40 +0900] "GET /zerotodeploy/css/bootstrap.min.css HTTP/1.1" 200 164340
0:0:0:0:0:0:0:1 - - [02/Apr/2025:21:24:40 +0900] "GET /zerotodeploy/lib/waypoints/waypoints.min.js HTTP/1.1" 200 9034
0:0:0:0:0:0:0:1 - - [02/Apr/2025:21:24:40 +0900] "GET /zerotodeploy/lib/owlcarousel/owl.carousel.min.js HTTP/1.1" 200 42772
0:0:0:0:0:0:0:1 - - [02/Apr/2025:21:24:40 +0900] "GET /zerotodeploy/js/main.js HTTP/1.1" 200 1803
0:0:0:0:0:0:0:1 - - [02/Apr/2025:21:24:41 +0900] "GET /zerotodeploy/login HTTP/1.1" 404 10080
0:0:0:0:0:0:0:1 - - [02/Apr/2025:21:26:36 +0900] "GET /zerotodeploy/login HTTP/1.1" 404 10080
0:0:0:0:0:0:0:1 - - [02/Apr/2025:21:26:37 +0900] "GET /zerotodeploy/login HTTP/1.1" 404 10080
0:0:0:0:0:0:0:1 - - [02/Apr/2025:21:26:39 +0900] "GET /zerotodeploy/ HTTP/1.1" 200 7872
0:0:0:0:0:0:0:1 - - [02/Apr/2025:21:26:40 +0900] "GET /zerotodeploy/login HTTP/1.1" 404 10080
127.0.0.1 - - [02/Apr/2025:21:28:07 +0900] "GET /zerotodeploy/ HTTP/1.1" 200 7872
127.0.0.1 - - [02/Apr/2025:21:28:07 +0900] "GET /zerotodeploy/ HTTP/1.1" 200 7872
127.0.0.1 - - [02/Apr/2025:21:28:08 +0900] "GET /zerotodeploy/ HTTP/1.1" 200 7872
127.0.0.1 - - [02/Apr/2025:21:28:08 +0900] "GET /zerotodeploy/ HTTP/1.1" 200 7872
127.0.0.1 - - [02/Apr/2025:21:28:08 +0900] "GET /zerotodeploy/ HTTP/1.1" 200 7872
127.0.0.1 - - [02/Apr/2025:21:28:09 +0900] "GET /zerotodeploy/ HTTP/1.1" 200 7872
127.0.0.1 - - [02/Apr/2025:21:28:09 +0900] "GET /zerotodeploy/ HTTP/1.1" 200 7872
127.0.0.1 - - [02/Apr/2025:21:28:09 +0900] "GET /zerotodeploy/ HTTP/1.1" 200 7872
127.0.0.1 - - [02/Apr/2025:21:28:09 +0900] "GET /zerotodeploy/ HTTP/1.1" 200 7872
127.0.0.1 - - [02/Apr/2025:21:28:09 +0900] "GET /zerotodeploy/ HTTP/1.1" 200 7872
127.0.0.1 - - [02/Apr/2025:21:28:09 +0900] "GET /zerotodeploy/ HTTP/1.1" 200 7872
127.0.0.1 - - [02/Apr/2025:21:28:10 +0900] "GET /zerotodeploy/ HTTP/1.1" 200 7872
127.0.0.1 - - [02/Apr/2025:21:28:10 +0900] "GET /zerotodeploy/ HTTP/1.1" 200 7872
127.0.0.1 - - [02/Apr/2025:21:28:10 +0900] "GET /zerotodeploy/ HTTP/1.1" 200 7872
127.0.0.1 - - [02/Apr/2025:21:28:10 +0900] "GET /zerotodeploy/ HTTP/1.1" 200 7872
127.0.0.1 - - [02/Apr/2025:21:28:11 +0900] "GET /zerotodeploy/ HTTP/1.1" 200 7872
127.0.0.1 - - [02/Apr/2025:21:28:12 +0900] "GET /zerotodeploy/login HTTP/1.1" 404 10080
127.0.0.1 - - [02/Apr/2025:21:28:13 +0900] "GET /zerotodeploy/ HTTP/1.1" 200 7872
127.0.0.1 - - [02/Apr/2025:21:28:14 +0900] "GET /zerotodeploy/ HTTP/1.1" 200 7872
127.0.0.1 - - [02/Apr/2025:21:28:14 +0900] "GET /zerotodeploy/ HTTP/1.1" 200 7872
127.0.0.1 - - [02/Apr/2025:21:28:14 +0900] "GET /zerotodeploy/ HTTP/1.1" 200 7872
127.0.0.1 - - [02/Apr/2025:21:28:14 +0900] "GET /zerotodeploy/ HTTP/1.1" 200 7872
0:0:0:0:0:0:0:1 - - [02/Apr/2025:21:28:55 +0900] "GET /zerotodeploy/ HTTP/1.1" 200 7872
0:0:0:0:0:0:0:1 - - [02/Apr/2025:21:28:56 +0900] "GET /zerotodeploy/login HTTP/1.1" 404 10080
0:0:0:0:0:0:0:1 - - [02/Apr/2025:21:29:03 +0900] "GET /zerotodeploy/login HTTP/1.1" 404 10080
0:0:0:0:0:0:0:1 - - [02/Apr/2025:21:34:44 +0900] "GET /zerotodeploy/ HTTP/1.1" 200 7872
0:0:0:0:0:0:0:1 - - [02/Apr/2025:21:34:44 +0900] "GET /zerotodeploy/ HTTP/1.1" 200 7872
0:0:0:0:0:0:0:1 - - [02/Apr/2025:21:34:44 +0900] "GET /zerotodeploy/lib/owlcarousel/assets/owl.carousel.min.css HTTP/1.1" 200 2941
0:0:0:0:0:0:0:1 - - [02/Apr/2025:21:34:44 +0900] "GET /zerotodeploy/lib/animate/animate.min.css HTTP/1.1" 200 16964
0:0:0:0:0:0:0:1 - - [02/Apr/2025:21:34:44 +0900] "GET /zerotodeploy/css/style.css HTTP/1.1" 200 8693
0:0:0:0:0:0:0:1 - - [02/Apr/2025:21:34:44 +0900] "GET /zerotodeploy/lib/easing/easing.min.js HTTP/1.1" 200 2303
0:0:0:0:0:0:0:1 - - [02/Apr/2025:21:34:44 +0900] "GET /zerotodeploy/lib/wow/wow.js HTTP/1.1" 200 17059
0:0:0:0:0:0:0:1 - - [02/Apr/2025:21:34:44 +0900] "GET /zerotodeploy/css/bootstrap.min.css HTTP/1.1" 200 164340
0:0:0:0:0:0:0:1 - - [02/Apr/2025:21:34:44 +0900] "GET /zerotodeploy/js/main.js HTTP/1.1" 200 1803
0:0:0:0:0:0:0:1 - - [02/Apr/2025:21:34:44 +0900] "GET /zerotodeploy/lib/waypoints/waypoints.min.js HTTP/1.1" 200 9034
0:0:0:0:0:0:0:1 - - [02/Apr/2025:21:34:44 +0900] "GET /zerotodeploy/lib/owlcarousel/owl.carousel.min.js HTTP/1.1" 200 42772
0:0:0:0:0:0:0:1 - - [02/Apr/2025:21:34:45 +0900] "GET /zerotodeploy/login HTTP/1.1" 404 10080
127.0.0.1 - - [02/Apr/2025:21:36:15 +0900] "GET /zerotodeploy/ HTTP/1.1" 200 7872
127.0.0.1 - - [02/Apr/2025:21:36:16 +0900] "GET /zerotodeploy/ HTTP/1.1" 200 7872
127.0.0.1 - - [02/Apr/2025:21:36:20 +0900] "GET /zerotodeploy/login HTTP/1.1" 200 3713
127.0.0.1 - - [02/Apr/2025:21:36:20 +0900] "GET /zerotodeploy/img/kakao_login/en/kakao_login_medium_narrow.png HTTP/1.1" 200 3507
127.0.0.1 - - [02/Apr/2025:21:36:31 +0900] "POST /zerotodeploy/login HTTP/1.1" 302 -
127.0.0.1 - - [02/Apr/2025:21:36:31 +0900] "GET /zerotodeploy/ HTTP/1.1" 200 7872
0:0:0:0:0:0:0:1 - - [02/Apr/2025:21:43:20 +0900] "GET /zerotodeploy/login HTTP/1.1" 200 3713
0:0:0:0:0:0:0:1 - - [02/Apr/2025:21:55:01 +0900] "GET /zerotodeploy/login HTTP/1.1" 200 3713
0:0:0:0:0:0:0:1 - - [02/Apr/2025:21:55:01 +0900] "GET /zerotodeploy/lib/animate/animate.min.css HTTP/1.1" 304 -
0:0:0:0:0:0:0:1 - - [02/Apr/2025:21:55:01 +0900] "GET /zerotodeploy/css/bootstrap.min.css HTTP/1.1" 304 -
0:0:0:0:0:0:0:1 - - [02/Apr/2025:21:55:01 +0900] "GET /zerotodeploy/lib/owlcarousel/assets/owl.carousel.min.css HTTP/1.1" 304 -
0:0:0:0:0:0:0:1 - - [02/Apr/2025:21:55:01 +0900] "GET /zerotodeploy/lib/easing/easing.min.js HTTP/1.1" 304 -
0:0:0:0:0:0:0:1 - - [02/Apr/2025:21:55:01 +0900] "GET /zerotodeploy/lib/wow/wow.js HTTP/1.1" 304 -
0:0:0:0:0:0:0:1 - - [02/Apr/2025:21:55:01 +0900] "GET /zerotodeploy/css/style.css HTTP/1.1" 304 -
0:0:0:0:0:0:0:1 - - [02/Apr/2025:21:55:01 +0900] "GET /zerotodeploy/img/kakao_login/en/kakao_login_medium_narrow.png HTTP/1.1" 304 -
0:0:0:0:0:0:0:1 - - [02/Apr/2025:21:55:01 +0900] "GET /zerotodeploy/js/main.js HTTP/1.1" 304 -
0:0:0:0:0:0:0:1 - - [02/Apr/2025:21:55:01 +0900] "GET /zerotodeploy/lib/owlcarousel/owl.carousel.min.js HTTP/1.1" 304 -
0:0:0:0:0:0:0:1 - - [02/Apr/2025:21:55:01 +0900] "GET /zerotodeploy/lib/waypoints/waypoints.min.js HTTP/1.1" 304 -
0:0:0:0:0:0:0:1 - - [02/Apr/2025:21:55:04 +0900] "POST /zerotodeploy/login HTTP/1.1" 302 -
0:0:0:0:0:0:0:1 - - [02/Apr/2025:21:55:04 +0900] "GET /zerotodeploy/login.html?error HTTP/1.1" 200 3947
0:0:0:0:0:0:0:1 - - [02/Apr/2025:21:56:15 +0900] "GET /zerotodeploy/login HTTP/1.1" 200 3713
0:0:0:0:0:0:0:1 - - [02/Apr/2025:21:56:20 +0900] "POST /zerotodeploy/login HTTP/1.1" 302 -
0:0:0:0:0:0:0:1 - - [02/Apr/2025:21:56:20 +0900] "GET /zerotodeploy/login.html?error HTTP/1.1" 304 -
0:0:0:0:0:0:0:1 - - [02/Apr/2025:21:56:33 +0900] "POST /zerotodeploy/login HTTP/1.1" 302 -
0:0:0:0:0:0:0:1 - - [02/Apr/2025:21:56:33 +0900] "GET /zerotodeploy/login.html?error HTTP/1.1" 304 -
